<!DOCTYPE html><html>
<head>
<style type='text/css'>
h1 { text-shadow: 2px 2px #808080; }
body
{
background-color: #FFFFFF;
font-family: Verdana, Geneva, sans-serif;
text-align: center;
}
small
{
font-size: 0.7em;
}
table
{
box-shadow: 9px 9px 10px 4px #BDBDBD;
border: 0px solid #4D7C7B;
border-collapse: collapse;
border-spacing: 0px;
width: 1300px;
margin-left: auto;
margin-right: auto;
table-layout:fixed;
}
tr.heading
{
background-color: #286B6A;
color: #FFFFFF;
font-size: 1.5em;
font-weight: bold;
background:-o-linear-gradient(bottom, #286B6A 5%, #000000 100%);
background:-webkit-gradient( linear, left top, left bottom, color-stop(0.05, #286B6A), color-stop(1, #000000) );
background:-moz-linear-gradient( center top, #286B6A 5%, #000000 100% );filter:progid:DXImageTransform.Microsoft.gradient(startColorstr=#286B6A, endColorstr=#000000);
background: -o-linear-gradient(top,#286B6A,000000);
}
tr.subheading
{
background-color: #6A90B6;
color: #000000;
font-weight: bold;
font-size: 0.7em;
text-align: justify;
}
tr.section
{
background-color: #A4A4A4;
color: #333300;
cursor: pointer;
font-weight: bold;
font-size: 0.8em;
text-align: justify;
background:-o-linear-gradient(bottom, #56aaff 5%, #e5e5e5 100%);
background:-webkit-gradient( linear, left top, left bottom, color-stop(0.05, #56aaff), color-stop(1, #e5e5e5) );
background:-moz-linear-gradient( center top, #56aaff 5%, #e5e5e5 100% );filter:progid:DXImageTransform.Microsoft.gradient(startColorstr=#56aaff, endColorstr=#e5e5e5);
background: -o-linear-gradient(top,#56aaff,e5e5e5);
}
tr.subsection
{
cursor: pointer;
}
tr.content
{
background-color: #FFFFFF;
color: #000000;
font-size: 0.5em;
display: table-row;
white-space:nowrap;
width: 100%;
}
tr.content2
{
background-color:#;E1E1E1border: 1px solid #4D7C7B;
color: #000000;
font-size: 0.7em;
display: table-row;
}
th
{
padding: 10px;
border: 1px solid #4D7C7B;
text-align: inherit;
}
th.main
{
padding: 10px;
border: 1px solid #4D7C7B;
text-align: inherit;
font: bold 15px Arial,Helvetica,Sans-serif;
}
td
{
padding: 2px;
font: 13px Arial,Helvetica,Sans-serif;
border: 1px solid #4D7C7B;
text-align: inherit;
white-space:nowrap;
width: 100%;
}
td.justified
{
text-align: justify;
word-wrap: break-word;
}
td.pass
{
font-weight: bold;
color: green;
}
td.skipped
{
font-weight: bold;
bold; color: red;
}
td.fail
{
font-weight: bold;
bold; color: red;
}
td.done, td.screenshot
{
font-weight:
bold; color: black;
}
td.debug
{
font-weight: bold;
color: blue;
}
td.warning
{
font-weight: bold;
color: orange;
}
a:link {
color: green;
background-color: transparent;
text-decoration: none;
}
a:visited {
color: red;
background-color: transparent;
text-decoration: none;
}
a:hover {
color: black;
background-color: transparent;
text-decoration: underline;
}
a:active {
color: yellow;
background-color: transparent;
text-decoration: underline;
}
#myInput {
background-image: url('/css/searchicon.png');
}
#myInput1 {
background-image: url('/css/searchicon.png');
}
#myInput2 {
background-image: url('/css/searchicon.png');
}
#myInput3 {
background-image: url('/css/searchicon.png');
}
#myInput4 {
background-image: url('/css/searchicon.png');
}
#myInput5 {
background-image: url('/css/searchicon.png');
}
#myTable {
border-collapse: collapse;
}
</style>
<style>
input[type="text"] {
background: url(search-white.png) no-repeat 10px 6px #fcfcfc;
border: 0px solid #d1d1d1;
font: bold 12px Arial,Helvetica,Sans-serif;
color: #300909;
width: 110px;
padding: 6px 12px 6px 36px;
-webkit-border-radius: 20px;
-moz-border-radius: 20px;
border-radius: 100px;
text-shadow: 0 2px 3px rgba(0, 0, 0, 0.0);
-webkit-box-shadow: 0 1px 3px rgba(0, 0, 0, 0.15) inset;
-moz-box-shadow: 0 1px 3px rgba(0, 0, 0, 0.15) inset;
box-shadow: 0 1px 3px rgba(0, 0, 0, 0.15) inset;
-webkit-transition: all 0.7s ease 0s;
-moz-transition: all 0.7s ease 0s;
-o-transition: all 0.7s ease 0s;
transition: all 0.7s ease 0s;
}
input[type=?ext?:focus {
width: 100px;
outline:none; box-shadow:none;
}
</style>
<script src="https://ajax.googleapis.com/ajax/libs/jquery/3.2.1/jquery.min.js"></script>
<script type="text/javascript" src="http://ajax.googleapis.com/ajax/libs/jquery/1.7.2/jquery.min.js"></script>
<script src="http://ajax.aspnetcdn.com/ajax/jquery.ui/1.8.9/jquery-ui.js" type="text/javascript"></script>
<link href="http://ajax.aspnetcdn.com/ajax/jquery.ui/1.8.9/themes/blitzer/jquery-ui.css"  rel="stylesheet" type="text/css" />
<script type="text/javascript">
$(function () {
$("[id^=bb_]").click(function () {
var id = $(this).attr('id');
var splitId = id.split('_');
$("#error_"+splitId[1]).dialog({
modal: true,
autoOpen: false,
title: "Error Message",
width: 700,
height: 300
});
$("#error_"+splitId[1]).dialog('open');
 });
});
</script>
<script>
function errorLog()
{
document.write("<script>");
document.write("document.write('<h2>This is the quoted script</h2>')");
document.write("</"+script>");
function toggleMenu(objID)
{
if (!document.getElementById)
return;
var ob = document.getElementById(objID).style;
if(ob.display === 'none')
{
try
{
ob.display='table-row-group';
} catch(ex)
{
ob.display='block';
}
} else
{
ob.display='none';
}
}
function toggleSubMenu(objId)
{
for(i=1; i<10000; i++)
{
var ob = document.getElementById(objId.concat(i));
if(ob === null)
{
break;
}
if(ob.style.display === 'none')
{
try
{
ob.style.display='table-row';
}
catch(ex)
{
ob.style.display='block';
}
}
else
{
ob.style.display='none';
}
}
}
</script>
<script>
function myFunction() {
var input,filter,td, input1, filter1, td1, input2, filter2, td2, input3, filter3, td3,input4, filter4, td4,input5, filter5, td5,table, tr, i;
input = document.getElementById("myInput");
filter = input.value.toUpperCase();
input1 = document.getElementById("myInput1");
filter1 = input1.value.toUpperCase();
input2 = document.getElementById("myInput2");
filter2 = input2.value.toUpperCase();
input3 = document.getElementById("myInput3");
filter3 = input3.value.toUpperCase();
input4 = document.getElementById("myInput4");
filter4 = input4.value.toUpperCase();
input5 = document.getElementById("myInput5");
filter5 = input5.value.toUpperCase();
table = document.getElementById("myTable");
tr = table.getElementsByTagName("tr");
for (i = 0; i < tr.length; i++) {
td = tr[i].getElementsByTagName("td")[0];
td1 = tr[i].getElementsByTagName("td")[1];
td2 = tr[i].getElementsByTagName("td")[2];
td3 = tr[i].getElementsByTagName("td")[3];
td4 = tr[i].getElementsByTagName("td")[4];
td5 = tr[i].getElementsByTagName("td")[5];
if (td) {
if (td.innerHTML.toUpperCase().indexOf(filter) > -1) {
if(td1){
if (td1.innerHTML.toUpperCase().indexOf(filter1) > -1) {
if(td2){
if (td2.innerHTML.toUpperCase().indexOf(filter2) > -1) {
if(td3){
if (td3.innerHTML.toUpperCase().indexOf(filter3) > -1) {
if(td4){
if (td4.innerHTML.toUpperCase().indexOf(filter4) > -1) {
if(td5){
if (td5.innerHTML.toUpperCase().indexOf(filter5) > -1) {
tr[i].style.display = "";
}else{
tr[i].style.display = "none";
}
}else{
tr[i].style.display = "";
}
}else{
tr[i].style.display = "none";
}
}else{
tr[i].style.display = "";
}
}else{
tr[i].style.display = "none";
}
}else{
tr[i].style.display = "";
}
}else{
tr[i].style.display = "none";
}
}else{
tr[i].style.display = "";
}
}else{
tr[i].style.display = "none";
}
}else{
tr[i].style.display = "";
}
} else {
tr[i].style.display = "none";
}
}
}
}
</script>
<title>Rallyhood - Automation Report</title
</head>
<body>
<table height="100%" border="1">
<tr class='heading'> 
<th colspan='4' style='font-family:Copperplate Gothic Bold; font-size:1.1em;'> Rallyhood - Test Automation Report </th>
</tr>
<tr class='subheading'>
<th>&nbsp;Start&nbsp;&nbsp;Time&nbsp;&nbsp;&nbsp;:&nbsp;</th>
<th>&nbsp;&nbsp;29-Nov-2017 12:49 PM&nbsp;</th>
<th>&nbsp;Pass&nbsp;&nbsp;Percentage&nbsp;&nbsp;&nbsp;:&nbsp;</th>
<th>&nbsp;&nbsp;71.0%</th>
</tr>
<tr class='subheading'>
<th>&nbsp;End&nbsp;&nbsp;Time&nbsp;&nbsp;&nbsp;&nbsp&nbsp;:&nbsp;</th>
<th> &nbsp;&nbsp;29-Nov-2017 01:23 PM&nbsp;</th>
<th>&nbsp;Fail&nbsp;&nbsp;Percentage&nbsp;&nbsp;&nbsp;&nbsp;&nbsp;:&nbsp;</th>
<th>&nbsp;&nbsp;28.0%</th>
</tr>
<table height="5%" cellspacing="10" border="1">
<tr>
<td width="12%"><input type="text" id="myInput" onkeyup="myFunction()" size="40" placeholder="Search by scenario..." /></td>
<td width="12%"><input type="text" id="myInput1" onkeyup="myFunction()" size="40" placeholder="Search by test..." /></td>
<td width="12%"><input type="text" id="myInput2" onkeyup="myFunction()" size="40" placeholder="Search by browser..." /></td>
<td width="12%"><input type="text" id="myInput3" onkeyup="myFunction()" size="40" placeholder="Search by OS..." /></td>
<td width="12%"><input type="text" id="myInput4" onkeyup="myFunction()" size="40" placeholder="Search by Data Row..." /></td>
<td width="12%"><input type="text" id="myInput5" onkeyup="myFunction()" size="40" placeholder="Search by Status..." /></td>
<td width="20%"></td>
<td width="20%"></td>
</tr>
</table>
<table id="myTable" border="1">
<tr class="header" bgcolor="#8E8A8A">
<th class ="main" width="12%">Senario Name </th>
<th class ="main"  width="12%">Test Name</th>
<th class ="main"  width="12%">Browser</th>
<th class ="main"  width="12%">OS</th>
<th class ="main"  width="12%">Test Status</th>
<th class ="main"  width="12%">Test Data Row</th>
<th class ="main"  width="12%">Screenshot</th>
<th class ="main"  width="12%">Error Log</th>
</tr>
<tr>
<td width="12%">RallyhoodtestcasesChrome</td>
<td width="12%">RallyhoodTC_01</td>
<td width="12%">chrome</td>
<td width="12%">WIN7</td>
<td class = "pass" width="7%">Pass</td>
<td width="7%">RH1</td>
<td width="20%">NA</td>
<td class ="pass"  width="20%">NA</td>
<tr>
<td width="12%">Rallyhoodtestcases</td>
<td width="12%">RallyhoodTC_01</td>
<td width="12%">firefox</td>
<td width="12%">WIN7</td>
<td class = "pass" width="7%">Pass</td>
<td width="7%">RH1</td>
<td width="20%">NA</td>
<td class ="pass"  width="20%">NA</td>
<tr>
<td width="12%">RallyhoodtestcasesChrome</td>
<td width="12%">RallyhoodTC_02</td>
<td width="12%">chrome</td>
<td width="12%">WIN7</td>
<td class = "pass" width="7%">Pass</td>
<td width="7%">RH1</td>
<td width="20%">NA</td>
<td class ="pass"  width="20%">NA</td>
<tr>
<td width="12%">Rallyhoodtestcases</td>
<td width="12%">RallyhoodTC_02</td>
<td width="12%">firefox</td>
<td width="12%">WIN7</td>
<td class = "pass" width="7%">Pass</td>
<td width="7%">RH1</td>
<td width="20%">NA</td>
<td class ="pass"  width="20%">NA</td>
<tr>
<td width="12%">RallyhoodtestcasesChrome</td>
<td width="12%">RallyhoodTC_03</td>
<td width="12%">chrome</td>
<td width="12%">WIN7</td>
<td class = "pass" width="7%">Pass</td>
<td width="7%">RH1</td>
<td width="20%">NA</td>
<td class ="pass"  width="20%">NA</td>
<tr>
<td width="12%">Rallyhoodtestcases</td>
<td width="12%">RallyhoodTC_03</td>
<td width="12%">firefox</td>
<td width="12%">WIN7</td>
<td class = "pass" width="7%">Pass</td>
<td width="7%">RH1</td>
<td width="20%">NA</td>
<td class ="pass"  width="20%">NA</td>
<tr>
<td width="12%">RallyhoodtestcasesChrome</td>
<td width="12%">RallyhoodTC_05</td>
<td width="12%">chrome</td>
<td width="12%">WIN7</td>
<td class = "pass" width="7%">Pass</td>
<td width="7%">RH1</td>
<td width="20%">NA</td>
<td class ="pass"  width="20%">NA</td>
<tr>
<td width="12%">RallyhoodtestcasesChrome</td>
<td width="12%">RallyhoodTC_06</td>
<td width="12%">chrome</td>
<td width="12%">WIN7</td>
<td class = "pass" width="7%">Pass</td>
<td width="7%">RH1</td>
<td width="20%">NA</td>
<td class ="pass"  width="20%">NA</td>
<tr>
<td width="12%">Rallyhoodtestcases</td>
<td width="12%">RallyhoodTC_05</td>
<td width="12%">firefox</td>
<td width="12%">WIN7</td>
<td class = "pass" width="7%">Pass</td>
<td width="7%">RH1</td>
<td width="20%">NA</td>
<td class ="pass"  width="20%">NA</td>
<tr>
<td width="12%">Rallyhoodtestcases</td>
<td width="12%">RallyhoodTC_06</td>
<td width="12%">firefox</td>
<td width="12%">WIN7</td>
<td class = "pass" width="7%">Pass</td>
<td width="7%">RH1</td>
<td width="20%">NA</td>
<td class ="pass"  width="20%">NA</td>
<tr>
<td width="12%">RallyhoodtestcasesChrome</td>
<td width="12%">RallyhoodTC_07</td>
<td width="12%">chrome</td>
<td width="12%">WIN7</td>
<td class = "pass" width="7%">Pass</td>
<td width="7%">RH1</td>
<td width="20%">NA</td>
<td class ="pass"  width="20%">NA</td>
<tr>
<td width="12%">Rallyhoodtestcases</td>
<td width="12%">RallyhoodTC_07</td>
<td width="12%">firefox</td>
<td width="12%">WIN7</td>
<td class = "pass" width="7%">Pass</td>
<td width="7%">RH1</td>
<td width="20%">NA</td>
<td class ="pass"  width="20%">NA</td>
<tr>
<td width="12%">RallyhoodtestcasesChrome</td>
<td width="12%">RallyhoodTC_08</td>
<td width="12%">chrome</td>
<td width="12%">WIN7</td>
<td class = "pass" width="7%">Pass</td>
<td width="7%">RH1</td>
<td width="20%">NA</td>
<td class ="pass"  width="20%">NA</td>
<tr>
<td width="12%">Rallyhoodtestcases</td>
<td width="12%">RallyhoodTC_08</td>
<td width="12%">firefox</td>
<td width="12%">WIN7</td>
<td class = "pass" width="7%">Pass</td>
<td width="7%">RH1</td>
<td width="20%">NA</td>
<td class ="pass"  width="20%">NA</td>
<tr>
<td width="12%">RallyhoodtestcasesChrome</td>
<td width="12%">RallyhoodTC_09</td>
<td width="12%">chrome</td>
<td width="12%">WIN7</td>
<td class = "pass" width="7%">Pass</td>
<td width="7%">RH1</td>
<td width="20%">NA</td>
<td class ="pass"  width="20%">NA</td>
<tr>
<td width="12%">Rallyhoodtestcases</td>
<td width="12%">RallyhoodTC_09</td>
<td width="12%">firefox</td>
<td width="12%">WIN7</td>
<td class = "fail" width="7%">Fail</td>
<td width="7%">RH1</td>
<td class ="fail"  width="20%">
<a target="_blank" href="file://E:/Rallyhood/ScreenShots/Rallyhoodtestcases_RallyhoodTC_09_WIN7_firefox.png">Screenshot</a>
</td>
<td width="20%">
<p id="error_1" style="display:none" align = "center"> java.lang.AssertionError: Test case failed due to exception Unable to locate element: //article[@class='participation ember-view none']//div[@class='rsvp is-none']//span[@class='prompt'] For documentation on this error  please visit: http://seleniumhq.org/exceptions/no_such_element.html Build info: version: '3.6.0'  revision: '6fbf3ec767'  time: '2017-09-27T15:28:36.4Z' System info: host: 'IM-LP-322'  ip: '192.168.205.116'  os.name: 'Windows 7'  os.arch: 'amd64'  os.version: '6.1'  java.version: '1.8.0_151' Driver info: org.openqa.selenium.firefox.FirefoxDriver Capabilities [{moz:profile=C:\Users\mbaragapu\AppData\Local\Temp\rust_mozprofile.HP3iwaERCf3A  rotatable=false  timeouts={implicit=0  pageLoad=300000  script=30000}  pageLoadStrategy=normal  moz:headless=false  platform=XP  moz:accessibilityChecks=false  acceptInsecureCerts=true  browserVersion=58.0  platformVersion=6.1  moz:processID=8956  browserName=firefox  javascriptEnabled=true  platformName=XP  moz:webdriverClick=true}] Session ID: 2cd19199-a392-4ca9-8094-bfb3f5ed782d *** Element info: {Using=xpath  value=//article[@class='participation ember-view none']//div[@class='rsvp is-none']//span[@class='prompt']} expected [true] but found [false] </p>
<button id="bb_1" >Show</button>
</td>
<tr>
<td width="12%">RallyhoodtestcasesChrome</td>
<td width="12%">RallyhoodTC_10</td>
<td width="12%">chrome</td>
<td width="12%">WIN7</td>
<td class = "pass" width="7%">Pass</td>
<td width="7%">RH1</td>
<td width="20%">NA</td>
<td class ="pass"  width="20%">NA</td>
<tr>
<td width="12%">RallyhoodtestcasesChrome</td>
<td width="12%">RallyhoodTC_11</td>
<td width="12%">chrome</td>
<td width="12%">WIN7</td>
<td class = "pass" width="7%">Pass</td>
<td width="7%">RH1</td>
<td width="20%">NA</td>
<td class ="pass"  width="20%">NA</td>
<tr>
<td width="12%">Rallyhoodtestcases</td>
<td width="12%">RallyhoodTC_10</td>
<td width="12%">firefox</td>
<td width="12%">WIN7</td>
<td class = "pass" width="7%">Pass</td>
<td width="7%">RH1</td>
<td width="20%">NA</td>
<td class ="pass"  width="20%">NA</td>
<tr>
<td width="12%">RallyhoodtestcasesChrome</td>
<td width="12%">RallyhoodTC_12</td>
<td width="12%">chrome</td>
<td width="12%">WIN7</td>
<td class = "pass" width="7%">Pass</td>
<td width="7%">RH1</td>
<td width="20%">NA</td>
<td class ="pass"  width="20%">NA</td>
<tr>
<td width="12%">Rallyhoodtestcases</td>
<td width="12%">RallyhoodTC_11</td>
<td width="12%">firefox</td>
<td width="12%">WIN7</td>
<td class = "pass" width="7%">Pass</td>
<td width="7%">RH1</td>
<td width="20%">NA</td>
<td class ="pass"  width="20%">NA</td>
<tr>
<td width="12%">RallyhoodtestcasesChrome</td>
<td width="12%">RallyhoodTC_13</td>
<td width="12%">chrome</td>
<td width="12%">WIN7</td>
<td class = "pass" width="7%">Pass</td>
<td width="7%">RH1</td>
<td width="20%">NA</td>
<td class ="pass"  width="20%">NA</td>
<tr>
<td width="12%">RallyhoodtestcasesChrome</td>
<td width="12%">RallyhoodTC_14</td>
<td width="12%">chrome</td>
<td width="12%">WIN7</td>
<td class = "pass" width="7%">Pass</td>
<td width="7%">RH1</td>
<td width="20%">NA</td>
<td class ="pass"  width="20%">NA</td>
<tr>
<td width="12%">Rallyhoodtestcases</td>
<td width="12%">RallyhoodTC_12</td>
<td width="12%">firefox</td>
<td width="12%">WIN7</td>
<td class = "fail" width="7%">Fail</td>
<td width="7%">RH1</td>
<td class ="fail"  width="20%">
<a target="_blank" href="file://E:/Rallyhood/ScreenShots/Rallyhoodtestcases_RallyhoodTC_12_WIN7_firefox.png">Screenshot</a>
</td>
<td width="20%">
<p id="error_2" style="display:none" align = "center"> java.lang.AssertionError: Test case failed due to exception Unable to locate element: //article[@class='participation ember-view none']//div[@class='rsvp is-none']//span[@class='prompt'] For documentation on this error  please visit: http://seleniumhq.org/exceptions/no_such_element.html Build info: version: '3.6.0'  revision: '6fbf3ec767'  time: '2017-09-27T15:28:36.4Z' System info: host: 'IM-LP-322'  ip: '192.168.205.116'  os.name: 'Windows 7'  os.arch: 'amd64'  os.version: '6.1'  java.version: '1.8.0_151' Driver info: org.openqa.selenium.firefox.FirefoxDriver Capabilities [{moz:profile=C:\Users\mbaragapu\AppData\Local\Temp\rust_mozprofile.HP3iwaERCf3A  rotatable=false  timeouts={implicit=0  pageLoad=300000  script=30000}  pageLoadStrategy=normal  moz:headless=false  platform=XP  moz:accessibilityChecks=false  acceptInsecureCerts=true  browserVersion=58.0  platformVersion=6.1  moz:processID=8956  browserName=firefox  javascriptEnabled=true  platformName=XP  moz:webdriverClick=true}] Session ID: 2cd19199-a392-4ca9-8094-bfb3f5ed782d *** Element info: {Using=xpath  value=//article[@class='participation ember-view none']//div[@class='rsvp is-none']//span[@class='prompt']} expected [true] but found [false] </p>
<button id="bb_2" >Show</button>
</td>
<tr>
<td width="12%">RallyhoodtestcasesChrome</td>
<td width="12%">RallyhoodTC_15</td>
<td width="12%">chrome</td>
<td width="12%">WIN7</td>
<td class = "pass" width="7%">Pass</td>
<td width="7%">RH1</td>
<td width="20%">NA</td>
<td class ="pass"  width="20%">NA</td>
<tr>
<td width="12%">RallyhoodtestcasesChrome</td>
<td width="12%">RallyhoodTC_16</td>
<td width="12%">chrome</td>
<td width="12%">WIN7</td>
<td class = "pass" width="7%">Pass</td>
<td width="7%">RH1</td>
<td width="20%">NA</td>
<td class ="pass"  width="20%">NA</td>
<tr>
<td width="12%">RallyhoodtestcasesChrome</td>
<td width="12%">RallyhoodTC_17</td>
<td width="12%">chrome</td>
<td width="12%">WIN7</td>
<td class = "pass" width="7%">Pass</td>
<td width="7%">RH1</td>
<td width="20%">NA</td>
<td class ="pass"  width="20%">NA</td>
<tr>
<td width="12%">RallyhoodtestcasesChrome</td>
<td width="12%">RallyhoodTC_18</td>
<td width="12%">chrome</td>
<td width="12%">WIN7</td>
<td class = "pass" width="7%">Pass</td>
<td width="7%">RH1</td>
<td width="20%">NA</td>
<td class ="pass"  width="20%">NA</td>
<tr>
<td width="12%">Rallyhoodtestcases</td>
<td width="12%">RallyhoodTC_13</td>
<td width="12%">firefox</td>
<td width="12%">WIN7</td>
<td class = "pass" width="7%">Pass</td>
<td width="7%">RH1</td>
<td width="20%">NA</td>
<td class ="pass"  width="20%">NA</td>
<tr>
<td width="12%">Rallyhoodtestcases</td>
<td width="12%">RallyhoodTC_14</td>
<td width="12%">firefox</td>
<td width="12%">WIN7</td>
<td class = "pass" width="7%">Pass</td>
<td width="7%">RH1</td>
<td width="20%">NA</td>
<td class ="pass"  width="20%">NA</td>
<tr>
<td width="12%">RallyhoodtestcasesChrome</td>
<td width="12%">RallyhoodTC_19</td>
<td width="12%">chrome</td>
<td width="12%">WIN7</td>
<td class = "pass" width="7%">Pass</td>
<td width="7%">RH1</td>
<td width="20%">NA</td>
<td class ="pass"  width="20%">NA</td>
<tr>
<td width="12%">Rallyhoodtestcases</td>
<td width="12%">RallyhoodTC_15</td>
<td width="12%">firefox</td>
<td width="12%">WIN7</td>
<td class = "pass" width="7%">Pass</td>
<td width="7%">RH1</td>
<td width="20%">NA</td>
<td class ="pass"  width="20%">NA</td>
<tr>
<td width="12%">RallyhoodtestcasesChrome</td>
<td width="12%">RallyhoodTC_20</td>
<td width="12%">chrome</td>
<td width="12%">WIN7</td>
<td class = "pass" width="7%">Pass</td>
<td width="7%">RH1</td>
<td width="20%">NA</td>
<td class ="pass"  width="20%">NA</td>
<tr>
<td width="12%">Rallyhoodtestcases</td>
<td width="12%">RallyhoodTC_16</td>
<td width="12%">firefox</td>
<td width="12%">WIN7</td>
<td class = "pass" width="7%">Pass</td>
<td width="7%">RH1</td>
<td width="20%">NA</td>
<td class ="pass"  width="20%">NA</td>
<tr>
<td width="12%">RallyhoodtestcasesChrome</td>
<td width="12%">RallyhoodTC_21</td>
<td width="12%">chrome</td>
<td width="12%">WIN7</td>
<td class = "pass" width="7%">Pass</td>
<td width="7%">RH1</td>
<td width="20%">NA</td>
<td class ="pass"  width="20%">NA</td>
<tr>
<td width="12%">Rallyhoodtestcases</td>
<td width="12%">RallyhoodTC_17</td>
<td width="12%">firefox</td>
<td width="12%">WIN7</td>
<td class = "pass" width="7%">Pass</td>
<td width="7%">RH1</td>
<td width="20%">NA</td>
<td class ="pass"  width="20%">NA</td>
<tr>
<td width="12%">Rallyhoodtestcases</td>
<td width="12%">RallyhoodTC_18</td>
<td width="12%">firefox</td>
<td width="12%">WIN7</td>
<td class = "pass" width="7%">Pass</td>
<td width="7%">RH1</td>
<td width="20%">NA</td>
<td class ="pass"  width="20%">NA</td>
<tr>
<td width="12%">RallyhoodtestcasesChrome</td>
<td width="12%">RallyhoodTC_22</td>
<td width="12%">chrome</td>
<td width="12%">WIN7</td>
<td class = "pass" width="7%">Pass</td>
<td width="7%">RH1</td>
<td width="20%">NA</td>
<td class ="pass"  width="20%">NA</td>
<tr>
<td width="12%">Rallyhoodtestcases</td>
<td width="12%">RallyhoodTC_19</td>
<td width="12%">firefox</td>
<td width="12%">WIN7</td>
<td class = "pass" width="7%">Pass</td>
<td width="7%">RH1</td>
<td width="20%">NA</td>
<td class ="pass"  width="20%">NA</td>
<tr>
<td width="12%">Rallyhoodtestcases</td>
<td width="12%">RallyhoodTC_20</td>
<td width="12%">firefox</td>
<td width="12%">WIN7</td>
<td class = "pass" width="7%">Pass</td>
<td width="7%">RH1</td>
<td width="20%">NA</td>
<td class ="pass"  width="20%">NA</td>
<tr>
<td width="12%">Rallyhoodtestcases</td>
<td width="12%">RallyhoodTC_21</td>
<td width="12%">firefox</td>
<td width="12%">WIN7</td>
<td class = "pass" width="7%">Pass</td>
<td width="7%">RH1</td>
<td width="20%">NA</td>
<td class ="pass"  width="20%">NA</td>
<tr>
<td width="12%">RallyhoodtestcasesChrome</td>
<td width="12%">RallyhoodTC_23</td>
<td width="12%">chrome</td>
<td width="12%">WIN7</td>
<td class = "pass" width="7%">Pass</td>
<td width="7%">RH1</td>
<td width="20%">NA</td>
<td class ="pass"  width="20%">NA</td>
<tr>
<td width="12%">RallyhoodtestcasesChrome</td>
<td width="12%">RallyhoodTC_24</td>
<td width="12%">chrome</td>
<td width="12%">WIN7</td>
<td class = "pass" width="7%">Pass</td>
<td width="7%">RH1</td>
<td width="20%">NA</td>
<td class ="pass"  width="20%">NA</td>
<tr>
<td width="12%">RallyhoodtestcasesChrome</td>
<td width="12%">RallyhoodTC_25</td>
<td width="12%">chrome</td>
<td width="12%">WIN7</td>
<td class = "pass" width="7%">Pass</td>
<td width="7%">RH1</td>
<td width="20%">NA</td>
<td class ="pass"  width="20%">NA</td>
<tr>
<td width="12%">Rallyhoodtestcases</td>
<td width="12%">RallyhoodTC_22</td>
<td width="12%">firefox</td>
<td width="12%">WIN7</td>
<td class = "pass" width="7%">Pass</td>
<td width="7%">RH1</td>
<td width="20%">NA</td>
<td class ="pass"  width="20%">NA</td>
<tr>
<td width="12%">RallyhoodtestcasesChrome</td>
<td width="12%">RallyhoodTC_26</td>
<td width="12%">chrome</td>
<td width="12%">WIN7</td>
<td class = "pass" width="7%">Pass</td>
<td width="7%">RH1</td>
<td width="20%">NA</td>
<td class ="pass"  width="20%">NA</td>
<tr>
<td width="12%">Rallyhoodtestcases</td>
<td width="12%">RallyhoodTC_23</td>
<td width="12%">firefox</td>
<td width="12%">WIN7</td>
<td class = "pass" width="7%">Pass</td>
<td width="7%">RH1</td>
<td width="20%">NA</td>
<td class ="pass"  width="20%">NA</td>
<tr>
<td width="12%">Rallyhoodtestcases</td>
<td width="12%">RallyhoodTC_24</td>
<td width="12%">firefox</td>
<td width="12%">WIN7</td>
<td class = "pass" width="7%">Pass</td>
<td width="7%">RH1</td>
<td width="20%">NA</td>
<td class ="pass"  width="20%">NA</td>
<tr>
<td width="12%">Rallyhoodtestcases</td>
<td width="12%">RallyhoodTC_25</td>
<td width="12%">firefox</td>
<td width="12%">WIN7</td>
<td class = "pass" width="7%">Pass</td>
<td width="7%">RH1</td>
<td width="20%">NA</td>
<td class ="pass"  width="20%">NA</td>
<tr>
<td width="12%">RallyhoodtestcasesChrome</td>
<td width="12%">RallyhoodTC_27</td>
<td width="12%">chrome</td>
<td width="12%">WIN7</td>
<td class = "pass" width="7%">Pass</td>
<td width="7%">RH1</td>
<td width="20%">NA</td>
<td class ="pass"  width="20%">NA</td>
<tr>
<td width="12%">Rallyhoodtestcases</td>
<td width="12%">RallyhoodTC_26</td>
<td width="12%">firefox</td>
<td width="12%">WIN7</td>
<td class = "fail" width="7%">Fail</td>
<td width="7%">RH1</td>
<td class ="fail"  width="20%">
<a target="_blank" href="file://E:/Rallyhood/ScreenShots/Rallyhoodtestcases_RallyhoodTC_26_WIN7_firefox.png">Screenshot</a>
</td>
<td width="20%">
<p id="error_3" style="display:none" align = "center"> java.lang.AssertionError: Test case failed due to exception Unable to locate element: //article[@class='participation ember-view none']//div[@class='rsvp is-none']//span[@class='prompt'] For documentation on this error  please visit: http://seleniumhq.org/exceptions/no_such_element.html Build info: version: '3.6.0'  revision: '6fbf3ec767'  time: '2017-09-27T15:28:36.4Z' System info: host: 'IM-LP-322'  ip: '192.168.205.116'  os.name: 'Windows 7'  os.arch: 'amd64'  os.version: '6.1'  java.version: '1.8.0_151' Driver info: org.openqa.selenium.firefox.FirefoxDriver Capabilities [{moz:profile=C:\Users\mbaragapu\AppData\Local\Temp\rust_mozprofile.HP3iwaERCf3A  rotatable=false  timeouts={implicit=0  pageLoad=300000  script=30000}  pageLoadStrategy=normal  moz:headless=false  platform=XP  moz:accessibilityChecks=false  acceptInsecureCerts=true  browserVersion=58.0  platformVersion=6.1  moz:processID=8956  browserName=firefox  javascriptEnabled=true  platformName=XP  moz:webdriverClick=true}] Session ID: 2cd19199-a392-4ca9-8094-bfb3f5ed782d *** Element info: {Using=xpath  value=//article[@class='participation ember-view none']//div[@class='rsvp is-none']//span[@class='prompt']} expected [true] but found [false] </p>
<button id="bb_3" >Show</button>
</td>
<tr>
<td width="12%">RallyhoodtestcasesChrome</td>
<td width="12%">RallyhoodTC_28</td>
<td width="12%">chrome</td>
<td width="12%">WIN7</td>
<td class = "pass" width="7%">Pass</td>
<td width="7%">RH1</td>
<td width="20%">NA</td>
<td class ="pass"  width="20%">NA</td>
<tr>
<td width="12%">Rallyhoodtestcases</td>
<td width="12%">RallyhoodTC_27</td>
<td width="12%">firefox</td>
<td width="12%">WIN7</td>
<td class = "fail" width="7%">Fail</td>
<td width="7%">RH1</td>
<td class ="fail"  width="20%">
<a target="_blank" href="file://E:/Rallyhood/ScreenShots/Rallyhoodtestcases_RallyhoodTC_27_WIN7_firefox.png">Screenshot</a>
</td>
<td width="20%">
<p id="error_4" style="display:none" align = "center"> java.lang.AssertionError: Test case failed due to exception Unable to locate element: //article[@class='participation ember-view none']//div[@class='rsvp is-none']//span[@class='prompt'] For documentation on this error  please visit: http://seleniumhq.org/exceptions/no_such_element.html Build info: version: '3.6.0'  revision: '6fbf3ec767'  time: '2017-09-27T15:28:36.4Z' System info: host: 'IM-LP-322'  ip: '192.168.205.116'  os.name: 'Windows 7'  os.arch: 'amd64'  os.version: '6.1'  java.version: '1.8.0_151' Driver info: org.openqa.selenium.firefox.FirefoxDriver Capabilities [{moz:profile=C:\Users\mbaragapu\AppData\Local\Temp\rust_mozprofile.HP3iwaERCf3A  rotatable=false  timeouts={implicit=0  pageLoad=300000  script=30000}  pageLoadStrategy=normal  moz:headless=false  platform=XP  moz:accessibilityChecks=false  acceptInsecureCerts=true  browserVersion=58.0  platformVersion=6.1  moz:processID=8956  browserName=firefox  javascriptEnabled=true  platformName=XP  moz:webdriverClick=true}] Session ID: 2cd19199-a392-4ca9-8094-bfb3f5ed782d *** Element info: {Using=xpath  value=//article[@class='participation ember-view none']//div[@class='rsvp is-none']//span[@class='prompt']} expected [true] but found [false] </p>
<button id="bb_4" >Show</button>
</td>
<tr>
<td width="12%">RallyhoodtestcasesChrome</td>
<td width="12%">RallyhoodTC_29</td>
<td width="12%">chrome</td>
<td width="12%">WIN7</td>
<td class = "pass" width="7%">Pass</td>
<td width="7%">RH1</td>
<td width="20%">NA</td>
<td class ="pass"  width="20%">NA</td>
<tr>
<td width="12%">Rallyhoodtestcases</td>
<td width="12%">RallyhoodTC_28</td>
<td width="12%">firefox</td>
<td width="12%">WIN7</td>
<td class = "pass" width="7%">Pass</td>
<td width="7%">RH1</td>
<td width="20%">NA</td>
<td class ="pass"  width="20%">NA</td>
<tr>
<td width="12%">RallyhoodtestcasesChrome</td>
<td width="12%">RallyhoodTC_30</td>
<td width="12%">chrome</td>
<td width="12%">WIN7</td>
<td class = "fail" width="7%">Fail</td>
<td width="7%">RH1</td>
<td class ="fail"  width="20%">
<a target="_blank" href="file://E:/Rallyhood/ScreenShots/RallyhoodtestcasesChrome_RallyhoodTC_30_WIN7_chrome.png">Screenshot</a>
</td>
<td width="20%">
<p id="error_5" style="display:none" align = "center"> java.lang.AssertionError: Test case failed due to exception no such element: Unable to locate element: {"method":"xpath" "selector":"//article[@class='participation ember-view none']//div[@class='rsvp is-none']//span[@class='prompt']"}   (Session info: chrome=62.0.3202.94)   (Driver info: chromedriver=2.33.506120 (e3e53437346286c0bc2d2dc9aa4915ba81d9023f) platform=Windows NT 6.1.7601 SP1 x86_64) (WARNING: The server did not provide any stacktrace information) Command duration or timeout: 0 milliseconds For documentation on this error  please visit: http://seleniumhq.org/exceptions/no_such_element.html Build info: version: '3.6.0'  revision: '6fbf3ec767'  time: '2017-09-27T15:28:36.4Z' System info: host: 'IM-LP-322'  ip: '192.168.205.116'  os.name: 'Windows 7'  os.arch: 'amd64'  os.version: '6.1'  java.version: '1.8.0_151' Driver info: org.openqa.selenium.chrome.ChromeDriver Capabilities [{mobileEmulationEnabled=false  hasTouchScreen=false  platform=XP  acceptSslCerts=true  webStorageEnabled=true  browserName=chrome  takesScreenshot=true  javascriptEnabled=true  platformName=XP  setWindowRect=true  unexpectedAlertBehaviour=  applicationCacheEnabled=false  rotatable=false  networkConnectionEnabled=false  chrome={chromedriverVersion=2.33.506120 (e3e53437346286c0bc2d2dc9aa4915ba81d9023f)  userDataDir=C:\Users\MBARAG~1\AppData\Local\Temp\scoped_dir2504_14824}  takesHeapSnapshot=true  pageLoadStrategy=normal  unhandledPromptBehavior=  databaseEnabled=false  handlesAlerts=true  version=62.0.3202.94  browserConnectionEnabled=false  nativeEvents=true  locationContextEnabled=true  cssSelectorsEnabled=true}] Session ID: 5ba1a105d2a296cfbf4a98faa99342bf *** Element info: {Using=xpath  value=//article[@class='participation ember-view none']//div[@class='rsvp is-none']//span[@class='prompt']} expected [true] but found [false] </p>
<button id="bb_5" >Show</button>
</td>
<tr>
<td width="12%">RallyhoodtestcasesChrome</td>
<td width="12%">RallyhoodTC_31</td>
<td width="12%">chrome</td>
<td width="12%">WIN7</td>
<td class = "pass" width="7%">Pass</td>
<td width="7%">RH1</td>
<td width="20%">NA</td>
<td class ="pass"  width="20%">NA</td>
<tr>
<td width="12%">Rallyhoodtestcases</td>
<td width="12%">RallyhoodTC_29</td>
<td width="12%">firefox</td>
<td width="12%">WIN7</td>
<td class = "pass" width="7%">Pass</td>
<td width="7%">RH1</td>
<td width="20%">NA</td>
<td class ="pass"  width="20%">NA</td>
<tr>
<td width="12%">RallyhoodtestcasesChrome</td>
<td width="12%">RallyhoodTC_32</td>
<td width="12%">chrome</td>
<td width="12%">WIN7</td>
<td class = "fail" width="7%">Fail</td>
<td width="7%">RH1</td>
<td class ="fail"  width="20%">
<a target="_blank" href="file://E:/Rallyhood/ScreenShots/RallyhoodtestcasesChrome_RallyhoodTC_32_WIN7_chrome.png">Screenshot</a>
</td>
<td width="20%">
<p id="error_6" style="display:none" align = "center"> java.lang.AssertionError: Test case failed due to exception unknown error: Element &lt;a href="/embed/29594/events/1491358/social" id="ember507" class="event ember-view"&gt;...&lt;/a&gt; is not clickable at point (711  80). Other element would receive the click: &lt;img src="https://s3.amazonaws.com/rallyhood_production/public/system/rally_avatars/29606/large/staging_rally_29606_avatar.jpeg?1510242961" alt="Swim Class" class="avatar rux-ripple"&gt;   (Session info: chrome=62.0.3202.94)   (Driver info: chromedriver=2.33.506120 (e3e53437346286c0bc2d2dc9aa4915ba81d9023f) platform=Windows NT 6.1.7601 SP1 x86_64) (WARNING: The server did not provide any stacktrace information) Command duration or timeout: 0 milliseconds Build info: version: '3.6.0'  revision: '6fbf3ec767'  time: '2017-09-27T15:28:36.4Z' System info: host: 'IM-LP-322'  ip: '192.168.205.116'  os.name: 'Windows 7'  os.arch: 'amd64'  os.version: '6.1'  java.version: '1.8.0_151' Driver info: org.openqa.selenium.chrome.ChromeDriver Capabilities [{mobileEmulationEnabled=false  hasTouchScreen=false  platform=XP  acceptSslCerts=true  webStorageEnabled=true  browserName=chrome  takesScreenshot=true  javascriptEnabled=true  platformName=XP  setWindowRect=true  unexpectedAlertBehaviour=  applicationCacheEnabled=false  rotatable=false  networkConnectionEnabled=false  chrome={chromedriverVersion=2.33.506120 (e3e53437346286c0bc2d2dc9aa4915ba81d9023f)  userDataDir=C:\Users\MBARAG~1\AppData\Local\Temp\scoped_dir2504_14824}  takesHeapSnapshot=true  pageLoadStrategy=normal  unhandledPromptBehavior=  databaseEnabled=false  handlesAlerts=true  version=62.0.3202.94  browserConnectionEnabled=false  nativeEvents=true  locationContextEnabled=true  cssSelectorsEnabled=true}] Session ID: 5ba1a105d2a296cfbf4a98faa99342bf expected [true] but found [false] </p>
<button id="bb_6" >Show</button>
</td>
<tr>
<td width="12%">Rallyhoodtestcases</td>
<td width="12%">RallyhoodTC_30</td>
<td width="12%">firefox</td>
<td width="12%">WIN7</td>
<td class = "pass" width="7%">Pass</td>
<td width="7%">RH1</td>
<td width="20%">NA</td>
<td class ="pass"  width="20%">NA</td>
<tr>
<td width="12%">RallyhoodtestcasesChrome</td>
<td width="12%">RallyhoodTC_33</td>
<td width="12%">chrome</td>
<td width="12%">WIN7</td>
<td class = "fail" width="7%">Fail</td>
<td width="7%">RH1</td>
<td class ="fail"  width="20%">
<a target="_blank" href="file://E:/Rallyhood/ScreenShots/RallyhoodtestcasesChrome_RallyhoodTC_33_WIN7_chrome.png">Screenshot</a>
</td>
<td width="20%">
<p id="error_7" style="display:none" align = "center"> java.lang.AssertionError: Test case failed due to exception no such element: Unable to locate element: {"method":"xpath" "selector":"//article[@class='participation ember-view none']//div[@class='rsvp is-none']//span[@class='prompt']"}   (Session info: chrome=62.0.3202.94)   (Driver info: chromedriver=2.33.506120 (e3e53437346286c0bc2d2dc9aa4915ba81d9023f) platform=Windows NT 6.1.7601 SP1 x86_64) (WARNING: The server did not provide any stacktrace information) Command duration or timeout: 0 milliseconds For documentation on this error  please visit: http://seleniumhq.org/exceptions/no_such_element.html Build info: version: '3.6.0'  revision: '6fbf3ec767'  time: '2017-09-27T15:28:36.4Z' System info: host: 'IM-LP-322'  ip: '192.168.205.116'  os.name: 'Windows 7'  os.arch: 'amd64'  os.version: '6.1'  java.version: '1.8.0_151' Driver info: org.openqa.selenium.chrome.ChromeDriver Capabilities [{mobileEmulationEnabled=false  hasTouchScreen=false  platform=XP  acceptSslCerts=true  webStorageEnabled=true  browserName=chrome  takesScreenshot=true  javascriptEnabled=true  platformName=XP  setWindowRect=true  unexpectedAlertBehaviour=  applicationCacheEnabled=false  rotatable=false  networkConnectionEnabled=false  chrome={chromedriverVersion=2.33.506120 (e3e53437346286c0bc2d2dc9aa4915ba81d9023f)  userDataDir=C:\Users\MBARAG~1\AppData\Local\Temp\scoped_dir2504_14824}  takesHeapSnapshot=true  pageLoadStrategy=normal  unhandledPromptBehavior=  databaseEnabled=false  handlesAlerts=true  version=62.0.3202.94  browserConnectionEnabled=false  nativeEvents=true  locationContextEnabled=true  cssSelectorsEnabled=true}] Session ID: 5ba1a105d2a296cfbf4a98faa99342bf *** Element info: {Using=xpath  value=//article[@class='participation ember-view none']//div[@class='rsvp is-none']//span[@class='prompt']} expected [true] but found [false] </p>
<button id="bb_7" >Show</button>
</td>
<tr>
<td width="12%">Rallyhoodtestcases</td>
<td width="12%">RallyhoodTC_31</td>
<td width="12%">firefox</td>
<td width="12%">WIN7</td>
<td class = "fail" width="7%">Fail</td>
<td width="7%">RH1</td>
<td class ="fail"  width="20%">
<a target="_blank" href="file://E:/Rallyhood/ScreenShots/Rallyhoodtestcases_RallyhoodTC_31_WIN7_firefox.png">Screenshot</a>
</td>
<td width="20%">
<p id="error_8" style="display:none" align = "center"> java.lang.AssertionError: Test case failed due to exception Unable to locate element: //article[@class='participation ember-view none']//div[@class='rsvp is-none']//span[@class='prompt'] For documentation on this error  please visit: http://seleniumhq.org/exceptions/no_such_element.html Build info: version: '3.6.0'  revision: '6fbf3ec767'  time: '2017-09-27T15:28:36.4Z' System info: host: 'IM-LP-322'  ip: '192.168.205.116'  os.name: 'Windows 7'  os.arch: 'amd64'  os.version: '6.1'  java.version: '1.8.0_151' Driver info: org.openqa.selenium.firefox.FirefoxDriver Capabilities [{moz:profile=C:\Users\mbaragapu\AppData\Local\Temp\rust_mozprofile.HP3iwaERCf3A  rotatable=false  timeouts={implicit=0  pageLoad=300000  script=30000}  pageLoadStrategy=normal  moz:headless=false  platform=XP  moz:accessibilityChecks=false  acceptInsecureCerts=true  browserVersion=58.0  platformVersion=6.1  moz:processID=8956  browserName=firefox  javascriptEnabled=true  platformName=XP  moz:webdriverClick=true}] Session ID: 2cd19199-a392-4ca9-8094-bfb3f5ed782d *** Element info: {Using=xpath  value=//article[@class='participation ember-view none']//div[@class='rsvp is-none']//span[@class='prompt']} expected [true] but found [false] </p>
<button id="bb_8" >Show</button>
</td>
<tr>
<td width="12%">RallyhoodtestcasesChrome</td>
<td width="12%">RallyhoodTC_34</td>
<td width="12%">chrome</td>
<td width="12%">WIN7</td>
<td class = "fail" width="7%">Fail</td>
<td width="7%">RH1</td>
<td class ="fail"  width="20%">
<a target="_blank" href="file://E:/Rallyhood/ScreenShots/RallyhoodtestcasesChrome_RallyhoodTC_34_WIN7_chrome.png">Screenshot</a>
</td>
<td width="20%">
<p id="error_9" style="display:none" align = "center"> java.lang.AssertionError: Test case failed due to exception no such element: Unable to locate element: {"method":"xpath" "selector":"//article[@class='participation ember-view none']//div[@class='rsvp is-none']//span[@class='prompt']"}   (Session info: chrome=62.0.3202.94)   (Driver info: chromedriver=2.33.506120 (e3e53437346286c0bc2d2dc9aa4915ba81d9023f) platform=Windows NT 6.1.7601 SP1 x86_64) (WARNING: The server did not provide any stacktrace information) Command duration or timeout: 0 milliseconds For documentation on this error  please visit: http://seleniumhq.org/exceptions/no_such_element.html Build info: version: '3.6.0'  revision: '6fbf3ec767'  time: '2017-09-27T15:28:36.4Z' System info: host: 'IM-LP-322'  ip: '192.168.205.116'  os.name: 'Windows 7'  os.arch: 'amd64'  os.version: '6.1'  java.version: '1.8.0_151' Driver info: org.openqa.selenium.chrome.ChromeDriver Capabilities [{mobileEmulationEnabled=false  hasTouchScreen=false  platform=XP  acceptSslCerts=true  webStorageEnabled=true  browserName=chrome  takesScreenshot=true  javascriptEnabled=true  platformName=XP  setWindowRect=true  unexpectedAlertBehaviour=  applicationCacheEnabled=false  rotatable=false  networkConnectionEnabled=false  chrome={chromedriverVersion=2.33.506120 (e3e53437346286c0bc2d2dc9aa4915ba81d9023f)  userDataDir=C:\Users\MBARAG~1\AppData\Local\Temp\scoped_dir2504_14824}  takesHeapSnapshot=true  pageLoadStrategy=normal  unhandledPromptBehavior=  databaseEnabled=false  handlesAlerts=true  version=62.0.3202.94  browserConnectionEnabled=false  nativeEvents=true  locationContextEnabled=true  cssSelectorsEnabled=true}] Session ID: 5ba1a105d2a296cfbf4a98faa99342bf *** Element info: {Using=xpath  value=//article[@class='participation ember-view none']//div[@class='rsvp is-none']//span[@class='prompt']} expected [true] but found [false] </p>
<button id="bb_9" >Show</button>
</td>
<tr>
<td width="12%">Rallyhoodtestcases</td>
<td width="12%">RallyhoodTC_32</td>
<td width="12%">firefox</td>
<td width="12%">WIN7</td>
<td class = "fail" width="7%">Fail</td>
<td width="7%">RH1</td>
<td class ="fail"  width="20%">
<a target="_blank" href="file://E:/Rallyhood/ScreenShots/Rallyhoodtestcases_RallyhoodTC_32_WIN7_firefox.png">Screenshot</a>
</td>
<td width="20%">
<p id="error_10" style="display:none" align = "center"> java.lang.AssertionError: Test case failed due to exception Unable to locate element: //article[@class='participation ember-view none']//div[@class='rsvp is-none']//span[@class='prompt'] For documentation on this error  please visit: http://seleniumhq.org/exceptions/no_such_element.html Build info: version: '3.6.0'  revision: '6fbf3ec767'  time: '2017-09-27T15:28:36.4Z' System info: host: 'IM-LP-322'  ip: '192.168.205.116'  os.name: 'Windows 7'  os.arch: 'amd64'  os.version: '6.1'  java.version: '1.8.0_151' Driver info: org.openqa.selenium.firefox.FirefoxDriver Capabilities [{moz:profile=C:\Users\mbaragapu\AppData\Local\Temp\rust_mozprofile.HP3iwaERCf3A  rotatable=false  timeouts={implicit=0  pageLoad=300000  script=30000}  pageLoadStrategy=normal  moz:headless=false  platform=XP  moz:accessibilityChecks=false  acceptInsecureCerts=true  browserVersion=58.0  platformVersion=6.1  moz:processID=8956  browserName=firefox  javascriptEnabled=true  platformName=XP  moz:webdriverClick=true}] Session ID: 2cd19199-a392-4ca9-8094-bfb3f5ed782d *** Element info: {Using=xpath  value=//article[@class='participation ember-view none']//div[@class='rsvp is-none']//span[@class='prompt']} expected [true] but found [false] </p>
<button id="bb_10" >Show</button>
</td>
<tr>
<td width="12%">RallyhoodtestcasesChrome</td>
<td width="12%">RallyhoodTC_35</td>
<td width="12%">chrome</td>
<td width="12%">WIN7</td>
<td class = "fail" width="7%">Fail</td>
<td width="7%">RH1</td>
<td class ="fail"  width="20%">
<a target="_blank" href="file://E:/Rallyhood/ScreenShots/RallyhoodtestcasesChrome_RallyhoodTC_35_WIN7_chrome.png">Screenshot</a>
</td>
<td width="20%">
<p id="error_11" style="display:none" align = "center"> java.lang.AssertionError: Test case failed due to exception no such element: Unable to locate element: {"method":"xpath" "selector":"//article[@class='participation ember-view none']//div[@class='rsvp is-none']//span[@class='prompt']"}   (Session info: chrome=62.0.3202.94)   (Driver info: chromedriver=2.33.506120 (e3e53437346286c0bc2d2dc9aa4915ba81d9023f) platform=Windows NT 6.1.7601 SP1 x86_64) (WARNING: The server did not provide any stacktrace information) Command duration or timeout: 0 milliseconds For documentation on this error  please visit: http://seleniumhq.org/exceptions/no_such_element.html Build info: version: '3.6.0'  revision: '6fbf3ec767'  time: '2017-09-27T15:28:36.4Z' System info: host: 'IM-LP-322'  ip: '192.168.205.116'  os.name: 'Windows 7'  os.arch: 'amd64'  os.version: '6.1'  java.version: '1.8.0_151' Driver info: org.openqa.selenium.chrome.ChromeDriver Capabilities [{mobileEmulationEnabled=false  hasTouchScreen=false  platform=XP  acceptSslCerts=true  webStorageEnabled=true  browserName=chrome  takesScreenshot=true  javascriptEnabled=true  platformName=XP  setWindowRect=true  unexpectedAlertBehaviour=  applicationCacheEnabled=false  rotatable=false  networkConnectionEnabled=false  chrome={chromedriverVersion=2.33.506120 (e3e53437346286c0bc2d2dc9aa4915ba81d9023f)  userDataDir=C:\Users\MBARAG~1\AppData\Local\Temp\scoped_dir2504_14824}  takesHeapSnapshot=true  pageLoadStrategy=normal  unhandledPromptBehavior=  databaseEnabled=false  handlesAlerts=true  version=62.0.3202.94  browserConnectionEnabled=false  nativeEvents=true  locationContextEnabled=true  cssSelectorsEnabled=true}] Session ID: 5ba1a105d2a296cfbf4a98faa99342bf *** Element info: {Using=xpath  value=//article[@class='participation ember-view none']//div[@class='rsvp is-none']//span[@class='prompt']} expected [true] but found [false] </p>
<button id="bb_11" >Show</button>
</td>
<tr>
<td width="12%">Rallyhoodtestcases</td>
<td width="12%">RallyhoodTC_33</td>
<td width="12%">firefox</td>
<td width="12%">WIN7</td>
<td class = "fail" width="7%">Fail</td>
<td width="7%">RH1</td>
<td class ="fail"  width="20%">
<a target="_blank" href="file://E:/Rallyhood/ScreenShots/Rallyhoodtestcases_RallyhoodTC_33_WIN7_firefox.png">Screenshot</a>
</td>
<td width="20%">
<p id="error_12" style="display:none" align = "center"> java.lang.AssertionError: Test case failed due to exception Unable to locate element: //article[@class='participation ember-view none']//div[@class='rsvp is-none']//span[@class='prompt'] For documentation on this error  please visit: http://seleniumhq.org/exceptions/no_such_element.html Build info: version: '3.6.0'  revision: '6fbf3ec767'  time: '2017-09-27T15:28:36.4Z' System info: host: 'IM-LP-322'  ip: '192.168.205.116'  os.name: 'Windows 7'  os.arch: 'amd64'  os.version: '6.1'  java.version: '1.8.0_151' Driver info: org.openqa.selenium.firefox.FirefoxDriver Capabilities [{moz:profile=C:\Users\mbaragapu\AppData\Local\Temp\rust_mozprofile.HP3iwaERCf3A  rotatable=false  timeouts={implicit=0  pageLoad=300000  script=30000}  pageLoadStrategy=normal  moz:headless=false  platform=XP  moz:accessibilityChecks=false  acceptInsecureCerts=true  browserVersion=58.0  platformVersion=6.1  moz:processID=8956  browserName=firefox  javascriptEnabled=true  platformName=XP  moz:webdriverClick=true}] Session ID: 2cd19199-a392-4ca9-8094-bfb3f5ed782d *** Element info: {Using=xpath  value=//article[@class='participation ember-view none']//div[@class='rsvp is-none']//span[@class='prompt']} expected [true] but found [false] </p>
<button id="bb_12" >Show</button>
</td>
<tr>
<td width="12%">RallyhoodtestcasesChrome</td>
<td width="12%">RallyhoodTC_36</td>
<td width="12%">chrome</td>
<td width="12%">WIN7</td>
<td class = "fail" width="7%">Fail</td>
<td width="7%">RH1</td>
<td class ="fail"  width="20%">
<a target="_blank" href="file://E:/Rallyhood/ScreenShots/RallyhoodtestcasesChrome_RallyhoodTC_36_WIN7_chrome.png">Screenshot</a>
</td>
<td width="20%">
<p id="error_13" style="display:none" align = "center"> java.lang.AssertionError: Test case failed due to exception no such element: Unable to locate element: {"method":"xpath" "selector":"//article[@class='participation ember-view none']//div[@class='rsvp is-none']//span[@class='prompt']"}   (Session info: chrome=62.0.3202.94)   (Driver info: chromedriver=2.33.506120 (e3e53437346286c0bc2d2dc9aa4915ba81d9023f) platform=Windows NT 6.1.7601 SP1 x86_64) (WARNING: The server did not provide any stacktrace information) Command duration or timeout: 0 milliseconds For documentation on this error  please visit: http://seleniumhq.org/exceptions/no_such_element.html Build info: version: '3.6.0'  revision: '6fbf3ec767'  time: '2017-09-27T15:28:36.4Z' System info: host: 'IM-LP-322'  ip: '192.168.205.116'  os.name: 'Windows 7'  os.arch: 'amd64'  os.version: '6.1'  java.version: '1.8.0_151' Driver info: org.openqa.selenium.chrome.ChromeDriver Capabilities [{mobileEmulationEnabled=false  hasTouchScreen=false  platform=XP  acceptSslCerts=true  webStorageEnabled=true  browserName=chrome  takesScreenshot=true  javascriptEnabled=true  platformName=XP  setWindowRect=true  unexpectedAlertBehaviour=  applicationCacheEnabled=false  rotatable=false  networkConnectionEnabled=false  chrome={chromedriverVersion=2.33.506120 (e3e53437346286c0bc2d2dc9aa4915ba81d9023f)  userDataDir=C:\Users\MBARAG~1\AppData\Local\Temp\scoped_dir2504_14824}  takesHeapSnapshot=true  pageLoadStrategy=normal  unhandledPromptBehavior=  databaseEnabled=false  handlesAlerts=true  version=62.0.3202.94  browserConnectionEnabled=false  nativeEvents=true  locationContextEnabled=true  cssSelectorsEnabled=true}] Session ID: 5ba1a105d2a296cfbf4a98faa99342bf *** Element info: {Using=xpath  value=//article[@class='participation ember-view none']//div[@class='rsvp is-none']//span[@class='prompt']} expected [true] but found [false] </p>
<button id="bb_13" >Show</button>
</td>
<tr>
<td width="12%">Rallyhoodtestcases</td>
<td width="12%">RallyhoodTC_34</td>
<td width="12%">firefox</td>
<td width="12%">WIN7</td>
<td class = "fail" width="7%">Fail</td>
<td width="7%">RH1</td>
<td class ="fail"  width="20%">
<a target="_blank" href="file://E:/Rallyhood/ScreenShots/Rallyhoodtestcases_RallyhoodTC_34_WIN7_firefox.png">Screenshot</a>
</td>
<td width="20%">
<p id="error_14" style="display:none" align = "center"> java.lang.AssertionError: Test case failed due to exception Unable to locate element: //article[@class='participation ember-view none']//div[@class='rsvp is-none']//span[@class='prompt'] For documentation on this error  please visit: http://seleniumhq.org/exceptions/no_such_element.html Build info: version: '3.6.0'  revision: '6fbf3ec767'  time: '2017-09-27T15:28:36.4Z' System info: host: 'IM-LP-322'  ip: '192.168.205.116'  os.name: 'Windows 7'  os.arch: 'amd64'  os.version: '6.1'  java.version: '1.8.0_151' Driver info: org.openqa.selenium.firefox.FirefoxDriver Capabilities [{moz:profile=C:\Users\mbaragapu\AppData\Local\Temp\rust_mozprofile.HP3iwaERCf3A  rotatable=false  timeouts={implicit=0  pageLoad=300000  script=30000}  pageLoadStrategy=normal  moz:headless=false  platform=XP  moz:accessibilityChecks=false  acceptInsecureCerts=true  browserVersion=58.0  platformVersion=6.1  moz:processID=8956  browserName=firefox  javascriptEnabled=true  platformName=XP  moz:webdriverClick=true}] Session ID: 2cd19199-a392-4ca9-8094-bfb3f5ed782d *** Element info: {Using=xpath  value=//article[@class='participation ember-view none']//div[@class='rsvp is-none']//span[@class='prompt']} expected [true] but found [false] </p>
<button id="bb_14" >Show</button>
</td>
<tr>
<td width="12%">RallyhoodtestcasesChrome</td>
<td width="12%">RallyhoodTC_37</td>
<td width="12%">chrome</td>
<td width="12%">WIN7</td>
<td class = "fail" width="7%">Fail</td>
<td width="7%">RH1</td>
<td class ="fail"  width="20%">
<a target="_blank" href="file://E:/Rallyhood/ScreenShots/RallyhoodtestcasesChrome_RallyhoodTC_37_WIN7_chrome.png">Screenshot</a>
</td>
<td width="20%">
<p id="error_15" style="display:none" align = "center"> java.lang.AssertionError: Test case failed due to exception no such element: Unable to locate element: {"method":"xpath" "selector":"//article[@class='participation ember-view none']//div[@class='rsvp is-none']//span[@class='prompt']"}   (Session info: chrome=62.0.3202.94)   (Driver info: chromedriver=2.33.506120 (e3e53437346286c0bc2d2dc9aa4915ba81d9023f) platform=Windows NT 6.1.7601 SP1 x86_64) (WARNING: The server did not provide any stacktrace information) Command duration or timeout: 0 milliseconds For documentation on this error  please visit: http://seleniumhq.org/exceptions/no_such_element.html Build info: version: '3.6.0'  revision: '6fbf3ec767'  time: '2017-09-27T15:28:36.4Z' System info: host: 'IM-LP-322'  ip: '192.168.205.116'  os.name: 'Windows 7'  os.arch: 'amd64'  os.version: '6.1'  java.version: '1.8.0_151' Driver info: org.openqa.selenium.chrome.ChromeDriver Capabilities [{mobileEmulationEnabled=false  hasTouchScreen=false  platform=XP  acceptSslCerts=true  webStorageEnabled=true  browserName=chrome  takesScreenshot=true  javascriptEnabled=true  platformName=XP  setWindowRect=true  unexpectedAlertBehaviour=  applicationCacheEnabled=false  rotatable=false  networkConnectionEnabled=false  chrome={chromedriverVersion=2.33.506120 (e3e53437346286c0bc2d2dc9aa4915ba81d9023f)  userDataDir=C:\Users\MBARAG~1\AppData\Local\Temp\scoped_dir2504_14824}  takesHeapSnapshot=true  pageLoadStrategy=normal  unhandledPromptBehavior=  databaseEnabled=false  handlesAlerts=true  version=62.0.3202.94  browserConnectionEnabled=false  nativeEvents=true  locationContextEnabled=true  cssSelectorsEnabled=true}] Session ID: 5ba1a105d2a296cfbf4a98faa99342bf *** Element info: {Using=xpath  value=//article[@class='participation ember-view none']//div[@class='rsvp is-none']//span[@class='prompt']} expected [true] but found [false] </p>
<button id="bb_15" >Show</button>
</td>
<tr>
<td width="12%">Rallyhoodtestcases</td>
<td width="12%">RallyhoodTC_35</td>
<td width="12%">firefox</td>
<td width="12%">WIN7</td>
<td class = "fail" width="7%">Fail</td>
<td width="7%">RH1</td>
<td class ="fail"  width="20%">
<a target="_blank" href="file://E:/Rallyhood/ScreenShots/Rallyhoodtestcases_RallyhoodTC_35_WIN7_firefox.png">Screenshot</a>
</td>
<td width="20%">
<p id="error_16" style="display:none" align = "center"> java.lang.AssertionError: Test case failed due to exception Unable to locate element: //article[@class='participation ember-view none']//div[@class='rsvp is-none']//span[@class='prompt'] For documentation on this error  please visit: http://seleniumhq.org/exceptions/no_such_element.html Build info: version: '3.6.0'  revision: '6fbf3ec767'  time: '2017-09-27T15:28:36.4Z' System info: host: 'IM-LP-322'  ip: '192.168.205.116'  os.name: 'Windows 7'  os.arch: 'amd64'  os.version: '6.1'  java.version: '1.8.0_151' Driver info: org.openqa.selenium.firefox.FirefoxDriver Capabilities [{moz:profile=C:\Users\mbaragapu\AppData\Local\Temp\rust_mozprofile.HP3iwaERCf3A  rotatable=false  timeouts={implicit=0  pageLoad=300000  script=30000}  pageLoadStrategy=normal  moz:headless=false  platform=XP  moz:accessibilityChecks=false  acceptInsecureCerts=true  browserVersion=58.0  platformVersion=6.1  moz:processID=8956  browserName=firefox  javascriptEnabled=true  platformName=XP  moz:webdriverClick=true}] Session ID: 2cd19199-a392-4ca9-8094-bfb3f5ed782d *** Element info: {Using=xpath  value=//article[@class='participation ember-view none']//div[@class='rsvp is-none']//span[@class='prompt']} expected [true] but found [false] </p>
<button id="bb_16" >Show</button>
</td>
<tr>
<td width="12%">RallyhoodtestcasesChrome</td>
<td width="12%">RallyhoodTC_38</td>
<td width="12%">chrome</td>
<td width="12%">WIN7</td>
<td class = "fail" width="7%">Fail</td>
<td width="7%">RH1</td>
<td class ="fail"  width="20%">
<a target="_blank" href="file://E:/Rallyhood/ScreenShots/RallyhoodtestcasesChrome_RallyhoodTC_38_WIN7_chrome.png">Screenshot</a>
</td>
<td width="20%">
<p id="error_17" style="display:none" align = "center"> java.lang.AssertionError: Test case failed due to exception no such element: Unable to locate element: {"method":"xpath" "selector":"//article[@class='participation ember-view none']//div[@class='rsvp is-none']//span[@class='prompt']"}   (Session info: chrome=62.0.3202.94)   (Driver info: chromedriver=2.33.506120 (e3e53437346286c0bc2d2dc9aa4915ba81d9023f) platform=Windows NT 6.1.7601 SP1 x86_64) (WARNING: The server did not provide any stacktrace information) Command duration or timeout: 0 milliseconds For documentation on this error  please visit: http://seleniumhq.org/exceptions/no_such_element.html Build info: version: '3.6.0'  revision: '6fbf3ec767'  time: '2017-09-27T15:28:36.4Z' System info: host: 'IM-LP-322'  ip: '192.168.205.116'  os.name: 'Windows 7'  os.arch: 'amd64'  os.version: '6.1'  java.version: '1.8.0_151' Driver info: org.openqa.selenium.chrome.ChromeDriver Capabilities [{mobileEmulationEnabled=false  hasTouchScreen=false  platform=XP  acceptSslCerts=true  webStorageEnabled=true  browserName=chrome  takesScreenshot=true  javascriptEnabled=true  platformName=XP  setWindowRect=true  unexpectedAlertBehaviour=  applicationCacheEnabled=false  rotatable=false  networkConnectionEnabled=false  chrome={chromedriverVersion=2.33.506120 (e3e53437346286c0bc2d2dc9aa4915ba81d9023f)  userDataDir=C:\Users\MBARAG~1\AppData\Local\Temp\scoped_dir2504_14824}  takesHeapSnapshot=true  pageLoadStrategy=normal  unhandledPromptBehavior=  databaseEnabled=false  handlesAlerts=true  version=62.0.3202.94  browserConnectionEnabled=false  nativeEvents=true  locationContextEnabled=true  cssSelectorsEnabled=true}] Session ID: 5ba1a105d2a296cfbf4a98faa99342bf *** Element info: {Using=xpath  value=//article[@class='participation ember-view none']//div[@class='rsvp is-none']//span[@class='prompt']} expected [true] but found [false] </p>
<button id="bb_17" >Show</button>
</td>
<tr>
<td width="12%">RallyhoodtestcasesChrome</td>
<td width="12%">RallyhoodTC_39</td>
<td width="12%">chrome</td>
<td width="12%">WIN7</td>
<td class = "pass" width="7%">Pass</td>
<td width="7%">RH1</td>
<td width="20%">NA</td>
<td class ="pass"  width="20%">NA</td>
<tr>
<td width="12%">Rallyhoodtestcases</td>
<td width="12%">RallyhoodTC_36</td>
<td width="12%">firefox</td>
<td width="12%">WIN7</td>
<td class = "fail" width="7%">Fail</td>
<td width="7%">RH1</td>
<td class ="fail"  width="20%">
<a target="_blank" href="file://E:/Rallyhood/ScreenShots/Rallyhoodtestcases_RallyhoodTC_36_WIN7_firefox.png">Screenshot</a>
</td>
<td width="20%">
<p id="error_18" style="display:none" align = "center"> java.lang.AssertionError: Test case failed due to exception Unable to locate element: //article[@class='participation ember-view none']//div[@class='rsvp is-none']//span[@class='prompt'] For documentation on this error  please visit: http://seleniumhq.org/exceptions/no_such_element.html Build info: version: '3.6.0'  revision: '6fbf3ec767'  time: '2017-09-27T15:28:36.4Z' System info: host: 'IM-LP-322'  ip: '192.168.205.116'  os.name: 'Windows 7'  os.arch: 'amd64'  os.version: '6.1'  java.version: '1.8.0_151' Driver info: org.openqa.selenium.firefox.FirefoxDriver Capabilities [{moz:profile=C:\Users\mbaragapu\AppData\Local\Temp\rust_mozprofile.HP3iwaERCf3A  rotatable=false  timeouts={implicit=0  pageLoad=300000  script=30000}  pageLoadStrategy=normal  moz:headless=false  platform=XP  moz:accessibilityChecks=false  acceptInsecureCerts=true  browserVersion=58.0  platformVersion=6.1  moz:processID=8956  browserName=firefox  javascriptEnabled=true  platformName=XP  moz:webdriverClick=true}] Session ID: 2cd19199-a392-4ca9-8094-bfb3f5ed782d *** Element info: {Using=xpath  value=//article[@class='participation ember-view none']//div[@class='rsvp is-none']//span[@class='prompt']} expected [true] but found [false] </p>
<button id="bb_18" >Show</button>
</td>
<tr>
<td width="12%">RallyhoodtestcasesChrome</td>
<td width="12%">RallyhoodTC_40</td>
<td width="12%">chrome</td>
<td width="12%">WIN7</td>
<td class = "fail" width="7%">Fail</td>
<td width="7%">RH1</td>
<td class ="fail"  width="20%">
<a target="_blank" href="file://E:/Rallyhood/ScreenShots/RallyhoodtestcasesChrome_RallyhoodTC_40_WIN7_chrome.png">Screenshot</a>
</td>
<td width="20%">
<p id="error_19" style="display:none" align = "center"> java.lang.AssertionError: Test case failed due to exception no such element: Unable to locate element: {"method":"xpath" "selector":"//div[@class='description ember-view truncated']//span[@class='ellipsis']"}   (Session info: chrome=62.0.3202.94)   (Driver info: chromedriver=2.33.506120 (e3e53437346286c0bc2d2dc9aa4915ba81d9023f) platform=Windows NT 6.1.7601 SP1 x86_64) (WARNING: The server did not provide any stacktrace information) Command duration or timeout: 0 milliseconds For documentation on this error  please visit: http://seleniumhq.org/exceptions/no_such_element.html Build info: version: '3.6.0'  revision: '6fbf3ec767'  time: '2017-09-27T15:28:36.4Z' System info: host: 'IM-LP-322'  ip: '192.168.205.116'  os.name: 'Windows 7'  os.arch: 'amd64'  os.version: '6.1'  java.version: '1.8.0_151' Driver info: org.openqa.selenium.chrome.ChromeDriver Capabilities [{mobileEmulationEnabled=false  hasTouchScreen=false  platform=XP  acceptSslCerts=true  webStorageEnabled=true  browserName=chrome  takesScreenshot=true  javascriptEnabled=true  platformName=XP  setWindowRect=true  unexpectedAlertBehaviour=  applicationCacheEnabled=false  rotatable=false  networkConnectionEnabled=false  chrome={chromedriverVersion=2.33.506120 (e3e53437346286c0bc2d2dc9aa4915ba81d9023f)  userDataDir=C:\Users\MBARAG~1\AppData\Local\Temp\scoped_dir2504_14824}  takesHeapSnapshot=true  pageLoadStrategy=normal  unhandledPromptBehavior=  databaseEnabled=false  handlesAlerts=true  version=62.0.3202.94  browserConnectionEnabled=false  nativeEvents=true  locationContextEnabled=true  cssSelectorsEnabled=true}] Session ID: 5ba1a105d2a296cfbf4a98faa99342bf *** Element info: {Using=xpath  value=//div[@class='description ember-view truncated']//span[@class='ellipsis']} expected [true] but found [false] </p>
<button id="bb_19" >Show</button>
</td>
<tr>
<td width="12%">Rallyhoodtestcases</td>
<td width="12%">RallyhoodTC_37</td>
<td width="12%">firefox</td>
<td width="12%">WIN7</td>
<td class = "fail" width="7%">Fail</td>
<td width="7%">RH1</td>
<td class ="fail"  width="20%">
<a target="_blank" href="file://E:/Rallyhood/ScreenShots/Rallyhoodtestcases_RallyhoodTC_37_WIN7_firefox.png">Screenshot</a>
</td>
<td width="20%">
<p id="error_20" style="display:none" align = "center"> java.lang.AssertionError: Test case failed due to exception Unable to locate element: //article[@class='participation ember-view none']//div[@class='rsvp is-none']//span[@class='prompt'] For documentation on this error  please visit: http://seleniumhq.org/exceptions/no_such_element.html Build info: version: '3.6.0'  revision: '6fbf3ec767'  time: '2017-09-27T15:28:36.4Z' System info: host: 'IM-LP-322'  ip: '192.168.205.116'  os.name: 'Windows 7'  os.arch: 'amd64'  os.version: '6.1'  java.version: '1.8.0_151' Driver info: org.openqa.selenium.firefox.FirefoxDriver Capabilities [{moz:profile=C:\Users\mbaragapu\AppData\Local\Temp\rust_mozprofile.HP3iwaERCf3A  rotatable=false  timeouts={implicit=0  pageLoad=300000  script=30000}  pageLoadStrategy=normal  moz:headless=false  platform=XP  moz:accessibilityChecks=false  acceptInsecureCerts=true  browserVersion=58.0  platformVersion=6.1  moz:processID=8956  browserName=firefox  javascriptEnabled=true  platformName=XP  moz:webdriverClick=true}] Session ID: 2cd19199-a392-4ca9-8094-bfb3f5ed782d *** Element info: {Using=xpath  value=//article[@class='participation ember-view none']//div[@class='rsvp is-none']//span[@class='prompt']} expected [true] but found [false] </p>
<button id="bb_20" >Show</button>
</td>
<tr>
<td width="12%">Rallyhoodtestcases</td>
<td width="12%">RallyhoodTC_38</td>
<td width="12%">firefox</td>
<td width="12%">WIN7</td>
<td class = "fail" width="7%">Fail</td>
<td width="7%">RH1</td>
<td class ="fail"  width="20%">
<a target="_blank" href="file://E:/Rallyhood/ScreenShots/Rallyhoodtestcases_RallyhoodTC_38_WIN7_firefox.png">Screenshot</a>
</td>
<td width="20%">
<p id="error_21" style="display:none" align = "center"> java.lang.AssertionError: Test case failed due to exception Unable to locate element: //article[@class='participation ember-view none']//div[@class='rsvp is-none']//span[@class='prompt'] For documentation on this error  please visit: http://seleniumhq.org/exceptions/no_such_element.html Build info: version: '3.6.0'  revision: '6fbf3ec767'  time: '2017-09-27T15:28:36.4Z' System info: host: 'IM-LP-322'  ip: '192.168.205.116'  os.name: 'Windows 7'  os.arch: 'amd64'  os.version: '6.1'  java.version: '1.8.0_151' Driver info: org.openqa.selenium.firefox.FirefoxDriver Capabilities [{moz:profile=C:\Users\mbaragapu\AppData\Local\Temp\rust_mozprofile.HP3iwaERCf3A  rotatable=false  timeouts={implicit=0  pageLoad=300000  script=30000}  pageLoadStrategy=normal  moz:headless=false  platform=XP  moz:accessibilityChecks=false  acceptInsecureCerts=true  browserVersion=58.0  platformVersion=6.1  moz:processID=8956  browserName=firefox  javascriptEnabled=true  platformName=XP  moz:webdriverClick=true}] Session ID: 2cd19199-a392-4ca9-8094-bfb3f5ed782d *** Element info: {Using=xpath  value=//article[@class='participation ember-view none']//div[@class='rsvp is-none']//span[@class='prompt']} expected [true] but found [false] </p>
<button id="bb_21" >Show</button>
</td>
<tr>
<td width="12%">Rallyhoodtestcases</td>
<td width="12%">RallyhoodTC_39</td>
<td width="12%">firefox</td>
<td width="12%">WIN7</td>
<td class = "pass" width="7%">Pass</td>
<td width="7%">RH1</td>
<td width="20%">NA</td>
<td class ="pass"  width="20%">NA</td>
<tr>
<td width="12%">RallyhoodtestcasesChrome</td>
<td width="12%">RallyhoodTC_41</td>
<td width="12%">chrome</td>
<td width="12%">WIN7</td>
<td class = "pass" width="7%">Pass</td>
<td width="7%">RH1</td>
<td width="20%">NA</td>
<td class ="pass"  width="20%">NA</td>
<tr>
<td width="12%">Rallyhoodtestcases</td>
<td width="12%">RallyhoodTC_40</td>
<td width="12%">firefox</td>
<td width="12%">WIN7</td>
<td class = "fail" width="7%">Fail</td>
<td width="7%">RH1</td>
<td class ="fail"  width="20%">
<a target="_blank" href="file://E:/Rallyhood/ScreenShots/Rallyhoodtestcases_RallyhoodTC_40_WIN7_firefox.png">Screenshot</a>
</td>
<td width="20%">
<p id="error_22" style="display:none" align = "center"> java.lang.AssertionError: Test case failed due to exception Unable to locate element: //div[@class='description ember-view truncated']//span[@class='ellipsis'] For documentation on this error  please visit: http://seleniumhq.org/exceptions/no_such_element.html Build info: version: '3.6.0'  revision: '6fbf3ec767'  time: '2017-09-27T15:28:36.4Z' System info: host: 'IM-LP-322'  ip: '192.168.205.116'  os.name: 'Windows 7'  os.arch: 'amd64'  os.version: '6.1'  java.version: '1.8.0_151' Driver info: org.openqa.selenium.firefox.FirefoxDriver Capabilities [{moz:profile=C:\Users\mbaragapu\AppData\Local\Temp\rust_mozprofile.HP3iwaERCf3A  rotatable=false  timeouts={implicit=0  pageLoad=300000  script=30000}  pageLoadStrategy=normal  moz:headless=false  platform=XP  moz:accessibilityChecks=false  acceptInsecureCerts=true  browserVersion=58.0  platformVersion=6.1  moz:processID=8956  browserName=firefox  javascriptEnabled=true  platformName=XP  moz:webdriverClick=true}] Session ID: 2cd19199-a392-4ca9-8094-bfb3f5ed782d *** Element info: {Using=xpath  value=//div[@class='description ember-view truncated']//span[@class='ellipsis']} expected [true] but found [false] </p>
<button id="bb_22" >Show</button>
</td>
<tr>
<td width="12%">RallyhoodtestcasesChrome</td>
<td width="12%">RallyhoodTC_42</td>
<td width="12%">chrome</td>
<td width="12%">WIN7</td>
<td class = "fail" width="7%">Fail</td>
<td width="7%">RH1</td>
<td class ="fail"  width="20%">
<a target="_blank" href="file://E:/Rallyhood/ScreenShots/RallyhoodtestcasesChrome_RallyhoodTC_42_WIN7_chrome.png">Screenshot</a>
</td>
<td width="20%">
<p id="error_23" style="display:none" align = "center"> java.lang.AssertionError: Test case failed due to exception no such element: Unable to locate element: {"method":"xpath" "selector":"//section[@class='time-slots']//article[@class='time-slot ember-view none']//div[@class='title']"}   (Session info: chrome=62.0.3202.94)   (Driver info: chromedriver=2.33.506120 (e3e53437346286c0bc2d2dc9aa4915ba81d9023f) platform=Windows NT 6.1.7601 SP1 x86_64) (WARNING: The server did not provide any stacktrace information) Command duration or timeout: 0 milliseconds For documentation on this error  please visit: http://seleniumhq.org/exceptions/no_such_element.html Build info: version: '3.6.0'  revision: '6fbf3ec767'  time: '2017-09-27T15:28:36.4Z' System info: host: 'IM-LP-322'  ip: '192.168.205.116'  os.name: 'Windows 7'  os.arch: 'amd64'  os.version: '6.1'  java.version: '1.8.0_151' Driver info: org.openqa.selenium.chrome.ChromeDriver Capabilities [{mobileEmulationEnabled=false  hasTouchScreen=false  platform=XP  acceptSslCerts=true  webStorageEnabled=true  browserName=chrome  takesScreenshot=true  javascriptEnabled=true  platformName=XP  setWindowRect=true  unexpectedAlertBehaviour=  applicationCacheEnabled=false  rotatable=false  networkConnectionEnabled=false  chrome={chromedriverVersion=2.33.506120 (e3e53437346286c0bc2d2dc9aa4915ba81d9023f)  userDataDir=C:\Users\MBARAG~1\AppData\Local\Temp\scoped_dir2504_14824}  takesHeapSnapshot=true  pageLoadStrategy=normal  unhandledPromptBehavior=  databaseEnabled=false  handlesAlerts=true  version=62.0.3202.94  browserConnectionEnabled=false  nativeEvents=true  locationContextEnabled=true  cssSelectorsEnabled=true}] Session ID: 5ba1a105d2a296cfbf4a98faa99342bf *** Element info: {Using=xpath  value=//section[@class='time-slots']//article[@class='time-slot ember-view none']//div[@class='title']} expected [true] but found [false] </p>
<button id="bb_23" >Show</button>
</td>
<tr>
<td width="12%">Rallyhoodtestcases</td>
<td width="12%">RallyhoodTC_41</td>
<td width="12%">firefox</td>
<td width="12%">WIN7</td>
<td class = "pass" width="7%">Pass</td>
<td width="7%">RH1</td>
<td width="20%">NA</td>
<td class ="pass"  width="20%">NA</td>
<tr>
<td width="12%">RallyhoodtestcasesChrome</td>
<td width="12%">RallyhoodTC_43</td>
<td width="12%">chrome</td>
<td width="12%">WIN7</td>
<td class = "fail" width="7%">Fail</td>
<td width="7%">RH1</td>
<td class ="fail"  width="20%">
<a target="_blank" href="file://E:/Rallyhood/ScreenShots/RallyhoodtestcasesChrome_RallyhoodTC_43_WIN7_chrome.png">Screenshot</a>
</td>
<td width="20%">
<p id="error_24" style="display:none" align = "center"> java.lang.AssertionError: Test case failed due to exception no such element: Unable to locate element: {"method":"xpath" "selector":"//article[@class='time-slot ember-view none']//div[@class='info']"}   (Session info: chrome=62.0.3202.94)   (Driver info: chromedriver=2.33.506120 (e3e53437346286c0bc2d2dc9aa4915ba81d9023f) platform=Windows NT 6.1.7601 SP1 x86_64) (WARNING: The server did not provide any stacktrace information) Command duration or timeout: 0 milliseconds For documentation on this error  please visit: http://seleniumhq.org/exceptions/no_such_element.html Build info: version: '3.6.0'  revision: '6fbf3ec767'  time: '2017-09-27T15:28:36.4Z' System info: host: 'IM-LP-322'  ip: '192.168.205.116'  os.name: 'Windows 7'  os.arch: 'amd64'  os.version: '6.1'  java.version: '1.8.0_151' Driver info: org.openqa.selenium.chrome.ChromeDriver Capabilities [{mobileEmulationEnabled=false  hasTouchScreen=false  platform=XP  acceptSslCerts=true  webStorageEnabled=true  browserName=chrome  takesScreenshot=true  javascriptEnabled=true  platformName=XP  setWindowRect=true  unexpectedAlertBehaviour=  applicationCacheEnabled=false  rotatable=false  networkConnectionEnabled=false  chrome={chromedriverVersion=2.33.506120 (e3e53437346286c0bc2d2dc9aa4915ba81d9023f)  userDataDir=C:\Users\MBARAG~1\AppData\Local\Temp\scoped_dir2504_14824}  takesHeapSnapshot=true  pageLoadStrategy=normal  unhandledPromptBehavior=  databaseEnabled=false  handlesAlerts=true  version=62.0.3202.94  browserConnectionEnabled=false  nativeEvents=true  locationContextEnabled=true  cssSelectorsEnabled=true}] Session ID: 5ba1a105d2a296cfbf4a98faa99342bf *** Element info: {Using=xpath  value=//article[@class='time-slot ember-view none']//div[@class='info']} expected [true] but found [false] </p>
<button id="bb_24" >Show</button>
</td>
<tr>
<td width="12%">RallyhoodtestcasesChrome</td>
<td width="12%">RallyhoodTC_44</td>
<td width="12%">chrome</td>
<td width="12%">WIN7</td>
<td class = "pass" width="7%">Pass</td>
<td width="7%">RH1</td>
<td width="20%">NA</td>
<td class ="pass"  width="20%">NA</td>
<tr>
<td width="12%">RallyhoodtestcasesChrome</td>
<td width="12%">RallyhoodTC_45</td>
<td width="12%">chrome</td>
<td width="12%">WIN7</td>
<td class = "fail" width="7%">Fail</td>
<td width="7%">RH1</td>
<td class ="fail"  width="20%">
<a target="_blank" href="file://E:/Rallyhood/ScreenShots/RallyhoodtestcasesChrome_RallyhoodTC_45_WIN7_chrome.png">Screenshot</a>
</td>
<td width="20%">
<p id="error_25" style="display:none" align = "center"> java.lang.AssertionError: Test case failed due to exception no such element: Unable to locate element: {"method":"xpath" "selector":"//article[@class='time-slot ember-view none']//div[@class='info']"}   (Session info: chrome=62.0.3202.94)   (Driver info: chromedriver=2.33.506120 (e3e53437346286c0bc2d2dc9aa4915ba81d9023f) platform=Windows NT 6.1.7601 SP1 x86_64) (WARNING: The server did not provide any stacktrace information) Command duration or timeout: 0 milliseconds For documentation on this error  please visit: http://seleniumhq.org/exceptions/no_such_element.html Build info: version: '3.6.0'  revision: '6fbf3ec767'  time: '2017-09-27T15:28:36.4Z' System info: host: 'IM-LP-322'  ip: '192.168.205.116'  os.name: 'Windows 7'  os.arch: 'amd64'  os.version: '6.1'  java.version: '1.8.0_151' Driver info: org.openqa.selenium.chrome.ChromeDriver Capabilities [{mobileEmulationEnabled=false  hasTouchScreen=false  platform=XP  acceptSslCerts=true  webStorageEnabled=true  browserName=chrome  takesScreenshot=true  javascriptEnabled=true  platformName=XP  setWindowRect=true  unexpectedAlertBehaviour=  applicationCacheEnabled=false  rotatable=false  networkConnectionEnabled=false  chrome={chromedriverVersion=2.33.506120 (e3e53437346286c0bc2d2dc9aa4915ba81d9023f)  userDataDir=C:\Users\MBARAG~1\AppData\Local\Temp\scoped_dir2504_14824}  takesHeapSnapshot=true  pageLoadStrategy=normal  unhandledPromptBehavior=  databaseEnabled=false  handlesAlerts=true  version=62.0.3202.94  browserConnectionEnabled=false  nativeEvents=true  locationContextEnabled=true  cssSelectorsEnabled=true}] Session ID: 5ba1a105d2a296cfbf4a98faa99342bf *** Element info: {Using=xpath  value=//article[@class='time-slot ember-view none']//div[@class='info']} expected [true] but found [false] </p>
<button id="bb_25" >Show</button>
</td>
<tr>
<td width="12%">Rallyhoodtestcases</td>
<td width="12%">RallyhoodTC_42</td>
<td width="12%">firefox</td>
<td width="12%">WIN7</td>
<td class = "pass" width="7%">Pass</td>
<td width="7%">RH1</td>
<td width="20%">NA</td>
<td class ="pass"  width="20%">NA</td>
<tr>
<td width="12%">Rallyhoodtestcases</td>
<td width="12%">RallyhoodTC_43</td>
<td width="12%">firefox</td>
<td width="12%">WIN7</td>
<td class = "pass" width="7%">Pass</td>
<td width="7%">RH1</td>
<td width="20%">NA</td>
<td class ="pass"  width="20%">NA</td>
<tr>
<td width="12%">Rallyhoodtestcases</td>
<td width="12%">RallyhoodTC_44</td>
<td width="12%">firefox</td>
<td width="12%">WIN7</td>
<td class = "pass" width="7%">Pass</td>
<td width="7%">RH1</td>
<td width="20%">NA</td>
<td class ="pass"  width="20%">NA</td>
<tr>
<td width="12%">Rallyhoodtestcases</td>
<td width="12%">RallyhoodTC_45</td>
<td width="12%">firefox</td>
<td width="12%">WIN7</td>
<td class = "pass" width="7%">Pass</td>
<td width="7%">RH1</td>
<td width="20%">NA</td>
<td class ="pass"  width="20%">NA</td>
</tr>
</table>
</table>
</body>
</html>
