<?xml version="1.0" encoding="UTF-8"?>
<!-- Generated by org.testng.reporters.JUnitXMLReporter -->
<testsuite hostname="IM-LP-719" ignored="0" name="IFusion web Automation Tests_chrome" tests="7" failures="1" timestamp="01 Nov 2017 06:55:09 GMT" time="133.083" errors="0">
  <testcase name="loginApplication" time="7.658" classname="com.web.tests.webtestcases.ifusion.IFusionTest"/>
  <testcase name="updateSource" time="0.016" classname="com.web.tests.webtestcases.ifusion.IFusionTest"/>
  <testcase name="createSource" time="33.372" classname="com.web.tests.webtestcases.ifusion.IFusionTest"/>
  <testcase name="dsnSource" time="0.001" classname="com.web.tests.webtestcases.ifusion.IFusionTest"/>
  <testcase name="editDSN" time="0.002" classname="com.web.tests.webtestcases.ifusion.IFusionTest"/>
  <testcase name="editSource" time="0.002" classname="com.web.tests.webtestcases.ifusion.IFusionTest"/>
  <testcase name="logOutApplication" time="4.815" classname="com.web.tests.webtestcases.ifusion.IFusionTest">
    <failure type="java.lang.AssertionError" message="Test case failed due to exception Failed: to click WebElement unknown error: Element is not clickable at point (1322, -58)
  (Session info: chrome=61.0.3163.100)
  (Driver info: chromedriver=2.29.461591 (62ebf098771772160f391d75e589dc567915b233),platform=Windows NT 10.0.10240 x86_64) (WARNING: The server did not provide any stacktrace information)
Command duration or timeout: 0 milliseconds
Build info: version: &amp;apos;3.6.0&amp;apos;, revision: &amp;apos;6fbf3ec767&amp;apos;, time: &amp;apos;2017-09-27T15:28:36.4Z&amp;apos;
System info: host: &amp;apos;IM-LP-719&amp;apos;, ip: &amp;apos;192.168.99.1&amp;apos;, os.name: &amp;apos;Windows 10&amp;apos;, os.arch: &amp;apos;amd64&amp;apos;, os.version: &amp;apos;10.0&amp;apos;, java.version: &amp;apos;1.8.0_131&amp;apos;
Driver info: org.openqa.selenium.chrome.ChromeDriver
Capabilities [{applicationCacheEnabled=false, rotatable=false, mobileEmulationEnabled=false, networkConnectionEnabled=false, chrome={chromedriverVersion=2.29.461591 (62ebf098771772160f391d75e589dc567915b233), userDataDir=C:\Users\CPINNA~1\AppData\Local\Temp\scoped_dir8844_23263}, takesHeapSnapshot=true, pageLoadStrategy=normal, unhandledPromptBehavior=, databaseEnabled=false, handlesAlerts=true, hasTouchScreen=false, version=61.0.3163.100, platform=XP, browserConnectionEnabled=false, nativeEvents=true, acceptSslCerts=true, locationContextEnabled=true, webStorageEnabled=true, browserName=chrome, takesScreenshot=true, javascriptEnabled=true, platformName=XP, cssSelectorsEnabled=true, unexpectedAlertBehaviour=}]
Session ID: 2150397afb4ee17e9aed0758d780ac90 expected [true] but found [false]">
      <![CDATA[java.lang.AssertionError: Test case failed due to exception Failed: to click WebElement unknown error: Element is not clickable at point (1322, -58)
  (Session info: chrome=61.0.3163.100)
  (Driver info: chromedriver=2.29.461591 (62ebf098771772160f391d75e589dc567915b233),platform=Windows NT 10.0.10240 x86_64) (WARNING: The server did not provide any stacktrace information)
Command duration or timeout: 0 milliseconds
Build info: version: '3.6.0', revision: '6fbf3ec767', time: '2017-09-27T15:28:36.4Z'
System info: host: 'IM-LP-719', ip: '192.168.99.1', os.name: 'Windows 10', os.arch: 'amd64', os.version: '10.0', java.version: '1.8.0_131'
Driver info: org.openqa.selenium.chrome.ChromeDriver
Capabilities [{applicationCacheEnabled=false, rotatable=false, mobileEmulationEnabled=false, networkConnectionEnabled=false, chrome={chromedriverVersion=2.29.461591 (62ebf098771772160f391d75e589dc567915b233), userDataDir=C:\Users\CPINNA~1\AppData\Local\Temp\scoped_dir8844_23263}, takesHeapSnapshot=true, pageLoadStrategy=normal, unhandledPromptBehavior=, databaseEnabled=false, handlesAlerts=true, hasTouchScreen=false, version=61.0.3163.100, platform=XP, browserConnectionEnabled=false, nativeEvents=true, acceptSslCerts=true, locationContextEnabled=true, webStorageEnabled=true, browserName=chrome, takesScreenshot=true, javascriptEnabled=true, platformName=XP, cssSelectorsEnabled=true, unexpectedAlertBehaviour=}]
Session ID: 2150397afb4ee17e9aed0758d780ac90 expected [true] but found [false]
	at com.web.tests.ifusion.Login.validateLogout(Login.java:76)
	at com.web.tests.webtestcases.ifusion.IFusionTest.logOutApplication(IFusionTest.java:149)
	at java.util.concurrent.FutureTask.run(FutureTask.java:266)
	at java.util.concurrent.ThreadPoolExecutor.runWorker(ThreadPoolExecutor.java:1142)
	at java.util.concurrent.ThreadPoolExecutor$Worker.run(ThreadPoolExecutor.java:617)
	at java.lang.Thread.run(Thread.java:748)
... Removed 19 stack frames]]>
    </failure>
  </testcase> <!-- logOutApplication -->
</testsuite> <!-- IFusion web Automation Tests_chrome -->
