<?xml version="1.0" encoding="UTF-8"?>
<!-- Generated by org.testng.reporters.JUnitXMLReporter -->
<testsuite hostname="IM-LP-719" ignored="0" name="IFusion web Automation Tests_firefox" tests="7" failures="1" timestamp="01 Nov 2017 06:55:03 GMT" time="127.852" errors="0">
  <testcase name="loginApplication" time="8.458" classname="com.web.tests.webtestcases.ifusion.IFusionTest"/>
  <testcase name="updateSource" time="0.001" classname="com.web.tests.webtestcases.ifusion.IFusionTest"/>
  <testcase name="createSource" time="10.25" classname="com.web.tests.webtestcases.ifusion.IFusionTest">
    <failure type="java.lang.AssertionError" message="Test case failed due to exception Failed: to click WebElement 
Build info: version: &amp;apos;3.6.0&amp;apos;, revision: &amp;apos;6fbf3ec767&amp;apos;, time: &amp;apos;2017-09-27T15:28:36.4Z&amp;apos;
System info: host: &amp;apos;IM-LP-719&amp;apos;, ip: &amp;apos;192.168.99.1&amp;apos;, os.name: &amp;apos;Windows 10&amp;apos;, os.arch: &amp;apos;amd64&amp;apos;, os.version: &amp;apos;10.0&amp;apos;, java.version: &amp;apos;1.8.0_131&amp;apos;
Driver info: org.openqa.selenium.firefox.FirefoxDriver
Capabilities [{moz:profile=C:\Users\cpinnamaraju\AppData\Local\Temp\rust_mozprofile.LdwXE0fHXCMb, rotatable=false, timeouts={implicit=0, pageLoad=300000, script=30000}, pageLoadStrategy=normal, moz:headless=false, platform=XP, specificationLevel=0, moz:accessibilityChecks=false, acceptInsecureCerts=true, browserVersion=56.0.2, platformVersion=10.0, moz:processID=10960, browserName=firefox, javascriptEnabled=true, platformName=XP}]
Session ID: cb178ab7-d855-477d-aad7-cd18166ac5b4 expected [true] but found [false]">
      <![CDATA[java.lang.AssertionError: Test case failed due to exception Failed: to click WebElement 
Build info: version: '3.6.0', revision: '6fbf3ec767', time: '2017-09-27T15:28:36.4Z'
System info: host: 'IM-LP-719', ip: '192.168.99.1', os.name: 'Windows 10', os.arch: 'amd64', os.version: '10.0', java.version: '1.8.0_131'
Driver info: org.openqa.selenium.firefox.FirefoxDriver
Capabilities [{moz:profile=C:\Users\cpinnamaraju\AppData\Local\Temp\rust_mozprofile.LdwXE0fHXCMb, rotatable=false, timeouts={implicit=0, pageLoad=300000, script=30000}, pageLoadStrategy=normal, moz:headless=false, platform=XP, specificationLevel=0, moz:accessibilityChecks=false, acceptInsecureCerts=true, browserVersion=56.0.2, platformVersion=10.0, moz:processID=10960, browserName=firefox, javascriptEnabled=true, platformName=XP}]
Session ID: cb178ab7-d855-477d-aad7-cd18166ac5b4 expected [true] but found [false]
	at com.web.tests.ifusion.Source.createSource(Source.java:93)
	at com.web.tests.webtestcases.ifusion.IFusionTest.createSource(IFusionTest.java:128)
	at java.util.concurrent.FutureTask.run(FutureTask.java:266)
	at java.util.concurrent.ThreadPoolExecutor.runWorker(ThreadPoolExecutor.java:1142)
	at java.util.concurrent.ThreadPoolExecutor$Worker.run(ThreadPoolExecutor.java:617)
	at java.lang.Thread.run(Thread.java:748)
... Removed 19 stack frames]]>
    </failure>
  </testcase> <!-- createSource -->
  <testcase name="dsnSource" time="0.001" classname="com.web.tests.webtestcases.ifusion.IFusionTest"/>
  <testcase name="editDSN" time="0.004" classname="com.web.tests.webtestcases.ifusion.IFusionTest"/>
  <testcase name="editSource" time="0.002" classname="com.web.tests.webtestcases.ifusion.IFusionTest"/>
  <testcase name="logOutApplication" time="6.8" classname="com.web.tests.webtestcases.ifusion.IFusionTest"/>
</testsuite> <!-- IFusion web Automation Tests_firefox -->
