<html>
<head>
<title>TestNG:  IFusion web Automation Tests_chrome</title>
<link href="../testng.css" rel="stylesheet" type="text/css" />
<link href="../my-testng.css" rel="stylesheet" type="text/css" />

<style type="text/css">
.log { display: none;} 
.stack-trace { display: none;} 
</style>
<script type="text/javascript">
<!--
function flip(e) {
  current = e.style.display;
  if (current == 'block') {
    e.style.display = 'none';
    return 0;
  }
  else {
    e.style.display = 'block';
    return 1;
  }
}

function toggleBox(szDivId, elem, msg1, msg2)
{
  var res = -1;  if (document.getElementById) {
    res = flip(document.getElementById(szDivId));
  }
  else if (document.all) {
    // this is the way old msie versions work
    res = flip(document.all[szDivId]);
  }
  if(elem) {
    if(res == 0) elem.innerHTML = msg1; else elem.innerHTML = msg2;
  }

}

function toggleAllBoxes() {
  if (document.getElementsByTagName) {
    d = document.getElementsByTagName('div');
    for (i = 0; i < d.length; i++) {
      if (d[i].className == 'log') {
        flip(d[i]);
      }
    }
  }
}

// -->
</script>

</head>
<body>
<h2 align='center'>IFusion web Automation Tests_chrome</h2><table border='1' align="center">
<tr>
<td>Tests passed/Failed/Skipped:</td><td>6/1/0</td>
</tr><tr>
<td>Started on:</td><td>Wed Nov 01 12:22:56 IST 2017</td>
</tr>
<tr><td>Total time:</td><td>133 seconds (133083 ms)</td>
</tr><tr>
<td>Included groups:</td><td>Smoke </td>
</tr><tr>
<td>Excluded groups:</td><td></td>
</tr>
</table><p/>
<small><i>(Hover the method name to see the test class name)</i></small><p/>
<table width='100%' border='1' class='invocation-failed'>
<tr><td colspan='4' align='center'><b>FAILED TESTS</b></td></tr>
<tr><td><b>Test method</b></td>
<td width="30%"><b>Exception</b></td>
<td width="10%"><b>Time (seconds)</b></td>
<td><b>Instance</b></td>
</tr>
<tr>
<td title='com.web.tests.webtestcases.ifusion.IFusionTest.logOutApplication()'><b>logOutApplication</b><br>Test class: com.web.tests.webtestcases.ifusion.IFusionTest<br>Parameters: com.web.tests.ifusion.LoginDP@73cb01c, org.testng.TestRunner@431605dd<br/>
<a href="#Output-330801832" onClick='toggleBox("Output-330801832", this, "Show output", "Hide output");'>Show output</a>

<a href="#Output-330801832" onClick="toggleAllBoxes();">Show all outputs</a>
<div class='log' id="Output-330801832">
Ifusion Logout<br/>
........Logout Ifusion Application successfully ........<br/>
</div>
</td>
<td><div><pre>java.lang.AssertionError: Test case failed due to exception Failed: to click WebElement unknown error: Element is not clickable at point (1322, -58)
  (Session info: chrome=61.0.3163.100)
  (Driver info: chromedriver=2.29.461591 (62ebf098771772160f391d75e589dc567915b233),platform=Windows NT 10.0.10240 x86_64) (WARNING: The server did not provide any stacktrace information)
Command duration or timeout: 0 milliseconds
Build info: version: &apos;3.6.0&apos;, revision: &apos;6fbf3ec767&apos;, time: &apos;2017-09-27T15:28:36.4Z&apos;
System info: host: &apos;IM-LP-719&apos;, ip: &apos;192.168.99.1&apos;, os.name: &apos;Windows 10&apos;, os.arch: &apos;amd64&apos;, os.version: &apos;10.0&apos;, java.version: &apos;1.8.0_131&apos;
Driver info: org.openqa.selenium.chrome.ChromeDriver
Capabilities [{applicationCacheEnabled=false, rotatable=false, mobileEmulationEnabled=false, networkConnectionEnabled=false, chrome={chromedriverVersion=2.29.461591 (62ebf098771772160f391d75e589dc567915b233), userDataDir=C:\Users\CPINNA~1\AppData\Local\Temp\scoped_dir8844_23263}, takesHeapSnapshot=true, pageLoadStrategy=normal, unhandledPromptBehavior=, databaseEnabled=false, handlesAlerts=true, hasTouchScreen=false, version=61.0.3163.100, platform=XP, browserConnectionEnabled=false, nativeEvents=true, acceptSslCerts=true, locationContextEnabled=true, webStorageEnabled=true, browserName=chrome, takesScreenshot=true, javascriptEnabled=true, platformName=XP, cssSelectorsEnabled=true, unexpectedAlertBehaviour=}]
Session ID: 2150397afb4ee17e9aed0758d780ac90 expected [true] but found [false]
	at com.web.tests.ifusion.Login.validateLogout(Login.java:76)
	at com.web.tests.webtestcases.ifusion.IFusionTest.logOutApplication(IFusionTest.java:149)
	at java.util.concurrent.FutureTask.run(FutureTask.java:266)
	at java.util.concurrent.ThreadPoolExecutor.runWorker(ThreadPoolExecutor.java:1142)
	at java.util.concurrent.ThreadPoolExecutor$Worker.run(ThreadPoolExecutor.java:617)
	at java.lang.Thread.run(Thread.java:748)
... Removed 19 stack frames</pre></div><a href='#' onClick='toggleBox("stack-trace330801832", this, "Click to show all stack frames", "Click to hide stack frames")'>Click to show all stack frames</a>
<div class='stack-trace' id='stack-trace330801832'><pre>java.lang.AssertionError: Test case failed due to exception Failed: to click WebElement unknown error: Element is not clickable at point (1322, -58)
  (Session info: chrome=61.0.3163.100)
  (Driver info: chromedriver=2.29.461591 (62ebf098771772160f391d75e589dc567915b233),platform=Windows NT 10.0.10240 x86_64) (WARNING: The server did not provide any stacktrace information)
Command duration or timeout: 0 milliseconds
Build info: version: &apos;3.6.0&apos;, revision: &apos;6fbf3ec767&apos;, time: &apos;2017-09-27T15:28:36.4Z&apos;
System info: host: &apos;IM-LP-719&apos;, ip: &apos;192.168.99.1&apos;, os.name: &apos;Windows 10&apos;, os.arch: &apos;amd64&apos;, os.version: &apos;10.0&apos;, java.version: &apos;1.8.0_131&apos;
Driver info: org.openqa.selenium.chrome.ChromeDriver
Capabilities [{applicationCacheEnabled=false, rotatable=false, mobileEmulationEnabled=false, networkConnectionEnabled=false, chrome={chromedriverVersion=2.29.461591 (62ebf098771772160f391d75e589dc567915b233), userDataDir=C:\Users\CPINNA~1\AppData\Local\Temp\scoped_dir8844_23263}, takesHeapSnapshot=true, pageLoadStrategy=normal, unhandledPromptBehavior=, databaseEnabled=false, handlesAlerts=true, hasTouchScreen=false, version=61.0.3163.100, platform=XP, browserConnectionEnabled=false, nativeEvents=true, acceptSslCerts=true, locationContextEnabled=true, webStorageEnabled=true, browserName=chrome, takesScreenshot=true, javascriptEnabled=true, platformName=XP, cssSelectorsEnabled=true, unexpectedAlertBehaviour=}]
Session ID: 2150397afb4ee17e9aed0758d780ac90 expected [true] but found [false]
	at org.testng.Assert.fail(Assert.java:94)
	at org.testng.Assert.failNotEquals(Assert.java:513)
	at org.testng.Assert.assertTrue(Assert.java:42)
	at com.web.tests.ifusion.Login.validateLogout(Login.java:76)
	at com.web.tests.webtestcases.ifusion.IFusionTest.logOutApplication(IFusionTest.java:149)
	at sun.reflect.NativeMethodAccessorImpl.invoke0(Native Method)
	at sun.reflect.NativeMethodAccessorImpl.invoke(NativeMethodAccessorImpl.java:62)
	at sun.reflect.DelegatingMethodAccessorImpl.invoke(DelegatingMethodAccessorImpl.java:43)
	at java.lang.reflect.Method.invoke(Method.java:498)
	at org.testng.internal.MethodInvocationHelper.invokeMethod(MethodInvocationHelper.java:104)
	at org.testng.internal.Invoker.invokeMethod(Invoker.java:645)
	at org.testng.internal.Invoker.invokeTestMethod(Invoker.java:851)
	at org.testng.internal.Invoker.invokeTestMethods(Invoker.java:1177)
	at org.testng.internal.TestMethodWorker.invokeTestMethods(TestMethodWorker.java:129)
	at org.testng.internal.TestMethodWorker.run(TestMethodWorker.java:112)
	at org.testng.TestRunner.privateRun(TestRunner.java:756)
	at org.testng.TestRunner.run(TestRunner.java:610)
	at org.testng.SuiteRunner.runTest(SuiteRunner.java:387)
	at org.testng.SuiteRunner.access$000(SuiteRunner.java:39)
	at org.testng.SuiteRunner$SuiteWorker.run(SuiteRunner.java:421)
	at org.testng.internal.thread.ThreadUtil$2.call(ThreadUtil.java:64)
	at java.util.concurrent.FutureTask.run(FutureTask.java:266)
	at java.util.concurrent.ThreadPoolExecutor.runWorker(ThreadPoolExecutor.java:1142)
	at java.util.concurrent.ThreadPoolExecutor$Worker.run(ThreadPoolExecutor.java:617)
	at java.lang.Thread.run(Thread.java:748)
</pre></div></td>
<td>4</td>
<td>com.web.tests.webtestcases.ifusion.IFusionTest@6b81ce95</td></tr>
</table><p>
<table width='100%' border='1' class='invocation-passed'>
<tr><td colspan='4' align='center'><b>PASSED TESTS</b></td></tr>
<tr><td><b>Test method</b></td>
<td width="30%"><b>Exception</b></td>
<td width="10%"><b>Time (seconds)</b></td>
<td><b>Instance</b></td>
</tr>
<tr>
<td title='com.web.tests.webtestcases.ifusion.IFusionTest.createSource()'><b>createSource</b><br>Test class: com.web.tests.webtestcases.ifusion.IFusionTest<br>Parameters: com.web.tests.ifusion.SourceDP@19bae207, org.testng.TestRunner@431605dd<br/>
<a href="#Output-1896573654" onClick='toggleBox("Output-1896573654", this, "Show output", "Hide output");'>Show output</a>

<a href="#Output-1896573654" onClick="toggleAllBoxes();">Show all outputs</a>
<div class='log' id="Output-1896573654">
Creation of Source <br/>
</div>
</td>
<td></td>
<td>33</td>
<td>com.web.tests.webtestcases.ifusion.IFusionTest@6b81ce95</td></tr>
<tr>
<td title='com.web.tests.webtestcases.ifusion.IFusionTest.dsnSource()'><b>dsnSource</b><br>Test class: com.web.tests.webtestcases.ifusion.IFusionTest<br>Parameters: com.web.tests.ifusion.SourceDP@786731f4, org.testng.TestRunner@431605dd</td>
<td></td>
<td>0</td>
<td>com.web.tests.webtestcases.ifusion.IFusionTest@6b81ce95</td></tr>
<tr>
<td title='com.web.tests.webtestcases.ifusion.IFusionTest.editDSN()'><b>editDSN</b><br>Test class: com.web.tests.webtestcases.ifusion.IFusionTest<br>Parameters: com.web.tests.ifusion.SourceDP@4d812f4f, org.testng.TestRunner@431605dd</td>
<td></td>
<td>0</td>
<td>com.web.tests.webtestcases.ifusion.IFusionTest@6b81ce95</td></tr>
<tr>
<td title='com.web.tests.webtestcases.ifusion.IFusionTest.editSource()'><b>editSource</b><br>Test class: com.web.tests.webtestcases.ifusion.IFusionTest<br>Parameters: com.web.tests.ifusion.SourceDP@12d6acd6, org.testng.TestRunner@431605dd</td>
<td></td>
<td>0</td>
<td>com.web.tests.webtestcases.ifusion.IFusionTest@6b81ce95</td></tr>
<tr>
<td title='com.web.tests.webtestcases.ifusion.IFusionTest.loginApplication()'><b>loginApplication</b><br>Test class: com.web.tests.webtestcases.ifusion.IFusionTest<br>Parameters: com.web.tests.ifusion.LoginDP@5670b87, org.testng.TestRunner@431605dd<br/>
<a href="#Output-1790262915" onClick='toggleBox("Output-1790262915", this, "Show output", "Hide output");'>Show output</a>

<a href="#Output-1790262915" onClick="toggleAllBoxes();">Show all outputs</a>
<div class='log' id="Output-1790262915">
Ifusion Login URL<br/>
........Ifusion Login Application........<br/>
</div>
</td>
<td></td>
<td>7</td>
<td>com.web.tests.webtestcases.ifusion.IFusionTest@6b81ce95</td></tr>
<tr>
<td title='com.web.tests.webtestcases.ifusion.IFusionTest.updateSource()'><b>updateSource</b><br>Test class: com.web.tests.webtestcases.ifusion.IFusionTest<br>Parameters: com.web.tests.ifusion.SourceDP@21d6874f, org.testng.TestRunner@431605dd</td>
<td></td>
<td>0</td>
<td>com.web.tests.webtestcases.ifusion.IFusionTest@6b81ce95</td></tr>
</table><p>
</body>
</html>