<?xml version="1.0" encoding="UTF-8"?>
<!-- Generated by org.testng.reporters.JUnitXMLReporter -->
<testsuite hostname="IM-LP-322" ignored="0" name="Rallyhood web Automation Tests_firefox" tests="44" failures="13" timestamp="29 Nov 2017 07:53:45 GMT" time="2029.595" errors="0">
  <testcase name="RallyhoodTC_01" time="36.696" classname="com.web.tests.webtestcases.rallyhood.Rallyhoodtestcases"/>
  <testcase name="RallyhoodTC_02" time="20.874" classname="com.web.tests.webtestcases.rallyhood.Rallyhoodtestcases"/>
  <testcase name="RallyhoodTC_03" time="25.713" classname="com.web.tests.webtestcases.rallyhood.Rallyhoodtestcases"/>
  <testcase name="RallyhoodTC_05" time="54.14" classname="com.web.tests.webtestcases.rallyhood.Rallyhoodtestcases"/>
  <testcase name="RallyhoodTC_06" time="10.596" classname="com.web.tests.webtestcases.rallyhood.Rallyhoodtestcases"/>
  <testcase name="RallyhoodTC_07" time="32.136" classname="com.web.tests.webtestcases.rallyhood.Rallyhoodtestcases"/>
  <testcase name="RallyhoodTC_08" time="44.091" classname="com.web.tests.webtestcases.rallyhood.Rallyhoodtestcases"/>
  <testcase name="RallyhoodTC_09" time="51.436" classname="com.web.tests.webtestcases.rallyhood.Rallyhoodtestcases">
    <failure type="java.lang.AssertionError" message="Test case failed due to exception Unable to locate element: //article[@class=&amp;apos;participation ember-view none&amp;apos;]//div[@class=&amp;apos;rsvp is-none&amp;apos;]//span[@class=&amp;apos;prompt&amp;apos;]
For documentation on this error, please visit: http://seleniumhq.org/exceptions/no_such_element.html
Build info: version: &amp;apos;3.6.0&amp;apos;, revision: &amp;apos;6fbf3ec767&amp;apos;, time: &amp;apos;2017-09-27T15:28:36.4Z&amp;apos;
System info: host: &amp;apos;IM-LP-322&amp;apos;, ip: &amp;apos;192.168.205.116&amp;apos;, os.name: &amp;apos;Windows 7&amp;apos;, os.arch: &amp;apos;amd64&amp;apos;, os.version: &amp;apos;6.1&amp;apos;, java.version: &amp;apos;1.8.0_151&amp;apos;
Driver info: org.openqa.selenium.firefox.FirefoxDriver
Capabilities [{moz:profile=C:\Users\mbaragapu\AppData\Local\Temp\rust_mozprofile.HP3iwaERCf3A, rotatable=false, timeouts={implicit=0, pageLoad=300000, script=30000}, pageLoadStrategy=normal, moz:headless=false, platform=XP, moz:accessibilityChecks=false, acceptInsecureCerts=true, browserVersion=58.0, platformVersion=6.1, moz:processID=8956, browserName=firefox, javascriptEnabled=true, platformName=XP, moz:webdriverClick=true}]
Session ID: 2cd19199-a392-4ca9-8094-bfb3f5ed782d
*** Element info: {Using=xpath, value=//article[@class=&amp;apos;participation ember-view none&amp;apos;]//div[@class=&amp;apos;rsvp is-none&amp;apos;]//span[@class=&amp;apos;prompt&amp;apos;]} expected [true] but found [false]">
      <![CDATA[java.lang.AssertionError: Test case failed due to exception Unable to locate element: //article[@class='participation ember-view none']//div[@class='rsvp is-none']//span[@class='prompt']
For documentation on this error, please visit: http://seleniumhq.org/exceptions/no_such_element.html
Build info: version: '3.6.0', revision: '6fbf3ec767', time: '2017-09-27T15:28:36.4Z'
System info: host: 'IM-LP-322', ip: '192.168.205.116', os.name: 'Windows 7', os.arch: 'amd64', os.version: '6.1', java.version: '1.8.0_151'
Driver info: org.openqa.selenium.firefox.FirefoxDriver
Capabilities [{moz:profile=C:\Users\mbaragapu\AppData\Local\Temp\rust_mozprofile.HP3iwaERCf3A, rotatable=false, timeouts={implicit=0, pageLoad=300000, script=30000}, pageLoadStrategy=normal, moz:headless=false, platform=XP, moz:accessibilityChecks=false, acceptInsecureCerts=true, browserVersion=58.0, platformVersion=6.1, moz:processID=8956, browserName=firefox, javascriptEnabled=true, platformName=XP, moz:webdriverClick=true}]
Session ID: 2cd19199-a392-4ca9-8094-bfb3f5ed782d
*** Element info: {Using=xpath, value=//article[@class='participation ember-view none']//div[@class='rsvp is-none']//span[@class='prompt']} expected [true] but found [false]
	at com.web.tests.rallyhood.RHhome.Event_ATTENDING_Lable_Presence(RHhome.java:492)
	at com.web.tests.rallyhood.RHhome.Single_Event_Screen_NOT_AttendingEventFlow(RHhome.java:1462)
	at com.web.tests.webtestcases.rallyhood.Rallyhoodtestcases.RallyhoodTC_09(Rallyhoodtestcases.java:170)
	at java.util.concurrent.FutureTask.run(Unknown Source)
	at java.util.concurrent.ThreadPoolExecutor.runWorker(Unknown Source)
	at java.util.concurrent.ThreadPoolExecutor$Worker.run(Unknown Source)
	at java.lang.Thread.run(Unknown Source)
... Removed 19 stack frames]]>
    </failure>
  </testcase> <!-- RallyhoodTC_09 -->
  <testcase name="RallyhoodTC_10" time="36.189" classname="com.web.tests.webtestcases.rallyhood.Rallyhoodtestcases"/>
  <testcase name="RallyhoodTC_11" time="17.646" classname="com.web.tests.webtestcases.rallyhood.Rallyhoodtestcases"/>
  <testcase name="RallyhoodTC_12" time="54.823" classname="com.web.tests.webtestcases.rallyhood.Rallyhoodtestcases">
    <failure type="java.lang.AssertionError" message="Test case failed due to exception Unable to locate element: //article[@class=&amp;apos;participation ember-view none&amp;apos;]//div[@class=&amp;apos;rsvp is-none&amp;apos;]//span[@class=&amp;apos;prompt&amp;apos;]
For documentation on this error, please visit: http://seleniumhq.org/exceptions/no_such_element.html
Build info: version: &amp;apos;3.6.0&amp;apos;, revision: &amp;apos;6fbf3ec767&amp;apos;, time: &amp;apos;2017-09-27T15:28:36.4Z&amp;apos;
System info: host: &amp;apos;IM-LP-322&amp;apos;, ip: &amp;apos;192.168.205.116&amp;apos;, os.name: &amp;apos;Windows 7&amp;apos;, os.arch: &amp;apos;amd64&amp;apos;, os.version: &amp;apos;6.1&amp;apos;, java.version: &amp;apos;1.8.0_151&amp;apos;
Driver info: org.openqa.selenium.firefox.FirefoxDriver
Capabilities [{moz:profile=C:\Users\mbaragapu\AppData\Local\Temp\rust_mozprofile.HP3iwaERCf3A, rotatable=false, timeouts={implicit=0, pageLoad=300000, script=30000}, pageLoadStrategy=normal, moz:headless=false, platform=XP, moz:accessibilityChecks=false, acceptInsecureCerts=true, browserVersion=58.0, platformVersion=6.1, moz:processID=8956, browserName=firefox, javascriptEnabled=true, platformName=XP, moz:webdriverClick=true}]
Session ID: 2cd19199-a392-4ca9-8094-bfb3f5ed782d
*** Element info: {Using=xpath, value=//article[@class=&amp;apos;participation ember-view none&amp;apos;]//div[@class=&amp;apos;rsvp is-none&amp;apos;]//span[@class=&amp;apos;prompt&amp;apos;]} expected [true] but found [false]">
      <![CDATA[java.lang.AssertionError: Test case failed due to exception Unable to locate element: //article[@class='participation ember-view none']//div[@class='rsvp is-none']//span[@class='prompt']
For documentation on this error, please visit: http://seleniumhq.org/exceptions/no_such_element.html
Build info: version: '3.6.0', revision: '6fbf3ec767', time: '2017-09-27T15:28:36.4Z'
System info: host: 'IM-LP-322', ip: '192.168.205.116', os.name: 'Windows 7', os.arch: 'amd64', os.version: '6.1', java.version: '1.8.0_151'
Driver info: org.openqa.selenium.firefox.FirefoxDriver
Capabilities [{moz:profile=C:\Users\mbaragapu\AppData\Local\Temp\rust_mozprofile.HP3iwaERCf3A, rotatable=false, timeouts={implicit=0, pageLoad=300000, script=30000}, pageLoadStrategy=normal, moz:headless=false, platform=XP, moz:accessibilityChecks=false, acceptInsecureCerts=true, browserVersion=58.0, platformVersion=6.1, moz:processID=8956, browserName=firefox, javascriptEnabled=true, platformName=XP, moz:webdriverClick=true}]
Session ID: 2cd19199-a392-4ca9-8094-bfb3f5ed782d
*** Element info: {Using=xpath, value=//article[@class='participation ember-view none']//div[@class='rsvp is-none']//span[@class='prompt']} expected [true] but found [false]
	at com.web.tests.rallyhood.RHhome.Single_EventsScreen_ReadMore_Validation(RHhome.java:2117)
	at com.web.tests.webtestcases.rallyhood.Rallyhoodtestcases.RallyhoodTC_12(Rallyhoodtestcases.java:199)
	at java.util.concurrent.FutureTask.run(Unknown Source)
	at java.util.concurrent.ThreadPoolExecutor.runWorker(Unknown Source)
	at java.util.concurrent.ThreadPoolExecutor$Worker.run(Unknown Source)
	at java.lang.Thread.run(Unknown Source)
... Removed 19 stack frames]]>
    </failure>
  </testcase> <!-- RallyhoodTC_12 -->
  <testcase name="RallyhoodTC_13" time="69.614" classname="com.web.tests.webtestcases.rallyhood.Rallyhoodtestcases"/>
  <testcase name="RallyhoodTC_14" time="11.396" classname="com.web.tests.webtestcases.rallyhood.Rallyhoodtestcases"/>
  <testcase name="RallyhoodTC_15" time="12.867" classname="com.web.tests.webtestcases.rallyhood.Rallyhoodtestcases"/>
  <testcase name="RallyhoodTC_16" time="13.211" classname="com.web.tests.webtestcases.rallyhood.Rallyhoodtestcases"/>
  <testcase name="RallyhoodTC_17" time="17.228" classname="com.web.tests.webtestcases.rallyhood.Rallyhoodtestcases"/>
  <testcase name="RallyhoodTC_18" time="16.008" classname="com.web.tests.webtestcases.rallyhood.Rallyhoodtestcases"/>
  <testcase name="RallyhoodTC_19" time="34.186" classname="com.web.tests.webtestcases.rallyhood.Rallyhoodtestcases"/>
  <testcase name="RallyhoodTC_20" time="19.116" classname="com.web.tests.webtestcases.rallyhood.Rallyhoodtestcases"/>
  <testcase name="RallyhoodTC_21" time="14.453" classname="com.web.tests.webtestcases.rallyhood.Rallyhoodtestcases"/>
  <testcase name="RallyhoodTC_22" time="51.692" classname="com.web.tests.webtestcases.rallyhood.Rallyhoodtestcases"/>
  <testcase name="RallyhoodTC_23" time="58.166" classname="com.web.tests.webtestcases.rallyhood.Rallyhoodtestcases"/>
  <testcase name="RallyhoodTC_24" time="13.43" classname="com.web.tests.webtestcases.rallyhood.Rallyhoodtestcases"/>
  <testcase name="RallyhoodTC_25" time="13.148" classname="com.web.tests.webtestcases.rallyhood.Rallyhoodtestcases"/>
  <testcase name="RallyhoodTC_26" time="79.458" classname="com.web.tests.webtestcases.rallyhood.Rallyhoodtestcases">
    <failure type="java.lang.AssertionError" message="Test case failed due to exception Unable to locate element: //article[@class=&amp;apos;participation ember-view none&amp;apos;]//div[@class=&amp;apos;rsvp is-none&amp;apos;]//span[@class=&amp;apos;prompt&amp;apos;]
For documentation on this error, please visit: http://seleniumhq.org/exceptions/no_such_element.html
Build info: version: &amp;apos;3.6.0&amp;apos;, revision: &amp;apos;6fbf3ec767&amp;apos;, time: &amp;apos;2017-09-27T15:28:36.4Z&amp;apos;
System info: host: &amp;apos;IM-LP-322&amp;apos;, ip: &amp;apos;192.168.205.116&amp;apos;, os.name: &amp;apos;Windows 7&amp;apos;, os.arch: &amp;apos;amd64&amp;apos;, os.version: &amp;apos;6.1&amp;apos;, java.version: &amp;apos;1.8.0_151&amp;apos;
Driver info: org.openqa.selenium.firefox.FirefoxDriver
Capabilities [{moz:profile=C:\Users\mbaragapu\AppData\Local\Temp\rust_mozprofile.HP3iwaERCf3A, rotatable=false, timeouts={implicit=0, pageLoad=300000, script=30000}, pageLoadStrategy=normal, moz:headless=false, platform=XP, moz:accessibilityChecks=false, acceptInsecureCerts=true, browserVersion=58.0, platformVersion=6.1, moz:processID=8956, browserName=firefox, javascriptEnabled=true, platformName=XP, moz:webdriverClick=true}]
Session ID: 2cd19199-a392-4ca9-8094-bfb3f5ed782d
*** Element info: {Using=xpath, value=//article[@class=&amp;apos;participation ember-view none&amp;apos;]//div[@class=&amp;apos;rsvp is-none&amp;apos;]//span[@class=&amp;apos;prompt&amp;apos;]} expected [true] but found [false]">
      <![CDATA[java.lang.AssertionError: Test case failed due to exception Unable to locate element: //article[@class='participation ember-view none']//div[@class='rsvp is-none']//span[@class='prompt']
For documentation on this error, please visit: http://seleniumhq.org/exceptions/no_such_element.html
Build info: version: '3.6.0', revision: '6fbf3ec767', time: '2017-09-27T15:28:36.4Z'
System info: host: 'IM-LP-322', ip: '192.168.205.116', os.name: 'Windows 7', os.arch: 'amd64', os.version: '6.1', java.version: '1.8.0_151'
Driver info: org.openqa.selenium.firefox.FirefoxDriver
Capabilities [{moz:profile=C:\Users\mbaragapu\AppData\Local\Temp\rust_mozprofile.HP3iwaERCf3A, rotatable=false, timeouts={implicit=0, pageLoad=300000, script=30000}, pageLoadStrategy=normal, moz:headless=false, platform=XP, moz:accessibilityChecks=false, acceptInsecureCerts=true, browserVersion=58.0, platformVersion=6.1, moz:processID=8956, browserName=firefox, javascriptEnabled=true, platformName=XP, moz:webdriverClick=true}]
Session ID: 2cd19199-a392-4ca9-8094-bfb3f5ed782d
*** Element info: {Using=xpath, value=//article[@class='participation ember-view none']//div[@class='rsvp is-none']//span[@class='prompt']} expected [true] but found [false]
	at com.web.tests.rallyhood.RHhome.Event_ATTENDING_Lable_Presence(RHhome.java:492)
	at com.web.tests.rallyhood.RHhome.Multiple_Events_Screen_Buttons_Validation(RHhome.java:1359)
	at com.web.tests.webtestcases.rallyhood.Rallyhoodtestcases.RallyhoodTC_26(Rallyhoodtestcases.java:348)
	at java.util.concurrent.FutureTask.run(Unknown Source)
	at java.util.concurrent.ThreadPoolExecutor.runWorker(Unknown Source)
	at java.util.concurrent.ThreadPoolExecutor$Worker.run(Unknown Source)
	at java.lang.Thread.run(Unknown Source)
... Removed 19 stack frames]]>
    </failure>
  </testcase> <!-- RallyhoodTC_26 -->
  <testcase name="RallyhoodTC_27" time="87.93" classname="com.web.tests.webtestcases.rallyhood.Rallyhoodtestcases">
    <failure type="java.lang.AssertionError" message="Test case failed due to exception Unable to locate element: //article[@class=&amp;apos;participation ember-view none&amp;apos;]//div[@class=&amp;apos;rsvp is-none&amp;apos;]//span[@class=&amp;apos;prompt&amp;apos;]
For documentation on this error, please visit: http://seleniumhq.org/exceptions/no_such_element.html
Build info: version: &amp;apos;3.6.0&amp;apos;, revision: &amp;apos;6fbf3ec767&amp;apos;, time: &amp;apos;2017-09-27T15:28:36.4Z&amp;apos;
System info: host: &amp;apos;IM-LP-322&amp;apos;, ip: &amp;apos;192.168.205.116&amp;apos;, os.name: &amp;apos;Windows 7&amp;apos;, os.arch: &amp;apos;amd64&amp;apos;, os.version: &amp;apos;6.1&amp;apos;, java.version: &amp;apos;1.8.0_151&amp;apos;
Driver info: org.openqa.selenium.firefox.FirefoxDriver
Capabilities [{moz:profile=C:\Users\mbaragapu\AppData\Local\Temp\rust_mozprofile.HP3iwaERCf3A, rotatable=false, timeouts={implicit=0, pageLoad=300000, script=30000}, pageLoadStrategy=normal, moz:headless=false, platform=XP, moz:accessibilityChecks=false, acceptInsecureCerts=true, browserVersion=58.0, platformVersion=6.1, moz:processID=8956, browserName=firefox, javascriptEnabled=true, platformName=XP, moz:webdriverClick=true}]
Session ID: 2cd19199-a392-4ca9-8094-bfb3f5ed782d
*** Element info: {Using=xpath, value=//article[@class=&amp;apos;participation ember-view none&amp;apos;]//div[@class=&amp;apos;rsvp is-none&amp;apos;]//span[@class=&amp;apos;prompt&amp;apos;]} expected [true] but found [false]">
      <![CDATA[java.lang.AssertionError: Test case failed due to exception Unable to locate element: //article[@class='participation ember-view none']//div[@class='rsvp is-none']//span[@class='prompt']
For documentation on this error, please visit: http://seleniumhq.org/exceptions/no_such_element.html
Build info: version: '3.6.0', revision: '6fbf3ec767', time: '2017-09-27T15:28:36.4Z'
System info: host: 'IM-LP-322', ip: '192.168.205.116', os.name: 'Windows 7', os.arch: 'amd64', os.version: '6.1', java.version: '1.8.0_151'
Driver info: org.openqa.selenium.firefox.FirefoxDriver
Capabilities [{moz:profile=C:\Users\mbaragapu\AppData\Local\Temp\rust_mozprofile.HP3iwaERCf3A, rotatable=false, timeouts={implicit=0, pageLoad=300000, script=30000}, pageLoadStrategy=normal, moz:headless=false, platform=XP, moz:accessibilityChecks=false, acceptInsecureCerts=true, browserVersion=58.0, platformVersion=6.1, moz:processID=8956, browserName=firefox, javascriptEnabled=true, platformName=XP, moz:webdriverClick=true}]
Session ID: 2cd19199-a392-4ca9-8094-bfb3f5ed782d
*** Element info: {Using=xpath, value=//article[@class='participation ember-view none']//div[@class='rsvp is-none']//span[@class='prompt']} expected [true] but found [false]
	at com.web.tests.rallyhood.RHhome.Event_ATTENDING_Lable_Presence(RHhome.java:492)
	at com.web.tests.rallyhood.RHhome.Multiple_Event_Screen_AttendingEventFlow(RHhome.java:1424)
	at com.web.tests.webtestcases.rallyhood.Rallyhoodtestcases.RallyhoodTC_27(Rallyhoodtestcases.java:358)
	at java.util.concurrent.FutureTask.run(Unknown Source)
	at java.util.concurrent.ThreadPoolExecutor.runWorker(Unknown Source)
	at java.util.concurrent.ThreadPoolExecutor$Worker.run(Unknown Source)
	at java.lang.Thread.run(Unknown Source)
... Removed 19 stack frames]]>
    </failure>
  </testcase> <!-- RallyhoodTC_27 -->
  <testcase name="RallyhoodTC_28" time="89.267" classname="com.web.tests.webtestcases.rallyhood.Rallyhoodtestcases"/>
  <testcase name="RallyhoodTC_29" time="74.498" classname="com.web.tests.webtestcases.rallyhood.Rallyhoodtestcases"/>
  <testcase name="RallyhoodTC_30" time="72.974" classname="com.web.tests.webtestcases.rallyhood.Rallyhoodtestcases"/>
  <testcase name="RallyhoodTC_31" time="48.396" classname="com.web.tests.webtestcases.rallyhood.Rallyhoodtestcases">
    <failure type="java.lang.AssertionError" message="Test case failed due to exception Unable to locate element: //article[@class=&amp;apos;participation ember-view none&amp;apos;]//div[@class=&amp;apos;rsvp is-none&amp;apos;]//span[@class=&amp;apos;prompt&amp;apos;]
For documentation on this error, please visit: http://seleniumhq.org/exceptions/no_such_element.html
Build info: version: &amp;apos;3.6.0&amp;apos;, revision: &amp;apos;6fbf3ec767&amp;apos;, time: &amp;apos;2017-09-27T15:28:36.4Z&amp;apos;
System info: host: &amp;apos;IM-LP-322&amp;apos;, ip: &amp;apos;192.168.205.116&amp;apos;, os.name: &amp;apos;Windows 7&amp;apos;, os.arch: &amp;apos;amd64&amp;apos;, os.version: &amp;apos;6.1&amp;apos;, java.version: &amp;apos;1.8.0_151&amp;apos;
Driver info: org.openqa.selenium.firefox.FirefoxDriver
Capabilities [{moz:profile=C:\Users\mbaragapu\AppData\Local\Temp\rust_mozprofile.HP3iwaERCf3A, rotatable=false, timeouts={implicit=0, pageLoad=300000, script=30000}, pageLoadStrategy=normal, moz:headless=false, platform=XP, moz:accessibilityChecks=false, acceptInsecureCerts=true, browserVersion=58.0, platformVersion=6.1, moz:processID=8956, browserName=firefox, javascriptEnabled=true, platformName=XP, moz:webdriverClick=true}]
Session ID: 2cd19199-a392-4ca9-8094-bfb3f5ed782d
*** Element info: {Using=xpath, value=//article[@class=&amp;apos;participation ember-view none&amp;apos;]//div[@class=&amp;apos;rsvp is-none&amp;apos;]//span[@class=&amp;apos;prompt&amp;apos;]} expected [true] but found [false]">
      <![CDATA[java.lang.AssertionError: Test case failed due to exception Unable to locate element: //article[@class='participation ember-view none']//div[@class='rsvp is-none']//span[@class='prompt']
For documentation on this error, please visit: http://seleniumhq.org/exceptions/no_such_element.html
Build info: version: '3.6.0', revision: '6fbf3ec767', time: '2017-09-27T15:28:36.4Z'
System info: host: 'IM-LP-322', ip: '192.168.205.116', os.name: 'Windows 7', os.arch: 'amd64', os.version: '6.1', java.version: '1.8.0_151'
Driver info: org.openqa.selenium.firefox.FirefoxDriver
Capabilities [{moz:profile=C:\Users\mbaragapu\AppData\Local\Temp\rust_mozprofile.HP3iwaERCf3A, rotatable=false, timeouts={implicit=0, pageLoad=300000, script=30000}, pageLoadStrategy=normal, moz:headless=false, platform=XP, moz:accessibilityChecks=false, acceptInsecureCerts=true, browserVersion=58.0, platformVersion=6.1, moz:processID=8956, browserName=firefox, javascriptEnabled=true, platformName=XP, moz:webdriverClick=true}]
Session ID: 2cd19199-a392-4ca9-8094-bfb3f5ed782d
*** Element info: {Using=xpath, value=//article[@class='participation ember-view none']//div[@class='rsvp is-none']//span[@class='prompt']} expected [true] but found [false]
	at com.web.tests.rallyhood.RHhome.Event_ATTENDING_Lable_Presence(RHhome.java:492)
	at com.web.tests.rallyhood.RHhome.Single_Event_AfterCommentPOST_VerifyCommentsValue(RHhome.java:1711)
	at com.web.tests.webtestcases.rallyhood.Rallyhoodtestcases.RallyhoodTC_31(Rallyhoodtestcases.java:396)
	at java.util.concurrent.FutureTask.run(Unknown Source)
	at java.util.concurrent.ThreadPoolExecutor.runWorker(Unknown Source)
	at java.util.concurrent.ThreadPoolExecutor$Worker.run(Unknown Source)
	at java.lang.Thread.run(Unknown Source)
... Removed 19 stack frames]]>
    </failure>
  </testcase> <!-- RallyhoodTC_31 -->
  <testcase name="RallyhoodTC_32" time="49.216" classname="com.web.tests.webtestcases.rallyhood.Rallyhoodtestcases">
    <failure type="java.lang.AssertionError" message="Test case failed due to exception Unable to locate element: //article[@class=&amp;apos;participation ember-view none&amp;apos;]//div[@class=&amp;apos;rsvp is-none&amp;apos;]//span[@class=&amp;apos;prompt&amp;apos;]
For documentation on this error, please visit: http://seleniumhq.org/exceptions/no_such_element.html
Build info: version: &amp;apos;3.6.0&amp;apos;, revision: &amp;apos;6fbf3ec767&amp;apos;, time: &amp;apos;2017-09-27T15:28:36.4Z&amp;apos;
System info: host: &amp;apos;IM-LP-322&amp;apos;, ip: &amp;apos;192.168.205.116&amp;apos;, os.name: &amp;apos;Windows 7&amp;apos;, os.arch: &amp;apos;amd64&amp;apos;, os.version: &amp;apos;6.1&amp;apos;, java.version: &amp;apos;1.8.0_151&amp;apos;
Driver info: org.openqa.selenium.firefox.FirefoxDriver
Capabilities [{moz:profile=C:\Users\mbaragapu\AppData\Local\Temp\rust_mozprofile.HP3iwaERCf3A, rotatable=false, timeouts={implicit=0, pageLoad=300000, script=30000}, pageLoadStrategy=normal, moz:headless=false, platform=XP, moz:accessibilityChecks=false, acceptInsecureCerts=true, browserVersion=58.0, platformVersion=6.1, moz:processID=8956, browserName=firefox, javascriptEnabled=true, platformName=XP, moz:webdriverClick=true}]
Session ID: 2cd19199-a392-4ca9-8094-bfb3f5ed782d
*** Element info: {Using=xpath, value=//article[@class=&amp;apos;participation ember-view none&amp;apos;]//div[@class=&amp;apos;rsvp is-none&amp;apos;]//span[@class=&amp;apos;prompt&amp;apos;]} expected [true] but found [false]">
      <![CDATA[java.lang.AssertionError: Test case failed due to exception Unable to locate element: //article[@class='participation ember-view none']//div[@class='rsvp is-none']//span[@class='prompt']
For documentation on this error, please visit: http://seleniumhq.org/exceptions/no_such_element.html
Build info: version: '3.6.0', revision: '6fbf3ec767', time: '2017-09-27T15:28:36.4Z'
System info: host: 'IM-LP-322', ip: '192.168.205.116', os.name: 'Windows 7', os.arch: 'amd64', os.version: '6.1', java.version: '1.8.0_151'
Driver info: org.openqa.selenium.firefox.FirefoxDriver
Capabilities [{moz:profile=C:\Users\mbaragapu\AppData\Local\Temp\rust_mozprofile.HP3iwaERCf3A, rotatable=false, timeouts={implicit=0, pageLoad=300000, script=30000}, pageLoadStrategy=normal, moz:headless=false, platform=XP, moz:accessibilityChecks=false, acceptInsecureCerts=true, browserVersion=58.0, platformVersion=6.1, moz:processID=8956, browserName=firefox, javascriptEnabled=true, platformName=XP, moz:webdriverClick=true}]
Session ID: 2cd19199-a392-4ca9-8094-bfb3f5ed782d
*** Element info: {Using=xpath, value=//article[@class='participation ember-view none']//div[@class='rsvp is-none']//span[@class='prompt']} expected [true] but found [false]
	at com.web.tests.rallyhood.RHhome.Event_ATTENDING_Lable_Presence(RHhome.java:492)
	at com.web.tests.rallyhood.RHhome.Multiple_Event_AfterCommentPOST_VerifyCommentsValue(RHhome.java:1755)
	at com.web.tests.webtestcases.rallyhood.Rallyhoodtestcases.RallyhoodTC_32(Rallyhoodtestcases.java:405)
	at java.util.concurrent.FutureTask.run(Unknown Source)
	at java.util.concurrent.ThreadPoolExecutor.runWorker(Unknown Source)
	at java.util.concurrent.ThreadPoolExecutor$Worker.run(Unknown Source)
	at java.lang.Thread.run(Unknown Source)
... Removed 19 stack frames]]>
    </failure>
  </testcase> <!-- RallyhoodTC_32 -->
  <testcase name="RallyhoodTC_33" time="54.972" classname="com.web.tests.webtestcases.rallyhood.Rallyhoodtestcases">
    <failure type="java.lang.AssertionError" message="Test case failed due to exception Unable to locate element: //article[@class=&amp;apos;participation ember-view none&amp;apos;]//div[@class=&amp;apos;rsvp is-none&amp;apos;]//span[@class=&amp;apos;prompt&amp;apos;]
For documentation on this error, please visit: http://seleniumhq.org/exceptions/no_such_element.html
Build info: version: &amp;apos;3.6.0&amp;apos;, revision: &amp;apos;6fbf3ec767&amp;apos;, time: &amp;apos;2017-09-27T15:28:36.4Z&amp;apos;
System info: host: &amp;apos;IM-LP-322&amp;apos;, ip: &amp;apos;192.168.205.116&amp;apos;, os.name: &amp;apos;Windows 7&amp;apos;, os.arch: &amp;apos;amd64&amp;apos;, os.version: &amp;apos;6.1&amp;apos;, java.version: &amp;apos;1.8.0_151&amp;apos;
Driver info: org.openqa.selenium.firefox.FirefoxDriver
Capabilities [{moz:profile=C:\Users\mbaragapu\AppData\Local\Temp\rust_mozprofile.HP3iwaERCf3A, rotatable=false, timeouts={implicit=0, pageLoad=300000, script=30000}, pageLoadStrategy=normal, moz:headless=false, platform=XP, moz:accessibilityChecks=false, acceptInsecureCerts=true, browserVersion=58.0, platformVersion=6.1, moz:processID=8956, browserName=firefox, javascriptEnabled=true, platformName=XP, moz:webdriverClick=true}]
Session ID: 2cd19199-a392-4ca9-8094-bfb3f5ed782d
*** Element info: {Using=xpath, value=//article[@class=&amp;apos;participation ember-view none&amp;apos;]//div[@class=&amp;apos;rsvp is-none&amp;apos;]//span[@class=&amp;apos;prompt&amp;apos;]} expected [true] but found [false]">
      <![CDATA[java.lang.AssertionError: Test case failed due to exception Unable to locate element: //article[@class='participation ember-view none']//div[@class='rsvp is-none']//span[@class='prompt']
For documentation on this error, please visit: http://seleniumhq.org/exceptions/no_such_element.html
Build info: version: '3.6.0', revision: '6fbf3ec767', time: '2017-09-27T15:28:36.4Z'
System info: host: 'IM-LP-322', ip: '192.168.205.116', os.name: 'Windows 7', os.arch: 'amd64', os.version: '6.1', java.version: '1.8.0_151'
Driver info: org.openqa.selenium.firefox.FirefoxDriver
Capabilities [{moz:profile=C:\Users\mbaragapu\AppData\Local\Temp\rust_mozprofile.HP3iwaERCf3A, rotatable=false, timeouts={implicit=0, pageLoad=300000, script=30000}, pageLoadStrategy=normal, moz:headless=false, platform=XP, moz:accessibilityChecks=false, acceptInsecureCerts=true, browserVersion=58.0, platformVersion=6.1, moz:processID=8956, browserName=firefox, javascriptEnabled=true, platformName=XP, moz:webdriverClick=true}]
Session ID: 2cd19199-a392-4ca9-8094-bfb3f5ed782d
*** Element info: {Using=xpath, value=//article[@class='participation ember-view none']//div[@class='rsvp is-none']//span[@class='prompt']} expected [true] but found [false]
	at com.web.tests.rallyhood.RHhome.Event_ATTENDING_Lable_Presence(RHhome.java:492)
	at com.web.tests.rallyhood.RHhome.Single_Event_SelectionYES_VerifyComments_CommentedValues(RHhome.java:1798)
	at com.web.tests.webtestcases.rallyhood.Rallyhoodtestcases.RallyhoodTC_33(Rallyhoodtestcases.java:415)
	at java.util.concurrent.FutureTask.run(Unknown Source)
	at java.util.concurrent.ThreadPoolExecutor.runWorker(Unknown Source)
	at java.util.concurrent.ThreadPoolExecutor$Worker.run(Unknown Source)
	at java.lang.Thread.run(Unknown Source)
... Removed 19 stack frames]]>
    </failure>
  </testcase> <!-- RallyhoodTC_33 -->
  <testcase name="RallyhoodTC_34" time="56.445" classname="com.web.tests.webtestcases.rallyhood.Rallyhoodtestcases">
    <failure type="java.lang.AssertionError" message="Test case failed due to exception Unable to locate element: //article[@class=&amp;apos;participation ember-view none&amp;apos;]//div[@class=&amp;apos;rsvp is-none&amp;apos;]//span[@class=&amp;apos;prompt&amp;apos;]
For documentation on this error, please visit: http://seleniumhq.org/exceptions/no_such_element.html
Build info: version: &amp;apos;3.6.0&amp;apos;, revision: &amp;apos;6fbf3ec767&amp;apos;, time: &amp;apos;2017-09-27T15:28:36.4Z&amp;apos;
System info: host: &amp;apos;IM-LP-322&amp;apos;, ip: &amp;apos;192.168.205.116&amp;apos;, os.name: &amp;apos;Windows 7&amp;apos;, os.arch: &amp;apos;amd64&amp;apos;, os.version: &amp;apos;6.1&amp;apos;, java.version: &amp;apos;1.8.0_151&amp;apos;
Driver info: org.openqa.selenium.firefox.FirefoxDriver
Capabilities [{moz:profile=C:\Users\mbaragapu\AppData\Local\Temp\rust_mozprofile.HP3iwaERCf3A, rotatable=false, timeouts={implicit=0, pageLoad=300000, script=30000}, pageLoadStrategy=normal, moz:headless=false, platform=XP, moz:accessibilityChecks=false, acceptInsecureCerts=true, browserVersion=58.0, platformVersion=6.1, moz:processID=8956, browserName=firefox, javascriptEnabled=true, platformName=XP, moz:webdriverClick=true}]
Session ID: 2cd19199-a392-4ca9-8094-bfb3f5ed782d
*** Element info: {Using=xpath, value=//article[@class=&amp;apos;participation ember-view none&amp;apos;]//div[@class=&amp;apos;rsvp is-none&amp;apos;]//span[@class=&amp;apos;prompt&amp;apos;]} expected [true] but found [false]">
      <![CDATA[java.lang.AssertionError: Test case failed due to exception Unable to locate element: //article[@class='participation ember-view none']//div[@class='rsvp is-none']//span[@class='prompt']
For documentation on this error, please visit: http://seleniumhq.org/exceptions/no_such_element.html
Build info: version: '3.6.0', revision: '6fbf3ec767', time: '2017-09-27T15:28:36.4Z'
System info: host: 'IM-LP-322', ip: '192.168.205.116', os.name: 'Windows 7', os.arch: 'amd64', os.version: '6.1', java.version: '1.8.0_151'
Driver info: org.openqa.selenium.firefox.FirefoxDriver
Capabilities [{moz:profile=C:\Users\mbaragapu\AppData\Local\Temp\rust_mozprofile.HP3iwaERCf3A, rotatable=false, timeouts={implicit=0, pageLoad=300000, script=30000}, pageLoadStrategy=normal, moz:headless=false, platform=XP, moz:accessibilityChecks=false, acceptInsecureCerts=true, browserVersion=58.0, platformVersion=6.1, moz:processID=8956, browserName=firefox, javascriptEnabled=true, platformName=XP, moz:webdriverClick=true}]
Session ID: 2cd19199-a392-4ca9-8094-bfb3f5ed782d
*** Element info: {Using=xpath, value=//article[@class='participation ember-view none']//div[@class='rsvp is-none']//span[@class='prompt']} expected [true] but found [false]
	at com.web.tests.rallyhood.RHhome.Event_ATTENDING_Lable_Presence(RHhome.java:492)
	at com.web.tests.rallyhood.RHhome.Multiple_Event_SelectionYES_VerifyComments_CommentedValues(RHhome.java:1850)
	at com.web.tests.webtestcases.rallyhood.Rallyhoodtestcases.RallyhoodTC_34(Rallyhoodtestcases.java:424)
	at java.util.concurrent.FutureTask.run(Unknown Source)
	at java.util.concurrent.ThreadPoolExecutor.runWorker(Unknown Source)
	at java.util.concurrent.ThreadPoolExecutor$Worker.run(Unknown Source)
	at java.lang.Thread.run(Unknown Source)
... Removed 19 stack frames]]>
    </failure>
  </testcase> <!-- RallyhoodTC_34 -->
  <testcase name="RallyhoodTC_35" time="50.722" classname="com.web.tests.webtestcases.rallyhood.Rallyhoodtestcases">
    <failure type="java.lang.AssertionError" message="Test case failed due to exception Unable to locate element: //article[@class=&amp;apos;participation ember-view none&amp;apos;]//div[@class=&amp;apos;rsvp is-none&amp;apos;]//span[@class=&amp;apos;prompt&amp;apos;]
For documentation on this error, please visit: http://seleniumhq.org/exceptions/no_such_element.html
Build info: version: &amp;apos;3.6.0&amp;apos;, revision: &amp;apos;6fbf3ec767&amp;apos;, time: &amp;apos;2017-09-27T15:28:36.4Z&amp;apos;
System info: host: &amp;apos;IM-LP-322&amp;apos;, ip: &amp;apos;192.168.205.116&amp;apos;, os.name: &amp;apos;Windows 7&amp;apos;, os.arch: &amp;apos;amd64&amp;apos;, os.version: &amp;apos;6.1&amp;apos;, java.version: &amp;apos;1.8.0_151&amp;apos;
Driver info: org.openqa.selenium.firefox.FirefoxDriver
Capabilities [{moz:profile=C:\Users\mbaragapu\AppData\Local\Temp\rust_mozprofile.HP3iwaERCf3A, rotatable=false, timeouts={implicit=0, pageLoad=300000, script=30000}, pageLoadStrategy=normal, moz:headless=false, platform=XP, moz:accessibilityChecks=false, acceptInsecureCerts=true, browserVersion=58.0, platformVersion=6.1, moz:processID=8956, browserName=firefox, javascriptEnabled=true, platformName=XP, moz:webdriverClick=true}]
Session ID: 2cd19199-a392-4ca9-8094-bfb3f5ed782d
*** Element info: {Using=xpath, value=//article[@class=&amp;apos;participation ember-view none&amp;apos;]//div[@class=&amp;apos;rsvp is-none&amp;apos;]//span[@class=&amp;apos;prompt&amp;apos;]} expected [true] but found [false]">
      <![CDATA[java.lang.AssertionError: Test case failed due to exception Unable to locate element: //article[@class='participation ember-view none']//div[@class='rsvp is-none']//span[@class='prompt']
For documentation on this error, please visit: http://seleniumhq.org/exceptions/no_such_element.html
Build info: version: '3.6.0', revision: '6fbf3ec767', time: '2017-09-27T15:28:36.4Z'
System info: host: 'IM-LP-322', ip: '192.168.205.116', os.name: 'Windows 7', os.arch: 'amd64', os.version: '6.1', java.version: '1.8.0_151'
Driver info: org.openqa.selenium.firefox.FirefoxDriver
Capabilities [{moz:profile=C:\Users\mbaragapu\AppData\Local\Temp\rust_mozprofile.HP3iwaERCf3A, rotatable=false, timeouts={implicit=0, pageLoad=300000, script=30000}, pageLoadStrategy=normal, moz:headless=false, platform=XP, moz:accessibilityChecks=false, acceptInsecureCerts=true, browserVersion=58.0, platformVersion=6.1, moz:processID=8956, browserName=firefox, javascriptEnabled=true, platformName=XP, moz:webdriverClick=true}]
Session ID: 2cd19199-a392-4ca9-8094-bfb3f5ed782d
*** Element info: {Using=xpath, value=//article[@class='participation ember-view none']//div[@class='rsvp is-none']//span[@class='prompt']} expected [true] but found [false]
	at com.web.tests.rallyhood.RHhome.Event_ATTENDING_Lable_Presence(RHhome.java:492)
	at com.web.tests.rallyhood.RHhome.Single_Event_SelectionNO_VerifyComments_CommentedValues(RHhome.java:1901)
	at com.web.tests.webtestcases.rallyhood.Rallyhoodtestcases.RallyhoodTC_35(Rallyhoodtestcases.java:433)
	at java.util.concurrent.FutureTask.run(Unknown Source)
	at java.util.concurrent.ThreadPoolExecutor.runWorker(Unknown Source)
	at java.util.concurrent.ThreadPoolExecutor$Worker.run(Unknown Source)
	at java.lang.Thread.run(Unknown Source)
... Removed 19 stack frames]]>
    </failure>
  </testcase> <!-- RallyhoodTC_35 -->
  <testcase name="RallyhoodTC_36" time="55.839" classname="com.web.tests.webtestcases.rallyhood.Rallyhoodtestcases">
    <failure type="java.lang.AssertionError" message="Test case failed due to exception Unable to locate element: //article[@class=&amp;apos;participation ember-view none&amp;apos;]//div[@class=&amp;apos;rsvp is-none&amp;apos;]//span[@class=&amp;apos;prompt&amp;apos;]
For documentation on this error, please visit: http://seleniumhq.org/exceptions/no_such_element.html
Build info: version: &amp;apos;3.6.0&amp;apos;, revision: &amp;apos;6fbf3ec767&amp;apos;, time: &amp;apos;2017-09-27T15:28:36.4Z&amp;apos;
System info: host: &amp;apos;IM-LP-322&amp;apos;, ip: &amp;apos;192.168.205.116&amp;apos;, os.name: &amp;apos;Windows 7&amp;apos;, os.arch: &amp;apos;amd64&amp;apos;, os.version: &amp;apos;6.1&amp;apos;, java.version: &amp;apos;1.8.0_151&amp;apos;
Driver info: org.openqa.selenium.firefox.FirefoxDriver
Capabilities [{moz:profile=C:\Users\mbaragapu\AppData\Local\Temp\rust_mozprofile.HP3iwaERCf3A, rotatable=false, timeouts={implicit=0, pageLoad=300000, script=30000}, pageLoadStrategy=normal, moz:headless=false, platform=XP, moz:accessibilityChecks=false, acceptInsecureCerts=true, browserVersion=58.0, platformVersion=6.1, moz:processID=8956, browserName=firefox, javascriptEnabled=true, platformName=XP, moz:webdriverClick=true}]
Session ID: 2cd19199-a392-4ca9-8094-bfb3f5ed782d
*** Element info: {Using=xpath, value=//article[@class=&amp;apos;participation ember-view none&amp;apos;]//div[@class=&amp;apos;rsvp is-none&amp;apos;]//span[@class=&amp;apos;prompt&amp;apos;]} expected [true] but found [false]">
      <![CDATA[java.lang.AssertionError: Test case failed due to exception Unable to locate element: //article[@class='participation ember-view none']//div[@class='rsvp is-none']//span[@class='prompt']
For documentation on this error, please visit: http://seleniumhq.org/exceptions/no_such_element.html
Build info: version: '3.6.0', revision: '6fbf3ec767', time: '2017-09-27T15:28:36.4Z'
System info: host: 'IM-LP-322', ip: '192.168.205.116', os.name: 'Windows 7', os.arch: 'amd64', os.version: '6.1', java.version: '1.8.0_151'
Driver info: org.openqa.selenium.firefox.FirefoxDriver
Capabilities [{moz:profile=C:\Users\mbaragapu\AppData\Local\Temp\rust_mozprofile.HP3iwaERCf3A, rotatable=false, timeouts={implicit=0, pageLoad=300000, script=30000}, pageLoadStrategy=normal, moz:headless=false, platform=XP, moz:accessibilityChecks=false, acceptInsecureCerts=true, browserVersion=58.0, platformVersion=6.1, moz:processID=8956, browserName=firefox, javascriptEnabled=true, platformName=XP, moz:webdriverClick=true}]
Session ID: 2cd19199-a392-4ca9-8094-bfb3f5ed782d
*** Element info: {Using=xpath, value=//article[@class='participation ember-view none']//div[@class='rsvp is-none']//span[@class='prompt']} expected [true] but found [false]
	at com.web.tests.rallyhood.RHhome.Event_ATTENDING_Lable_Presence(RHhome.java:492)
	at com.web.tests.rallyhood.RHhome.Multiple_Event_SelectionNO_VerifyComments_CommentedValues(RHhome.java:1953)
	at com.web.tests.webtestcases.rallyhood.Rallyhoodtestcases.RallyhoodTC_36(Rallyhoodtestcases.java:442)
	at java.util.concurrent.FutureTask.run(Unknown Source)
	at java.util.concurrent.ThreadPoolExecutor.runWorker(Unknown Source)
	at java.util.concurrent.ThreadPoolExecutor$Worker.run(Unknown Source)
	at java.lang.Thread.run(Unknown Source)
... Removed 19 stack frames]]>
    </failure>
  </testcase> <!-- RallyhoodTC_36 -->
  <testcase name="RallyhoodTC_37" time="55.016" classname="com.web.tests.webtestcases.rallyhood.Rallyhoodtestcases">
    <failure type="java.lang.AssertionError" message="Test case failed due to exception Unable to locate element: //article[@class=&amp;apos;participation ember-view none&amp;apos;]//div[@class=&amp;apos;rsvp is-none&amp;apos;]//span[@class=&amp;apos;prompt&amp;apos;]
For documentation on this error, please visit: http://seleniumhq.org/exceptions/no_such_element.html
Build info: version: &amp;apos;3.6.0&amp;apos;, revision: &amp;apos;6fbf3ec767&amp;apos;, time: &amp;apos;2017-09-27T15:28:36.4Z&amp;apos;
System info: host: &amp;apos;IM-LP-322&amp;apos;, ip: &amp;apos;192.168.205.116&amp;apos;, os.name: &amp;apos;Windows 7&amp;apos;, os.arch: &amp;apos;amd64&amp;apos;, os.version: &amp;apos;6.1&amp;apos;, java.version: &amp;apos;1.8.0_151&amp;apos;
Driver info: org.openqa.selenium.firefox.FirefoxDriver
Capabilities [{moz:profile=C:\Users\mbaragapu\AppData\Local\Temp\rust_mozprofile.HP3iwaERCf3A, rotatable=false, timeouts={implicit=0, pageLoad=300000, script=30000}, pageLoadStrategy=normal, moz:headless=false, platform=XP, moz:accessibilityChecks=false, acceptInsecureCerts=true, browserVersion=58.0, platformVersion=6.1, moz:processID=8956, browserName=firefox, javascriptEnabled=true, platformName=XP, moz:webdriverClick=true}]
Session ID: 2cd19199-a392-4ca9-8094-bfb3f5ed782d
*** Element info: {Using=xpath, value=//article[@class=&amp;apos;participation ember-view none&amp;apos;]//div[@class=&amp;apos;rsvp is-none&amp;apos;]//span[@class=&amp;apos;prompt&amp;apos;]} expected [true] but found [false]">
      <![CDATA[java.lang.AssertionError: Test case failed due to exception Unable to locate element: //article[@class='participation ember-view none']//div[@class='rsvp is-none']//span[@class='prompt']
For documentation on this error, please visit: http://seleniumhq.org/exceptions/no_such_element.html
Build info: version: '3.6.0', revision: '6fbf3ec767', time: '2017-09-27T15:28:36.4Z'
System info: host: 'IM-LP-322', ip: '192.168.205.116', os.name: 'Windows 7', os.arch: 'amd64', os.version: '6.1', java.version: '1.8.0_151'
Driver info: org.openqa.selenium.firefox.FirefoxDriver
Capabilities [{moz:profile=C:\Users\mbaragapu\AppData\Local\Temp\rust_mozprofile.HP3iwaERCf3A, rotatable=false, timeouts={implicit=0, pageLoad=300000, script=30000}, pageLoadStrategy=normal, moz:headless=false, platform=XP, moz:accessibilityChecks=false, acceptInsecureCerts=true, browserVersion=58.0, platformVersion=6.1, moz:processID=8956, browserName=firefox, javascriptEnabled=true, platformName=XP, moz:webdriverClick=true}]
Session ID: 2cd19199-a392-4ca9-8094-bfb3f5ed782d
*** Element info: {Using=xpath, value=//article[@class='participation ember-view none']//div[@class='rsvp is-none']//span[@class='prompt']} expected [true] but found [false]
	at com.web.tests.rallyhood.RHhome.Event_ATTENDING_Lable_Presence(RHhome.java:492)
	at com.web.tests.rallyhood.RHhome.Multiple_Event_Screen_AttendingEvent_PageRefresh_LandingSamePage(RHhome.java:2057)
	at com.web.tests.webtestcases.rallyhood.Rallyhoodtestcases.RallyhoodTC_37(Rallyhoodtestcases.java:452)
	at java.util.concurrent.FutureTask.run(Unknown Source)
	at java.util.concurrent.ThreadPoolExecutor.runWorker(Unknown Source)
	at java.util.concurrent.ThreadPoolExecutor$Worker.run(Unknown Source)
	at java.lang.Thread.run(Unknown Source)
... Removed 19 stack frames]]>
    </failure>
  </testcase> <!-- RallyhoodTC_37 -->
  <testcase name="RallyhoodTC_38" time="48.884" classname="com.web.tests.webtestcases.rallyhood.Rallyhoodtestcases">
    <failure type="java.lang.AssertionError" message="Test case failed due to exception Unable to locate element: //article[@class=&amp;apos;participation ember-view none&amp;apos;]//div[@class=&amp;apos;rsvp is-none&amp;apos;]//span[@class=&amp;apos;prompt&amp;apos;]
For documentation on this error, please visit: http://seleniumhq.org/exceptions/no_such_element.html
Build info: version: &amp;apos;3.6.0&amp;apos;, revision: &amp;apos;6fbf3ec767&amp;apos;, time: &amp;apos;2017-09-27T15:28:36.4Z&amp;apos;
System info: host: &amp;apos;IM-LP-322&amp;apos;, ip: &amp;apos;192.168.205.116&amp;apos;, os.name: &amp;apos;Windows 7&amp;apos;, os.arch: &amp;apos;amd64&amp;apos;, os.version: &amp;apos;6.1&amp;apos;, java.version: &amp;apos;1.8.0_151&amp;apos;
Driver info: org.openqa.selenium.firefox.FirefoxDriver
Capabilities [{moz:profile=C:\Users\mbaragapu\AppData\Local\Temp\rust_mozprofile.HP3iwaERCf3A, rotatable=false, timeouts={implicit=0, pageLoad=300000, script=30000}, pageLoadStrategy=normal, moz:headless=false, platform=XP, moz:accessibilityChecks=false, acceptInsecureCerts=true, browserVersion=58.0, platformVersion=6.1, moz:processID=8956, browserName=firefox, javascriptEnabled=true, platformName=XP, moz:webdriverClick=true}]
Session ID: 2cd19199-a392-4ca9-8094-bfb3f5ed782d
*** Element info: {Using=xpath, value=//article[@class=&amp;apos;participation ember-view none&amp;apos;]//div[@class=&amp;apos;rsvp is-none&amp;apos;]//span[@class=&amp;apos;prompt&amp;apos;]} expected [true] but found [false]">
      <![CDATA[java.lang.AssertionError: Test case failed due to exception Unable to locate element: //article[@class='participation ember-view none']//div[@class='rsvp is-none']//span[@class='prompt']
For documentation on this error, please visit: http://seleniumhq.org/exceptions/no_such_element.html
Build info: version: '3.6.0', revision: '6fbf3ec767', time: '2017-09-27T15:28:36.4Z'
System info: host: 'IM-LP-322', ip: '192.168.205.116', os.name: 'Windows 7', os.arch: 'amd64', os.version: '6.1', java.version: '1.8.0_151'
Driver info: org.openqa.selenium.firefox.FirefoxDriver
Capabilities [{moz:profile=C:\Users\mbaragapu\AppData\Local\Temp\rust_mozprofile.HP3iwaERCf3A, rotatable=false, timeouts={implicit=0, pageLoad=300000, script=30000}, pageLoadStrategy=normal, moz:headless=false, platform=XP, moz:accessibilityChecks=false, acceptInsecureCerts=true, browserVersion=58.0, platformVersion=6.1, moz:processID=8956, browserName=firefox, javascriptEnabled=true, platformName=XP, moz:webdriverClick=true}]
Session ID: 2cd19199-a392-4ca9-8094-bfb3f5ed782d
*** Element info: {Using=xpath, value=//article[@class='participation ember-view none']//div[@class='rsvp is-none']//span[@class='prompt']} expected [true] but found [false]
	at com.web.tests.rallyhood.RHhome.Multiple_EventsScreen_ReadMore_Validation(RHhome.java:2152)
	at com.web.tests.webtestcases.rallyhood.Rallyhoodtestcases.RallyhoodTC_38(Rallyhoodtestcases.java:461)
	at java.util.concurrent.FutureTask.run(Unknown Source)
	at java.util.concurrent.ThreadPoolExecutor.runWorker(Unknown Source)
	at java.util.concurrent.ThreadPoolExecutor$Worker.run(Unknown Source)
	at java.lang.Thread.run(Unknown Source)
... Removed 19 stack frames]]>
    </failure>
  </testcase> <!-- RallyhoodTC_38 -->
  <testcase name="RallyhoodTC_39" time="18.704" classname="com.web.tests.webtestcases.rallyhood.Rallyhoodtestcases"/>
  <testcase name="RallyhoodTC_40" time="50.483" classname="com.web.tests.webtestcases.rallyhood.Rallyhoodtestcases">
    <failure type="java.lang.AssertionError" message="Test case failed due to exception Unable to locate element: //div[@class=&amp;apos;description ember-view truncated&amp;apos;]//span[@class=&amp;apos;ellipsis&amp;apos;]
For documentation on this error, please visit: http://seleniumhq.org/exceptions/no_such_element.html
Build info: version: &amp;apos;3.6.0&amp;apos;, revision: &amp;apos;6fbf3ec767&amp;apos;, time: &amp;apos;2017-09-27T15:28:36.4Z&amp;apos;
System info: host: &amp;apos;IM-LP-322&amp;apos;, ip: &amp;apos;192.168.205.116&amp;apos;, os.name: &amp;apos;Windows 7&amp;apos;, os.arch: &amp;apos;amd64&amp;apos;, os.version: &amp;apos;6.1&amp;apos;, java.version: &amp;apos;1.8.0_151&amp;apos;
Driver info: org.openqa.selenium.firefox.FirefoxDriver
Capabilities [{moz:profile=C:\Users\mbaragapu\AppData\Local\Temp\rust_mozprofile.HP3iwaERCf3A, rotatable=false, timeouts={implicit=0, pageLoad=300000, script=30000}, pageLoadStrategy=normal, moz:headless=false, platform=XP, moz:accessibilityChecks=false, acceptInsecureCerts=true, browserVersion=58.0, platformVersion=6.1, moz:processID=8956, browserName=firefox, javascriptEnabled=true, platformName=XP, moz:webdriverClick=true}]
Session ID: 2cd19199-a392-4ca9-8094-bfb3f5ed782d
*** Element info: {Using=xpath, value=//div[@class=&amp;apos;description ember-view truncated&amp;apos;]//span[@class=&amp;apos;ellipsis&amp;apos;]} expected [true] but found [false]">
      <![CDATA[java.lang.AssertionError: Test case failed due to exception Unable to locate element: //div[@class='description ember-view truncated']//span[@class='ellipsis']
For documentation on this error, please visit: http://seleniumhq.org/exceptions/no_such_element.html
Build info: version: '3.6.0', revision: '6fbf3ec767', time: '2017-09-27T15:28:36.4Z'
System info: host: 'IM-LP-322', ip: '192.168.205.116', os.name: 'Windows 7', os.arch: 'amd64', os.version: '6.1', java.version: '1.8.0_151'
Driver info: org.openqa.selenium.firefox.FirefoxDriver
Capabilities [{moz:profile=C:\Users\mbaragapu\AppData\Local\Temp\rust_mozprofile.HP3iwaERCf3A, rotatable=false, timeouts={implicit=0, pageLoad=300000, script=30000}, pageLoadStrategy=normal, moz:headless=false, platform=XP, moz:accessibilityChecks=false, acceptInsecureCerts=true, browserVersion=58.0, platformVersion=6.1, moz:processID=8956, browserName=firefox, javascriptEnabled=true, platformName=XP, moz:webdriverClick=true}]
Session ID: 2cd19199-a392-4ca9-8094-bfb3f5ed782d
*** Element info: {Using=xpath, value=//div[@class='description ember-view truncated']//span[@class='ellipsis']} expected [true] but found [false]
	at com.web.tests.rallyhood.RHhome.Group_ReadMore_Expand_Presence(RHhome.java:664)
	at com.web.tests.rallyhood.RHhome.RallyHood_Multiple_GroupClasses_ReadMoreExpand_Verify(RHhome.java:2266)
	at com.web.tests.webtestcases.rallyhood.Rallyhoodtestcases.RallyhoodTC_40(Rallyhoodtestcases.java:483)
	at java.util.concurrent.FutureTask.run(Unknown Source)
	at java.util.concurrent.ThreadPoolExecutor.runWorker(Unknown Source)
	at java.util.concurrent.ThreadPoolExecutor$Worker.run(Unknown Source)
	at java.lang.Thread.run(Unknown Source)
... Removed 19 stack frames]]>
    </failure>
  </testcase> <!-- RallyhoodTC_40 -->
  <testcase name="RallyhoodTC_41" time="115.185" classname="com.web.tests.webtestcases.rallyhood.Rallyhoodtestcases"/>
  <testcase name="RallyhoodTC_42" time="110.048" classname="com.web.tests.webtestcases.rallyhood.Rallyhoodtestcases"/>
  <testcase name="RallyhoodTC_43" time="106.543" classname="com.web.tests.webtestcases.rallyhood.Rallyhoodtestcases"/>
  <testcase name="RallyhoodTC_44" time="20.804" classname="com.web.tests.webtestcases.rallyhood.Rallyhoodtestcases"/>
  <testcase name="RallyhoodTC_45" time="20.985" classname="com.web.tests.webtestcases.rallyhood.Rallyhoodtestcases"/>
</testsuite> <!-- Rallyhood web Automation Tests_firefox -->
