<?xml version="1.0" encoding="UTF-8"?>
<!-- Generated by org.testng.reporters.JUnitXMLReporter -->
<testsuite hostname="IM-LP-322" ignored="0" name="Rallyhood web Automation Tests_chrome" tests="44" failures="12" timestamp="29 Nov 2017 07:50:39 GMT" time="1843.739" errors="0">
  <testcase name="RallyhoodTC_01" time="19.13" classname="com.web.tests.webtestcases.rallyhood.RallyhoodtestcasesChrome"/>
  <testcase name="RallyhoodTC_02" time="27.229" classname="com.web.tests.webtestcases.rallyhood.RallyhoodtestcasesChrome"/>
  <testcase name="RallyhoodTC_03" time="24.183" classname="com.web.tests.webtestcases.rallyhood.RallyhoodtestcasesChrome"/>
  <testcase name="RallyhoodTC_05" time="42.193" classname="com.web.tests.webtestcases.rallyhood.RallyhoodtestcasesChrome"/>
  <testcase name="RallyhoodTC_06" time="10.903" classname="com.web.tests.webtestcases.rallyhood.RallyhoodtestcasesChrome"/>
  <testcase name="RallyhoodTC_07" time="27.418" classname="com.web.tests.webtestcases.rallyhood.RallyhoodtestcasesChrome"/>
  <testcase name="RallyhoodTC_08" time="43.265" classname="com.web.tests.webtestcases.rallyhood.RallyhoodtestcasesChrome"/>
  <testcase name="RallyhoodTC_09" time="46.73" classname="com.web.tests.webtestcases.rallyhood.RallyhoodtestcasesChrome"/>
  <testcase name="RallyhoodTC_10" time="37.592" classname="com.web.tests.webtestcases.rallyhood.RallyhoodtestcasesChrome"/>
  <testcase name="RallyhoodTC_11" time="16.56" classname="com.web.tests.webtestcases.rallyhood.RallyhoodtestcasesChrome"/>
  <testcase name="RallyhoodTC_12" time="17.878" classname="com.web.tests.webtestcases.rallyhood.RallyhoodtestcasesChrome"/>
  <testcase name="RallyhoodTC_13" time="59.943" classname="com.web.tests.webtestcases.rallyhood.RallyhoodtestcasesChrome"/>
  <testcase name="RallyhoodTC_14" time="9.37" classname="com.web.tests.webtestcases.rallyhood.RallyhoodtestcasesChrome"/>
  <testcase name="RallyhoodTC_15" time="15.393" classname="com.web.tests.webtestcases.rallyhood.RallyhoodtestcasesChrome"/>
  <testcase name="RallyhoodTC_16" time="11.423" classname="com.web.tests.webtestcases.rallyhood.RallyhoodtestcasesChrome"/>
  <testcase name="RallyhoodTC_17" time="16.059" classname="com.web.tests.webtestcases.rallyhood.RallyhoodtestcasesChrome"/>
  <testcase name="RallyhoodTC_18" time="12.995" classname="com.web.tests.webtestcases.rallyhood.RallyhoodtestcasesChrome"/>
  <testcase name="RallyhoodTC_19" time="35.108" classname="com.web.tests.webtestcases.rallyhood.RallyhoodtestcasesChrome"/>
  <testcase name="RallyhoodTC_20" time="14.193" classname="com.web.tests.webtestcases.rallyhood.RallyhoodtestcasesChrome"/>
  <testcase name="RallyhoodTC_21" time="13.783" classname="com.web.tests.webtestcases.rallyhood.RallyhoodtestcasesChrome"/>
  <testcase name="RallyhoodTC_22" time="46.514" classname="com.web.tests.webtestcases.rallyhood.RallyhoodtestcasesChrome"/>
  <testcase name="RallyhoodTC_23" time="64.866" classname="com.web.tests.webtestcases.rallyhood.RallyhoodtestcasesChrome"/>
  <testcase name="RallyhoodTC_24" time="9.928" classname="com.web.tests.webtestcases.rallyhood.RallyhoodtestcasesChrome"/>
  <testcase name="RallyhoodTC_25" time="10.806" classname="com.web.tests.webtestcases.rallyhood.RallyhoodtestcasesChrome"/>
  <testcase name="RallyhoodTC_26" time="57.67" classname="com.web.tests.webtestcases.rallyhood.RallyhoodtestcasesChrome"/>
  <testcase name="RallyhoodTC_27" time="84.834" classname="com.web.tests.webtestcases.rallyhood.RallyhoodtestcasesChrome"/>
  <testcase name="RallyhoodTC_28" time="85.883" classname="com.web.tests.webtestcases.rallyhood.RallyhoodtestcasesChrome"/>
  <testcase name="RallyhoodTC_29" time="72.201" classname="com.web.tests.webtestcases.rallyhood.RallyhoodtestcasesChrome"/>
  <testcase name="RallyhoodTC_30" time="80.462" classname="com.web.tests.webtestcases.rallyhood.RallyhoodtestcasesChrome">
    <failure type="java.lang.AssertionError" message="Test case failed due to exception no such element: Unable to locate element: {&amp;quot;method&amp;quot;:&amp;quot;xpath&amp;quot;,&amp;quot;selector&amp;quot;:&amp;quot;//article[@class=&amp;apos;participation ember-view none&amp;apos;]//div[@class=&amp;apos;rsvp is-none&amp;apos;]//span[@class=&amp;apos;prompt&amp;apos;]&amp;quot;}
  (Session info: chrome=62.0.3202.94)
  (Driver info: chromedriver=2.33.506120 (e3e53437346286c0bc2d2dc9aa4915ba81d9023f),platform=Windows NT 6.1.7601 SP1 x86_64) (WARNING: The server did not provide any stacktrace information)
Command duration or timeout: 0 milliseconds
For documentation on this error, please visit: http://seleniumhq.org/exceptions/no_such_element.html
Build info: version: &amp;apos;3.6.0&amp;apos;, revision: &amp;apos;6fbf3ec767&amp;apos;, time: &amp;apos;2017-09-27T15:28:36.4Z&amp;apos;
System info: host: &amp;apos;IM-LP-322&amp;apos;, ip: &amp;apos;192.168.205.116&amp;apos;, os.name: &amp;apos;Windows 7&amp;apos;, os.arch: &amp;apos;amd64&amp;apos;, os.version: &amp;apos;6.1&amp;apos;, java.version: &amp;apos;1.8.0_151&amp;apos;
Driver info: org.openqa.selenium.chrome.ChromeDriver
Capabilities [{mobileEmulationEnabled=false, hasTouchScreen=false, platform=XP, acceptSslCerts=true, webStorageEnabled=true, browserName=chrome, takesScreenshot=true, javascriptEnabled=true, platformName=XP, setWindowRect=true, unexpectedAlertBehaviour=, applicationCacheEnabled=false, rotatable=false, networkConnectionEnabled=false, chrome={chromedriverVersion=2.33.506120 (e3e53437346286c0bc2d2dc9aa4915ba81d9023f), userDataDir=C:\Users\MBARAG~1\AppData\Local\Temp\scoped_dir2504_14824}, takesHeapSnapshot=true, pageLoadStrategy=normal, unhandledPromptBehavior=, databaseEnabled=false, handlesAlerts=true, version=62.0.3202.94, browserConnectionEnabled=false, nativeEvents=true, locationContextEnabled=true, cssSelectorsEnabled=true}]
Session ID: 5ba1a105d2a296cfbf4a98faa99342bf
*** Element info: {Using=xpath, value=//article[@class=&amp;apos;participation ember-view none&amp;apos;]//div[@class=&amp;apos;rsvp is-none&amp;apos;]//span[@class=&amp;apos;prompt&amp;apos;]} expected [true] but found [false]">
      <![CDATA[java.lang.AssertionError: Test case failed due to exception no such element: Unable to locate element: {"method":"xpath","selector":"//article[@class='participation ember-view none']//div[@class='rsvp is-none']//span[@class='prompt']"}
  (Session info: chrome=62.0.3202.94)
  (Driver info: chromedriver=2.33.506120 (e3e53437346286c0bc2d2dc9aa4915ba81d9023f),platform=Windows NT 6.1.7601 SP1 x86_64) (WARNING: The server did not provide any stacktrace information)
Command duration or timeout: 0 milliseconds
For documentation on this error, please visit: http://seleniumhq.org/exceptions/no_such_element.html
Build info: version: '3.6.0', revision: '6fbf3ec767', time: '2017-09-27T15:28:36.4Z'
System info: host: 'IM-LP-322', ip: '192.168.205.116', os.name: 'Windows 7', os.arch: 'amd64', os.version: '6.1', java.version: '1.8.0_151'
Driver info: org.openqa.selenium.chrome.ChromeDriver
Capabilities [{mobileEmulationEnabled=false, hasTouchScreen=false, platform=XP, acceptSslCerts=true, webStorageEnabled=true, browserName=chrome, takesScreenshot=true, javascriptEnabled=true, platformName=XP, setWindowRect=true, unexpectedAlertBehaviour=, applicationCacheEnabled=false, rotatable=false, networkConnectionEnabled=false, chrome={chromedriverVersion=2.33.506120 (e3e53437346286c0bc2d2dc9aa4915ba81d9023f), userDataDir=C:\Users\MBARAG~1\AppData\Local\Temp\scoped_dir2504_14824}, takesHeapSnapshot=true, pageLoadStrategy=normal, unhandledPromptBehavior=, databaseEnabled=false, handlesAlerts=true, version=62.0.3202.94, browserConnectionEnabled=false, nativeEvents=true, locationContextEnabled=true, cssSelectorsEnabled=true}]
Session ID: 5ba1a105d2a296cfbf4a98faa99342bf
*** Element info: {Using=xpath, value=//article[@class='participation ember-view none']//div[@class='rsvp is-none']//span[@class='prompt']} expected [true] but found [false]
	at com.web.tests.rallyhood.RHhomeChrome.Event_ATTENDING_Lable_Presence(RHhomeChrome.java:490)
	at com.web.tests.rallyhood.RHhomeChrome.Multiple_Event_CommentsPostOptions_Validation(RHhomeChrome.java:1668)
	at com.web.tests.webtestcases.rallyhood.RallyhoodtestcasesChrome.RallyhoodTC_30(RallyhoodtestcasesChrome.java:388)
	at java.util.concurrent.FutureTask.run(Unknown Source)
	at java.util.concurrent.ThreadPoolExecutor.runWorker(Unknown Source)
	at java.util.concurrent.ThreadPoolExecutor$Worker.run(Unknown Source)
	at java.lang.Thread.run(Unknown Source)
... Removed 19 stack frames]]>
    </failure>
  </testcase> <!-- RallyhoodTC_30 -->
  <testcase name="RallyhoodTC_31" time="27.261" classname="com.web.tests.webtestcases.rallyhood.RallyhoodtestcasesChrome"/>
  <testcase name="RallyhoodTC_32" time="26.791" classname="com.web.tests.webtestcases.rallyhood.RallyhoodtestcasesChrome">
    <failure type="java.lang.AssertionError" message="Test case failed due to exception unknown error: Element &amp;lt;a href=&amp;quot;/embed/29594/events/1491358/social&amp;quot; id=&amp;quot;ember507&amp;quot; class=&amp;quot;event ember-view&amp;quot;&amp;gt;...&amp;lt;/a&amp;gt; is not clickable at point (711, 80). Other element would receive the click: &amp;lt;img src=&amp;quot;https://s3.amazonaws.com/rallyhood_production/public/system/rally_avatars/29606/large/staging_rally_29606_avatar.jpeg?1510242961&amp;quot; alt=&amp;quot;Swim Class&amp;quot; class=&amp;quot;avatar rux-ripple&amp;quot;&amp;gt;
  (Session info: chrome=62.0.3202.94)
  (Driver info: chromedriver=2.33.506120 (e3e53437346286c0bc2d2dc9aa4915ba81d9023f),platform=Windows NT 6.1.7601 SP1 x86_64) (WARNING: The server did not provide any stacktrace information)
Command duration or timeout: 0 milliseconds
Build info: version: &amp;apos;3.6.0&amp;apos;, revision: &amp;apos;6fbf3ec767&amp;apos;, time: &amp;apos;2017-09-27T15:28:36.4Z&amp;apos;
System info: host: &amp;apos;IM-LP-322&amp;apos;, ip: &amp;apos;192.168.205.116&amp;apos;, os.name: &amp;apos;Windows 7&amp;apos;, os.arch: &amp;apos;amd64&amp;apos;, os.version: &amp;apos;6.1&amp;apos;, java.version: &amp;apos;1.8.0_151&amp;apos;
Driver info: org.openqa.selenium.chrome.ChromeDriver
Capabilities [{mobileEmulationEnabled=false, hasTouchScreen=false, platform=XP, acceptSslCerts=true, webStorageEnabled=true, browserName=chrome, takesScreenshot=true, javascriptEnabled=true, platformName=XP, setWindowRect=true, unexpectedAlertBehaviour=, applicationCacheEnabled=false, rotatable=false, networkConnectionEnabled=false, chrome={chromedriverVersion=2.33.506120 (e3e53437346286c0bc2d2dc9aa4915ba81d9023f), userDataDir=C:\Users\MBARAG~1\AppData\Local\Temp\scoped_dir2504_14824}, takesHeapSnapshot=true, pageLoadStrategy=normal, unhandledPromptBehavior=, databaseEnabled=false, handlesAlerts=true, version=62.0.3202.94, browserConnectionEnabled=false, nativeEvents=true, locationContextEnabled=true, cssSelectorsEnabled=true}]
Session ID: 5ba1a105d2a296cfbf4a98faa99342bf expected [true] but found [false]">
      <![CDATA[java.lang.AssertionError: Test case failed due to exception unknown error: Element <a href="/embed/29594/events/1491358/social" id="ember507" class="event ember-view">...</a> is not clickable at point (711, 80). Other element would receive the click: <img src="https://s3.amazonaws.com/rallyhood_production/public/system/rally_avatars/29606/large/staging_rally_29606_avatar.jpeg?1510242961" alt="Swim Class" class="avatar rux-ripple">
  (Session info: chrome=62.0.3202.94)
  (Driver info: chromedriver=2.33.506120 (e3e53437346286c0bc2d2dc9aa4915ba81d9023f),platform=Windows NT 6.1.7601 SP1 x86_64) (WARNING: The server did not provide any stacktrace information)
Command duration or timeout: 0 milliseconds
Build info: version: '3.6.0', revision: '6fbf3ec767', time: '2017-09-27T15:28:36.4Z'
System info: host: 'IM-LP-322', ip: '192.168.205.116', os.name: 'Windows 7', os.arch: 'amd64', os.version: '6.1', java.version: '1.8.0_151'
Driver info: org.openqa.selenium.chrome.ChromeDriver
Capabilities [{mobileEmulationEnabled=false, hasTouchScreen=false, platform=XP, acceptSslCerts=true, webStorageEnabled=true, browserName=chrome, takesScreenshot=true, javascriptEnabled=true, platformName=XP, setWindowRect=true, unexpectedAlertBehaviour=, applicationCacheEnabled=false, rotatable=false, networkConnectionEnabled=false, chrome={chromedriverVersion=2.33.506120 (e3e53437346286c0bc2d2dc9aa4915ba81d9023f), userDataDir=C:\Users\MBARAG~1\AppData\Local\Temp\scoped_dir2504_14824}, takesHeapSnapshot=true, pageLoadStrategy=normal, unhandledPromptBehavior=, databaseEnabled=false, handlesAlerts=true, version=62.0.3202.94, browserConnectionEnabled=false, nativeEvents=true, locationContextEnabled=true, cssSelectorsEnabled=true}]
Session ID: 5ba1a105d2a296cfbf4a98faa99342bf expected [true] but found [false]
	at com.web.tests.rallyhood.RHhomeChrome.Multiple_Event_AfterCommentPOST_VerifyCommentsValue(RHhomeChrome.java:1790)
	at com.web.tests.webtestcases.rallyhood.RallyhoodtestcasesChrome.RallyhoodTC_32(RallyhoodtestcasesChrome.java:406)
	at java.util.concurrent.FutureTask.run(Unknown Source)
	at java.util.concurrent.ThreadPoolExecutor.runWorker(Unknown Source)
	at java.util.concurrent.ThreadPoolExecutor$Worker.run(Unknown Source)
	at java.lang.Thread.run(Unknown Source)
... Removed 19 stack frames]]>
    </failure>
  </testcase> <!-- RallyhoodTC_32 -->
  <testcase name="RallyhoodTC_33" time="72.481" classname="com.web.tests.webtestcases.rallyhood.RallyhoodtestcasesChrome">
    <failure type="java.lang.AssertionError" message="Test case failed due to exception no such element: Unable to locate element: {&amp;quot;method&amp;quot;:&amp;quot;xpath&amp;quot;,&amp;quot;selector&amp;quot;:&amp;quot;//article[@class=&amp;apos;participation ember-view none&amp;apos;]//div[@class=&amp;apos;rsvp is-none&amp;apos;]//span[@class=&amp;apos;prompt&amp;apos;]&amp;quot;}
  (Session info: chrome=62.0.3202.94)
  (Driver info: chromedriver=2.33.506120 (e3e53437346286c0bc2d2dc9aa4915ba81d9023f),platform=Windows NT 6.1.7601 SP1 x86_64) (WARNING: The server did not provide any stacktrace information)
Command duration or timeout: 0 milliseconds
For documentation on this error, please visit: http://seleniumhq.org/exceptions/no_such_element.html
Build info: version: &amp;apos;3.6.0&amp;apos;, revision: &amp;apos;6fbf3ec767&amp;apos;, time: &amp;apos;2017-09-27T15:28:36.4Z&amp;apos;
System info: host: &amp;apos;IM-LP-322&amp;apos;, ip: &amp;apos;192.168.205.116&amp;apos;, os.name: &amp;apos;Windows 7&amp;apos;, os.arch: &amp;apos;amd64&amp;apos;, os.version: &amp;apos;6.1&amp;apos;, java.version: &amp;apos;1.8.0_151&amp;apos;
Driver info: org.openqa.selenium.chrome.ChromeDriver
Capabilities [{mobileEmulationEnabled=false, hasTouchScreen=false, platform=XP, acceptSslCerts=true, webStorageEnabled=true, browserName=chrome, takesScreenshot=true, javascriptEnabled=true, platformName=XP, setWindowRect=true, unexpectedAlertBehaviour=, applicationCacheEnabled=false, rotatable=false, networkConnectionEnabled=false, chrome={chromedriverVersion=2.33.506120 (e3e53437346286c0bc2d2dc9aa4915ba81d9023f), userDataDir=C:\Users\MBARAG~1\AppData\Local\Temp\scoped_dir2504_14824}, takesHeapSnapshot=true, pageLoadStrategy=normal, unhandledPromptBehavior=, databaseEnabled=false, handlesAlerts=true, version=62.0.3202.94, browserConnectionEnabled=false, nativeEvents=true, locationContextEnabled=true, cssSelectorsEnabled=true}]
Session ID: 5ba1a105d2a296cfbf4a98faa99342bf
*** Element info: {Using=xpath, value=//article[@class=&amp;apos;participation ember-view none&amp;apos;]//div[@class=&amp;apos;rsvp is-none&amp;apos;]//span[@class=&amp;apos;prompt&amp;apos;]} expected [true] but found [false]">
      <![CDATA[java.lang.AssertionError: Test case failed due to exception no such element: Unable to locate element: {"method":"xpath","selector":"//article[@class='participation ember-view none']//div[@class='rsvp is-none']//span[@class='prompt']"}
  (Session info: chrome=62.0.3202.94)
  (Driver info: chromedriver=2.33.506120 (e3e53437346286c0bc2d2dc9aa4915ba81d9023f),platform=Windows NT 6.1.7601 SP1 x86_64) (WARNING: The server did not provide any stacktrace information)
Command duration or timeout: 0 milliseconds
For documentation on this error, please visit: http://seleniumhq.org/exceptions/no_such_element.html
Build info: version: '3.6.0', revision: '6fbf3ec767', time: '2017-09-27T15:28:36.4Z'
System info: host: 'IM-LP-322', ip: '192.168.205.116', os.name: 'Windows 7', os.arch: 'amd64', os.version: '6.1', java.version: '1.8.0_151'
Driver info: org.openqa.selenium.chrome.ChromeDriver
Capabilities [{mobileEmulationEnabled=false, hasTouchScreen=false, platform=XP, acceptSslCerts=true, webStorageEnabled=true, browserName=chrome, takesScreenshot=true, javascriptEnabled=true, platformName=XP, setWindowRect=true, unexpectedAlertBehaviour=, applicationCacheEnabled=false, rotatable=false, networkConnectionEnabled=false, chrome={chromedriverVersion=2.33.506120 (e3e53437346286c0bc2d2dc9aa4915ba81d9023f), userDataDir=C:\Users\MBARAG~1\AppData\Local\Temp\scoped_dir2504_14824}, takesHeapSnapshot=true, pageLoadStrategy=normal, unhandledPromptBehavior=, databaseEnabled=false, handlesAlerts=true, version=62.0.3202.94, browserConnectionEnabled=false, nativeEvents=true, locationContextEnabled=true, cssSelectorsEnabled=true}]
Session ID: 5ba1a105d2a296cfbf4a98faa99342bf
*** Element info: {Using=xpath, value=//article[@class='participation ember-view none']//div[@class='rsvp is-none']//span[@class='prompt']} expected [true] but found [false]
	at com.web.tests.rallyhood.RHhomeChrome.Event_ATTENDING_Lable_Presence(RHhomeChrome.java:490)
	at com.web.tests.rallyhood.RHhomeChrome.Single_Event_SelectionYES_VerifyComments_CommentedValues(RHhomeChrome.java:1832)
	at com.web.tests.webtestcases.rallyhood.RallyhoodtestcasesChrome.RallyhoodTC_33(RallyhoodtestcasesChrome.java:416)
	at java.util.concurrent.FutureTask.run(Unknown Source)
	at java.util.concurrent.ThreadPoolExecutor.runWorker(Unknown Source)
	at java.util.concurrent.ThreadPoolExecutor$Worker.run(Unknown Source)
	at java.lang.Thread.run(Unknown Source)
... Removed 19 stack frames]]>
    </failure>
  </testcase> <!-- RallyhoodTC_33 -->
  <testcase name="RallyhoodTC_34" time="56.003" classname="com.web.tests.webtestcases.rallyhood.RallyhoodtestcasesChrome">
    <failure type="java.lang.AssertionError" message="Test case failed due to exception no such element: Unable to locate element: {&amp;quot;method&amp;quot;:&amp;quot;xpath&amp;quot;,&amp;quot;selector&amp;quot;:&amp;quot;//article[@class=&amp;apos;participation ember-view none&amp;apos;]//div[@class=&amp;apos;rsvp is-none&amp;apos;]//span[@class=&amp;apos;prompt&amp;apos;]&amp;quot;}
  (Session info: chrome=62.0.3202.94)
  (Driver info: chromedriver=2.33.506120 (e3e53437346286c0bc2d2dc9aa4915ba81d9023f),platform=Windows NT 6.1.7601 SP1 x86_64) (WARNING: The server did not provide any stacktrace information)
Command duration or timeout: 0 milliseconds
For documentation on this error, please visit: http://seleniumhq.org/exceptions/no_such_element.html
Build info: version: &amp;apos;3.6.0&amp;apos;, revision: &amp;apos;6fbf3ec767&amp;apos;, time: &amp;apos;2017-09-27T15:28:36.4Z&amp;apos;
System info: host: &amp;apos;IM-LP-322&amp;apos;, ip: &amp;apos;192.168.205.116&amp;apos;, os.name: &amp;apos;Windows 7&amp;apos;, os.arch: &amp;apos;amd64&amp;apos;, os.version: &amp;apos;6.1&amp;apos;, java.version: &amp;apos;1.8.0_151&amp;apos;
Driver info: org.openqa.selenium.chrome.ChromeDriver
Capabilities [{mobileEmulationEnabled=false, hasTouchScreen=false, platform=XP, acceptSslCerts=true, webStorageEnabled=true, browserName=chrome, takesScreenshot=true, javascriptEnabled=true, platformName=XP, setWindowRect=true, unexpectedAlertBehaviour=, applicationCacheEnabled=false, rotatable=false, networkConnectionEnabled=false, chrome={chromedriverVersion=2.33.506120 (e3e53437346286c0bc2d2dc9aa4915ba81d9023f), userDataDir=C:\Users\MBARAG~1\AppData\Local\Temp\scoped_dir2504_14824}, takesHeapSnapshot=true, pageLoadStrategy=normal, unhandledPromptBehavior=, databaseEnabled=false, handlesAlerts=true, version=62.0.3202.94, browserConnectionEnabled=false, nativeEvents=true, locationContextEnabled=true, cssSelectorsEnabled=true}]
Session ID: 5ba1a105d2a296cfbf4a98faa99342bf
*** Element info: {Using=xpath, value=//article[@class=&amp;apos;participation ember-view none&amp;apos;]//div[@class=&amp;apos;rsvp is-none&amp;apos;]//span[@class=&amp;apos;prompt&amp;apos;]} expected [true] but found [false]">
      <![CDATA[java.lang.AssertionError: Test case failed due to exception no such element: Unable to locate element: {"method":"xpath","selector":"//article[@class='participation ember-view none']//div[@class='rsvp is-none']//span[@class='prompt']"}
  (Session info: chrome=62.0.3202.94)
  (Driver info: chromedriver=2.33.506120 (e3e53437346286c0bc2d2dc9aa4915ba81d9023f),platform=Windows NT 6.1.7601 SP1 x86_64) (WARNING: The server did not provide any stacktrace information)
Command duration or timeout: 0 milliseconds
For documentation on this error, please visit: http://seleniumhq.org/exceptions/no_such_element.html
Build info: version: '3.6.0', revision: '6fbf3ec767', time: '2017-09-27T15:28:36.4Z'
System info: host: 'IM-LP-322', ip: '192.168.205.116', os.name: 'Windows 7', os.arch: 'amd64', os.version: '6.1', java.version: '1.8.0_151'
Driver info: org.openqa.selenium.chrome.ChromeDriver
Capabilities [{mobileEmulationEnabled=false, hasTouchScreen=false, platform=XP, acceptSslCerts=true, webStorageEnabled=true, browserName=chrome, takesScreenshot=true, javascriptEnabled=true, platformName=XP, setWindowRect=true, unexpectedAlertBehaviour=, applicationCacheEnabled=false, rotatable=false, networkConnectionEnabled=false, chrome={chromedriverVersion=2.33.506120 (e3e53437346286c0bc2d2dc9aa4915ba81d9023f), userDataDir=C:\Users\MBARAG~1\AppData\Local\Temp\scoped_dir2504_14824}, takesHeapSnapshot=true, pageLoadStrategy=normal, unhandledPromptBehavior=, databaseEnabled=false, handlesAlerts=true, version=62.0.3202.94, browserConnectionEnabled=false, nativeEvents=true, locationContextEnabled=true, cssSelectorsEnabled=true}]
Session ID: 5ba1a105d2a296cfbf4a98faa99342bf
*** Element info: {Using=xpath, value=//article[@class='participation ember-view none']//div[@class='rsvp is-none']//span[@class='prompt']} expected [true] but found [false]
	at com.web.tests.rallyhood.RHhomeChrome.Event_ATTENDING_Lable_Presence(RHhomeChrome.java:490)
	at com.web.tests.rallyhood.RHhomeChrome.Multiple_Event_SelectionYES_VerifyComments_CommentedValues(RHhomeChrome.java:1858)
	at com.web.tests.webtestcases.rallyhood.RallyhoodtestcasesChrome.RallyhoodTC_34(RallyhoodtestcasesChrome.java:425)
	at java.util.concurrent.FutureTask.run(Unknown Source)
	at java.util.concurrent.ThreadPoolExecutor.runWorker(Unknown Source)
	at java.util.concurrent.ThreadPoolExecutor$Worker.run(Unknown Source)
	at java.lang.Thread.run(Unknown Source)
... Removed 19 stack frames]]>
    </failure>
  </testcase> <!-- RallyhoodTC_34 -->
  <testcase name="RallyhoodTC_35" time="53.751" classname="com.web.tests.webtestcases.rallyhood.RallyhoodtestcasesChrome">
    <failure type="java.lang.AssertionError" message="Test case failed due to exception no such element: Unable to locate element: {&amp;quot;method&amp;quot;:&amp;quot;xpath&amp;quot;,&amp;quot;selector&amp;quot;:&amp;quot;//article[@class=&amp;apos;participation ember-view none&amp;apos;]//div[@class=&amp;apos;rsvp is-none&amp;apos;]//span[@class=&amp;apos;prompt&amp;apos;]&amp;quot;}
  (Session info: chrome=62.0.3202.94)
  (Driver info: chromedriver=2.33.506120 (e3e53437346286c0bc2d2dc9aa4915ba81d9023f),platform=Windows NT 6.1.7601 SP1 x86_64) (WARNING: The server did not provide any stacktrace information)
Command duration or timeout: 0 milliseconds
For documentation on this error, please visit: http://seleniumhq.org/exceptions/no_such_element.html
Build info: version: &amp;apos;3.6.0&amp;apos;, revision: &amp;apos;6fbf3ec767&amp;apos;, time: &amp;apos;2017-09-27T15:28:36.4Z&amp;apos;
System info: host: &amp;apos;IM-LP-322&amp;apos;, ip: &amp;apos;192.168.205.116&amp;apos;, os.name: &amp;apos;Windows 7&amp;apos;, os.arch: &amp;apos;amd64&amp;apos;, os.version: &amp;apos;6.1&amp;apos;, java.version: &amp;apos;1.8.0_151&amp;apos;
Driver info: org.openqa.selenium.chrome.ChromeDriver
Capabilities [{mobileEmulationEnabled=false, hasTouchScreen=false, platform=XP, acceptSslCerts=true, webStorageEnabled=true, browserName=chrome, takesScreenshot=true, javascriptEnabled=true, platformName=XP, setWindowRect=true, unexpectedAlertBehaviour=, applicationCacheEnabled=false, rotatable=false, networkConnectionEnabled=false, chrome={chromedriverVersion=2.33.506120 (e3e53437346286c0bc2d2dc9aa4915ba81d9023f), userDataDir=C:\Users\MBARAG~1\AppData\Local\Temp\scoped_dir2504_14824}, takesHeapSnapshot=true, pageLoadStrategy=normal, unhandledPromptBehavior=, databaseEnabled=false, handlesAlerts=true, version=62.0.3202.94, browserConnectionEnabled=false, nativeEvents=true, locationContextEnabled=true, cssSelectorsEnabled=true}]
Session ID: 5ba1a105d2a296cfbf4a98faa99342bf
*** Element info: {Using=xpath, value=//article[@class=&amp;apos;participation ember-view none&amp;apos;]//div[@class=&amp;apos;rsvp is-none&amp;apos;]//span[@class=&amp;apos;prompt&amp;apos;]} expected [true] but found [false]">
      <![CDATA[java.lang.AssertionError: Test case failed due to exception no such element: Unable to locate element: {"method":"xpath","selector":"//article[@class='participation ember-view none']//div[@class='rsvp is-none']//span[@class='prompt']"}
  (Session info: chrome=62.0.3202.94)
  (Driver info: chromedriver=2.33.506120 (e3e53437346286c0bc2d2dc9aa4915ba81d9023f),platform=Windows NT 6.1.7601 SP1 x86_64) (WARNING: The server did not provide any stacktrace information)
Command duration or timeout: 0 milliseconds
For documentation on this error, please visit: http://seleniumhq.org/exceptions/no_such_element.html
Build info: version: '3.6.0', revision: '6fbf3ec767', time: '2017-09-27T15:28:36.4Z'
System info: host: 'IM-LP-322', ip: '192.168.205.116', os.name: 'Windows 7', os.arch: 'amd64', os.version: '6.1', java.version: '1.8.0_151'
Driver info: org.openqa.selenium.chrome.ChromeDriver
Capabilities [{mobileEmulationEnabled=false, hasTouchScreen=false, platform=XP, acceptSslCerts=true, webStorageEnabled=true, browserName=chrome, takesScreenshot=true, javascriptEnabled=true, platformName=XP, setWindowRect=true, unexpectedAlertBehaviour=, applicationCacheEnabled=false, rotatable=false, networkConnectionEnabled=false, chrome={chromedriverVersion=2.33.506120 (e3e53437346286c0bc2d2dc9aa4915ba81d9023f), userDataDir=C:\Users\MBARAG~1\AppData\Local\Temp\scoped_dir2504_14824}, takesHeapSnapshot=true, pageLoadStrategy=normal, unhandledPromptBehavior=, databaseEnabled=false, handlesAlerts=true, version=62.0.3202.94, browserConnectionEnabled=false, nativeEvents=true, locationContextEnabled=true, cssSelectorsEnabled=true}]
Session ID: 5ba1a105d2a296cfbf4a98faa99342bf
*** Element info: {Using=xpath, value=//article[@class='participation ember-view none']//div[@class='rsvp is-none']//span[@class='prompt']} expected [true] but found [false]
	at com.web.tests.rallyhood.RHhomeChrome.Event_ATTENDING_Lable_Presence(RHhomeChrome.java:490)
	at com.web.tests.rallyhood.RHhomeChrome.Single_Event_SelectionNO_VerifyComments_CommentedValues(RHhomeChrome.java:1909)
	at com.web.tests.webtestcases.rallyhood.RallyhoodtestcasesChrome.RallyhoodTC_35(RallyhoodtestcasesChrome.java:434)
	at java.util.concurrent.FutureTask.run(Unknown Source)
	at java.util.concurrent.ThreadPoolExecutor.runWorker(Unknown Source)
	at java.util.concurrent.ThreadPoolExecutor$Worker.run(Unknown Source)
	at java.lang.Thread.run(Unknown Source)
... Removed 19 stack frames]]>
    </failure>
  </testcase> <!-- RallyhoodTC_35 -->
  <testcase name="RallyhoodTC_36" time="54.416" classname="com.web.tests.webtestcases.rallyhood.RallyhoodtestcasesChrome">
    <failure type="java.lang.AssertionError" message="Test case failed due to exception no such element: Unable to locate element: {&amp;quot;method&amp;quot;:&amp;quot;xpath&amp;quot;,&amp;quot;selector&amp;quot;:&amp;quot;//article[@class=&amp;apos;participation ember-view none&amp;apos;]//div[@class=&amp;apos;rsvp is-none&amp;apos;]//span[@class=&amp;apos;prompt&amp;apos;]&amp;quot;}
  (Session info: chrome=62.0.3202.94)
  (Driver info: chromedriver=2.33.506120 (e3e53437346286c0bc2d2dc9aa4915ba81d9023f),platform=Windows NT 6.1.7601 SP1 x86_64) (WARNING: The server did not provide any stacktrace information)
Command duration or timeout: 0 milliseconds
For documentation on this error, please visit: http://seleniumhq.org/exceptions/no_such_element.html
Build info: version: &amp;apos;3.6.0&amp;apos;, revision: &amp;apos;6fbf3ec767&amp;apos;, time: &amp;apos;2017-09-27T15:28:36.4Z&amp;apos;
System info: host: &amp;apos;IM-LP-322&amp;apos;, ip: &amp;apos;192.168.205.116&amp;apos;, os.name: &amp;apos;Windows 7&amp;apos;, os.arch: &amp;apos;amd64&amp;apos;, os.version: &amp;apos;6.1&amp;apos;, java.version: &amp;apos;1.8.0_151&amp;apos;
Driver info: org.openqa.selenium.chrome.ChromeDriver
Capabilities [{mobileEmulationEnabled=false, hasTouchScreen=false, platform=XP, acceptSslCerts=true, webStorageEnabled=true, browserName=chrome, takesScreenshot=true, javascriptEnabled=true, platformName=XP, setWindowRect=true, unexpectedAlertBehaviour=, applicationCacheEnabled=false, rotatable=false, networkConnectionEnabled=false, chrome={chromedriverVersion=2.33.506120 (e3e53437346286c0bc2d2dc9aa4915ba81d9023f), userDataDir=C:\Users\MBARAG~1\AppData\Local\Temp\scoped_dir2504_14824}, takesHeapSnapshot=true, pageLoadStrategy=normal, unhandledPromptBehavior=, databaseEnabled=false, handlesAlerts=true, version=62.0.3202.94, browserConnectionEnabled=false, nativeEvents=true, locationContextEnabled=true, cssSelectorsEnabled=true}]
Session ID: 5ba1a105d2a296cfbf4a98faa99342bf
*** Element info: {Using=xpath, value=//article[@class=&amp;apos;participation ember-view none&amp;apos;]//div[@class=&amp;apos;rsvp is-none&amp;apos;]//span[@class=&amp;apos;prompt&amp;apos;]} expected [true] but found [false]">
      <![CDATA[java.lang.AssertionError: Test case failed due to exception no such element: Unable to locate element: {"method":"xpath","selector":"//article[@class='participation ember-view none']//div[@class='rsvp is-none']//span[@class='prompt']"}
  (Session info: chrome=62.0.3202.94)
  (Driver info: chromedriver=2.33.506120 (e3e53437346286c0bc2d2dc9aa4915ba81d9023f),platform=Windows NT 6.1.7601 SP1 x86_64) (WARNING: The server did not provide any stacktrace information)
Command duration or timeout: 0 milliseconds
For documentation on this error, please visit: http://seleniumhq.org/exceptions/no_such_element.html
Build info: version: '3.6.0', revision: '6fbf3ec767', time: '2017-09-27T15:28:36.4Z'
System info: host: 'IM-LP-322', ip: '192.168.205.116', os.name: 'Windows 7', os.arch: 'amd64', os.version: '6.1', java.version: '1.8.0_151'
Driver info: org.openqa.selenium.chrome.ChromeDriver
Capabilities [{mobileEmulationEnabled=false, hasTouchScreen=false, platform=XP, acceptSslCerts=true, webStorageEnabled=true, browserName=chrome, takesScreenshot=true, javascriptEnabled=true, platformName=XP, setWindowRect=true, unexpectedAlertBehaviour=, applicationCacheEnabled=false, rotatable=false, networkConnectionEnabled=false, chrome={chromedriverVersion=2.33.506120 (e3e53437346286c0bc2d2dc9aa4915ba81d9023f), userDataDir=C:\Users\MBARAG~1\AppData\Local\Temp\scoped_dir2504_14824}, takesHeapSnapshot=true, pageLoadStrategy=normal, unhandledPromptBehavior=, databaseEnabled=false, handlesAlerts=true, version=62.0.3202.94, browserConnectionEnabled=false, nativeEvents=true, locationContextEnabled=true, cssSelectorsEnabled=true}]
Session ID: 5ba1a105d2a296cfbf4a98faa99342bf
*** Element info: {Using=xpath, value=//article[@class='participation ember-view none']//div[@class='rsvp is-none']//span[@class='prompt']} expected [true] but found [false]
	at com.web.tests.rallyhood.RHhomeChrome.Event_ATTENDING_Lable_Presence(RHhomeChrome.java:490)
	at com.web.tests.rallyhood.RHhomeChrome.Multiple_Event_SelectionNO_VerifyComments_CommentedValues(RHhomeChrome.java:1961)
	at com.web.tests.webtestcases.rallyhood.RallyhoodtestcasesChrome.RallyhoodTC_36(RallyhoodtestcasesChrome.java:443)
	at java.util.concurrent.FutureTask.run(Unknown Source)
	at java.util.concurrent.ThreadPoolExecutor.runWorker(Unknown Source)
	at java.util.concurrent.ThreadPoolExecutor$Worker.run(Unknown Source)
	at java.lang.Thread.run(Unknown Source)
... Removed 19 stack frames]]>
    </failure>
  </testcase> <!-- RallyhoodTC_36 -->
  <testcase name="RallyhoodTC_37" time="54.061" classname="com.web.tests.webtestcases.rallyhood.RallyhoodtestcasesChrome">
    <failure type="java.lang.AssertionError" message="Test case failed due to exception no such element: Unable to locate element: {&amp;quot;method&amp;quot;:&amp;quot;xpath&amp;quot;,&amp;quot;selector&amp;quot;:&amp;quot;//article[@class=&amp;apos;participation ember-view none&amp;apos;]//div[@class=&amp;apos;rsvp is-none&amp;apos;]//span[@class=&amp;apos;prompt&amp;apos;]&amp;quot;}
  (Session info: chrome=62.0.3202.94)
  (Driver info: chromedriver=2.33.506120 (e3e53437346286c0bc2d2dc9aa4915ba81d9023f),platform=Windows NT 6.1.7601 SP1 x86_64) (WARNING: The server did not provide any stacktrace information)
Command duration or timeout: 0 milliseconds
For documentation on this error, please visit: http://seleniumhq.org/exceptions/no_such_element.html
Build info: version: &amp;apos;3.6.0&amp;apos;, revision: &amp;apos;6fbf3ec767&amp;apos;, time: &amp;apos;2017-09-27T15:28:36.4Z&amp;apos;
System info: host: &amp;apos;IM-LP-322&amp;apos;, ip: &amp;apos;192.168.205.116&amp;apos;, os.name: &amp;apos;Windows 7&amp;apos;, os.arch: &amp;apos;amd64&amp;apos;, os.version: &amp;apos;6.1&amp;apos;, java.version: &amp;apos;1.8.0_151&amp;apos;
Driver info: org.openqa.selenium.chrome.ChromeDriver
Capabilities [{mobileEmulationEnabled=false, hasTouchScreen=false, platform=XP, acceptSslCerts=true, webStorageEnabled=true, browserName=chrome, takesScreenshot=true, javascriptEnabled=true, platformName=XP, setWindowRect=true, unexpectedAlertBehaviour=, applicationCacheEnabled=false, rotatable=false, networkConnectionEnabled=false, chrome={chromedriverVersion=2.33.506120 (e3e53437346286c0bc2d2dc9aa4915ba81d9023f), userDataDir=C:\Users\MBARAG~1\AppData\Local\Temp\scoped_dir2504_14824}, takesHeapSnapshot=true, pageLoadStrategy=normal, unhandledPromptBehavior=, databaseEnabled=false, handlesAlerts=true, version=62.0.3202.94, browserConnectionEnabled=false, nativeEvents=true, locationContextEnabled=true, cssSelectorsEnabled=true}]
Session ID: 5ba1a105d2a296cfbf4a98faa99342bf
*** Element info: {Using=xpath, value=//article[@class=&amp;apos;participation ember-view none&amp;apos;]//div[@class=&amp;apos;rsvp is-none&amp;apos;]//span[@class=&amp;apos;prompt&amp;apos;]} expected [true] but found [false]">
      <![CDATA[java.lang.AssertionError: Test case failed due to exception no such element: Unable to locate element: {"method":"xpath","selector":"//article[@class='participation ember-view none']//div[@class='rsvp is-none']//span[@class='prompt']"}
  (Session info: chrome=62.0.3202.94)
  (Driver info: chromedriver=2.33.506120 (e3e53437346286c0bc2d2dc9aa4915ba81d9023f),platform=Windows NT 6.1.7601 SP1 x86_64) (WARNING: The server did not provide any stacktrace information)
Command duration or timeout: 0 milliseconds
For documentation on this error, please visit: http://seleniumhq.org/exceptions/no_such_element.html
Build info: version: '3.6.0', revision: '6fbf3ec767', time: '2017-09-27T15:28:36.4Z'
System info: host: 'IM-LP-322', ip: '192.168.205.116', os.name: 'Windows 7', os.arch: 'amd64', os.version: '6.1', java.version: '1.8.0_151'
Driver info: org.openqa.selenium.chrome.ChromeDriver
Capabilities [{mobileEmulationEnabled=false, hasTouchScreen=false, platform=XP, acceptSslCerts=true, webStorageEnabled=true, browserName=chrome, takesScreenshot=true, javascriptEnabled=true, platformName=XP, setWindowRect=true, unexpectedAlertBehaviour=, applicationCacheEnabled=false, rotatable=false, networkConnectionEnabled=false, chrome={chromedriverVersion=2.33.506120 (e3e53437346286c0bc2d2dc9aa4915ba81d9023f), userDataDir=C:\Users\MBARAG~1\AppData\Local\Temp\scoped_dir2504_14824}, takesHeapSnapshot=true, pageLoadStrategy=normal, unhandledPromptBehavior=, databaseEnabled=false, handlesAlerts=true, version=62.0.3202.94, browserConnectionEnabled=false, nativeEvents=true, locationContextEnabled=true, cssSelectorsEnabled=true}]
Session ID: 5ba1a105d2a296cfbf4a98faa99342bf
*** Element info: {Using=xpath, value=//article[@class='participation ember-view none']//div[@class='rsvp is-none']//span[@class='prompt']} expected [true] but found [false]
	at com.web.tests.rallyhood.RHhomeChrome.Event_ATTENDING_Lable_Presence(RHhomeChrome.java:490)
	at com.web.tests.rallyhood.RHhomeChrome.Multiple_Event_Screen_AttendingEvent_PageRefresh_LandingSamePage(RHhomeChrome.java:2065)
	at com.web.tests.webtestcases.rallyhood.RallyhoodtestcasesChrome.RallyhoodTC_37(RallyhoodtestcasesChrome.java:453)
	at java.util.concurrent.FutureTask.run(Unknown Source)
	at java.util.concurrent.ThreadPoolExecutor.runWorker(Unknown Source)
	at java.util.concurrent.ThreadPoolExecutor$Worker.run(Unknown Source)
	at java.lang.Thread.run(Unknown Source)
... Removed 19 stack frames]]>
    </failure>
  </testcase> <!-- RallyhoodTC_37 -->
  <testcase name="RallyhoodTC_38" time="44.155" classname="com.web.tests.webtestcases.rallyhood.RallyhoodtestcasesChrome">
    <failure type="java.lang.AssertionError" message="Test case failed due to exception no such element: Unable to locate element: {&amp;quot;method&amp;quot;:&amp;quot;xpath&amp;quot;,&amp;quot;selector&amp;quot;:&amp;quot;//article[@class=&amp;apos;participation ember-view none&amp;apos;]//div[@class=&amp;apos;rsvp is-none&amp;apos;]//span[@class=&amp;apos;prompt&amp;apos;]&amp;quot;}
  (Session info: chrome=62.0.3202.94)
  (Driver info: chromedriver=2.33.506120 (e3e53437346286c0bc2d2dc9aa4915ba81d9023f),platform=Windows NT 6.1.7601 SP1 x86_64) (WARNING: The server did not provide any stacktrace information)
Command duration or timeout: 0 milliseconds
For documentation on this error, please visit: http://seleniumhq.org/exceptions/no_such_element.html
Build info: version: &amp;apos;3.6.0&amp;apos;, revision: &amp;apos;6fbf3ec767&amp;apos;, time: &amp;apos;2017-09-27T15:28:36.4Z&amp;apos;
System info: host: &amp;apos;IM-LP-322&amp;apos;, ip: &amp;apos;192.168.205.116&amp;apos;, os.name: &amp;apos;Windows 7&amp;apos;, os.arch: &amp;apos;amd64&amp;apos;, os.version: &amp;apos;6.1&amp;apos;, java.version: &amp;apos;1.8.0_151&amp;apos;
Driver info: org.openqa.selenium.chrome.ChromeDriver
Capabilities [{mobileEmulationEnabled=false, hasTouchScreen=false, platform=XP, acceptSslCerts=true, webStorageEnabled=true, browserName=chrome, takesScreenshot=true, javascriptEnabled=true, platformName=XP, setWindowRect=true, unexpectedAlertBehaviour=, applicationCacheEnabled=false, rotatable=false, networkConnectionEnabled=false, chrome={chromedriverVersion=2.33.506120 (e3e53437346286c0bc2d2dc9aa4915ba81d9023f), userDataDir=C:\Users\MBARAG~1\AppData\Local\Temp\scoped_dir2504_14824}, takesHeapSnapshot=true, pageLoadStrategy=normal, unhandledPromptBehavior=, databaseEnabled=false, handlesAlerts=true, version=62.0.3202.94, browserConnectionEnabled=false, nativeEvents=true, locationContextEnabled=true, cssSelectorsEnabled=true}]
Session ID: 5ba1a105d2a296cfbf4a98faa99342bf
*** Element info: {Using=xpath, value=//article[@class=&amp;apos;participation ember-view none&amp;apos;]//div[@class=&amp;apos;rsvp is-none&amp;apos;]//span[@class=&amp;apos;prompt&amp;apos;]} expected [true] but found [false]">
      <![CDATA[java.lang.AssertionError: Test case failed due to exception no such element: Unable to locate element: {"method":"xpath","selector":"//article[@class='participation ember-view none']//div[@class='rsvp is-none']//span[@class='prompt']"}
  (Session info: chrome=62.0.3202.94)
  (Driver info: chromedriver=2.33.506120 (e3e53437346286c0bc2d2dc9aa4915ba81d9023f),platform=Windows NT 6.1.7601 SP1 x86_64) (WARNING: The server did not provide any stacktrace information)
Command duration or timeout: 0 milliseconds
For documentation on this error, please visit: http://seleniumhq.org/exceptions/no_such_element.html
Build info: version: '3.6.0', revision: '6fbf3ec767', time: '2017-09-27T15:28:36.4Z'
System info: host: 'IM-LP-322', ip: '192.168.205.116', os.name: 'Windows 7', os.arch: 'amd64', os.version: '6.1', java.version: '1.8.0_151'
Driver info: org.openqa.selenium.chrome.ChromeDriver
Capabilities [{mobileEmulationEnabled=false, hasTouchScreen=false, platform=XP, acceptSslCerts=true, webStorageEnabled=true, browserName=chrome, takesScreenshot=true, javascriptEnabled=true, platformName=XP, setWindowRect=true, unexpectedAlertBehaviour=, applicationCacheEnabled=false, rotatable=false, networkConnectionEnabled=false, chrome={chromedriverVersion=2.33.506120 (e3e53437346286c0bc2d2dc9aa4915ba81d9023f), userDataDir=C:\Users\MBARAG~1\AppData\Local\Temp\scoped_dir2504_14824}, takesHeapSnapshot=true, pageLoadStrategy=normal, unhandledPromptBehavior=, databaseEnabled=false, handlesAlerts=true, version=62.0.3202.94, browserConnectionEnabled=false, nativeEvents=true, locationContextEnabled=true, cssSelectorsEnabled=true}]
Session ID: 5ba1a105d2a296cfbf4a98faa99342bf
*** Element info: {Using=xpath, value=//article[@class='participation ember-view none']//div[@class='rsvp is-none']//span[@class='prompt']} expected [true] but found [false]
	at com.web.tests.rallyhood.RHhomeChrome.Multiple_EventsScreen_ReadMore_Validation(RHhomeChrome.java:2162)
	at com.web.tests.webtestcases.rallyhood.RallyhoodtestcasesChrome.RallyhoodTC_38(RallyhoodtestcasesChrome.java:462)
	at java.util.concurrent.FutureTask.run(Unknown Source)
	at java.util.concurrent.ThreadPoolExecutor.runWorker(Unknown Source)
	at java.util.concurrent.ThreadPoolExecutor$Worker.run(Unknown Source)
	at java.lang.Thread.run(Unknown Source)
... Removed 19 stack frames]]>
    </failure>
  </testcase> <!-- RallyhoodTC_38 -->
  <testcase name="RallyhoodTC_39" time="22.508" classname="com.web.tests.webtestcases.rallyhood.RallyhoodtestcasesChrome"/>
  <testcase name="RallyhoodTC_40" time="46.82" classname="com.web.tests.webtestcases.rallyhood.RallyhoodtestcasesChrome">
    <failure type="java.lang.AssertionError" message="Test case failed due to exception no such element: Unable to locate element: {&amp;quot;method&amp;quot;:&amp;quot;xpath&amp;quot;,&amp;quot;selector&amp;quot;:&amp;quot;//div[@class=&amp;apos;description ember-view truncated&amp;apos;]//span[@class=&amp;apos;ellipsis&amp;apos;]&amp;quot;}
  (Session info: chrome=62.0.3202.94)
  (Driver info: chromedriver=2.33.506120 (e3e53437346286c0bc2d2dc9aa4915ba81d9023f),platform=Windows NT 6.1.7601 SP1 x86_64) (WARNING: The server did not provide any stacktrace information)
Command duration or timeout: 0 milliseconds
For documentation on this error, please visit: http://seleniumhq.org/exceptions/no_such_element.html
Build info: version: &amp;apos;3.6.0&amp;apos;, revision: &amp;apos;6fbf3ec767&amp;apos;, time: &amp;apos;2017-09-27T15:28:36.4Z&amp;apos;
System info: host: &amp;apos;IM-LP-322&amp;apos;, ip: &amp;apos;192.168.205.116&amp;apos;, os.name: &amp;apos;Windows 7&amp;apos;, os.arch: &amp;apos;amd64&amp;apos;, os.version: &amp;apos;6.1&amp;apos;, java.version: &amp;apos;1.8.0_151&amp;apos;
Driver info: org.openqa.selenium.chrome.ChromeDriver
Capabilities [{mobileEmulationEnabled=false, hasTouchScreen=false, platform=XP, acceptSslCerts=true, webStorageEnabled=true, browserName=chrome, takesScreenshot=true, javascriptEnabled=true, platformName=XP, setWindowRect=true, unexpectedAlertBehaviour=, applicationCacheEnabled=false, rotatable=false, networkConnectionEnabled=false, chrome={chromedriverVersion=2.33.506120 (e3e53437346286c0bc2d2dc9aa4915ba81d9023f), userDataDir=C:\Users\MBARAG~1\AppData\Local\Temp\scoped_dir2504_14824}, takesHeapSnapshot=true, pageLoadStrategy=normal, unhandledPromptBehavior=, databaseEnabled=false, handlesAlerts=true, version=62.0.3202.94, browserConnectionEnabled=false, nativeEvents=true, locationContextEnabled=true, cssSelectorsEnabled=true}]
Session ID: 5ba1a105d2a296cfbf4a98faa99342bf
*** Element info: {Using=xpath, value=//div[@class=&amp;apos;description ember-view truncated&amp;apos;]//span[@class=&amp;apos;ellipsis&amp;apos;]} expected [true] but found [false]">
      <![CDATA[java.lang.AssertionError: Test case failed due to exception no such element: Unable to locate element: {"method":"xpath","selector":"//div[@class='description ember-view truncated']//span[@class='ellipsis']"}
  (Session info: chrome=62.0.3202.94)
  (Driver info: chromedriver=2.33.506120 (e3e53437346286c0bc2d2dc9aa4915ba81d9023f),platform=Windows NT 6.1.7601 SP1 x86_64) (WARNING: The server did not provide any stacktrace information)
Command duration or timeout: 0 milliseconds
For documentation on this error, please visit: http://seleniumhq.org/exceptions/no_such_element.html
Build info: version: '3.6.0', revision: '6fbf3ec767', time: '2017-09-27T15:28:36.4Z'
System info: host: 'IM-LP-322', ip: '192.168.205.116', os.name: 'Windows 7', os.arch: 'amd64', os.version: '6.1', java.version: '1.8.0_151'
Driver info: org.openqa.selenium.chrome.ChromeDriver
Capabilities [{mobileEmulationEnabled=false, hasTouchScreen=false, platform=XP, acceptSslCerts=true, webStorageEnabled=true, browserName=chrome, takesScreenshot=true, javascriptEnabled=true, platformName=XP, setWindowRect=true, unexpectedAlertBehaviour=, applicationCacheEnabled=false, rotatable=false, networkConnectionEnabled=false, chrome={chromedriverVersion=2.33.506120 (e3e53437346286c0bc2d2dc9aa4915ba81d9023f), userDataDir=C:\Users\MBARAG~1\AppData\Local\Temp\scoped_dir2504_14824}, takesHeapSnapshot=true, pageLoadStrategy=normal, unhandledPromptBehavior=, databaseEnabled=false, handlesAlerts=true, version=62.0.3202.94, browserConnectionEnabled=false, nativeEvents=true, locationContextEnabled=true, cssSelectorsEnabled=true}]
Session ID: 5ba1a105d2a296cfbf4a98faa99342bf
*** Element info: {Using=xpath, value=//div[@class='description ember-view truncated']//span[@class='ellipsis']} expected [true] but found [false]
	at com.web.tests.rallyhood.RHhomeChrome.Group_ReadMore_Expand_Presence(RHhomeChrome.java:662)
	at com.web.tests.rallyhood.RHhomeChrome.RallyHood_Multiple_GroupClasses_ReadMoreExpand_Verify(RHhomeChrome.java:2279)
	at com.web.tests.webtestcases.rallyhood.RallyhoodtestcasesChrome.RallyhoodTC_40(RallyhoodtestcasesChrome.java:484)
	at java.util.concurrent.FutureTask.run(Unknown Source)
	at java.util.concurrent.ThreadPoolExecutor.runWorker(Unknown Source)
	at java.util.concurrent.ThreadPoolExecutor$Worker.run(Unknown Source)
	at java.lang.Thread.run(Unknown Source)
... Removed 19 stack frames]]>
    </failure>
  </testcase> <!-- RallyhoodTC_40 -->
  <testcase name="RallyhoodTC_41" time="104.088" classname="com.web.tests.webtestcases.rallyhood.RallyhoodtestcasesChrome"/>
  <testcase name="RallyhoodTC_42" time="99.665" classname="com.web.tests.webtestcases.rallyhood.RallyhoodtestcasesChrome">
    <failure type="java.lang.AssertionError" message="Test case failed due to exception no such element: Unable to locate element: {&amp;quot;method&amp;quot;:&amp;quot;xpath&amp;quot;,&amp;quot;selector&amp;quot;:&amp;quot;//section[@class=&amp;apos;time-slots&amp;apos;]//article[@class=&amp;apos;time-slot ember-view none&amp;apos;]//div[@class=&amp;apos;title&amp;apos;]&amp;quot;}
  (Session info: chrome=62.0.3202.94)
  (Driver info: chromedriver=2.33.506120 (e3e53437346286c0bc2d2dc9aa4915ba81d9023f),platform=Windows NT 6.1.7601 SP1 x86_64) (WARNING: The server did not provide any stacktrace information)
Command duration or timeout: 0 milliseconds
For documentation on this error, please visit: http://seleniumhq.org/exceptions/no_such_element.html
Build info: version: &amp;apos;3.6.0&amp;apos;, revision: &amp;apos;6fbf3ec767&amp;apos;, time: &amp;apos;2017-09-27T15:28:36.4Z&amp;apos;
System info: host: &amp;apos;IM-LP-322&amp;apos;, ip: &amp;apos;192.168.205.116&amp;apos;, os.name: &amp;apos;Windows 7&amp;apos;, os.arch: &amp;apos;amd64&amp;apos;, os.version: &amp;apos;6.1&amp;apos;, java.version: &amp;apos;1.8.0_151&amp;apos;
Driver info: org.openqa.selenium.chrome.ChromeDriver
Capabilities [{mobileEmulationEnabled=false, hasTouchScreen=false, platform=XP, acceptSslCerts=true, webStorageEnabled=true, browserName=chrome, takesScreenshot=true, javascriptEnabled=true, platformName=XP, setWindowRect=true, unexpectedAlertBehaviour=, applicationCacheEnabled=false, rotatable=false, networkConnectionEnabled=false, chrome={chromedriverVersion=2.33.506120 (e3e53437346286c0bc2d2dc9aa4915ba81d9023f), userDataDir=C:\Users\MBARAG~1\AppData\Local\Temp\scoped_dir2504_14824}, takesHeapSnapshot=true, pageLoadStrategy=normal, unhandledPromptBehavior=, databaseEnabled=false, handlesAlerts=true, version=62.0.3202.94, browserConnectionEnabled=false, nativeEvents=true, locationContextEnabled=true, cssSelectorsEnabled=true}]
Session ID: 5ba1a105d2a296cfbf4a98faa99342bf
*** Element info: {Using=xpath, value=//section[@class=&amp;apos;time-slots&amp;apos;]//article[@class=&amp;apos;time-slot ember-view none&amp;apos;]//div[@class=&amp;apos;title&amp;apos;]} expected [true] but found [false]">
      <![CDATA[java.lang.AssertionError: Test case failed due to exception no such element: Unable to locate element: {"method":"xpath","selector":"//section[@class='time-slots']//article[@class='time-slot ember-view none']//div[@class='title']"}
  (Session info: chrome=62.0.3202.94)
  (Driver info: chromedriver=2.33.506120 (e3e53437346286c0bc2d2dc9aa4915ba81d9023f),platform=Windows NT 6.1.7601 SP1 x86_64) (WARNING: The server did not provide any stacktrace information)
Command duration or timeout: 0 milliseconds
For documentation on this error, please visit: http://seleniumhq.org/exceptions/no_such_element.html
Build info: version: '3.6.0', revision: '6fbf3ec767', time: '2017-09-27T15:28:36.4Z'
System info: host: 'IM-LP-322', ip: '192.168.205.116', os.name: 'Windows 7', os.arch: 'amd64', os.version: '6.1', java.version: '1.8.0_151'
Driver info: org.openqa.selenium.chrome.ChromeDriver
Capabilities [{mobileEmulationEnabled=false, hasTouchScreen=false, platform=XP, acceptSslCerts=true, webStorageEnabled=true, browserName=chrome, takesScreenshot=true, javascriptEnabled=true, platformName=XP, setWindowRect=true, unexpectedAlertBehaviour=, applicationCacheEnabled=false, rotatable=false, networkConnectionEnabled=false, chrome={chromedriverVersion=2.33.506120 (e3e53437346286c0bc2d2dc9aa4915ba81d9023f), userDataDir=C:\Users\MBARAG~1\AppData\Local\Temp\scoped_dir2504_14824}, takesHeapSnapshot=true, pageLoadStrategy=normal, unhandledPromptBehavior=, databaseEnabled=false, handlesAlerts=true, version=62.0.3202.94, browserConnectionEnabled=false, nativeEvents=true, locationContextEnabled=true, cssSelectorsEnabled=true}]
Session ID: 5ba1a105d2a296cfbf4a98faa99342bf
*** Element info: {Using=xpath, value=//section[@class='time-slots']//article[@class='time-slot ember-view none']//div[@class='title']} expected [true] but found [false]
	at com.web.tests.rallyhood.RHhomeChrome.Group_Class_InstructorName_BeforeSignUp_Presence(RHhomeChrome.java:748)
	at com.web.tests.rallyhood.RHhomeChrome.RallyHood_Multiple_GroupClasses_InstructorSignUp_Remove_Verify(RHhomeChrome.java:2426)
	at com.web.tests.webtestcases.rallyhood.RallyhoodtestcasesChrome.RallyhoodTC_42(RallyhoodtestcasesChrome.java:508)
	at java.util.concurrent.FutureTask.run(Unknown Source)
	at java.util.concurrent.ThreadPoolExecutor.runWorker(Unknown Source)
	at java.util.concurrent.ThreadPoolExecutor$Worker.run(Unknown Source)
	at java.lang.Thread.run(Unknown Source)
... Removed 19 stack frames]]>
    </failure>
  </testcase> <!-- RallyhoodTC_42 -->
  <testcase name="RallyhoodTC_43" time="59.282" classname="com.web.tests.webtestcases.rallyhood.RallyhoodtestcasesChrome">
    <failure type="java.lang.AssertionError" message="Test case failed due to exception no such element: Unable to locate element: {&amp;quot;method&amp;quot;:&amp;quot;xpath&amp;quot;,&amp;quot;selector&amp;quot;:&amp;quot;//article[@class=&amp;apos;time-slot ember-view none&amp;apos;]//div[@class=&amp;apos;info&amp;apos;]&amp;quot;}
  (Session info: chrome=62.0.3202.94)
  (Driver info: chromedriver=2.33.506120 (e3e53437346286c0bc2d2dc9aa4915ba81d9023f),platform=Windows NT 6.1.7601 SP1 x86_64) (WARNING: The server did not provide any stacktrace information)
Command duration or timeout: 0 milliseconds
For documentation on this error, please visit: http://seleniumhq.org/exceptions/no_such_element.html
Build info: version: &amp;apos;3.6.0&amp;apos;, revision: &amp;apos;6fbf3ec767&amp;apos;, time: &amp;apos;2017-09-27T15:28:36.4Z&amp;apos;
System info: host: &amp;apos;IM-LP-322&amp;apos;, ip: &amp;apos;192.168.205.116&amp;apos;, os.name: &amp;apos;Windows 7&amp;apos;, os.arch: &amp;apos;amd64&amp;apos;, os.version: &amp;apos;6.1&amp;apos;, java.version: &amp;apos;1.8.0_151&amp;apos;
Driver info: org.openqa.selenium.chrome.ChromeDriver
Capabilities [{mobileEmulationEnabled=false, hasTouchScreen=false, platform=XP, acceptSslCerts=true, webStorageEnabled=true, browserName=chrome, takesScreenshot=true, javascriptEnabled=true, platformName=XP, setWindowRect=true, unexpectedAlertBehaviour=, applicationCacheEnabled=false, rotatable=false, networkConnectionEnabled=false, chrome={chromedriverVersion=2.33.506120 (e3e53437346286c0bc2d2dc9aa4915ba81d9023f), userDataDir=C:\Users\MBARAG~1\AppData\Local\Temp\scoped_dir2504_14824}, takesHeapSnapshot=true, pageLoadStrategy=normal, unhandledPromptBehavior=, databaseEnabled=false, handlesAlerts=true, version=62.0.3202.94, browserConnectionEnabled=false, nativeEvents=true, locationContextEnabled=true, cssSelectorsEnabled=true}]
Session ID: 5ba1a105d2a296cfbf4a98faa99342bf
*** Element info: {Using=xpath, value=//article[@class=&amp;apos;time-slot ember-view none&amp;apos;]//div[@class=&amp;apos;info&amp;apos;]} expected [true] but found [false]">
      <![CDATA[java.lang.AssertionError: Test case failed due to exception no such element: Unable to locate element: {"method":"xpath","selector":"//article[@class='time-slot ember-view none']//div[@class='info']"}
  (Session info: chrome=62.0.3202.94)
  (Driver info: chromedriver=2.33.506120 (e3e53437346286c0bc2d2dc9aa4915ba81d9023f),platform=Windows NT 6.1.7601 SP1 x86_64) (WARNING: The server did not provide any stacktrace information)
Command duration or timeout: 0 milliseconds
For documentation on this error, please visit: http://seleniumhq.org/exceptions/no_such_element.html
Build info: version: '3.6.0', revision: '6fbf3ec767', time: '2017-09-27T15:28:36.4Z'
System info: host: 'IM-LP-322', ip: '192.168.205.116', os.name: 'Windows 7', os.arch: 'amd64', os.version: '6.1', java.version: '1.8.0_151'
Driver info: org.openqa.selenium.chrome.ChromeDriver
Capabilities [{mobileEmulationEnabled=false, hasTouchScreen=false, platform=XP, acceptSslCerts=true, webStorageEnabled=true, browserName=chrome, takesScreenshot=true, javascriptEnabled=true, platformName=XP, setWindowRect=true, unexpectedAlertBehaviour=, applicationCacheEnabled=false, rotatable=false, networkConnectionEnabled=false, chrome={chromedriverVersion=2.33.506120 (e3e53437346286c0bc2d2dc9aa4915ba81d9023f), userDataDir=C:\Users\MBARAG~1\AppData\Local\Temp\scoped_dir2504_14824}, takesHeapSnapshot=true, pageLoadStrategy=normal, unhandledPromptBehavior=, databaseEnabled=false, handlesAlerts=true, version=62.0.3202.94, browserConnectionEnabled=false, nativeEvents=true, locationContextEnabled=true, cssSelectorsEnabled=true}]
Session ID: 5ba1a105d2a296cfbf4a98faa99342bf
*** Element info: {Using=xpath, value=//article[@class='time-slot ember-view none']//div[@class='info']} expected [true] but found [false]
	at com.web.tests.rallyhood.RHhomeChrome.RallyHood_Multiple_GroupClasses_Instructor_RemoveButton_Verify(RHhomeChrome.java:2617)
	at com.web.tests.webtestcases.rallyhood.RallyhoodtestcasesChrome.RallyhoodTC_43(RallyhoodtestcasesChrome.java:519)
	at java.util.concurrent.FutureTask.run(Unknown Source)
	at java.util.concurrent.ThreadPoolExecutor.runWorker(Unknown Source)
	at java.util.concurrent.ThreadPoolExecutor$Worker.run(Unknown Source)
	at java.lang.Thread.run(Unknown Source)
... Removed 19 stack frames]]>
    </failure>
  </testcase> <!-- RallyhoodTC_43 -->
  <testcase name="RallyhoodTC_44" time="22.249" classname="com.web.tests.webtestcases.rallyhood.RallyhoodtestcasesChrome"/>
  <testcase name="RallyhoodTC_45" time="43.508" classname="com.web.tests.webtestcases.rallyhood.RallyhoodtestcasesChrome">
    <failure type="java.lang.AssertionError" message="Test case failed due to exception no such element: Unable to locate element: {&amp;quot;method&amp;quot;:&amp;quot;xpath&amp;quot;,&amp;quot;selector&amp;quot;:&amp;quot;//article[@class=&amp;apos;time-slot ember-view none&amp;apos;]//div[@class=&amp;apos;info&amp;apos;]&amp;quot;}
  (Session info: chrome=62.0.3202.94)
  (Driver info: chromedriver=2.33.506120 (e3e53437346286c0bc2d2dc9aa4915ba81d9023f),platform=Windows NT 6.1.7601 SP1 x86_64) (WARNING: The server did not provide any stacktrace information)
Command duration or timeout: 0 milliseconds
For documentation on this error, please visit: http://seleniumhq.org/exceptions/no_such_element.html
Build info: version: &amp;apos;3.6.0&amp;apos;, revision: &amp;apos;6fbf3ec767&amp;apos;, time: &amp;apos;2017-09-27T15:28:36.4Z&amp;apos;
System info: host: &amp;apos;IM-LP-322&amp;apos;, ip: &amp;apos;192.168.205.116&amp;apos;, os.name: &amp;apos;Windows 7&amp;apos;, os.arch: &amp;apos;amd64&amp;apos;, os.version: &amp;apos;6.1&amp;apos;, java.version: &amp;apos;1.8.0_151&amp;apos;
Driver info: org.openqa.selenium.chrome.ChromeDriver
Capabilities [{mobileEmulationEnabled=false, hasTouchScreen=false, platform=XP, acceptSslCerts=true, webStorageEnabled=true, browserName=chrome, takesScreenshot=true, javascriptEnabled=true, platformName=XP, setWindowRect=true, unexpectedAlertBehaviour=, applicationCacheEnabled=false, rotatable=false, networkConnectionEnabled=false, chrome={chromedriverVersion=2.33.506120 (e3e53437346286c0bc2d2dc9aa4915ba81d9023f), userDataDir=C:\Users\MBARAG~1\AppData\Local\Temp\scoped_dir2504_14824}, takesHeapSnapshot=true, pageLoadStrategy=normal, unhandledPromptBehavior=, databaseEnabled=false, handlesAlerts=true, version=62.0.3202.94, browserConnectionEnabled=false, nativeEvents=true, locationContextEnabled=true, cssSelectorsEnabled=true}]
Session ID: 5ba1a105d2a296cfbf4a98faa99342bf
*** Element info: {Using=xpath, value=//article[@class=&amp;apos;time-slot ember-view none&amp;apos;]//div[@class=&amp;apos;info&amp;apos;]} expected [true] but found [false]">
      <![CDATA[java.lang.AssertionError: Test case failed due to exception no such element: Unable to locate element: {"method":"xpath","selector":"//article[@class='time-slot ember-view none']//div[@class='info']"}
  (Session info: chrome=62.0.3202.94)
  (Driver info: chromedriver=2.33.506120 (e3e53437346286c0bc2d2dc9aa4915ba81d9023f),platform=Windows NT 6.1.7601 SP1 x86_64) (WARNING: The server did not provide any stacktrace information)
Command duration or timeout: 0 milliseconds
For documentation on this error, please visit: http://seleniumhq.org/exceptions/no_such_element.html
Build info: version: '3.6.0', revision: '6fbf3ec767', time: '2017-09-27T15:28:36.4Z'
System info: host: 'IM-LP-322', ip: '192.168.205.116', os.name: 'Windows 7', os.arch: 'amd64', os.version: '6.1', java.version: '1.8.0_151'
Driver info: org.openqa.selenium.chrome.ChromeDriver
Capabilities [{mobileEmulationEnabled=false, hasTouchScreen=false, platform=XP, acceptSslCerts=true, webStorageEnabled=true, browserName=chrome, takesScreenshot=true, javascriptEnabled=true, platformName=XP, setWindowRect=true, unexpectedAlertBehaviour=, applicationCacheEnabled=false, rotatable=false, networkConnectionEnabled=false, chrome={chromedriverVersion=2.33.506120 (e3e53437346286c0bc2d2dc9aa4915ba81d9023f), userDataDir=C:\Users\MBARAG~1\AppData\Local\Temp\scoped_dir2504_14824}, takesHeapSnapshot=true, pageLoadStrategy=normal, unhandledPromptBehavior=, databaseEnabled=false, handlesAlerts=true, version=62.0.3202.94, browserConnectionEnabled=false, nativeEvents=true, locationContextEnabled=true, cssSelectorsEnabled=true}]
Session ID: 5ba1a105d2a296cfbf4a98faa99342bf
*** Element info: {Using=xpath, value=//article[@class='time-slot ember-view none']//div[@class='info']} expected [true] but found [false]
	at com.web.tests.rallyhood.RHhomeChrome.Group_Current_UpcomingClass_BeforeSignUp_Presence(RHhomeChrome.java:711)
	at com.web.tests.rallyhood.RHhomeChrome.RallyHood_Multiple_GroupClasses_ClassesDate_GreaterThanCurrentDate_Verify(RHhomeChrome.java:2685)
	at com.web.tests.webtestcases.rallyhood.RallyhoodtestcasesChrome.RallyhoodTC_45(RallyhoodtestcasesChrome.java:541)
	at java.util.concurrent.FutureTask.run(Unknown Source)
	at java.util.concurrent.ThreadPoolExecutor.runWorker(Unknown Source)
	at java.util.concurrent.ThreadPoolExecutor$Worker.run(Unknown Source)
	at java.lang.Thread.run(Unknown Source)
... Removed 19 stack frames]]>
    </failure>
  </testcase> <!-- RallyhoodTC_45 -->
</testsuite> <!-- Rallyhood web Automation Tests_chrome -->
