<!DOCTYPE html PUBLIC "-//W3C//DTD XHTML 1.1//EN" "http://www.w3.org/TR/xhtml11/DTD/xhtml11.dtd">
<html xmlns="http://www.w3.org/1999/xhtml"><head><title>TestNG Report</title><style type="text/css">table {margin-bottom:10px;border-collapse:collapse;empty-cells:show}th,td {border:1px solid #009;padding:.25em .5em}th {vertical-align:bottom}td {vertical-align:top}table a {font-weight:bold}.stripe td {background-color: #E6EBF9}.num {text-align:right}.passedodd td {background-color: #3F3}.passedeven td {background-color: #0A0}.skippedodd td {background-color: #DDD}.skippedeven td {background-color: #CCC}.failedodd td,.attn {background-color: #F33}.failedeven td,.stripe .attn {background-color: #D00}.stacktrace {white-space:pre;font-family:monospace}.totop {font-size:85%;text-align:center;border-bottom:2px solid #000}</style></head><body><table><tr><th>Test</th><th># Passed</th><th># Skipped</th><th># Failed</th><th>Time (ms)</th><th>Included Groups</th><th>Excluded Groups</th></tr><tr><th colspan="7">Automation Suite</th></tr><tr><td><a href="#t0">Rallyhood web Automation Tests_chrome</a></td><td class="num">32</td><td class="num">0</td><td class="num attn">12</td><td class="num">1,843,739</td><td>Smoke</td><td></td></tr><tr class="stripe"><td><a href="#t1">Rallyhood web Automation Tests_firefox</a></td><td class="num">31</td><td class="num">0</td><td class="num attn">13</td><td class="num">2,029,595</td><td>Smoke</td><td></td></tr><tr><th>Total</th><th class="num">63</th><th class="num">0</th><th class="num attn">25</th><th class="num">3,873,334</th><th colspan="2"></th></tr></table><table><thead><tr><th>Class</th><th>Method</th><th>Start</th><th>Time (ms)</th></tr></thead><tbody><tr><th colspan="4">Automation Suite</th></tr></tbody><tbody id="t0"><tr><th colspan="4">Rallyhood web Automation Tests_chrome &#8212; failed</th></tr><tr class="failedeven"><td rowspan="12">com.web.tests.webtestcases.rallyhood.RallyhoodtestcasesChrome</td><td><a href="#m0">RallyhoodTC_30</a></td><td rowspan="1">1511940962708</td><td rowspan="1">80462</td></tr><tr class="failedeven"><td><a href="#m1">RallyhoodTC_32</a></td><td rowspan="1">1511941071533</td><td rowspan="1">26791</td></tr><tr class="failedeven"><td><a href="#m2">RallyhoodTC_33</a></td><td rowspan="1">1511941099207</td><td rowspan="1">72481</td></tr><tr class="failedeven"><td><a href="#m3">RallyhoodTC_34</a></td><td rowspan="1">1511941172164</td><td rowspan="1">56003</td></tr><tr class="failedeven"><td><a href="#m4">RallyhoodTC_35</a></td><td rowspan="1">1511941228887</td><td rowspan="1">53751</td></tr><tr class="failedeven"><td><a href="#m5">RallyhoodTC_36</a></td><td rowspan="1">1511941283433</td><td rowspan="1">54416</td></tr><tr class="failedeven"><td><a href="#m6">RallyhoodTC_37</a></td><td rowspan="1">1511941338603</td><td rowspan="1">54061</td></tr><tr class="failedeven"><td><a href="#m7">RallyhoodTC_38</a></td><td rowspan="1">1511941393405</td><td rowspan="1">44155</td></tr><tr class="failedeven"><td><a href="#m8">RallyhoodTC_40</a></td><td rowspan="1">1511941460870</td><td rowspan="1">46820</td></tr><tr class="failedeven"><td><a href="#m9">RallyhoodTC_42</a></td><td rowspan="1">1511941612516</td><td rowspan="1">99665</td></tr><tr class="failedeven"><td><a href="#m10">RallyhoodTC_43</a></td><td rowspan="1">1511941712817</td><td rowspan="1">59282</td></tr><tr class="failedeven"><td><a href="#m11">RallyhoodTC_45</a></td><td rowspan="1">1511941795138</td><td rowspan="1">43508</td></tr><tr><th colspan="4">Rallyhood web Automation Tests_chrome &#8212; passed</th></tr><tr class="passedeven"><td rowspan="32">com.web.tests.webtestcases.rallyhood.RallyhoodtestcasesChrome</td><td><a href="#m12">RallyhoodTC_01</a></td><td rowspan="1">1511940024776</td><td rowspan="1">19130</td></tr><tr class="passedeven"><td><a href="#m13">RallyhoodTC_02</a></td><td rowspan="1">1511940044684</td><td rowspan="1">27229</td></tr><tr class="passedeven"><td><a href="#m14">RallyhoodTC_03</a></td><td rowspan="1">1511940072124</td><td rowspan="1">24183</td></tr><tr class="passedeven"><td><a href="#m15">RallyhoodTC_05</a></td><td rowspan="1">1511940096518</td><td rowspan="1">42193</td></tr><tr class="passedeven"><td><a href="#m16">RallyhoodTC_06</a></td><td rowspan="1">1511940138963</td><td rowspan="1">10903</td></tr><tr class="passedeven"><td><a href="#m17">RallyhoodTC_07</a></td><td rowspan="1">1511940149975</td><td rowspan="1">27418</td></tr><tr class="passedeven"><td><a href="#m18">RallyhoodTC_08</a></td><td rowspan="1">1511940177520</td><td rowspan="1">43265</td></tr><tr class="passedeven"><td><a href="#m19">RallyhoodTC_09</a></td><td rowspan="1">1511940220914</td><td rowspan="1">46730</td></tr><tr class="passedeven"><td><a href="#m20">RallyhoodTC_10</a></td><td rowspan="1">1511940267763</td><td rowspan="1">37592</td></tr><tr class="passedeven"><td><a href="#m21">RallyhoodTC_11</a></td><td rowspan="1">1511940305474</td><td rowspan="1">16560</td></tr><tr class="passedeven"><td><a href="#m22">RallyhoodTC_12</a></td><td rowspan="1">1511940322191</td><td rowspan="1">17878</td></tr><tr class="passedeven"><td><a href="#m23">RallyhoodTC_13</a></td><td rowspan="1">1511940340167</td><td rowspan="1">59943</td></tr><tr class="passedeven"><td><a href="#m24">RallyhoodTC_14</a></td><td rowspan="1">1511940400184</td><td rowspan="1">9370</td></tr><tr class="passedeven"><td><a href="#m25">RallyhoodTC_15</a></td><td rowspan="1">1511940409652</td><td rowspan="1">15393</td></tr><tr class="passedeven"><td><a href="#m26">RallyhoodTC_16</a></td><td rowspan="1">1511940425175</td><td rowspan="1">11423</td></tr><tr class="passedeven"><td><a href="#m27">RallyhoodTC_17</a></td><td rowspan="1">1511940436716</td><td rowspan="1">16059</td></tr><tr class="passedeven"><td><a href="#m28">RallyhoodTC_18</a></td><td rowspan="1">1511940452882</td><td rowspan="1">12995</td></tr><tr class="passedeven"><td><a href="#m29">RallyhoodTC_19</a></td><td rowspan="1">1511940465963</td><td rowspan="1">35108</td></tr><tr class="passedeven"><td><a href="#m30">RallyhoodTC_20</a></td><td rowspan="1">1511940501175</td><td rowspan="1">14193</td></tr><tr class="passedeven"><td><a href="#m31">RallyhoodTC_21</a></td><td rowspan="1">1511940515446</td><td rowspan="1">13783</td></tr><tr class="passedeven"><td><a href="#m32">RallyhoodTC_22</a></td><td rowspan="1">1511940529316</td><td rowspan="1">46514</td></tr><tr class="passedeven"><td><a href="#m33">RallyhoodTC_23</a></td><td rowspan="1">1511940575946</td><td rowspan="1">64866</td></tr><tr class="passedeven"><td><a href="#m34">RallyhoodTC_24</a></td><td rowspan="1">1511940640914</td><td rowspan="1">9928</td></tr><tr class="passedeven"><td><a href="#m35">RallyhoodTC_25</a></td><td rowspan="1">1511940650912</td><td rowspan="1">10806</td></tr><tr class="passedeven"><td><a href="#m36">RallyhoodTC_26</a></td><td rowspan="1">1511940661807</td><td rowspan="1">57670</td></tr><tr class="passedeven"><td><a href="#m37">RallyhoodTC_27</a></td><td rowspan="1">1511940719555</td><td rowspan="1">84834</td></tr><tr class="passedeven"><td><a href="#m38">RallyhoodTC_28</a></td><td rowspan="1">1511940804465</td><td rowspan="1">85883</td></tr><tr class="passedeven"><td><a href="#m39">RallyhoodTC_29</a></td><td rowspan="1">1511940890426</td><td rowspan="1">72201</td></tr><tr class="passedeven"><td><a href="#m40">RallyhoodTC_31</a></td><td rowspan="1">1511941044202</td><td rowspan="1">27261</td></tr><tr class="passedeven"><td><a href="#m41">RallyhoodTC_39</a></td><td rowspan="1">1511941438279</td><td rowspan="1">22508</td></tr><tr class="passedeven"><td><a href="#m42">RallyhoodTC_41</a></td><td rowspan="1">1511941508359</td><td rowspan="1">104088</td></tr><tr class="passedeven"><td><a href="#m43">RallyhoodTC_44</a></td><td rowspan="1">1511941772824</td><td rowspan="1">22249</td></tr></tbody><tbody id="t1"><tr><th colspan="4">Rallyhood web Automation Tests_firefox &#8212; failed</th></tr><tr class="failedeven"><td rowspan="13">com.web.tests.webtestcases.rallyhood.Rallyhoodtestcases</td><td><a href="#m44">RallyhoodTC_09</a></td><td rowspan="1">1511940250115</td><td rowspan="1">51436</td></tr><tr class="failedeven"><td><a href="#m45">RallyhoodTC_12</a></td><td rowspan="1">1511940355884</td><td rowspan="1">54823</td></tr><tr class="failedeven"><td><a href="#m46">RallyhoodTC_26</a></td><td rowspan="1">1511940756573</td><td rowspan="1">79458</td></tr><tr class="failedeven"><td><a href="#m47">RallyhoodTC_27</a></td><td rowspan="1">1511940836185</td><td rowspan="1">87930</td></tr><tr class="failedeven"><td><a href="#m48">RallyhoodTC_31</a></td><td rowspan="1">1511941161225</td><td rowspan="1">48396</td></tr><tr class="failedeven"><td><a href="#m49">RallyhoodTC_32</a></td><td rowspan="1">1511941209753</td><td rowspan="1">49216</td></tr><tr class="failedeven"><td><a href="#m50">RallyhoodTC_33</a></td><td rowspan="1">1511941259111</td><td rowspan="1">54972</td></tr><tr class="failedeven"><td><a href="#m51">RallyhoodTC_34</a></td><td rowspan="1">1511941314237</td><td rowspan="1">56445</td></tr><tr class="failedeven"><td><a href="#m52">RallyhoodTC_35</a></td><td rowspan="1">1511941370820</td><td rowspan="1">50722</td></tr><tr class="failedeven"><td><a href="#m53">RallyhoodTC_36</a></td><td rowspan="1">1511941421679</td><td rowspan="1">55839</td></tr><tr class="failedeven"><td><a href="#m54">RallyhoodTC_37</a></td><td rowspan="1">1511941477665</td><td rowspan="1">55016</td></tr><tr class="failedeven"><td><a href="#m55">RallyhoodTC_38</a></td><td rowspan="1">1511941532826</td><td rowspan="1">48884</td></tr><tr class="failedeven"><td><a href="#m56">RallyhoodTC_40</a></td><td rowspan="1">1511941600639</td><td rowspan="1">50483</td></tr><tr><th colspan="4">Rallyhood web Automation Tests_firefox &#8212; passed</th></tr><tr class="passedeven"><td rowspan="31">com.web.tests.webtestcases.rallyhood.Rallyhoodtestcases</td><td><a href="#m57">RallyhoodTC_01</a></td><td rowspan="1">1511940024670</td><td rowspan="1">36696</td></tr><tr class="passedeven"><td><a href="#m58">RallyhoodTC_02</a></td><td rowspan="1">1511940061571</td><td rowspan="1">20874</td></tr><tr class="passedeven"><td><a href="#m59">RallyhoodTC_03</a></td><td rowspan="1">1511940082696</td><td rowspan="1">25713</td></tr><tr class="passedeven"><td><a href="#m60">RallyhoodTC_05</a></td><td rowspan="1">1511940108600</td><td rowspan="1">54140</td></tr><tr class="passedeven"><td><a href="#m61">RallyhoodTC_06</a></td><td rowspan="1">1511940162869</td><td rowspan="1">10596</td></tr><tr class="passedeven"><td><a href="#m62">RallyhoodTC_07</a></td><td rowspan="1">1511940173565</td><td rowspan="1">32136</td></tr><tr class="passedeven"><td><a href="#m63">RallyhoodTC_08</a></td><td rowspan="1">1511940205846</td><td rowspan="1">44091</td></tr><tr class="passedeven"><td><a href="#m64">RallyhoodTC_10</a></td><td rowspan="1">1511940301778</td><td rowspan="1">36189</td></tr><tr class="passedeven"><td><a href="#m65">RallyhoodTC_11</a></td><td rowspan="1">1511940338123</td><td rowspan="1">17646</td></tr><tr class="passedeven"><td><a href="#m66">RallyhoodTC_13</a></td><td rowspan="1">1511940410942</td><td rowspan="1">69614</td></tr><tr class="passedeven"><td><a href="#m67">RallyhoodTC_14</a></td><td rowspan="1">1511940480637</td><td rowspan="1">11396</td></tr><tr class="passedeven"><td><a href="#m68">RallyhoodTC_15</a></td><td rowspan="1">1511940492110</td><td rowspan="1">12867</td></tr><tr class="passedeven"><td><a href="#m69">RallyhoodTC_16</a></td><td rowspan="1">1511940505082</td><td rowspan="1">13211</td></tr><tr class="passedeven"><td><a href="#m70">RallyhoodTC_17</a></td><td rowspan="1">1511940518366</td><td rowspan="1">17228</td></tr><tr class="passedeven"><td><a href="#m71">RallyhoodTC_18</a></td><td rowspan="1">1511940535667</td><td rowspan="1">16008</td></tr><tr class="passedeven"><td><a href="#m72">RallyhoodTC_19</a></td><td rowspan="1">1511940551844</td><td rowspan="1">34186</td></tr><tr class="passedeven"><td><a href="#m73">RallyhoodTC_20</a></td><td rowspan="1">1511940586105</td><td rowspan="1">19116</td></tr><tr class="passedeven"><td><a href="#m74">RallyhoodTC_21</a></td><td rowspan="1">1511940605287</td><td rowspan="1">14453</td></tr><tr class="passedeven"><td><a href="#m75">RallyhoodTC_22</a></td><td rowspan="1">1511940619807</td><td rowspan="1">51692</td></tr><tr class="passedeven"><td><a href="#m76">RallyhoodTC_23</a></td><td rowspan="1">1511940671606</td><td rowspan="1">58166</td></tr><tr class="passedeven"><td><a href="#m77">RallyhoodTC_24</a></td><td rowspan="1">1511940729845</td><td rowspan="1">13430</td></tr><tr class="passedeven"><td><a href="#m78">RallyhoodTC_25</a></td><td rowspan="1">1511940743341</td><td rowspan="1">13148</td></tr><tr class="passedeven"><td><a href="#m79">RallyhoodTC_28</a></td><td rowspan="1">1511940924234</td><td rowspan="1">89267</td></tr><tr class="passedeven"><td><a href="#m80">RallyhoodTC_29</a></td><td rowspan="1">1511941013592</td><td rowspan="1">74498</td></tr><tr class="passedeven"><td><a href="#m81">RallyhoodTC_30</a></td><td rowspan="1">1511941088158</td><td rowspan="1">72974</td></tr><tr class="passedeven"><td><a href="#m82">RallyhoodTC_39</a></td><td rowspan="1">1511941581865</td><td rowspan="1">18704</td></tr><tr class="passedeven"><td><a href="#m83">RallyhoodTC_41</a></td><td rowspan="1">1511941651277</td><td rowspan="1">115185</td></tr><tr class="passedeven"><td><a href="#m84">RallyhoodTC_42</a></td><td rowspan="1">1511941766544</td><td rowspan="1">110048</td></tr><tr class="passedeven"><td><a href="#m85">RallyhoodTC_43</a></td><td rowspan="1">1511941876691</td><td rowspan="1">106543</td></tr><tr class="passedeven"><td><a href="#m86">RallyhoodTC_44</a></td><td rowspan="1">1511941983369</td><td rowspan="1">20804</td></tr><tr class="passedeven"><td><a href="#m87">RallyhoodTC_45</a></td><td rowspan="1">1511942004247</td><td rowspan="1">20985</td></tr></tbody></table><h2>Rallyhood web Automation Tests_chrome</h2><h3 id="m0">com.web.tests.webtestcases.rallyhood.RallyhoodtestcasesChrome#RallyhoodTC_30</h3><table class="result"><tr class="param"><th>Parameter #1</th><th>Parameter #2</th></tr><tr class="param stripe"><td>com.web.tests.rallyhood.RHhomeDP@1994590d</td><td>org.testng.TestRunner@21a5972c</td></tr><tr><th colspan="2">Messages</th></tr><tr><td colspan="2"><div class="messages">TC Description : Verifying user is able to post comment for an event available and verify all options are working properly for ALL available Events<br/>Rallyhood Total Events Present is:: 2<br/>Rallyhood Events #1 is present and Clickable<br/>Lable Attending? of Event is displayed<br/>'Yes' Button of Event is displayed and enabled<br/>'NO' Button of Event is displayed and enabled<br/>Comments Textbox of Event - is displayed and enabled<br/>'Post a comment' textbox of Event is Clicked<br/>Comments Text area to enter comment for an Event - is Enabled and displayed<br/>'Post a comment' Actual textarea of Event is Clicked<br/>Comments Cancel Button is Enabled and Displayed<br/>Cancel Button of Comments section of an Event - is enabled and Clicked<br/>Comments Textbox of Event - is displayed and enabled<br/>'Post a comment' textbox of Event is Clicked<br/>Comments Text area to enter comment for an Event - is Enabled and displayed<br/>'Post a comment' Actual textarea of Event is Clicked<br/>User Enters a comment in Comments field: Test Comment Automation<br/>Comments Save Button is Displayed<br/>Comments Cancel Button is Enabled and Displayed<br/>Save Button of Comments section of an Event - is enabled and Clicked<br/>- - - - - - - - - - - - - -     - - - - - - - - - - - - - - - - - - - - - - - - - - - - - - - - <br/>Rallyhood Events #2 is present and Clickable</div></td></tr><tr><th colspan="2">Exception</th></tr><tr><td colspan="2"><div class="stacktrace">java.lang.AssertionError: Test case failed due to exception no such element: Unable to locate element: {&quot;method&quot;:&quot;xpath&quot;,&quot;selector&quot;:&quot;//article[@class=&apos;participation ember-view none&apos;]//div[@class=&apos;rsvp is-none&apos;]//span[@class=&apos;prompt&apos;]&quot;}
  (Session info: chrome=62.0.3202.94)
  (Driver info: chromedriver=2.33.506120 (e3e53437346286c0bc2d2dc9aa4915ba81d9023f),platform=Windows NT 6.1.7601 SP1 x86_64) (WARNING: The server did not provide any stacktrace information)
Command duration or timeout: 0 milliseconds
For documentation on this error, please visit: http://seleniumhq.org/exceptions/no_such_element.html
Build info: version: &apos;3.6.0&apos;, revision: &apos;6fbf3ec767&apos;, time: &apos;2017-09-27T15:28:36.4Z&apos;
System info: host: &apos;IM-LP-322&apos;, ip: &apos;192.168.205.116&apos;, os.name: &apos;Windows 7&apos;, os.arch: &apos;amd64&apos;, os.version: &apos;6.1&apos;, java.version: &apos;1.8.0_151&apos;
Driver info: org.openqa.selenium.chrome.ChromeDriver
Capabilities [{mobileEmulationEnabled=false, hasTouchScreen=false, platform=XP, acceptSslCerts=true, webStorageEnabled=true, browserName=chrome, takesScreenshot=true, javascriptEnabled=true, platformName=XP, setWindowRect=true, unexpectedAlertBehaviour=, applicationCacheEnabled=false, rotatable=false, networkConnectionEnabled=false, chrome={chromedriverVersion=2.33.506120 (e3e53437346286c0bc2d2dc9aa4915ba81d9023f), userDataDir=C:\Users\MBARAG~1\AppData\Local\Temp\scoped_dir2504_14824}, takesHeapSnapshot=true, pageLoadStrategy=normal, unhandledPromptBehavior=, databaseEnabled=false, handlesAlerts=true, version=62.0.3202.94, browserConnectionEnabled=false, nativeEvents=true, locationContextEnabled=true, cssSelectorsEnabled=true}]
Session ID: 5ba1a105d2a296cfbf4a98faa99342bf
*** Element info: {Using=xpath, value=//article[@class=&apos;participation ember-view none&apos;]//div[@class=&apos;rsvp is-none&apos;]//span[@class=&apos;prompt&apos;]} expected [true] but found [false]
	at com.web.tests.rallyhood.RHhomeChrome.Event_ATTENDING_Lable_Presence(RHhomeChrome.java:490)
	at com.web.tests.rallyhood.RHhomeChrome.Multiple_Event_CommentsPostOptions_Validation(RHhomeChrome.java:1668)
	at com.web.tests.webtestcases.rallyhood.RallyhoodtestcasesChrome.RallyhoodTC_30(RallyhoodtestcasesChrome.java:388)
	at java.util.concurrent.FutureTask.run(Unknown Source)
	at java.util.concurrent.ThreadPoolExecutor.runWorker(Unknown Source)
	at java.util.concurrent.ThreadPoolExecutor$Worker.run(Unknown Source)
	at java.lang.Thread.run(Unknown Source)
... Removed 19 stack frames</div></td></tr></table><p class="totop"><a href="#summary">back to summary</a></p><h3 id="m1">com.web.tests.webtestcases.rallyhood.RallyhoodtestcasesChrome#RallyhoodTC_32</h3><table class="result"><tr class="param"><th>Parameter #1</th><th>Parameter #2</th></tr><tr class="param stripe"><td>com.web.tests.rallyhood.RHhomeDP@11fdeb6e</td><td>org.testng.TestRunner@21a5972c</td></tr><tr><th colspan="2">Messages</th></tr><tr><td colspan="2"><div class="messages">TC Description : Verifying user is able to post comment for an event available and verify Author/Entered Comment/Entered Time of ALL available Events<br/>Rallyhood Total Events Present is:: 2<br/>Rallyhood Events #1 is present and Clickable<br/>Lable Attending? of Event is displayed<br/>'Yes' Button of Event is displayed and enabled<br/>'NO' Button of Event is displayed and enabled<br/>Comments Textbox of Event - is displayed and enabled<br/>'Post a comment' textbox of Event is Clicked<br/>Comments Text area to enter comment for an Event - is Enabled and displayed<br/>'Post a comment' Actual textarea of Event is Clicked<br/>User Enters a comment in Comments field: Test Comment Automation<br/>Comments Save Button is Displayed<br/>Comments Cancel Button is Enabled and Displayed<br/>Save Button of Comments section of an Event - is enabled and Clicked<br/>Author Value for Latest comment of Event - is displayed : Kiran Kumar<br/>Entered Text Value for Latest comment of Event - is displayed  Test Comment Automation<br/>When the latest comment was commented by user for an Event is present - is displayed: 2 minutes ago<br/>- - - - - - - - - - - - - -     - - - - - - - - - - - - - - - - - - - - - - - - - - - - - - - - </div></td></tr><tr><th colspan="2">Exception</th></tr><tr><td colspan="2"><div class="stacktrace">java.lang.AssertionError: Test case failed due to exception unknown error: Element &lt;a href=&quot;/embed/29594/events/1491358/social&quot; id=&quot;ember507&quot; class=&quot;event ember-view&quot;&gt;...&lt;/a&gt; is not clickable at point (711, 80). Other element would receive the click: &lt;img src=&quot;https://s3.amazonaws.com/rallyhood_production/public/system/rally_avatars/29606/large/staging_rally_29606_avatar.jpeg?1510242961&quot; alt=&quot;Swim Class&quot; class=&quot;avatar rux-ripple&quot;&gt;
  (Session info: chrome=62.0.3202.94)
  (Driver info: chromedriver=2.33.506120 (e3e53437346286c0bc2d2dc9aa4915ba81d9023f),platform=Windows NT 6.1.7601 SP1 x86_64) (WARNING: The server did not provide any stacktrace information)
Command duration or timeout: 0 milliseconds
Build info: version: &apos;3.6.0&apos;, revision: &apos;6fbf3ec767&apos;, time: &apos;2017-09-27T15:28:36.4Z&apos;
System info: host: &apos;IM-LP-322&apos;, ip: &apos;192.168.205.116&apos;, os.name: &apos;Windows 7&apos;, os.arch: &apos;amd64&apos;, os.version: &apos;6.1&apos;, java.version: &apos;1.8.0_151&apos;
Driver info: org.openqa.selenium.chrome.ChromeDriver
Capabilities [{mobileEmulationEnabled=false, hasTouchScreen=false, platform=XP, acceptSslCerts=true, webStorageEnabled=true, browserName=chrome, takesScreenshot=true, javascriptEnabled=true, platformName=XP, setWindowRect=true, unexpectedAlertBehaviour=, applicationCacheEnabled=false, rotatable=false, networkConnectionEnabled=false, chrome={chromedriverVersion=2.33.506120 (e3e53437346286c0bc2d2dc9aa4915ba81d9023f), userDataDir=C:\Users\MBARAG~1\AppData\Local\Temp\scoped_dir2504_14824}, takesHeapSnapshot=true, pageLoadStrategy=normal, unhandledPromptBehavior=, databaseEnabled=false, handlesAlerts=true, version=62.0.3202.94, browserConnectionEnabled=false, nativeEvents=true, locationContextEnabled=true, cssSelectorsEnabled=true}]
Session ID: 5ba1a105d2a296cfbf4a98faa99342bf expected [true] but found [false]
	at com.web.tests.rallyhood.RHhomeChrome.Multiple_Event_AfterCommentPOST_VerifyCommentsValue(RHhomeChrome.java:1790)
	at com.web.tests.webtestcases.rallyhood.RallyhoodtestcasesChrome.RallyhoodTC_32(RallyhoodtestcasesChrome.java:406)
	at java.util.concurrent.FutureTask.run(Unknown Source)
	at java.util.concurrent.ThreadPoolExecutor.runWorker(Unknown Source)
	at java.util.concurrent.ThreadPoolExecutor$Worker.run(Unknown Source)
	at java.lang.Thread.run(Unknown Source)
... Removed 19 stack frames</div></td></tr></table><p class="totop"><a href="#summary">back to summary</a></p><h3 id="m2">com.web.tests.webtestcases.rallyhood.RallyhoodtestcasesChrome#RallyhoodTC_33</h3><table class="result"><tr class="param"><th>Parameter #1</th><th>Parameter #2</th></tr><tr class="param stripe"><td>com.web.tests.rallyhood.RHhomeDP@33a98e8d</td><td>org.testng.TestRunner@21a5972c</td></tr><tr><th colspan="2">Messages</th></tr><tr><td colspan="2"><div class="messages">TC Description : Verifying user is able to post comment for an event available and verify Comment Screen all options when Attending 'Yes' is selected for an Events<br/>Rallyhood home screen have Events Listed and Clickable<br/>Lable Attending? of Event is displayed<br/>'Yes' Button of Event is displayed and enabled<br/>'NO' Button of Event is displayed and enabled<br/>'Yes' Button of Event is Clicked<br/>Calander icon of Event is displayed<br/>Change Button of Event when yes is clicked - is displayed and enabled<br/>Comments Textbox of Event - is displayed and enabled<br/>'Post a comment' textbox of Event is Clicked<br/>Comments Text area to enter comment for an Event - is Enabled and displayed<br/>'Post a comment' Actual textarea of Event is Clicked<br/>User Enters a comment in Comments field: Test Comment Automation<br/>Comments Save Button is Displayed<br/>Comments Cancel Button is Enabled and Displayed<br/>Save Button of Comments section of an Event - is enabled and Clicked<br/>Author Value for Latest comment of Event - is displayed : Kiran Kumar<br/>Entered Text Value for Latest comment of Event - is displayed  Test Comment Automation<br/>When the latest comment was commented by user for an Event is present - is displayed: 2 minutes ago<br/>Change Button of Event when yes is clicked - is Enabled and Clicked</div></td></tr><tr><th colspan="2">Exception</th></tr><tr><td colspan="2"><div class="stacktrace">java.lang.AssertionError: Test case failed due to exception no such element: Unable to locate element: {&quot;method&quot;:&quot;xpath&quot;,&quot;selector&quot;:&quot;//article[@class=&apos;participation ember-view none&apos;]//div[@class=&apos;rsvp is-none&apos;]//span[@class=&apos;prompt&apos;]&quot;}
  (Session info: chrome=62.0.3202.94)
  (Driver info: chromedriver=2.33.506120 (e3e53437346286c0bc2d2dc9aa4915ba81d9023f),platform=Windows NT 6.1.7601 SP1 x86_64) (WARNING: The server did not provide any stacktrace information)
Command duration or timeout: 0 milliseconds
For documentation on this error, please visit: http://seleniumhq.org/exceptions/no_such_element.html
Build info: version: &apos;3.6.0&apos;, revision: &apos;6fbf3ec767&apos;, time: &apos;2017-09-27T15:28:36.4Z&apos;
System info: host: &apos;IM-LP-322&apos;, ip: &apos;192.168.205.116&apos;, os.name: &apos;Windows 7&apos;, os.arch: &apos;amd64&apos;, os.version: &apos;6.1&apos;, java.version: &apos;1.8.0_151&apos;
Driver info: org.openqa.selenium.chrome.ChromeDriver
Capabilities [{mobileEmulationEnabled=false, hasTouchScreen=false, platform=XP, acceptSslCerts=true, webStorageEnabled=true, browserName=chrome, takesScreenshot=true, javascriptEnabled=true, platformName=XP, setWindowRect=true, unexpectedAlertBehaviour=, applicationCacheEnabled=false, rotatable=false, networkConnectionEnabled=false, chrome={chromedriverVersion=2.33.506120 (e3e53437346286c0bc2d2dc9aa4915ba81d9023f), userDataDir=C:\Users\MBARAG~1\AppData\Local\Temp\scoped_dir2504_14824}, takesHeapSnapshot=true, pageLoadStrategy=normal, unhandledPromptBehavior=, databaseEnabled=false, handlesAlerts=true, version=62.0.3202.94, browserConnectionEnabled=false, nativeEvents=true, locationContextEnabled=true, cssSelectorsEnabled=true}]
Session ID: 5ba1a105d2a296cfbf4a98faa99342bf
*** Element info: {Using=xpath, value=//article[@class=&apos;participation ember-view none&apos;]//div[@class=&apos;rsvp is-none&apos;]//span[@class=&apos;prompt&apos;]} expected [true] but found [false]
	at com.web.tests.rallyhood.RHhomeChrome.Event_ATTENDING_Lable_Presence(RHhomeChrome.java:490)
	at com.web.tests.rallyhood.RHhomeChrome.Single_Event_SelectionYES_VerifyComments_CommentedValues(RHhomeChrome.java:1832)
	at com.web.tests.webtestcases.rallyhood.RallyhoodtestcasesChrome.RallyhoodTC_33(RallyhoodtestcasesChrome.java:416)
	at java.util.concurrent.FutureTask.run(Unknown Source)
	at java.util.concurrent.ThreadPoolExecutor.runWorker(Unknown Source)
	at java.util.concurrent.ThreadPoolExecutor$Worker.run(Unknown Source)
	at java.lang.Thread.run(Unknown Source)
... Removed 19 stack frames</div></td></tr></table><p class="totop"><a href="#summary">back to summary</a></p><h3 id="m3">com.web.tests.webtestcases.rallyhood.RallyhoodtestcasesChrome#RallyhoodTC_34</h3><table class="result"><tr class="param"><th>Parameter #1</th><th>Parameter #2</th></tr><tr class="param stripe"><td>com.web.tests.rallyhood.RHhomeDP@77ceb74e</td><td>org.testng.TestRunner@21a5972c</td></tr><tr><th colspan="2">Messages</th></tr><tr><td colspan="2"><div class="messages">TC Description : Verifying user is able to post comment for an event available and verify Comment Screen all options when Attending 'Yes' is selected for ALL available Events<br/>Rallyhood Total Events Present is:: 2<br/>Rallyhood Events #1 is present and Clickable</div></td></tr><tr><th colspan="2">Exception</th></tr><tr><td colspan="2"><div class="stacktrace">java.lang.AssertionError: Test case failed due to exception no such element: Unable to locate element: {&quot;method&quot;:&quot;xpath&quot;,&quot;selector&quot;:&quot;//article[@class=&apos;participation ember-view none&apos;]//div[@class=&apos;rsvp is-none&apos;]//span[@class=&apos;prompt&apos;]&quot;}
  (Session info: chrome=62.0.3202.94)
  (Driver info: chromedriver=2.33.506120 (e3e53437346286c0bc2d2dc9aa4915ba81d9023f),platform=Windows NT 6.1.7601 SP1 x86_64) (WARNING: The server did not provide any stacktrace information)
Command duration or timeout: 0 milliseconds
For documentation on this error, please visit: http://seleniumhq.org/exceptions/no_such_element.html
Build info: version: &apos;3.6.0&apos;, revision: &apos;6fbf3ec767&apos;, time: &apos;2017-09-27T15:28:36.4Z&apos;
System info: host: &apos;IM-LP-322&apos;, ip: &apos;192.168.205.116&apos;, os.name: &apos;Windows 7&apos;, os.arch: &apos;amd64&apos;, os.version: &apos;6.1&apos;, java.version: &apos;1.8.0_151&apos;
Driver info: org.openqa.selenium.chrome.ChromeDriver
Capabilities [{mobileEmulationEnabled=false, hasTouchScreen=false, platform=XP, acceptSslCerts=true, webStorageEnabled=true, browserName=chrome, takesScreenshot=true, javascriptEnabled=true, platformName=XP, setWindowRect=true, unexpectedAlertBehaviour=, applicationCacheEnabled=false, rotatable=false, networkConnectionEnabled=false, chrome={chromedriverVersion=2.33.506120 (e3e53437346286c0bc2d2dc9aa4915ba81d9023f), userDataDir=C:\Users\MBARAG~1\AppData\Local\Temp\scoped_dir2504_14824}, takesHeapSnapshot=true, pageLoadStrategy=normal, unhandledPromptBehavior=, databaseEnabled=false, handlesAlerts=true, version=62.0.3202.94, browserConnectionEnabled=false, nativeEvents=true, locationContextEnabled=true, cssSelectorsEnabled=true}]
Session ID: 5ba1a105d2a296cfbf4a98faa99342bf
*** Element info: {Using=xpath, value=//article[@class=&apos;participation ember-view none&apos;]//div[@class=&apos;rsvp is-none&apos;]//span[@class=&apos;prompt&apos;]} expected [true] but found [false]
	at com.web.tests.rallyhood.RHhomeChrome.Event_ATTENDING_Lable_Presence(RHhomeChrome.java:490)
	at com.web.tests.rallyhood.RHhomeChrome.Multiple_Event_SelectionYES_VerifyComments_CommentedValues(RHhomeChrome.java:1858)
	at com.web.tests.webtestcases.rallyhood.RallyhoodtestcasesChrome.RallyhoodTC_34(RallyhoodtestcasesChrome.java:425)
	at java.util.concurrent.FutureTask.run(Unknown Source)
	at java.util.concurrent.ThreadPoolExecutor.runWorker(Unknown Source)
	at java.util.concurrent.ThreadPoolExecutor$Worker.run(Unknown Source)
	at java.lang.Thread.run(Unknown Source)
... Removed 19 stack frames</div></td></tr></table><p class="totop"><a href="#summary">back to summary</a></p><h3 id="m4">com.web.tests.webtestcases.rallyhood.RallyhoodtestcasesChrome#RallyhoodTC_35</h3><table class="result"><tr class="param"><th>Parameter #1</th><th>Parameter #2</th></tr><tr class="param stripe"><td>com.web.tests.rallyhood.RHhomeDP@1f572b95</td><td>org.testng.TestRunner@21a5972c</td></tr><tr><th colspan="2">Messages</th></tr><tr><td colspan="2"><div class="messages">TC Description : Verifying user is able to post comment for an event available and verify Comment Screen all options when Attending 'NO' is selected for an Events<br/>Rallyhood home screen have Events Listed and Clickable</div></td></tr><tr><th colspan="2">Exception</th></tr><tr><td colspan="2"><div class="stacktrace">java.lang.AssertionError: Test case failed due to exception no such element: Unable to locate element: {&quot;method&quot;:&quot;xpath&quot;,&quot;selector&quot;:&quot;//article[@class=&apos;participation ember-view none&apos;]//div[@class=&apos;rsvp is-none&apos;]//span[@class=&apos;prompt&apos;]&quot;}
  (Session info: chrome=62.0.3202.94)
  (Driver info: chromedriver=2.33.506120 (e3e53437346286c0bc2d2dc9aa4915ba81d9023f),platform=Windows NT 6.1.7601 SP1 x86_64) (WARNING: The server did not provide any stacktrace information)
Command duration or timeout: 0 milliseconds
For documentation on this error, please visit: http://seleniumhq.org/exceptions/no_such_element.html
Build info: version: &apos;3.6.0&apos;, revision: &apos;6fbf3ec767&apos;, time: &apos;2017-09-27T15:28:36.4Z&apos;
System info: host: &apos;IM-LP-322&apos;, ip: &apos;192.168.205.116&apos;, os.name: &apos;Windows 7&apos;, os.arch: &apos;amd64&apos;, os.version: &apos;6.1&apos;, java.version: &apos;1.8.0_151&apos;
Driver info: org.openqa.selenium.chrome.ChromeDriver
Capabilities [{mobileEmulationEnabled=false, hasTouchScreen=false, platform=XP, acceptSslCerts=true, webStorageEnabled=true, browserName=chrome, takesScreenshot=true, javascriptEnabled=true, platformName=XP, setWindowRect=true, unexpectedAlertBehaviour=, applicationCacheEnabled=false, rotatable=false, networkConnectionEnabled=false, chrome={chromedriverVersion=2.33.506120 (e3e53437346286c0bc2d2dc9aa4915ba81d9023f), userDataDir=C:\Users\MBARAG~1\AppData\Local\Temp\scoped_dir2504_14824}, takesHeapSnapshot=true, pageLoadStrategy=normal, unhandledPromptBehavior=, databaseEnabled=false, handlesAlerts=true, version=62.0.3202.94, browserConnectionEnabled=false, nativeEvents=true, locationContextEnabled=true, cssSelectorsEnabled=true}]
Session ID: 5ba1a105d2a296cfbf4a98faa99342bf
*** Element info: {Using=xpath, value=//article[@class=&apos;participation ember-view none&apos;]//div[@class=&apos;rsvp is-none&apos;]//span[@class=&apos;prompt&apos;]} expected [true] but found [false]
	at com.web.tests.rallyhood.RHhomeChrome.Event_ATTENDING_Lable_Presence(RHhomeChrome.java:490)
	at com.web.tests.rallyhood.RHhomeChrome.Single_Event_SelectionNO_VerifyComments_CommentedValues(RHhomeChrome.java:1909)
	at com.web.tests.webtestcases.rallyhood.RallyhoodtestcasesChrome.RallyhoodTC_35(RallyhoodtestcasesChrome.java:434)
	at java.util.concurrent.FutureTask.run(Unknown Source)
	at java.util.concurrent.ThreadPoolExecutor.runWorker(Unknown Source)
	at java.util.concurrent.ThreadPoolExecutor$Worker.run(Unknown Source)
	at java.lang.Thread.run(Unknown Source)
... Removed 19 stack frames</div></td></tr></table><p class="totop"><a href="#summary">back to summary</a></p><h3 id="m5">com.web.tests.webtestcases.rallyhood.RallyhoodtestcasesChrome#RallyhoodTC_36</h3><table class="result"><tr class="param"><th>Parameter #1</th><th>Parameter #2</th></tr><tr class="param stripe"><td>com.web.tests.rallyhood.RHhomeDP@3278bf74</td><td>org.testng.TestRunner@21a5972c</td></tr><tr><th colspan="2">Messages</th></tr><tr><td colspan="2"><div class="messages">TC Description : Verifying user is able to post comment for an event available and verify Comment Screen all options when Attending 'NO' is selected for ALL available Events<br/>Rallyhood Total Events Present is:: 2<br/>Rallyhood Events #1 is present and Clickable</div></td></tr><tr><th colspan="2">Exception</th></tr><tr><td colspan="2"><div class="stacktrace">java.lang.AssertionError: Test case failed due to exception no such element: Unable to locate element: {&quot;method&quot;:&quot;xpath&quot;,&quot;selector&quot;:&quot;//article[@class=&apos;participation ember-view none&apos;]//div[@class=&apos;rsvp is-none&apos;]//span[@class=&apos;prompt&apos;]&quot;}
  (Session info: chrome=62.0.3202.94)
  (Driver info: chromedriver=2.33.506120 (e3e53437346286c0bc2d2dc9aa4915ba81d9023f),platform=Windows NT 6.1.7601 SP1 x86_64) (WARNING: The server did not provide any stacktrace information)
Command duration or timeout: 0 milliseconds
For documentation on this error, please visit: http://seleniumhq.org/exceptions/no_such_element.html
Build info: version: &apos;3.6.0&apos;, revision: &apos;6fbf3ec767&apos;, time: &apos;2017-09-27T15:28:36.4Z&apos;
System info: host: &apos;IM-LP-322&apos;, ip: &apos;192.168.205.116&apos;, os.name: &apos;Windows 7&apos;, os.arch: &apos;amd64&apos;, os.version: &apos;6.1&apos;, java.version: &apos;1.8.0_151&apos;
Driver info: org.openqa.selenium.chrome.ChromeDriver
Capabilities [{mobileEmulationEnabled=false, hasTouchScreen=false, platform=XP, acceptSslCerts=true, webStorageEnabled=true, browserName=chrome, takesScreenshot=true, javascriptEnabled=true, platformName=XP, setWindowRect=true, unexpectedAlertBehaviour=, applicationCacheEnabled=false, rotatable=false, networkConnectionEnabled=false, chrome={chromedriverVersion=2.33.506120 (e3e53437346286c0bc2d2dc9aa4915ba81d9023f), userDataDir=C:\Users\MBARAG~1\AppData\Local\Temp\scoped_dir2504_14824}, takesHeapSnapshot=true, pageLoadStrategy=normal, unhandledPromptBehavior=, databaseEnabled=false, handlesAlerts=true, version=62.0.3202.94, browserConnectionEnabled=false, nativeEvents=true, locationContextEnabled=true, cssSelectorsEnabled=true}]
Session ID: 5ba1a105d2a296cfbf4a98faa99342bf
*** Element info: {Using=xpath, value=//article[@class=&apos;participation ember-view none&apos;]//div[@class=&apos;rsvp is-none&apos;]//span[@class=&apos;prompt&apos;]} expected [true] but found [false]
	at com.web.tests.rallyhood.RHhomeChrome.Event_ATTENDING_Lable_Presence(RHhomeChrome.java:490)
	at com.web.tests.rallyhood.RHhomeChrome.Multiple_Event_SelectionNO_VerifyComments_CommentedValues(RHhomeChrome.java:1961)
	at com.web.tests.webtestcases.rallyhood.RallyhoodtestcasesChrome.RallyhoodTC_36(RallyhoodtestcasesChrome.java:443)
	at java.util.concurrent.FutureTask.run(Unknown Source)
	at java.util.concurrent.ThreadPoolExecutor.runWorker(Unknown Source)
	at java.util.concurrent.ThreadPoolExecutor$Worker.run(Unknown Source)
	at java.lang.Thread.run(Unknown Source)
... Removed 19 stack frames</div></td></tr></table><p class="totop"><a href="#summary">back to summary</a></p><h3 id="m6">com.web.tests.webtestcases.rallyhood.RallyhoodtestcasesChrome#RallyhoodTC_37</h3><table class="result"><tr class="param"><th>Parameter #1</th><th>Parameter #2</th></tr><tr class="param stripe"><td>com.web.tests.rallyhood.RHhomeDP@5f0f2a2f</td><td>org.testng.TestRunner@21a5972c</td></tr><tr><th colspan="2">Messages</th></tr><tr><td colspan="2"><div class="messages">TC Description : Verifying user is able to land on same page after refreshing the page, after clicking 'Yes' to attend for All available Events<br/>Rallyhood Total Events Present is:: 2<br/>Rallyhood Events #1 is present and Clickable</div></td></tr><tr><th colspan="2">Exception</th></tr><tr><td colspan="2"><div class="stacktrace">java.lang.AssertionError: Test case failed due to exception no such element: Unable to locate element: {&quot;method&quot;:&quot;xpath&quot;,&quot;selector&quot;:&quot;//article[@class=&apos;participation ember-view none&apos;]//div[@class=&apos;rsvp is-none&apos;]//span[@class=&apos;prompt&apos;]&quot;}
  (Session info: chrome=62.0.3202.94)
  (Driver info: chromedriver=2.33.506120 (e3e53437346286c0bc2d2dc9aa4915ba81d9023f),platform=Windows NT 6.1.7601 SP1 x86_64) (WARNING: The server did not provide any stacktrace information)
Command duration or timeout: 0 milliseconds
For documentation on this error, please visit: http://seleniumhq.org/exceptions/no_such_element.html
Build info: version: &apos;3.6.0&apos;, revision: &apos;6fbf3ec767&apos;, time: &apos;2017-09-27T15:28:36.4Z&apos;
System info: host: &apos;IM-LP-322&apos;, ip: &apos;192.168.205.116&apos;, os.name: &apos;Windows 7&apos;, os.arch: &apos;amd64&apos;, os.version: &apos;6.1&apos;, java.version: &apos;1.8.0_151&apos;
Driver info: org.openqa.selenium.chrome.ChromeDriver
Capabilities [{mobileEmulationEnabled=false, hasTouchScreen=false, platform=XP, acceptSslCerts=true, webStorageEnabled=true, browserName=chrome, takesScreenshot=true, javascriptEnabled=true, platformName=XP, setWindowRect=true, unexpectedAlertBehaviour=, applicationCacheEnabled=false, rotatable=false, networkConnectionEnabled=false, chrome={chromedriverVersion=2.33.506120 (e3e53437346286c0bc2d2dc9aa4915ba81d9023f), userDataDir=C:\Users\MBARAG~1\AppData\Local\Temp\scoped_dir2504_14824}, takesHeapSnapshot=true, pageLoadStrategy=normal, unhandledPromptBehavior=, databaseEnabled=false, handlesAlerts=true, version=62.0.3202.94, browserConnectionEnabled=false, nativeEvents=true, locationContextEnabled=true, cssSelectorsEnabled=true}]
Session ID: 5ba1a105d2a296cfbf4a98faa99342bf
*** Element info: {Using=xpath, value=//article[@class=&apos;participation ember-view none&apos;]//div[@class=&apos;rsvp is-none&apos;]//span[@class=&apos;prompt&apos;]} expected [true] but found [false]
	at com.web.tests.rallyhood.RHhomeChrome.Event_ATTENDING_Lable_Presence(RHhomeChrome.java:490)
	at com.web.tests.rallyhood.RHhomeChrome.Multiple_Event_Screen_AttendingEvent_PageRefresh_LandingSamePage(RHhomeChrome.java:2065)
	at com.web.tests.webtestcases.rallyhood.RallyhoodtestcasesChrome.RallyhoodTC_37(RallyhoodtestcasesChrome.java:453)
	at java.util.concurrent.FutureTask.run(Unknown Source)
	at java.util.concurrent.ThreadPoolExecutor.runWorker(Unknown Source)
	at java.util.concurrent.ThreadPoolExecutor$Worker.run(Unknown Source)
	at java.lang.Thread.run(Unknown Source)
... Removed 19 stack frames</div></td></tr></table><p class="totop"><a href="#summary">back to summary</a></p><h3 id="m7">com.web.tests.webtestcases.rallyhood.RallyhoodtestcasesChrome#RallyhoodTC_38</h3><table class="result"><tr class="param"><th>Parameter #1</th><th>Parameter #2</th></tr><tr class="param stripe"><td>com.web.tests.rallyhood.RHhomeDP@653c43de</td><td>org.testng.TestRunner@21a5972c</td></tr><tr><th colspan="2">Messages</th></tr><tr><td colspan="2"><div class="messages">TC Description : 'Read More' link to view full content of an Event is enabled and Clicked for all available Events <br/>Rallyhood Total Events Present is:: 2<br/>Rallyhood Events #1 is present and Clickable</div></td></tr><tr><th colspan="2">Exception</th></tr><tr><td colspan="2"><div class="stacktrace">java.lang.AssertionError: Test case failed due to exception no such element: Unable to locate element: {&quot;method&quot;:&quot;xpath&quot;,&quot;selector&quot;:&quot;//article[@class=&apos;participation ember-view none&apos;]//div[@class=&apos;rsvp is-none&apos;]//span[@class=&apos;prompt&apos;]&quot;}
  (Session info: chrome=62.0.3202.94)
  (Driver info: chromedriver=2.33.506120 (e3e53437346286c0bc2d2dc9aa4915ba81d9023f),platform=Windows NT 6.1.7601 SP1 x86_64) (WARNING: The server did not provide any stacktrace information)
Command duration or timeout: 0 milliseconds
For documentation on this error, please visit: http://seleniumhq.org/exceptions/no_such_element.html
Build info: version: &apos;3.6.0&apos;, revision: &apos;6fbf3ec767&apos;, time: &apos;2017-09-27T15:28:36.4Z&apos;
System info: host: &apos;IM-LP-322&apos;, ip: &apos;192.168.205.116&apos;, os.name: &apos;Windows 7&apos;, os.arch: &apos;amd64&apos;, os.version: &apos;6.1&apos;, java.version: &apos;1.8.0_151&apos;
Driver info: org.openqa.selenium.chrome.ChromeDriver
Capabilities [{mobileEmulationEnabled=false, hasTouchScreen=false, platform=XP, acceptSslCerts=true, webStorageEnabled=true, browserName=chrome, takesScreenshot=true, javascriptEnabled=true, platformName=XP, setWindowRect=true, unexpectedAlertBehaviour=, applicationCacheEnabled=false, rotatable=false, networkConnectionEnabled=false, chrome={chromedriverVersion=2.33.506120 (e3e53437346286c0bc2d2dc9aa4915ba81d9023f), userDataDir=C:\Users\MBARAG~1\AppData\Local\Temp\scoped_dir2504_14824}, takesHeapSnapshot=true, pageLoadStrategy=normal, unhandledPromptBehavior=, databaseEnabled=false, handlesAlerts=true, version=62.0.3202.94, browserConnectionEnabled=false, nativeEvents=true, locationContextEnabled=true, cssSelectorsEnabled=true}]
Session ID: 5ba1a105d2a296cfbf4a98faa99342bf
*** Element info: {Using=xpath, value=//article[@class=&apos;participation ember-view none&apos;]//div[@class=&apos;rsvp is-none&apos;]//span[@class=&apos;prompt&apos;]} expected [true] but found [false]
	at com.web.tests.rallyhood.RHhomeChrome.Multiple_EventsScreen_ReadMore_Validation(RHhomeChrome.java:2162)
	at com.web.tests.webtestcases.rallyhood.RallyhoodtestcasesChrome.RallyhoodTC_38(RallyhoodtestcasesChrome.java:462)
	at java.util.concurrent.FutureTask.run(Unknown Source)
	at java.util.concurrent.ThreadPoolExecutor.runWorker(Unknown Source)
	at java.util.concurrent.ThreadPoolExecutor$Worker.run(Unknown Source)
	at java.lang.Thread.run(Unknown Source)
... Removed 19 stack frames</div></td></tr></table><p class="totop"><a href="#summary">back to summary</a></p><h3 id="m8">com.web.tests.webtestcases.rallyhood.RallyhoodtestcasesChrome#RallyhoodTC_40</h3><table class="result"><tr class="param"><th>Parameter #1</th><th>Parameter #2</th></tr><tr class="param stripe"><td>com.web.tests.rallyhood.RHhomeDP@4793e8de</td><td>org.testng.TestRunner@21a5972c</td></tr><tr><th colspan="2">Messages</th></tr><tr><td colspan="2"><div class="messages">TC Description : Verify Functionality of 'Read More...' for ALL available Groups and Classes is working properly <br/>Rallyhood Total Groups Present is:: 3<br/>Group Follow Button is Enabled and Displayed<br/>'Read More' link to view full content of an Group is displayed<br/>'Read More' link to view full content of a Group is enabled and Clicked<br/>Group Follow Button is Enabled and Displayed<br/>- - - - - - - - - - - - - -     - - - - - - - - - - - - - - - - - - - - - - - - - - - - - - - - <br/>Group Follow Button is Enabled and Displayed</div></td></tr><tr><th colspan="2">Exception</th></tr><tr><td colspan="2"><div class="stacktrace">java.lang.AssertionError: Test case failed due to exception no such element: Unable to locate element: {&quot;method&quot;:&quot;xpath&quot;,&quot;selector&quot;:&quot;//div[@class=&apos;description ember-view truncated&apos;]//span[@class=&apos;ellipsis&apos;]&quot;}
  (Session info: chrome=62.0.3202.94)
  (Driver info: chromedriver=2.33.506120 (e3e53437346286c0bc2d2dc9aa4915ba81d9023f),platform=Windows NT 6.1.7601 SP1 x86_64) (WARNING: The server did not provide any stacktrace information)
Command duration or timeout: 0 milliseconds
For documentation on this error, please visit: http://seleniumhq.org/exceptions/no_such_element.html
Build info: version: &apos;3.6.0&apos;, revision: &apos;6fbf3ec767&apos;, time: &apos;2017-09-27T15:28:36.4Z&apos;
System info: host: &apos;IM-LP-322&apos;, ip: &apos;192.168.205.116&apos;, os.name: &apos;Windows 7&apos;, os.arch: &apos;amd64&apos;, os.version: &apos;6.1&apos;, java.version: &apos;1.8.0_151&apos;
Driver info: org.openqa.selenium.chrome.ChromeDriver
Capabilities [{mobileEmulationEnabled=false, hasTouchScreen=false, platform=XP, acceptSslCerts=true, webStorageEnabled=true, browserName=chrome, takesScreenshot=true, javascriptEnabled=true, platformName=XP, setWindowRect=true, unexpectedAlertBehaviour=, applicationCacheEnabled=false, rotatable=false, networkConnectionEnabled=false, chrome={chromedriverVersion=2.33.506120 (e3e53437346286c0bc2d2dc9aa4915ba81d9023f), userDataDir=C:\Users\MBARAG~1\AppData\Local\Temp\scoped_dir2504_14824}, takesHeapSnapshot=true, pageLoadStrategy=normal, unhandledPromptBehavior=, databaseEnabled=false, handlesAlerts=true, version=62.0.3202.94, browserConnectionEnabled=false, nativeEvents=true, locationContextEnabled=true, cssSelectorsEnabled=true}]
Session ID: 5ba1a105d2a296cfbf4a98faa99342bf
*** Element info: {Using=xpath, value=//div[@class=&apos;description ember-view truncated&apos;]//span[@class=&apos;ellipsis&apos;]} expected [true] but found [false]
	at com.web.tests.rallyhood.RHhomeChrome.Group_ReadMore_Expand_Presence(RHhomeChrome.java:662)
	at com.web.tests.rallyhood.RHhomeChrome.RallyHood_Multiple_GroupClasses_ReadMoreExpand_Verify(RHhomeChrome.java:2279)
	at com.web.tests.webtestcases.rallyhood.RallyhoodtestcasesChrome.RallyhoodTC_40(RallyhoodtestcasesChrome.java:484)
	at java.util.concurrent.FutureTask.run(Unknown Source)
	at java.util.concurrent.ThreadPoolExecutor.runWorker(Unknown Source)
	at java.util.concurrent.ThreadPoolExecutor$Worker.run(Unknown Source)
	at java.lang.Thread.run(Unknown Source)
... Removed 19 stack frames</div></td></tr></table><p class="totop"><a href="#summary">back to summary</a></p><h3 id="m9">com.web.tests.webtestcases.rallyhood.RallyhoodtestcasesChrome#RallyhoodTC_42</h3><table class="result"><tr class="param"><th>Parameter #1</th><th>Parameter #2</th></tr><tr class="param stripe"><td>com.web.tests.rallyhood.RHhomeDP@151c2b73</td><td>org.testng.TestRunner@21a5972c</td></tr><tr><th colspan="2">Messages</th></tr><tr><td colspan="2"><div class="messages">TC Description : Verify Instructor Name, Date and Time for Classes in a Group<br/>Rallyhood Total Groups Present is:: 3<br/>Rallyhood Total Classes Present in a Group:: 5<br/>Groups Current upcoming class is displayed<br/>In a Groups, for a Class- Instructor Name is displayed: Another Important Event<br/>In a Groups, for a Class Date is displayed: Dec 1st<br/>In a Groups, for a Class Time is displayed: 5:30 AM<br/>In a Group, for a Class, for an Instructor SignUp Button is Enabled and Displayed<br/>Sign Up Button in a Group, for an instructor in a class - is enabled and Clicked<br/>In a Group, for a class- after signing Up for an instructor:  Calender Icon is displayed<br/>Groups Current upcoming class is displayed<br/>In a Groups, for a Class- Instructor Name is displayed: Instructor: Jane Blue<br/>In a Groups, for a Class Date is displayed: Dec 3rd<br/>In a Groups, for a Class Time is displayed: 1:30 AM<br/>In a Group, for a Class, for an Instructor SignUp Button is Enabled and Displayed<br/>Sign Up Button in a Group, for an instructor in a class - is enabled and Clicked<br/>In a Group, for a class- after signing Up for an instructor:  Calender Icon is displayed<br/>Groups Current upcoming class is displayed<br/>In a Groups, for a Class- Instructor Name is displayed: Instructor: Jane Blue<br/>In a Groups, for a Class Date is displayed: Dec 10th<br/>In a Groups, for a Class Time is displayed: 1:30 AM<br/>In a Group, for a Class, for an Instructor SignUp Button is Enabled and Displayed<br/>Sign Up Button in a Group, for an instructor in a class - is enabled and Clicked<br/>In a Group, for a class- after signing Up for an instructor:  Calender Icon is displayed<br/>Groups Current upcoming class is displayed<br/>In a Groups, for a Class- Instructor Name is displayed: Instructor: Jane Blue<br/>In a Groups, for a Class Date is displayed: Dec 17th<br/>In a Groups, for a Class Time is displayed: 1:30 AM<br/>In a Group, for a Class, for an Instructor SignUp Button is Enabled and Displayed<br/>Sign Up Button in a Group, for an instructor in a class - is enabled and Clicked<br/>In a Group, for a class- after signing Up for an instructor:  Calender Icon is displayed<br/>Groups Current upcoming class is displayed<br/>In a Groups, for a Class- Instructor Name is displayed: Instructor: Jane Blue<br/>In a Groups, for a Class Date is displayed: Dec 24th<br/>In a Groups, for a Class Time is displayed: 1:30 AM<br/>In a Group, for a Class, for an Instructor SignUp Button is Enabled and Displayed<br/>Sign Up Button in a Group, for an instructor in a class - is enabled and Clicked<br/>In a Group, for a class- after signing Up for an instructor:  Calender Icon is displayed<br/>- - - - - - - - - - - - - -     - - - - - - - - - - - - - - - - - - - - - - - - - - - - - - - - <br/>Rallyhood Total Classes Present in a Group:: 1<br/>Groups Current upcoming class is displayed<br/>In a Groups, for a Class- Instructor Name is displayed: After Work Bike Party<br/>In a Groups, for a Class Date is displayed: Dec 1st<br/>In a Groups, for a Class Time is displayed: 2:00 PM<br/>In a Group, for a Class, for an Instructor SignUp Button is Enabled and Displayed<br/>Sign Up Button in a Group, for an instructor in a class - is enabled and Clicked<br/>In a Group, for a class- after signing Up for an instructor:  Calender Icon is displayed<br/>- - - - - - - - - - - - - -     - - - - - - - - - - - - - - - - - - - - - - - - - - - - - - - - <br/>Rallyhood Total Classes Present in a Group:: 3<br/>Groups Current upcoming class is displayed<br/>In a Groups, for a Class- Instructor Name is displayed: Running in Circles<br/>In a Groups, for a Class Date is displayed: Nov 29th<br/>In a Groups, for a Class Time is displayed: 1:30 AM<br/>In a Group, for a Class, for an Instructor SignUp Button is Enabled and Displayed<br/>Sign Up Button in a Group, for an instructor in a class - is enabled and Clicked<br/>In a Group, for a class- after signing Up for an instructor:  Calender Icon is displayed<br/>Groups Current upcoming class is displayed<br/>In a Groups, for a Class- Instructor Name is displayed: Running in Circles<br/>In a Groups, for a Class Date is displayed: Dec 13th<br/>In a Groups, for a Class Time is displayed: 1:30 AM<br/>In a Group, for a Class, for an Instructor SignUp Button is Enabled and Displayed<br/>Sign Up Button in a Group, for an instructor in a class - is enabled and Clicked<br/>In a Group, for a class- after signing Up for an instructor:  Calender Icon is displayed<br/>Groups Current upcoming class is displayed<br/>In a Groups, for a Class- Instructor Name is displayed: Running in Circles<br/>In a Groups, for a Class Date is displayed: Dec 27th<br/>In a Groups, for a Class Time is displayed: 1:30 AM<br/>In a Group, for a Class, for an Instructor SignUp Button is Enabled and Displayed<br/>Sign Up Button in a Group, for an instructor in a class - is enabled and Clicked<br/>In a Group, for a class- after signing Up for an instructor:  Calender Icon is displayed<br/>- - - - - - - - - - - - - -     - - - - - - - - - - - - - - - - - - - - - - - - - - - - - - - - <br/>Rallyhood Total Groups Present is:: 3<br/>Rallyhood Total Classes Present in a Group:: 5<br/>In a Groups, for a Class- After SignUp Instructor Name is displayed: Another Important Event<br/>In a Group, for a Class, for an Instructor Remove Button is Enabled and Displayed<br/>Remove Button in a Group, for an instructor in a class is enabled and Clicked</div></td></tr><tr><th colspan="2">Exception</th></tr><tr><td colspan="2"><div class="stacktrace">java.lang.AssertionError: Test case failed due to exception no such element: Unable to locate element: {&quot;method&quot;:&quot;xpath&quot;,&quot;selector&quot;:&quot;//section[@class=&apos;time-slots&apos;]//article[@class=&apos;time-slot ember-view none&apos;]//div[@class=&apos;title&apos;]&quot;}
  (Session info: chrome=62.0.3202.94)
  (Driver info: chromedriver=2.33.506120 (e3e53437346286c0bc2d2dc9aa4915ba81d9023f),platform=Windows NT 6.1.7601 SP1 x86_64) (WARNING: The server did not provide any stacktrace information)
Command duration or timeout: 0 milliseconds
For documentation on this error, please visit: http://seleniumhq.org/exceptions/no_such_element.html
Build info: version: &apos;3.6.0&apos;, revision: &apos;6fbf3ec767&apos;, time: &apos;2017-09-27T15:28:36.4Z&apos;
System info: host: &apos;IM-LP-322&apos;, ip: &apos;192.168.205.116&apos;, os.name: &apos;Windows 7&apos;, os.arch: &apos;amd64&apos;, os.version: &apos;6.1&apos;, java.version: &apos;1.8.0_151&apos;
Driver info: org.openqa.selenium.chrome.ChromeDriver
Capabilities [{mobileEmulationEnabled=false, hasTouchScreen=false, platform=XP, acceptSslCerts=true, webStorageEnabled=true, browserName=chrome, takesScreenshot=true, javascriptEnabled=true, platformName=XP, setWindowRect=true, unexpectedAlertBehaviour=, applicationCacheEnabled=false, rotatable=false, networkConnectionEnabled=false, chrome={chromedriverVersion=2.33.506120 (e3e53437346286c0bc2d2dc9aa4915ba81d9023f), userDataDir=C:\Users\MBARAG~1\AppData\Local\Temp\scoped_dir2504_14824}, takesHeapSnapshot=true, pageLoadStrategy=normal, unhandledPromptBehavior=, databaseEnabled=false, handlesAlerts=true, version=62.0.3202.94, browserConnectionEnabled=false, nativeEvents=true, locationContextEnabled=true, cssSelectorsEnabled=true}]
Session ID: 5ba1a105d2a296cfbf4a98faa99342bf
*** Element info: {Using=xpath, value=//section[@class=&apos;time-slots&apos;]//article[@class=&apos;time-slot ember-view none&apos;]//div[@class=&apos;title&apos;]} expected [true] but found [false]
	at com.web.tests.rallyhood.RHhomeChrome.Group_Class_InstructorName_BeforeSignUp_Presence(RHhomeChrome.java:748)
	at com.web.tests.rallyhood.RHhomeChrome.RallyHood_Multiple_GroupClasses_InstructorSignUp_Remove_Verify(RHhomeChrome.java:2426)
	at com.web.tests.webtestcases.rallyhood.RallyhoodtestcasesChrome.RallyhoodTC_42(RallyhoodtestcasesChrome.java:508)
	at java.util.concurrent.FutureTask.run(Unknown Source)
	at java.util.concurrent.ThreadPoolExecutor.runWorker(Unknown Source)
	at java.util.concurrent.ThreadPoolExecutor$Worker.run(Unknown Source)
	at java.lang.Thread.run(Unknown Source)
... Removed 19 stack frames</div></td></tr></table><p class="totop"><a href="#summary">back to summary</a></p><h3 id="m10">com.web.tests.webtestcases.rallyhood.RallyhoodtestcasesChrome#RallyhoodTC_43</h3><table class="result"><tr class="param"><th>Parameter #1</th><th>Parameter #2</th></tr><tr class="param stripe"><td>com.web.tests.rallyhood.RHhomeDP@5b1bc5db</td><td>org.testng.TestRunner@21a5972c</td></tr><tr><th colspan="2">Messages</th></tr><tr><td colspan="2"><div class="messages">TC Description : Verify Remove Enrolled Instructor functionality in All Classes  all Groups<br/>Rallyhood Total Groups Present is:: 3<br/>Rallyhood Total Classes Present in a Group:: 2<br/>Groups Current upcoming class is displayed<br/>In a Groups, for a Class- Instructor Name is displayed: Another Important Event<br/>In a Group, for a Class, for an Instructor SignUp Button is Enabled and Displayed<br/>Sign Up Button in a Group, for an instructor in a class - is enabled and Clicked<br/>In a Group, for a class- after signing Up for an instructor:  Calender Icon is displayed<br/>Groups Current upcoming class is displayed<br/>In a Groups, for a Class- Instructor Name is displayed: Instructor: Jane Blue<br/>In a Group, for a Class, for an Instructor SignUp Button is Enabled and Displayed<br/>Sign Up Button in a Group, for an instructor in a class - is enabled and Clicked<br/>In a Group, for a class- after signing Up for an instructor:  Calender Icon is displayed<br/>- - - - - - - - - - - - - -     - - - - - - - - - - - - - - - - - - - - - - - - - - - - - - - - </div></td></tr><tr><th colspan="2">Exception</th></tr><tr><td colspan="2"><div class="stacktrace">java.lang.AssertionError: Test case failed due to exception no such element: Unable to locate element: {&quot;method&quot;:&quot;xpath&quot;,&quot;selector&quot;:&quot;//article[@class=&apos;time-slot ember-view none&apos;]//div[@class=&apos;info&apos;]&quot;}
  (Session info: chrome=62.0.3202.94)
  (Driver info: chromedriver=2.33.506120 (e3e53437346286c0bc2d2dc9aa4915ba81d9023f),platform=Windows NT 6.1.7601 SP1 x86_64) (WARNING: The server did not provide any stacktrace information)
Command duration or timeout: 0 milliseconds
For documentation on this error, please visit: http://seleniumhq.org/exceptions/no_such_element.html
Build info: version: &apos;3.6.0&apos;, revision: &apos;6fbf3ec767&apos;, time: &apos;2017-09-27T15:28:36.4Z&apos;
System info: host: &apos;IM-LP-322&apos;, ip: &apos;192.168.205.116&apos;, os.name: &apos;Windows 7&apos;, os.arch: &apos;amd64&apos;, os.version: &apos;6.1&apos;, java.version: &apos;1.8.0_151&apos;
Driver info: org.openqa.selenium.chrome.ChromeDriver
Capabilities [{mobileEmulationEnabled=false, hasTouchScreen=false, platform=XP, acceptSslCerts=true, webStorageEnabled=true, browserName=chrome, takesScreenshot=true, javascriptEnabled=true, platformName=XP, setWindowRect=true, unexpectedAlertBehaviour=, applicationCacheEnabled=false, rotatable=false, networkConnectionEnabled=false, chrome={chromedriverVersion=2.33.506120 (e3e53437346286c0bc2d2dc9aa4915ba81d9023f), userDataDir=C:\Users\MBARAG~1\AppData\Local\Temp\scoped_dir2504_14824}, takesHeapSnapshot=true, pageLoadStrategy=normal, unhandledPromptBehavior=, databaseEnabled=false, handlesAlerts=true, version=62.0.3202.94, browserConnectionEnabled=false, nativeEvents=true, locationContextEnabled=true, cssSelectorsEnabled=true}]
Session ID: 5ba1a105d2a296cfbf4a98faa99342bf
*** Element info: {Using=xpath, value=//article[@class=&apos;time-slot ember-view none&apos;]//div[@class=&apos;info&apos;]} expected [true] but found [false]
	at com.web.tests.rallyhood.RHhomeChrome.RallyHood_Multiple_GroupClasses_Instructor_RemoveButton_Verify(RHhomeChrome.java:2617)
	at com.web.tests.webtestcases.rallyhood.RallyhoodtestcasesChrome.RallyhoodTC_43(RallyhoodtestcasesChrome.java:519)
	at java.util.concurrent.FutureTask.run(Unknown Source)
	at java.util.concurrent.ThreadPoolExecutor.runWorker(Unknown Source)
	at java.util.concurrent.ThreadPoolExecutor$Worker.run(Unknown Source)
	at java.lang.Thread.run(Unknown Source)
... Removed 19 stack frames</div></td></tr></table><p class="totop"><a href="#summary">back to summary</a></p><h3 id="m11">com.web.tests.webtestcases.rallyhood.RallyhoodtestcasesChrome#RallyhoodTC_45</h3><table class="result"><tr class="param"><th>Parameter #1</th><th>Parameter #2</th></tr><tr class="param stripe"><td>com.web.tests.rallyhood.RHhomeDP@77ab3ff</td><td>org.testng.TestRunner@21a5972c</td></tr><tr><th colspan="2">Messages</th></tr><tr><td colspan="2"><div class="messages">TC Description : Verify past dated classes are not listed in the Classes for all Groups<br/>Rallyhood Total Groups Present is:: 3</div></td></tr><tr><th colspan="2">Exception</th></tr><tr><td colspan="2"><div class="stacktrace">java.lang.AssertionError: Test case failed due to exception no such element: Unable to locate element: {&quot;method&quot;:&quot;xpath&quot;,&quot;selector&quot;:&quot;//article[@class=&apos;time-slot ember-view none&apos;]//div[@class=&apos;info&apos;]&quot;}
  (Session info: chrome=62.0.3202.94)
  (Driver info: chromedriver=2.33.506120 (e3e53437346286c0bc2d2dc9aa4915ba81d9023f),platform=Windows NT 6.1.7601 SP1 x86_64) (WARNING: The server did not provide any stacktrace information)
Command duration or timeout: 0 milliseconds
For documentation on this error, please visit: http://seleniumhq.org/exceptions/no_such_element.html
Build info: version: &apos;3.6.0&apos;, revision: &apos;6fbf3ec767&apos;, time: &apos;2017-09-27T15:28:36.4Z&apos;
System info: host: &apos;IM-LP-322&apos;, ip: &apos;192.168.205.116&apos;, os.name: &apos;Windows 7&apos;, os.arch: &apos;amd64&apos;, os.version: &apos;6.1&apos;, java.version: &apos;1.8.0_151&apos;
Driver info: org.openqa.selenium.chrome.ChromeDriver
Capabilities [{mobileEmulationEnabled=false, hasTouchScreen=false, platform=XP, acceptSslCerts=true, webStorageEnabled=true, browserName=chrome, takesScreenshot=true, javascriptEnabled=true, platformName=XP, setWindowRect=true, unexpectedAlertBehaviour=, applicationCacheEnabled=false, rotatable=false, networkConnectionEnabled=false, chrome={chromedriverVersion=2.33.506120 (e3e53437346286c0bc2d2dc9aa4915ba81d9023f), userDataDir=C:\Users\MBARAG~1\AppData\Local\Temp\scoped_dir2504_14824}, takesHeapSnapshot=true, pageLoadStrategy=normal, unhandledPromptBehavior=, databaseEnabled=false, handlesAlerts=true, version=62.0.3202.94, browserConnectionEnabled=false, nativeEvents=true, locationContextEnabled=true, cssSelectorsEnabled=true}]
Session ID: 5ba1a105d2a296cfbf4a98faa99342bf
*** Element info: {Using=xpath, value=//article[@class=&apos;time-slot ember-view none&apos;]//div[@class=&apos;info&apos;]} expected [true] but found [false]
	at com.web.tests.rallyhood.RHhomeChrome.Group_Current_UpcomingClass_BeforeSignUp_Presence(RHhomeChrome.java:711)
	at com.web.tests.rallyhood.RHhomeChrome.RallyHood_Multiple_GroupClasses_ClassesDate_GreaterThanCurrentDate_Verify(RHhomeChrome.java:2685)
	at com.web.tests.webtestcases.rallyhood.RallyhoodtestcasesChrome.RallyhoodTC_45(RallyhoodtestcasesChrome.java:541)
	at java.util.concurrent.FutureTask.run(Unknown Source)
	at java.util.concurrent.ThreadPoolExecutor.runWorker(Unknown Source)
	at java.util.concurrent.ThreadPoolExecutor$Worker.run(Unknown Source)
	at java.lang.Thread.run(Unknown Source)
... Removed 19 stack frames</div></td></tr></table><p class="totop"><a href="#summary">back to summary</a></p><h3 id="m12">com.web.tests.webtestcases.rallyhood.RallyhoodtestcasesChrome#RallyhoodTC_01</h3><table class="result"><tr class="param"><th>Parameter #1</th><th>Parameter #2</th></tr><tr class="param stripe"><td>com.web.tests.rallyhood.RHhomeDP@144b430a</td><td>org.testng.TestRunner@21a5972c</td></tr><tr><th colspan="2">Messages</th></tr><tr><td colspan="2"><div class="messages">TC Description : Verify Rallyhood Home screen is displayed and Events/Groups and Classes sections are present<br/>Rallyhood home scree have Event header<br/>Rallyhood home scree have Groups and Classes header</div></td></tr></table><p class="totop"><a href="#summary">back to summary</a></p><h3 id="m13">com.web.tests.webtestcases.rallyhood.RallyhoodtestcasesChrome#RallyhoodTC_02</h3><table class="result"><tr class="param"><th>Parameter #1</th><th>Parameter #2</th></tr><tr class="param stripe"><td>com.web.tests.rallyhood.RHhomeDP@31619f96</td><td>org.testng.TestRunner@21a5972c</td></tr><tr><th colspan="2">Messages</th></tr><tr><td colspan="2"><div class="messages">TC Description : Verify error message on browser saying app_uid is invalid. </div></td></tr></table><p class="totop"><a href="#summary">back to summary</a></p><h3 id="m14">com.web.tests.webtestcases.rallyhood.RallyhoodtestcasesChrome#RallyhoodTC_03</h3><table class="result"><tr class="param"><th>Parameter #1</th><th>Parameter #2</th></tr><tr class="param stripe"><td>com.web.tests.rallyhood.RHhomeDP@170729a1</td><td>org.testng.TestRunner@21a5972c</td></tr><tr><th colspan="2">Messages</th></tr><tr><td colspan="2"><div class="messages">TC Description : Verify error message on browser saying app_uid is invalid. </div></td></tr></table><p class="totop"><a href="#summary">back to summary</a></p><h3 id="m15">com.web.tests.webtestcases.rallyhood.RallyhoodtestcasesChrome#RallyhoodTC_05</h3><table class="result"><tr class="param"><th>Parameter #1</th><th>Parameter #2</th></tr><tr class="param stripe"><td>com.web.tests.rallyhood.RHhomeDP@7256a506</td><td>org.testng.TestRunner@21a5972c</td></tr><tr><th colspan="2">Messages</th></tr><tr><td colspan="2"><div class="messages">TC Description : Verify single Events/Groups and Classes are present and clickable <br/>Rallyhood home scree have Event header<br/>Rallyhood home scree have Groups and Classes header<br/>Rallyhood home scree have Events Listed and Clickable<br/>Rallyhood home scree have Groups and Classes Listed and Clickable</div></td></tr></table><p class="totop"><a href="#summary">back to summary</a></p><h3 id="m16">com.web.tests.webtestcases.rallyhood.RallyhoodtestcasesChrome#RallyhoodTC_06</h3><table class="result"><tr class="param"><th>Parameter #1</th><th>Parameter #2</th></tr><tr class="param stripe"><td>com.web.tests.rallyhood.RHhomeDP@33c8591b</td><td>org.testng.TestRunner@21a5972c</td></tr><tr><th colspan="2">Messages</th></tr><tr><td colspan="2"><div class="messages">TC Description : Verify presence of Event Name, Event Date and respective Event Image for single Event Present<br/>Rallyhood Event Date for Event isOctober
31
Tuesday<br/>Rallyhood Event Name for Event is : An Important Event<br/>Rallyhood Event Image for Event is present <br/>******************************************************</div></td></tr></table><p class="totop"><a href="#summary">back to summary</a></p><h3 id="m17">com.web.tests.webtestcases.rallyhood.RallyhoodtestcasesChrome#RallyhoodTC_07</h3><table class="result"><tr class="param"><th>Parameter #1</th><th>Parameter #2</th></tr><tr class="param stripe"><td>com.web.tests.rallyhood.RHhomeDP@10c1b7a3</td><td>org.testng.TestRunner@21a5972c</td></tr><tr><th colspan="2">Messages</th></tr><tr><td colspan="2"><div class="messages">TC Description : Verify presence of Lable 'Attending?', Button 'Yes' and Button 'No' present in an Event <br/>Rallyhood home screen have Events Listed and Clickable<br/>Lable Attending? of Event is displayed<br/>'Yes' Button of Event is displayed and enabled<br/>'NO' Button of Event is displayed and enabled</div></td></tr></table><p class="totop"><a href="#summary">back to summary</a></p><h3 id="m18">com.web.tests.webtestcases.rallyhood.RallyhoodtestcasesChrome#RallyhoodTC_08</h3><table class="result"><tr class="param"><th>Parameter #1</th><th>Parameter #2</th></tr><tr class="param stripe"><td>com.web.tests.rallyhood.RHhomeDP@4c51640c</td><td>org.testng.TestRunner@21a5972c</td></tr><tr><th colspan="2">Messages</th></tr><tr><td colspan="2"><div class="messages">TC Description : Verify Event Flow when user clicks on Yes button for attending event and ability to change his selection again for single Event<br/>Rallyhood home screen have Events Listed and Clickable<br/>Lable Attending? of Event is displayed<br/>'Yes' Button of Event is displayed and enabled<br/>'NO' Button of Event is displayed and enabled<br/>'Yes' Button of Event is Clicked<br/>Calander icon of Event is displayed<br/>Change Button of Event when yes is clicked - is displayed and enabled<br/>Change Button of Event when yes is clicked - is Enabled and Clicked<br/>Lable Attending? of Event is displayed<br/>'Yes' Button of Event is displayed and enabled<br/>'NO' Button of Event is displayed and enabled</div></td></tr></table><p class="totop"><a href="#summary">back to summary</a></p><h3 id="m19">com.web.tests.webtestcases.rallyhood.RallyhoodtestcasesChrome#RallyhoodTC_09</h3><table class="result"><tr class="param"><th>Parameter #1</th><th>Parameter #2</th></tr><tr class="param stripe"><td>com.web.tests.rallyhood.RHhomeDP@12fd29d4</td><td>org.testng.TestRunner@21a5972c</td></tr><tr><th colspan="2">Messages</th></tr><tr><td colspan="2"><div class="messages">TC Description : Verify Event Flow when user clicks on 'NO' button for NOT attending the event and ability to change his selection again for single Event<br/>Rallyhood home screen have Events Listed and Clickable<br/>Lable Attending? of Event is displayed<br/>'Yes' Button of Event is displayed and enabled<br/>'NO' Button of Event is displayed and enabled<br/>'NO' Button of Event is Clicked<br/>Lable Not Attending of Event is displayed<br/>Change Button of Event when NO is clicked - is displayed and enabled<br/>Change Button of Event when NO is clicked - is enabled and Clicked<br/>Lable Attending? of Event is displayed<br/>'Yes' Button of Event is displayed and enabled<br/>'NO' Button of Event is displayed and enabled</div></td></tr></table><p class="totop"><a href="#summary">back to summary</a></p><h3 id="m20">com.web.tests.webtestcases.rallyhood.RallyhoodtestcasesChrome#RallyhoodTC_10</h3><table class="result"><tr class="param"><th>Parameter #1</th><th>Parameter #2</th></tr><tr class="param stripe"><td>com.web.tests.rallyhood.RHhomeDP@4f921acd</td><td>org.testng.TestRunner@21a5972c</td></tr><tr><th colspan="2">Messages</th></tr><tr><td colspan="2"><div class="messages">TC Description : Verify ability to post comment without selecting 'Yes'/'No' button in an Event<br/>Rallyhood home screen have Events Listed and Clickable<br/>Lable Attending? of Event is displayed<br/>'Yes' Button of Event is displayed and enabled<br/>'NO' Button of Event is displayed and enabled<br/>Comments Textbox of Event - is displayed and enabled<br/>'Post a comment' textbox of Event is Clicked<br/>Comments Text area to enter comment for an Event - is Enabled and displayed<br/>'Post a comment' Actual textarea of Event is Clicked<br/>User Enters a comment in Comments field: Test Comment Automation<br/>Comments Save Button is Displayed<br/>Comments Cancel Button is Enabled and Displayed<br/>Save Button of Comments section of an Event - is enabled and Clicked</div></td></tr></table><p class="totop"><a href="#summary">back to summary</a></p><h3 id="m21">com.web.tests.webtestcases.rallyhood.RallyhoodtestcasesChrome#RallyhoodTC_11</h3><table class="result"><tr class="param"><th>Parameter #1</th><th>Parameter #2</th></tr><tr class="param stripe"><td>com.web.tests.rallyhood.RHhomeDP@5161b1f0</td><td>org.testng.TestRunner@21a5972c</td></tr><tr><th colspan="2">Messages</th></tr><tr><td colspan="2"><div class="messages">TC Description : Verifying user is able to post comment for an event available and verify all options are working properly for an Event<br/>Rallyhood home screen have Events Listed and Clickable<br/>Lable Attending? of Event is displayed<br/>'Yes' Button of Event is displayed and enabled<br/>'NO' Button of Event is displayed and enabled<br/>Comments Textbox of Event - is displayed and enabled<br/>'Post a comment' textbox of Event is Clicked<br/>Comments Text area to enter comment for an Event - is Enabled and displayed<br/>'Post a comment' Actual textarea of Event is Clicked<br/>Comments Cancel Button is Enabled and Displayed<br/>Cancel Button of Comments section of an Event - is enabled and Clicked<br/>Comments Textbox of Event - is displayed and enabled<br/>'Post a comment' textbox of Event is Clicked<br/>Comments Text area to enter comment for an Event - is Enabled and displayed<br/>'Post a comment' Actual textarea of Event is Clicked<br/>User Enters a comment in Comments field: Test Comment Automation<br/>Comments Save Button is Displayed<br/>Comments Cancel Button is Enabled and Displayed<br/>Save Button of Comments section of an Event - is enabled and Clicked</div></td></tr></table><p class="totop"><a href="#summary">back to summary</a></p><h3 id="m22">com.web.tests.webtestcases.rallyhood.RallyhoodtestcasesChrome#RallyhoodTC_12</h3><table class="result"><tr class="param"><th>Parameter #1</th><th>Parameter #2</th></tr><tr class="param stripe"><td>com.web.tests.rallyhood.RHhomeDP@4439585f</td><td>org.testng.TestRunner@21a5972c</td></tr><tr><th colspan="2">Messages</th></tr><tr><td colspan="2"><div class="messages">TC Description : 'Read More' link to view full content of an Event is enabled and Clicked in an Event <br/>Rallyhood home screen have Events Listed and Clickable<br/>Lable Attending? of Event is displayed<br/>'Yes' Button of Event is displayed and enabled<br/>'NO' Button of Event is displayed and enabled<br/>'Read More' link to view full content of an Event is displayed<br/>'Read More' link to view full content of an Event is enabled and Clicked</div></td></tr></table><p class="totop"><a href="#summary">back to summary</a></p><h3 id="m23">com.web.tests.webtestcases.rallyhood.RallyhoodtestcasesChrome#RallyhoodTC_13</h3><table class="result"><tr class="param"><th>Parameter #1</th><th>Parameter #2</th></tr><tr class="param stripe"><td>com.web.tests.rallyhood.RHhomeDP@5adc5ea9</td><td>org.testng.TestRunner@21a5972c</td></tr><tr><th colspan="2">Messages</th></tr><tr><td colspan="2"><div class="messages">TC Description : Verifying user is able to land on same page after refreshing the page, after clicking 'Yes' to attend an Events<br/>Rallyhood home screen have Events Listed and Clickable<br/>Lable Attending? of Event is displayed<br/>'Yes' Button of Event is displayed and enabled<br/>'NO' Button of Event is displayed and enabled<br/>'Yes' Button of Event is Clicked<br/>Calander icon of Event is displayed<br/>Change Button of Event when yes is clicked - is displayed and enabled<br/>After Refresh of the Page, landed to the same page<br/>Change Button of Event when yes is clicked - is Enabled and Clicked<br/>Lable Attending? of Event is displayed<br/>'Yes' Button of Event is displayed and enabled<br/>'NO' Button of Event is displayed and enabled</div></td></tr></table><p class="totop"><a href="#summary">back to summary</a></p><h3 id="m24">com.web.tests.webtestcases.rallyhood.RallyhoodtestcasesChrome#RallyhoodTC_14</h3><table class="result"><tr class="param"><th>Parameter #1</th><th>Parameter #2</th></tr><tr class="param stripe"><td>com.web.tests.rallyhood.RHhomeDP@7f33262f</td><td>org.testng.TestRunner@21a5972c</td></tr><tr><th colspan="2">Messages</th></tr><tr><td colspan="2"><div class="messages">TC Description : Verify presence of Group Name, Members count and respective Event Image for single Group Present <br/>Rallyhood Group name for Group is : Swim Class<br/>Rallyhood Group Members count of Group is : Swim Class<br/>Rallyhood Group Image for Group  is present <br/>******************************************************</div></td></tr></table><p class="totop"><a href="#summary">back to summary</a></p><h3 id="m25">com.web.tests.webtestcases.rallyhood.RallyhoodtestcasesChrome#RallyhoodTC_15</h3><table class="result"><tr class="param"><th>Parameter #1</th><th>Parameter #2</th></tr><tr class="param stripe"><td>com.web.tests.rallyhood.RHhomeDP@29ce2e2c</td><td>org.testng.TestRunner@21a5972c</td></tr><tr><th colspan="2">Messages</th></tr><tr><td colspan="2"><div class="messages">TC Description : Verify Functionality of Follow button for Class in a Group is working properly <br/>Rallyhood home scree have Groups and Classes Listed, First Listed Class in a Group is Clickable and performed Click Operation<br/>Group Follow Button is Enabled and Displayed<br/>Follow Button in a Group - is enabled and Clicked<br/>Group UnFollow Button is Enabled and Displayed<br/>Calander icon of Group when Followed is displayed<br/>Unfollow Button in a Group - is enabled and Clicked<br/>Group Follow Button is Enabled and Displayed</div></td></tr></table><p class="totop"><a href="#summary">back to summary</a></p><h3 id="m26">com.web.tests.webtestcases.rallyhood.RallyhoodtestcasesChrome#RallyhoodTC_16</h3><table class="result"><tr class="param"><th>Parameter #1</th><th>Parameter #2</th></tr><tr class="param stripe"><td>com.web.tests.rallyhood.RHhomeDP@229fbc7a</td><td>org.testng.TestRunner@21a5972c</td></tr><tr><th colspan="2">Messages</th></tr><tr><td colspan="2"><div class="messages">TC Description : Verify Functionality of 'Read More ..' for Groups and Classes is working properly <br/>Rallyhood home scree have Groups and Classes Listed, First Listed Class in a Group is Clickable and performed Click Operation<br/>Group Follow Button is Enabled and Displayed<br/>'Read More' link to view full content of an Group is displayed<br/>'Read More' link to view full content of a Group is enabled and Clicked<br/>Group Follow Button is Enabled and Displayed</div></td></tr></table><p class="totop"><a href="#summary">back to summary</a></p><h3 id="m27">com.web.tests.webtestcases.rallyhood.RallyhoodtestcasesChrome#RallyhoodTC_17</h3><table class="result"><tr class="param"><th>Parameter #1</th><th>Parameter #2</th></tr><tr class="param stripe"><td>com.web.tests.rallyhood.RHhomeDP@2be9bc55</td><td>org.testng.TestRunner@21a5972c</td></tr><tr><th colspan="2">Messages</th></tr><tr><td colspan="2"><div class="messages">TC Description : Verify Functionality of SignUp Process by a user for Classes in a Group for an instructor<br/>Rallyhood home scree have Groups and Classes Listed, First Listed Class in a Group is Clickable and performed Click Operation<br/>Groups Current upcoming class is displayed<br/>In a Groups, for a Class- Instructor Name is displayed: Another Important Event<br/>In a Group, for a class, before signUp - Instructor name - is enabled and Clicked<br/>In a Group, for a Class, for an Instructor SignUp Button is Enabled and Displayed<br/>Sign Up Button in a Group, for an instructor in a class - is enabled and Clicked<br/>In a Group, for a class- after signing Up for an instructor:  Calender Icon is displayed<br/>In a Groups, for a Class- After SignUp Instructor Name is displayed: Another Important Event<br/>In a Group, for a class, after signUp - Instructor name - is enabled and Clicked<br/>In a Group, for a Class, for an Instructor Remove Button is Enabled and Displayed<br/>Remove Button in a Group, for an instructor in a class is enabled and Clicked<br/>In a Groups, for a Class- Instructor Name is displayed: Instructor: Jane Blue</div></td></tr></table><p class="totop"><a href="#summary">back to summary</a></p><h3 id="m28">com.web.tests.webtestcases.rallyhood.RallyhoodtestcasesChrome#RallyhoodTC_18</h3><table class="result"><tr class="param"><th>Parameter #1</th><th>Parameter #2</th></tr><tr class="param stripe"><td>com.web.tests.rallyhood.RHhomeDP@6890b462</td><td>org.testng.TestRunner@21a5972c</td></tr><tr><th colspan="2">Messages</th></tr><tr><td colspan="2"><div class="messages">TC Description : Verify Instructor Name, Date and Time for Classes in a Group<br/>Rallyhood home scree have Groups and Classes Listed, First Listed Class in a Group is Clickable and performed Click Operation<br/>Groups Current upcoming class is displayed<br/>In a Groups, for a Class- Instructor Name is displayed: Another Important Event<br/>In a Groups, for a Class- Instructor Name is displayed: Another Important Event<br/>In a Groups, for a Class Date is displayed: Dec 1st<br/>In a Groups, for a Class Time is displayed: 5:30 AM</div></td></tr></table><p class="totop"><a href="#summary">back to summary</a></p><h3 id="m29">com.web.tests.webtestcases.rallyhood.RallyhoodtestcasesChrome#RallyhoodTC_19</h3><table class="result"><tr class="param"><th>Parameter #1</th><th>Parameter #2</th></tr><tr class="param stripe"><td>com.web.tests.rallyhood.RHhomeDP@53736265</td><td>org.testng.TestRunner@21a5972c</td></tr><tr><th colspan="2">Messages</th></tr><tr><td colspan="2"><div class="messages">TC Description : Verify past dated classes are not listed in the classes<br/>RallyHood Login URL<br/>........Rallyhood Login Application........<br/>Rallyhood home scree have Groups and Classes Listed, First Listed Class in a Group is Clickable and performed Click Operation<br/>Groups Current upcoming class is displayed<br/>In a Groups, for a Class- Instructor Name is displayed: Another Important Event<br/>In a Groups, for a Class- Instructor Name is displayed: Another Important Event<br/>In a Groups, for a Class Date is displayed: Dec 1st<br/>The very next upcoming instructors class date : 1-Dec-17 is greater than the current date: 29-Nov-17</div></td></tr></table><p class="totop"><a href="#summary">back to summary</a></p><h3 id="m30">com.web.tests.webtestcases.rallyhood.RallyhoodtestcasesChrome#RallyhoodTC_20</h3><table class="result"><tr class="param"><th>Parameter #1</th><th>Parameter #2</th></tr><tr class="param stripe"><td>com.web.tests.rallyhood.RHhomeDP@13ddd44b</td><td>org.testng.TestRunner@21a5972c</td></tr><tr><th colspan="2">Messages</th></tr><tr><td colspan="2"><div class="messages">TC Description : Verify Remove Enrolled Instructor functionality in Classes of a Group<br/>Rallyhood home scree have Groups and Classes Listed, First Listed Class in a Group is Clickable and performed Click Operation<br/>Groups Current upcoming class is displayed<br/>In a Groups, for a Class- Instructor Name is displayed: Another Important Event<br/>In a Group, for a class, before signUp - Instructor name - is enabled and Clicked<br/>In a Group, for a Class, for an Instructor SignUp Button is Enabled and Displayed<br/>Sign Up Button in a Group, for an instructor in a class - is enabled and Clicked<br/>In a Group, for a class- after signing Up for an instructor:  Calender Icon is displayed<br/>In a Groups, for a Class- After SignUp Instructor Name is displayed: Another Important Event<br/>In a Group, for a class, after signUp - Instructor name - is enabled and Clicked<br/>In a Group, for a Class, for an Instructor Remove Button is Enabled and Displayed<br/>Remove Button in a Group, for an instructor in a class is enabled and Clicked<br/>In a Groups, for a Class- Instructor Name is displayed: Instructor: Jane Blue</div></td></tr></table><p class="totop"><a href="#summary">back to summary</a></p><h3 id="m31">com.web.tests.webtestcases.rallyhood.RallyhoodtestcasesChrome#RallyhoodTC_21</h3><table class="result"><tr class="param"><th>Parameter #1</th><th>Parameter #2</th></tr><tr class="param stripe"><td>com.web.tests.rallyhood.RHhomeDP@71812c1e</td><td>org.testng.TestRunner@21a5972c</td></tr><tr><th colspan="2">Messages</th></tr><tr><td colspan="2"><div class="messages">TC Description : Verify Functionality of UnFollow Option for Class in a Group is working properly <br/>Rallyhood home scree have Groups and Classes Listed, First Listed Class in a Group is Clickable and performed Click Operation<br/>Group Follow Button is Enabled and Displayed<br/>Follow Button in a Group - is enabled and Clicked<br/>Group UnFollow Button is Enabled and Displayed<br/>Calander icon of Group when Followed is displayed<br/>Unfollow Button in a Group - is enabled and Clicked<br/>Group Follow Button is Enabled and Displayed</div></td></tr></table><p class="totop"><a href="#summary">back to summary</a></p><h3 id="m32">com.web.tests.webtestcases.rallyhood.RallyhoodtestcasesChrome#RallyhoodTC_22</h3><table class="result"><tr class="param"><th>Parameter #1</th><th>Parameter #2</th></tr><tr class="param stripe"><td>com.web.tests.rallyhood.RHhomeDP@5d6791a9</td><td>org.testng.TestRunner@21a5972c</td></tr><tr><th colspan="2">Messages</th></tr><tr><td colspan="2"><div class="messages">TC Description : Verify All Events are present and clickable <br/>Rallyhood home scree have Event header<br/>Rallyhood home scree have Groups and Classes header<br/>Rallyhood Total Events Present is:: 2<br/>Rallyhood Events #1 is present and Clickable<br/>Rallyhood Events #2 is present and Clickable</div></td></tr></table><p class="totop"><a href="#summary">back to summary</a></p><h3 id="m33">com.web.tests.webtestcases.rallyhood.RallyhoodtestcasesChrome#RallyhoodTC_23</h3><table class="result"><tr class="param"><th>Parameter #1</th><th>Parameter #2</th></tr><tr class="param stripe"><td>com.web.tests.rallyhood.RHhomeDP@491bfc3e</td><td>org.testng.TestRunner@21a5972c</td></tr><tr><th colspan="2">Messages</th></tr><tr><td colspan="2"><div class="messages">TC Description : Verify All Groups are present and clickable <br/>Rallyhood home scree have Event header<br/>Rallyhood home scree have Groups and Classes header<br/>Rallyhood Total Groups Present is:: 3<br/>Rallyhood Groups #1 is present and Clickable<br/>Rallyhood Groups #2 is present and Clickable<br/>Rallyhood Groups #3 is present and Clickable</div></td></tr></table><p class="totop"><a href="#summary">back to summary</a></p><h3 id="m34">com.web.tests.webtestcases.rallyhood.RallyhoodtestcasesChrome#RallyhoodTC_24</h3><table class="result"><tr class="param"><th>Parameter #1</th><th>Parameter #2</th></tr><tr class="param stripe"><td>com.web.tests.rallyhood.RHhomeDP@257dd2ae</td><td>org.testng.TestRunner@21a5972c</td></tr><tr><th colspan="2">Messages</th></tr><tr><td colspan="2"><div class="messages">TC Description : Verify presence of Event Name, Event Date and respective Event Image for All Events Present <br/>Rallyhood Total Events Present is:: 2<br/>Rallyhood Event Date for Event #1 is : October
31
Tuesday<br/>Rallyhood Event Name for Event #1 is : An Important Event<br/>Rallyhood Event Image for Event #1 is present <br/>******************************************************<br/>Rallyhood Event Date for Event #2 is : December
1
Friday<br/>Rallyhood Event Name for Event #2 is : Another Important Event<br/>Rallyhood Event Image for Event #2 is present <br/>******************************************************</div></td></tr></table><p class="totop"><a href="#summary">back to summary</a></p><h3 id="m35">com.web.tests.webtestcases.rallyhood.RallyhoodtestcasesChrome#RallyhoodTC_25</h3><table class="result"><tr class="param"><th>Parameter #1</th><th>Parameter #2</th></tr><tr class="param stripe"><td>com.web.tests.rallyhood.RHhomeDP@50acc094</td><td>org.testng.TestRunner@21a5972c</td></tr><tr><th colspan="2">Messages</th></tr><tr><td colspan="2"><div class="messages">TC Description : Verify presence of Group Name, Members count and respective Event Image for All Groups Present <br/>Rallyhood Total Groups Present is:: 3<br/>Rallyhood Group name for Group #1 is : Swim Class<br/>Rallyhood Group Members count of Group #1 is : 7
Members<br/>Rallyhood Group Image for Group #1 is present <br/>******************************************************<br/>Rallyhood Group name for Group #2 is : Bicycle Club<br/>Rallyhood Group Members count of Group #2 is : 1
Members<br/>Rallyhood Group Image for Group #2 is present <br/>******************************************************<br/>Rallyhood Group name for Group #3 is : Running Club<br/>Rallyhood Group Members count of Group #3 is : 1
Members<br/>Rallyhood Group Image for Group #3 is present <br/>******************************************************</div></td></tr></table><p class="totop"><a href="#summary">back to summary</a></p><h3 id="m36">com.web.tests.webtestcases.rallyhood.RallyhoodtestcasesChrome#RallyhoodTC_26</h3><table class="result"><tr class="param"><th>Parameter #1</th><th>Parameter #2</th></tr><tr class="param stripe"><td>com.web.tests.rallyhood.RHhomeDP@16edde5</td><td>org.testng.TestRunner@21a5972c</td></tr><tr><th colspan="2">Messages</th></tr><tr><td colspan="2"><div class="messages">TC Description : Verify presence of Lable 'Attending?', Button 'Yes' and Button 'No' present in All Existing Event <br/>Rallyhood Total Events Present is:: 2<br/>Rallyhood Events #1 is present and Clickable<br/>Rallyhood Events #1 verified for the lable and buttons on the screen<br/>Lable Attending? of Event is displayed<br/>'Yes' Button of Event is displayed and enabled<br/>'NO' Button of Event is displayed and enabled<br/>- - - - - - - - - - - - - - - - - - - - -    - - - - - - - - - - - - - - - -<br/>Rallyhood Events #2 is present and Clickable<br/>Rallyhood Events #2 verified for the lable and buttons on the screen<br/>Lable Attending? of Event is displayed<br/>'Yes' Button of Event is displayed and enabled<br/>'NO' Button of Event is displayed and enabled<br/>- - - - - - - - - - - - - - - - - - - - -    - - - - - - - - - - - - - - - -</div></td></tr></table><p class="totop"><a href="#summary">back to summary</a></p><h3 id="m37">com.web.tests.webtestcases.rallyhood.RallyhoodtestcasesChrome#RallyhoodTC_27</h3><table class="result"><tr class="param"><th>Parameter #1</th><th>Parameter #2</th></tr><tr class="param stripe"><td>com.web.tests.rallyhood.RHhomeDP@b5e6c0c</td><td>org.testng.TestRunner@21a5972c</td></tr><tr><th colspan="2">Messages</th></tr><tr><td colspan="2"><div class="messages">TC Description : Verify Event Flow when user clicks on Yes button for attending event and ability to change his selection again for All Events Available<br/>Rallyhood Total Events Present is:: 2<br/>Rallyhood Events #1 is present and Clickable<br/>Lable Attending? of Event is displayed<br/>'Yes' Button of Event is displayed and enabled<br/>'NO' Button of Event is displayed and enabled<br/>'Yes' Button of Event is Clicked<br/>Calander icon of Event is displayed<br/>Change Button of Event when yes is clicked - is displayed and enabled<br/>Change Button of Event when yes is clicked - is Enabled and Clicked<br/>Lable Attending? of Event is displayed<br/>'Yes' Button of Event is displayed and enabled<br/>'NO' Button of Event is displayed and enabled<br/>- - - - - - - - - - - - - -     - - - - - - - - - - - - - - - - - - - <br/>Rallyhood Events #2 is present and Clickable<br/>Lable Attending? of Event is displayed<br/>'Yes' Button of Event is displayed and enabled<br/>'NO' Button of Event is displayed and enabled<br/>'Yes' Button of Event is Clicked<br/>Calander icon of Event is displayed<br/>Change Button of Event when yes is clicked - is displayed and enabled<br/>Change Button of Event when yes is clicked - is Enabled and Clicked<br/>Lable Attending? of Event is displayed<br/>'Yes' Button of Event is displayed and enabled<br/>'NO' Button of Event is displayed and enabled<br/>- - - - - - - - - - - - - -     - - - - - - - - - - - - - - - - - - - </div></td></tr></table><p class="totop"><a href="#summary">back to summary</a></p><h3 id="m38">com.web.tests.webtestcases.rallyhood.RallyhoodtestcasesChrome#RallyhoodTC_28</h3><table class="result"><tr class="param"><th>Parameter #1</th><th>Parameter #2</th></tr><tr class="param stripe"><td>com.web.tests.rallyhood.RHhomeDP@16688788</td><td>org.testng.TestRunner@21a5972c</td></tr><tr><th colspan="2">Messages</th></tr><tr><td colspan="2"><div class="messages">TC Description : Verify Event Flow when user clicks on 'NO' button for NOT attending the event and ability to change his selection again for ALL Events Available<br/>Rallyhood Total Events Present is:: 2<br/>Rallyhood Events #1 is present and Clickable<br/>Lable Attending? of Event is displayed<br/>'Yes' Button of Event is displayed and enabled<br/>'NO' Button of Event is displayed and enabled<br/>'NO' Button of Event is Clicked<br/>Lable Not Attending of Event is displayed<br/>Change Button of Event when NO is clicked - is displayed and enabled<br/>Change Button of Event when NO is clicked - is enabled and Clicked<br/>Lable Attending? of Event is displayed<br/>'Yes' Button of Event is displayed and enabled<br/>'NO' Button of Event is displayed and enabled<br/>- - - - - - - - - - - - - -     - - - - - - - - - - - - - - - - - - - <br/>Rallyhood Events #2 is present and Clickable<br/>Lable Attending? of Event is displayed<br/>'Yes' Button of Event is displayed and enabled<br/>'NO' Button of Event is displayed and enabled<br/>'NO' Button of Event is Clicked<br/>Lable Not Attending of Event is displayed<br/>Change Button of Event when NO is clicked - is displayed and enabled<br/>Change Button of Event when NO is clicked - is enabled and Clicked<br/>Lable Attending? of Event is displayed<br/>'Yes' Button of Event is displayed and enabled<br/>'NO' Button of Event is displayed and enabled<br/>- - - - - - - - - - - - - -     - - - - - - - - - - - - - - - - - - - </div></td></tr></table><p class="totop"><a href="#summary">back to summary</a></p><h3 id="m39">com.web.tests.webtestcases.rallyhood.RallyhoodtestcasesChrome#RallyhoodTC_29</h3><table class="result"><tr class="param"><th>Parameter #1</th><th>Parameter #2</th></tr><tr class="param stripe"><td>com.web.tests.rallyhood.RHhomeDP@5bd6718c</td><td>org.testng.TestRunner@21a5972c</td></tr><tr><th colspan="2">Messages</th></tr><tr><td colspan="2"><div class="messages">TC Description : Verify ability to post comment without selecting 'Yes'/'No' button in ALL available Events<br/>Rallyhood Total Events Present is:: 2<br/>Rallyhood Events #1 is present and Clickable<br/>Lable Attending? of Event is displayed<br/>'Yes' Button of Event is displayed and enabled<br/>'NO' Button of Event is displayed and enabled<br/>Comments Textbox of Event - is displayed and enabled<br/>'Post a comment' textbox of Event is Clicked<br/>Comments Text area to enter comment for an Event - is Enabled and displayed<br/>'Post a comment' Actual textarea of Event is Clicked<br/>User Enters a comment in Comments field: Test Comment Automation<br/>Comments Save Button is Displayed<br/>Comments Cancel Button is Enabled and Displayed<br/>Save Button of Comments section of an Event - is enabled and Clicked<br/>- - - - - - - - - - - - - -     - - - - - - - - - - - - - - - - - - - - - - - - - - - - - - - - <br/>Rallyhood Events #2 is present and Clickable<br/>Lable Attending? of Event is displayed<br/>'Yes' Button of Event is displayed and enabled<br/>'NO' Button of Event is displayed and enabled<br/>Comments Textbox of Event - is displayed and enabled<br/>'Post a comment' textbox of Event is Clicked<br/>Comments Text area to enter comment for an Event - is Enabled and displayed<br/>'Post a comment' Actual textarea of Event is Clicked<br/>User Enters a comment in Comments field: Test Comment Automation<br/>Comments Save Button is Displayed<br/>Comments Cancel Button is Enabled and Displayed<br/>Save Button of Comments section of an Event - is enabled and Clicked<br/>- - - - - - - - - - - - - -     - - - - - - - - - - - - - - - - - - - - - - - - - - - - - - - - </div></td></tr></table><p class="totop"><a href="#summary">back to summary</a></p><h3 id="m40">com.web.tests.webtestcases.rallyhood.RallyhoodtestcasesChrome#RallyhoodTC_31</h3><table class="result"><tr class="param"><th>Parameter #1</th><th>Parameter #2</th></tr><tr class="param stripe"><td>com.web.tests.rallyhood.RHhomeDP@18864214</td><td>org.testng.TestRunner@21a5972c</td></tr><tr><th colspan="2">Messages</th></tr><tr><td colspan="2"><div class="messages">TC Description : Verifying user is able to post comment for an event available and verify Author/Entered Comment/Entered Time of an Events<br/>Rallyhood home screen have Events Listed and Clickable<br/>Lable Attending? of Event is displayed<br/>'Yes' Button of Event is displayed and enabled<br/>'NO' Button of Event is displayed and enabled<br/>Comments Textbox of Event - is displayed and enabled<br/>'Post a comment' textbox of Event is Clicked<br/>Comments Text area to enter comment for an Event - is Enabled and displayed<br/>'Post a comment' Actual textarea of Event is Clicked<br/>User Enters a comment in Comments field: Test Comment Automation<br/>Comments Save Button is Displayed<br/>Comments Cancel Button is Enabled and Displayed<br/>Save Button of Comments section of an Event - is enabled and Clicked<br/>Author Value for Latest comment of Event - is displayed : Kiran Kumar<br/>Entered Text Value for Latest comment of Event - is displayed  Test Comment Automation<br/>When the latest comment was commented by user for an Event is present - is displayed: 2 minutes ago</div></td></tr></table><p class="totop"><a href="#summary">back to summary</a></p><h3 id="m41">com.web.tests.webtestcases.rallyhood.RallyhoodtestcasesChrome#RallyhoodTC_39</h3><table class="result"><tr class="param"><th>Parameter #1</th><th>Parameter #2</th></tr><tr class="param stripe"><td>com.web.tests.rallyhood.RHhomeDP@6ee001d0</td><td>org.testng.TestRunner@21a5972c</td></tr><tr><th colspan="2">Messages</th></tr><tr><td colspan="2"><div class="messages">TC Description : Verify Functionality of Follow button for ALL Class in a Group is working properly <br/>Rallyhood Total Groups Present is:: 3<br/>Group Follow Button is Enabled and Displayed<br/>Follow Button in a Group - is enabled and Clicked<br/>Group UnFollow Button is Enabled and Displayed<br/>Calander icon of Group when Followed is displayed<br/>Unfollow Button in a Group - is enabled and Clicked<br/>Group Follow Button is Enabled and Displayed<br/>- - - - - - - - - - - - - -     - - - - - - - - - - - - - - - - - - - - - - - - - - - - - - - - <br/>Group Follow Button is Enabled and Displayed<br/>Follow Button in a Group - is enabled and Clicked<br/>Group UnFollow Button is Enabled and Displayed<br/>Calander icon of Group when Followed is displayed<br/>Unfollow Button in a Group - is enabled and Clicked<br/>Group Follow Button is Enabled and Displayed<br/>- - - - - - - - - - - - - -     - - - - - - - - - - - - - - - - - - - - - - - - - - - - - - - - <br/>Group Follow Button is Enabled and Displayed<br/>Follow Button in a Group - is enabled and Clicked<br/>Group UnFollow Button is Enabled and Displayed<br/>Calander icon of Group when Followed is displayed<br/>Unfollow Button in a Group - is enabled and Clicked<br/>Group Follow Button is Enabled and Displayed<br/>- - - - - - - - - - - - - -     - - - - - - - - - - - - - - - - - - - - - - - - - - - - - - - - </div></td></tr></table><p class="totop"><a href="#summary">back to summary</a></p><h3 id="m42">com.web.tests.webtestcases.rallyhood.RallyhoodtestcasesChrome#RallyhoodTC_41</h3><table class="result"><tr class="param"><th>Parameter #1</th><th>Parameter #2</th></tr><tr class="param stripe"><td>com.web.tests.rallyhood.RHhomeDP@16970f27</td><td>org.testng.TestRunner@21a5972c</td></tr><tr><th colspan="2">Messages</th></tr><tr><td colspan="2"><div class="messages">TC Description : Verify Functionality of SignUp Process by a user for Classes in a Group for an instructor for all available groups and classes<br/>Rallyhood Total Groups Present is:: 3<br/>Rallyhood Total Classes Present in a Group:: 5<br/>Groups Current upcoming class is displayed<br/>In a Groups, for a Class- Instructor Name is displayed: Another Important Event<br/>In a Groups, for a Class Date is displayed: Dec 1st<br/>In a Group, for a Class, for an Instructor SignUp Button is Enabled and Displayed<br/>Sign Up Button in a Group, for an instructor in a class - is enabled and Clicked<br/>In a Group, for a class- after signing Up for an instructor:  Calender Icon is displayed<br/>Groups Current upcoming class is displayed<br/>In a Groups, for a Class- Instructor Name is displayed: Instructor: Jane Blue<br/>In a Groups, for a Class Date is displayed: Dec 3rd<br/>In a Group, for a Class, for an Instructor SignUp Button is Enabled and Displayed<br/>Sign Up Button in a Group, for an instructor in a class - is enabled and Clicked<br/>In a Group, for a class- after signing Up for an instructor:  Calender Icon is displayed<br/>Groups Current upcoming class is displayed<br/>In a Groups, for a Class- Instructor Name is displayed: Instructor: Jane Blue<br/>In a Groups, for a Class Date is displayed: Dec 10th<br/>In a Group, for a Class, for an Instructor SignUp Button is Enabled and Displayed<br/>Sign Up Button in a Group, for an instructor in a class - is enabled and Clicked<br/>In a Group, for a class- after signing Up for an instructor:  Calender Icon is displayed<br/>Groups Current upcoming class is displayed<br/>In a Groups, for a Class- Instructor Name is displayed: Instructor: Jane Blue<br/>In a Groups, for a Class Date is displayed: Dec 17th<br/>In a Group, for a Class, for an Instructor SignUp Button is Enabled and Displayed<br/>Sign Up Button in a Group, for an instructor in a class - is enabled and Clicked<br/>In a Group, for a class- after signing Up for an instructor:  Calender Icon is displayed<br/>Groups Current upcoming class is displayed<br/>In a Groups, for a Class- Instructor Name is displayed: Instructor: Jane Blue<br/>In a Groups, for a Class Date is displayed: Dec 24th<br/>In a Group, for a Class, for an Instructor SignUp Button is Enabled and Displayed<br/>Sign Up Button in a Group, for an instructor in a class - is enabled and Clicked<br/>In a Group, for a class- after signing Up for an instructor:  Calender Icon is displayed<br/>- - - - - - - - - - - - - -     - - - - - - - - - - - - - - - - - - - - - - - - - - - - - - - - <br/>Rallyhood Total Classes Present in a Group:: 1<br/>Groups Current upcoming class is displayed<br/>In a Groups, for a Class- Instructor Name is displayed: After Work Bike Party<br/>In a Groups, for a Class Date is displayed: Dec 1st<br/>In a Group, for a Class, for an Instructor SignUp Button is Enabled and Displayed<br/>Sign Up Button in a Group, for an instructor in a class - is enabled and Clicked<br/>In a Group, for a class- after signing Up for an instructor:  Calender Icon is displayed<br/>- - - - - - - - - - - - - -     - - - - - - - - - - - - - - - - - - - - - - - - - - - - - - - - <br/>Rallyhood Total Classes Present in a Group:: 3<br/>Groups Current upcoming class is displayed<br/>In a Groups, for a Class- Instructor Name is displayed: Running in Circles<br/>In a Groups, for a Class Date is displayed: Nov 29th<br/>In a Group, for a Class, for an Instructor SignUp Button is Enabled and Displayed<br/>Sign Up Button in a Group, for an instructor in a class - is enabled and Clicked<br/>In a Group, for a class- after signing Up for an instructor:  Calender Icon is displayed<br/>Groups Current upcoming class is displayed<br/>In a Groups, for a Class- Instructor Name is displayed: Running in Circles<br/>In a Groups, for a Class Date is displayed: Dec 13th<br/>In a Group, for a Class, for an Instructor SignUp Button is Enabled and Displayed<br/>Sign Up Button in a Group, for an instructor in a class - is enabled and Clicked<br/>In a Group, for a class- after signing Up for an instructor:  Calender Icon is displayed<br/>Groups Current upcoming class is displayed<br/>In a Groups, for a Class- Instructor Name is displayed: Running in Circles<br/>In a Groups, for a Class Date is displayed: Dec 27th<br/>In a Group, for a Class, for an Instructor SignUp Button is Enabled and Displayed<br/>Sign Up Button in a Group, for an instructor in a class - is enabled and Clicked<br/>In a Group, for a class- after signing Up for an instructor:  Calender Icon is displayed<br/>- - - - - - - - - - - - - -     - - - - - - - - - - - - - - - - - - - - - - - - - - - - - - - - <br/>Rallyhood Total Groups Present is:: 3<br/>Rallyhood Total Classes Present in a Group:: 5<br/>In a Groups, for a Class- After SignUp Instructor Name is displayed: Another Important Event<br/>In a Group, for a Class, for an Instructor Remove Button is Enabled and Displayed<br/>Remove Button in a Group, for an instructor in a class is enabled and Clicked<br/>In a Groups, for a Class- Instructor Name is displayed: Another Important Event<br/>In a Groups, for a Class- After SignUp Instructor Name is displayed: Instructor: Jane Blue<br/>In a Group, for a Class, for an Instructor Remove Button is Enabled and Displayed<br/>Remove Button in a Group, for an instructor in a class is enabled and Clicked<br/>In a Groups, for a Class- Instructor Name is displayed: Another Important Event<br/>In a Groups, for a Class- After SignUp Instructor Name is displayed: Instructor: Jane Blue<br/>In a Group, for a Class, for an Instructor Remove Button is Enabled and Displayed<br/>Remove Button in a Group, for an instructor in a class is enabled and Clicked<br/>In a Groups, for a Class- Instructor Name is displayed: Another Important Event<br/>In a Groups, for a Class- After SignUp Instructor Name is displayed: Instructor: Jane Blue<br/>In a Group, for a Class, for an Instructor Remove Button is Enabled and Displayed<br/>Remove Button in a Group, for an instructor in a class is enabled and Clicked<br/>In a Groups, for a Class- Instructor Name is displayed: Another Important Event<br/>In a Groups, for a Class- After SignUp Instructor Name is displayed: Instructor: Jane Blue<br/>In a Group, for a Class, for an Instructor Remove Button is Enabled and Displayed<br/>Remove Button in a Group, for an instructor in a class is enabled and Clicked<br/>In a Groups, for a Class- Instructor Name is displayed: Another Important Event<br/>- - - - - - - - - - - - - -     - - - - - - - - - - - - - - - - - - - - - - - - - - - - - - - - <br/>Rallyhood Total Classes Present in a Group:: 1<br/>In a Groups, for a Class- After SignUp Instructor Name is displayed: After Work Bike Party<br/>In a Group, for a Class, for an Instructor Remove Button is Enabled and Displayed<br/>Remove Button in a Group, for an instructor in a class is enabled and Clicked<br/>In a Groups, for a Class- Instructor Name is displayed: After Work Bike Party<br/>- - - - - - - - - - - - - -     - - - - - - - - - - - - - - - - - - - - - - - - - - - - - - - - <br/>Rallyhood Total Classes Present in a Group:: 3<br/>In a Groups, for a Class- After SignUp Instructor Name is displayed: Running in Circles<br/>In a Group, for a Class, for an Instructor Remove Button is Enabled and Displayed<br/>Remove Button in a Group, for an instructor in a class is enabled and Clicked<br/>In a Groups, for a Class- Instructor Name is displayed: Running in Circles<br/>In a Groups, for a Class- After SignUp Instructor Name is displayed: Running in Circles<br/>In a Group, for a Class, for an Instructor Remove Button is Enabled and Displayed<br/>Remove Button in a Group, for an instructor in a class is enabled and Clicked<br/>In a Groups, for a Class- Instructor Name is displayed: Running in Circles<br/>In a Groups, for a Class- After SignUp Instructor Name is displayed: Running in Circles<br/>In a Group, for a Class, for an Instructor Remove Button is Enabled and Displayed<br/>Remove Button in a Group, for an instructor in a class is enabled and Clicked<br/>In a Groups, for a Class- Instructor Name is displayed: Running in Circles<br/>- - - - - - - - - - - - - -     - - - - - - - - - - - - - - - - - - - - - - - - - - - - - - - - </div></td></tr></table><p class="totop"><a href="#summary">back to summary</a></p><h3 id="m43">com.web.tests.webtestcases.rallyhood.RallyhoodtestcasesChrome#RallyhoodTC_44</h3><table class="result"><tr class="param"><th>Parameter #1</th><th>Parameter #2</th></tr><tr class="param stripe"><td>com.web.tests.rallyhood.RHhomeDP@6fb62663</td><td>org.testng.TestRunner@21a5972c</td></tr><tr><th colspan="2">Messages</th></tr><tr><td colspan="2"><div class="messages">TC Description : Verify Functionality of Unfollow Option for ALL Class in a Group is working properly <br/>Rallyhood Total Groups Present is:: 3<br/>Group Follow Button is Enabled and Displayed<br/>Follow Button in a Group - is enabled and Clicked<br/>Group UnFollow Button is Enabled and Displayed<br/>Calander icon of Group when Followed is displayed<br/>Unfollow Button in a Group - is enabled and Clicked<br/>Group Follow Button is Enabled and Displayed<br/>- - - - - - - - - - - - - -     - - - - - - - - - - - - - - - - - - - - - - - - - - - - - - - - <br/>Group Follow Button is Enabled and Displayed<br/>Follow Button in a Group - is enabled and Clicked<br/>Group UnFollow Button is Enabled and Displayed<br/>Calander icon of Group when Followed is displayed<br/>Unfollow Button in a Group - is enabled and Clicked<br/>Group Follow Button is Enabled and Displayed<br/>- - - - - - - - - - - - - -     - - - - - - - - - - - - - - - - - - - - - - - - - - - - - - - - <br/>Group Follow Button is Enabled and Displayed<br/>Follow Button in a Group - is enabled and Clicked<br/>Group UnFollow Button is Enabled and Displayed<br/>Calander icon of Group when Followed is displayed<br/>Unfollow Button in a Group - is enabled and Clicked<br/>Group Follow Button is Enabled and Displayed<br/>- - - - - - - - - - - - - -     - - - - - - - - - - - - - - - - - - - - - - - - - - - - - - - - </div></td></tr></table><p class="totop"><a href="#summary">back to summary</a></p><h2>Rallyhood web Automation Tests_firefox</h2><h3 id="m44">com.web.tests.webtestcases.rallyhood.Rallyhoodtestcases#RallyhoodTC_09</h3><table class="result"><tr class="param"><th>Parameter #1</th><th>Parameter #2</th></tr><tr class="param stripe"><td>com.web.tests.rallyhood.RHhomeDP@35b74567</td><td>org.testng.TestRunner@4e6bef17</td></tr><tr><th colspan="2">Messages</th></tr><tr><td colspan="2"><div class="messages">TC Description : Verify Event Flow when user clicks on 'NO' button for NOT attending the event and ability to change his selection again for single Event<br/>Rallyhood home screen have Events Listed and Clickable</div></td></tr><tr><th colspan="2">Exception</th></tr><tr><td colspan="2"><div class="stacktrace">java.lang.AssertionError: Test case failed due to exception Unable to locate element: //article[@class=&apos;participation ember-view none&apos;]//div[@class=&apos;rsvp is-none&apos;]//span[@class=&apos;prompt&apos;]
For documentation on this error, please visit: http://seleniumhq.org/exceptions/no_such_element.html
Build info: version: &apos;3.6.0&apos;, revision: &apos;6fbf3ec767&apos;, time: &apos;2017-09-27T15:28:36.4Z&apos;
System info: host: &apos;IM-LP-322&apos;, ip: &apos;192.168.205.116&apos;, os.name: &apos;Windows 7&apos;, os.arch: &apos;amd64&apos;, os.version: &apos;6.1&apos;, java.version: &apos;1.8.0_151&apos;
Driver info: org.openqa.selenium.firefox.FirefoxDriver
Capabilities [{moz:profile=C:\Users\mbaragapu\AppData\Local\Temp\rust_mozprofile.HP3iwaERCf3A, rotatable=false, timeouts={implicit=0, pageLoad=300000, script=30000}, pageLoadStrategy=normal, moz:headless=false, platform=XP, moz:accessibilityChecks=false, acceptInsecureCerts=true, browserVersion=58.0, platformVersion=6.1, moz:processID=8956, browserName=firefox, javascriptEnabled=true, platformName=XP, moz:webdriverClick=true}]
Session ID: 2cd19199-a392-4ca9-8094-bfb3f5ed782d
*** Element info: {Using=xpath, value=//article[@class=&apos;participation ember-view none&apos;]//div[@class=&apos;rsvp is-none&apos;]//span[@class=&apos;prompt&apos;]} expected [true] but found [false]
	at com.web.tests.rallyhood.RHhome.Event_ATTENDING_Lable_Presence(RHhome.java:492)
	at com.web.tests.rallyhood.RHhome.Single_Event_Screen_NOT_AttendingEventFlow(RHhome.java:1462)
	at com.web.tests.webtestcases.rallyhood.Rallyhoodtestcases.RallyhoodTC_09(Rallyhoodtestcases.java:170)
	at java.util.concurrent.FutureTask.run(Unknown Source)
	at java.util.concurrent.ThreadPoolExecutor.runWorker(Unknown Source)
	at java.util.concurrent.ThreadPoolExecutor$Worker.run(Unknown Source)
	at java.lang.Thread.run(Unknown Source)
... Removed 19 stack frames</div></td></tr></table><p class="totop"><a href="#summary">back to summary</a></p><h3 id="m45">com.web.tests.webtestcases.rallyhood.Rallyhoodtestcases#RallyhoodTC_12</h3><table class="result"><tr class="param"><th>Parameter #1</th><th>Parameter #2</th></tr><tr class="param stripe"><td>com.web.tests.rallyhood.RHhomeDP@5c2d79bb</td><td>org.testng.TestRunner@4e6bef17</td></tr><tr><th colspan="2">Messages</th></tr><tr><td colspan="2"><div class="messages">TC Description : 'Read More' link to view full content of an Event is enabled and Clicked in an Event <br/>Rallyhood home screen have Events Listed and Clickable</div></td></tr><tr><th colspan="2">Exception</th></tr><tr><td colspan="2"><div class="stacktrace">java.lang.AssertionError: Test case failed due to exception Unable to locate element: //article[@class=&apos;participation ember-view none&apos;]//div[@class=&apos;rsvp is-none&apos;]//span[@class=&apos;prompt&apos;]
For documentation on this error, please visit: http://seleniumhq.org/exceptions/no_such_element.html
Build info: version: &apos;3.6.0&apos;, revision: &apos;6fbf3ec767&apos;, time: &apos;2017-09-27T15:28:36.4Z&apos;
System info: host: &apos;IM-LP-322&apos;, ip: &apos;192.168.205.116&apos;, os.name: &apos;Windows 7&apos;, os.arch: &apos;amd64&apos;, os.version: &apos;6.1&apos;, java.version: &apos;1.8.0_151&apos;
Driver info: org.openqa.selenium.firefox.FirefoxDriver
Capabilities [{moz:profile=C:\Users\mbaragapu\AppData\Local\Temp\rust_mozprofile.HP3iwaERCf3A, rotatable=false, timeouts={implicit=0, pageLoad=300000, script=30000}, pageLoadStrategy=normal, moz:headless=false, platform=XP, moz:accessibilityChecks=false, acceptInsecureCerts=true, browserVersion=58.0, platformVersion=6.1, moz:processID=8956, browserName=firefox, javascriptEnabled=true, platformName=XP, moz:webdriverClick=true}]
Session ID: 2cd19199-a392-4ca9-8094-bfb3f5ed782d
*** Element info: {Using=xpath, value=//article[@class=&apos;participation ember-view none&apos;]//div[@class=&apos;rsvp is-none&apos;]//span[@class=&apos;prompt&apos;]} expected [true] but found [false]
	at com.web.tests.rallyhood.RHhome.Single_EventsScreen_ReadMore_Validation(RHhome.java:2117)
	at com.web.tests.webtestcases.rallyhood.Rallyhoodtestcases.RallyhoodTC_12(Rallyhoodtestcases.java:199)
	at java.util.concurrent.FutureTask.run(Unknown Source)
	at java.util.concurrent.ThreadPoolExecutor.runWorker(Unknown Source)
	at java.util.concurrent.ThreadPoolExecutor$Worker.run(Unknown Source)
	at java.lang.Thread.run(Unknown Source)
... Removed 19 stack frames</div></td></tr></table><p class="totop"><a href="#summary">back to summary</a></p><h3 id="m46">com.web.tests.webtestcases.rallyhood.Rallyhoodtestcases#RallyhoodTC_26</h3><table class="result"><tr class="param"><th>Parameter #1</th><th>Parameter #2</th></tr><tr class="param stripe"><td>com.web.tests.rallyhood.RHhomeDP@27ad2879</td><td>org.testng.TestRunner@4e6bef17</td></tr><tr><th colspan="2">Messages</th></tr><tr><td colspan="2"><div class="messages">TC Description : Verify presence of Lable 'Attending?', Button 'Yes' and Button 'No' present in All Existing Event <br/>Rallyhood Total Events Present is:: 2<br/>Rallyhood Events #1 is present and Clickable<br/>Rallyhood Events #1 verified for the lable and buttons on the screen<br/>Lable Attending? of Event is displayed<br/>'Yes' Button of Event is displayed and enabled<br/>'NO' Button of Event is displayed and enabled<br/>- - - - - - - - - - - - - - - - - - - - -    - - - - - - - - - - - - - - - -<br/>Rallyhood Events #2 is present and Clickable<br/>Rallyhood Events #2 verified for the lable and buttons on the screen</div></td></tr><tr><th colspan="2">Exception</th></tr><tr><td colspan="2"><div class="stacktrace">java.lang.AssertionError: Test case failed due to exception Unable to locate element: //article[@class=&apos;participation ember-view none&apos;]//div[@class=&apos;rsvp is-none&apos;]//span[@class=&apos;prompt&apos;]
For documentation on this error, please visit: http://seleniumhq.org/exceptions/no_such_element.html
Build info: version: &apos;3.6.0&apos;, revision: &apos;6fbf3ec767&apos;, time: &apos;2017-09-27T15:28:36.4Z&apos;
System info: host: &apos;IM-LP-322&apos;, ip: &apos;192.168.205.116&apos;, os.name: &apos;Windows 7&apos;, os.arch: &apos;amd64&apos;, os.version: &apos;6.1&apos;, java.version: &apos;1.8.0_151&apos;
Driver info: org.openqa.selenium.firefox.FirefoxDriver
Capabilities [{moz:profile=C:\Users\mbaragapu\AppData\Local\Temp\rust_mozprofile.HP3iwaERCf3A, rotatable=false, timeouts={implicit=0, pageLoad=300000, script=30000}, pageLoadStrategy=normal, moz:headless=false, platform=XP, moz:accessibilityChecks=false, acceptInsecureCerts=true, browserVersion=58.0, platformVersion=6.1, moz:processID=8956, browserName=firefox, javascriptEnabled=true, platformName=XP, moz:webdriverClick=true}]
Session ID: 2cd19199-a392-4ca9-8094-bfb3f5ed782d
*** Element info: {Using=xpath, value=//article[@class=&apos;participation ember-view none&apos;]//div[@class=&apos;rsvp is-none&apos;]//span[@class=&apos;prompt&apos;]} expected [true] but found [false]
	at com.web.tests.rallyhood.RHhome.Event_ATTENDING_Lable_Presence(RHhome.java:492)
	at com.web.tests.rallyhood.RHhome.Multiple_Events_Screen_Buttons_Validation(RHhome.java:1359)
	at com.web.tests.webtestcases.rallyhood.Rallyhoodtestcases.RallyhoodTC_26(Rallyhoodtestcases.java:348)
	at java.util.concurrent.FutureTask.run(Unknown Source)
	at java.util.concurrent.ThreadPoolExecutor.runWorker(Unknown Source)
	at java.util.concurrent.ThreadPoolExecutor$Worker.run(Unknown Source)
	at java.lang.Thread.run(Unknown Source)
... Removed 19 stack frames</div></td></tr></table><p class="totop"><a href="#summary">back to summary</a></p><h3 id="m47">com.web.tests.webtestcases.rallyhood.Rallyhoodtestcases#RallyhoodTC_27</h3><table class="result"><tr class="param"><th>Parameter #1</th><th>Parameter #2</th></tr><tr class="param stripe"><td>com.web.tests.rallyhood.RHhomeDP@1aa83a70</td><td>org.testng.TestRunner@4e6bef17</td></tr><tr><th colspan="2">Messages</th></tr><tr><td colspan="2"><div class="messages">TC Description : Verify Event Flow when user clicks on Yes button for attending event and ability to change his selection again for All Events Available<br/>Rallyhood Total Events Present is:: 2<br/>Rallyhood Events #1 is present and Clickable<br/>Lable Attending? of Event is displayed<br/>'Yes' Button of Event is displayed and enabled<br/>'NO' Button of Event is displayed and enabled<br/>'Yes' Button of Event is Clicked<br/>Calander icon of Event is displayed<br/>Change Button of Event when yes is clicked - is displayed and enabled<br/>Change Button of Event when yes is clicked - is Enabled and Clicked<br/>Lable Attending? of Event is displayed<br/>'Yes' Button of Event is displayed and enabled<br/>'NO' Button of Event is displayed and enabled<br/>- - - - - - - - - - - - - -     - - - - - - - - - - - - - - - - - - - <br/>Rallyhood Events #2 is present and Clickable</div></td></tr><tr><th colspan="2">Exception</th></tr><tr><td colspan="2"><div class="stacktrace">java.lang.AssertionError: Test case failed due to exception Unable to locate element: //article[@class=&apos;participation ember-view none&apos;]//div[@class=&apos;rsvp is-none&apos;]//span[@class=&apos;prompt&apos;]
For documentation on this error, please visit: http://seleniumhq.org/exceptions/no_such_element.html
Build info: version: &apos;3.6.0&apos;, revision: &apos;6fbf3ec767&apos;, time: &apos;2017-09-27T15:28:36.4Z&apos;
System info: host: &apos;IM-LP-322&apos;, ip: &apos;192.168.205.116&apos;, os.name: &apos;Windows 7&apos;, os.arch: &apos;amd64&apos;, os.version: &apos;6.1&apos;, java.version: &apos;1.8.0_151&apos;
Driver info: org.openqa.selenium.firefox.FirefoxDriver
Capabilities [{moz:profile=C:\Users\mbaragapu\AppData\Local\Temp\rust_mozprofile.HP3iwaERCf3A, rotatable=false, timeouts={implicit=0, pageLoad=300000, script=30000}, pageLoadStrategy=normal, moz:headless=false, platform=XP, moz:accessibilityChecks=false, acceptInsecureCerts=true, browserVersion=58.0, platformVersion=6.1, moz:processID=8956, browserName=firefox, javascriptEnabled=true, platformName=XP, moz:webdriverClick=true}]
Session ID: 2cd19199-a392-4ca9-8094-bfb3f5ed782d
*** Element info: {Using=xpath, value=//article[@class=&apos;participation ember-view none&apos;]//div[@class=&apos;rsvp is-none&apos;]//span[@class=&apos;prompt&apos;]} expected [true] but found [false]
	at com.web.tests.rallyhood.RHhome.Event_ATTENDING_Lable_Presence(RHhome.java:492)
	at com.web.tests.rallyhood.RHhome.Multiple_Event_Screen_AttendingEventFlow(RHhome.java:1424)
	at com.web.tests.webtestcases.rallyhood.Rallyhoodtestcases.RallyhoodTC_27(Rallyhoodtestcases.java:358)
	at java.util.concurrent.FutureTask.run(Unknown Source)
	at java.util.concurrent.ThreadPoolExecutor.runWorker(Unknown Source)
	at java.util.concurrent.ThreadPoolExecutor$Worker.run(Unknown Source)
	at java.lang.Thread.run(Unknown Source)
... Removed 19 stack frames</div></td></tr></table><p class="totop"><a href="#summary">back to summary</a></p><h3 id="m48">com.web.tests.webtestcases.rallyhood.Rallyhoodtestcases#RallyhoodTC_31</h3><table class="result"><tr class="param"><th>Parameter #1</th><th>Parameter #2</th></tr><tr class="param stripe"><td>com.web.tests.rallyhood.RHhomeDP@5264a686</td><td>org.testng.TestRunner@4e6bef17</td></tr><tr><th colspan="2">Messages</th></tr><tr><td colspan="2"><div class="messages">TC Description : Verifying user is able to post comment for an event available and verify Author/Entered Comment/Entered Time of an Events<br/>Rallyhood home screen have Events Listed and Clickable</div></td></tr><tr><th colspan="2">Exception</th></tr><tr><td colspan="2"><div class="stacktrace">java.lang.AssertionError: Test case failed due to exception Unable to locate element: //article[@class=&apos;participation ember-view none&apos;]//div[@class=&apos;rsvp is-none&apos;]//span[@class=&apos;prompt&apos;]
For documentation on this error, please visit: http://seleniumhq.org/exceptions/no_such_element.html
Build info: version: &apos;3.6.0&apos;, revision: &apos;6fbf3ec767&apos;, time: &apos;2017-09-27T15:28:36.4Z&apos;
System info: host: &apos;IM-LP-322&apos;, ip: &apos;192.168.205.116&apos;, os.name: &apos;Windows 7&apos;, os.arch: &apos;amd64&apos;, os.version: &apos;6.1&apos;, java.version: &apos;1.8.0_151&apos;
Driver info: org.openqa.selenium.firefox.FirefoxDriver
Capabilities [{moz:profile=C:\Users\mbaragapu\AppData\Local\Temp\rust_mozprofile.HP3iwaERCf3A, rotatable=false, timeouts={implicit=0, pageLoad=300000, script=30000}, pageLoadStrategy=normal, moz:headless=false, platform=XP, moz:accessibilityChecks=false, acceptInsecureCerts=true, browserVersion=58.0, platformVersion=6.1, moz:processID=8956, browserName=firefox, javascriptEnabled=true, platformName=XP, moz:webdriverClick=true}]
Session ID: 2cd19199-a392-4ca9-8094-bfb3f5ed782d
*** Element info: {Using=xpath, value=//article[@class=&apos;participation ember-view none&apos;]//div[@class=&apos;rsvp is-none&apos;]//span[@class=&apos;prompt&apos;]} expected [true] but found [false]
	at com.web.tests.rallyhood.RHhome.Event_ATTENDING_Lable_Presence(RHhome.java:492)
	at com.web.tests.rallyhood.RHhome.Single_Event_AfterCommentPOST_VerifyCommentsValue(RHhome.java:1711)
	at com.web.tests.webtestcases.rallyhood.Rallyhoodtestcases.RallyhoodTC_31(Rallyhoodtestcases.java:396)
	at java.util.concurrent.FutureTask.run(Unknown Source)
	at java.util.concurrent.ThreadPoolExecutor.runWorker(Unknown Source)
	at java.util.concurrent.ThreadPoolExecutor$Worker.run(Unknown Source)
	at java.lang.Thread.run(Unknown Source)
... Removed 19 stack frames</div></td></tr></table><p class="totop"><a href="#summary">back to summary</a></p><h3 id="m49">com.web.tests.webtestcases.rallyhood.Rallyhoodtestcases#RallyhoodTC_32</h3><table class="result"><tr class="param"><th>Parameter #1</th><th>Parameter #2</th></tr><tr class="param stripe"><td>com.web.tests.rallyhood.RHhomeDP@7ee1d11b</td><td>org.testng.TestRunner@4e6bef17</td></tr><tr><th colspan="2">Messages</th></tr><tr><td colspan="2"><div class="messages">TC Description : Verifying user is able to post comment for an event available and verify Author/Entered Comment/Entered Time of ALL available Events<br/>Rallyhood Total Events Present is:: 2<br/>Rallyhood Events #1 is present and Clickable</div></td></tr><tr><th colspan="2">Exception</th></tr><tr><td colspan="2"><div class="stacktrace">java.lang.AssertionError: Test case failed due to exception Unable to locate element: //article[@class=&apos;participation ember-view none&apos;]//div[@class=&apos;rsvp is-none&apos;]//span[@class=&apos;prompt&apos;]
For documentation on this error, please visit: http://seleniumhq.org/exceptions/no_such_element.html
Build info: version: &apos;3.6.0&apos;, revision: &apos;6fbf3ec767&apos;, time: &apos;2017-09-27T15:28:36.4Z&apos;
System info: host: &apos;IM-LP-322&apos;, ip: &apos;192.168.205.116&apos;, os.name: &apos;Windows 7&apos;, os.arch: &apos;amd64&apos;, os.version: &apos;6.1&apos;, java.version: &apos;1.8.0_151&apos;
Driver info: org.openqa.selenium.firefox.FirefoxDriver
Capabilities [{moz:profile=C:\Users\mbaragapu\AppData\Local\Temp\rust_mozprofile.HP3iwaERCf3A, rotatable=false, timeouts={implicit=0, pageLoad=300000, script=30000}, pageLoadStrategy=normal, moz:headless=false, platform=XP, moz:accessibilityChecks=false, acceptInsecureCerts=true, browserVersion=58.0, platformVersion=6.1, moz:processID=8956, browserName=firefox, javascriptEnabled=true, platformName=XP, moz:webdriverClick=true}]
Session ID: 2cd19199-a392-4ca9-8094-bfb3f5ed782d
*** Element info: {Using=xpath, value=//article[@class=&apos;participation ember-view none&apos;]//div[@class=&apos;rsvp is-none&apos;]//span[@class=&apos;prompt&apos;]} expected [true] but found [false]
	at com.web.tests.rallyhood.RHhome.Event_ATTENDING_Lable_Presence(RHhome.java:492)
	at com.web.tests.rallyhood.RHhome.Multiple_Event_AfterCommentPOST_VerifyCommentsValue(RHhome.java:1755)
	at com.web.tests.webtestcases.rallyhood.Rallyhoodtestcases.RallyhoodTC_32(Rallyhoodtestcases.java:405)
	at java.util.concurrent.FutureTask.run(Unknown Source)
	at java.util.concurrent.ThreadPoolExecutor.runWorker(Unknown Source)
	at java.util.concurrent.ThreadPoolExecutor$Worker.run(Unknown Source)
	at java.lang.Thread.run(Unknown Source)
... Removed 19 stack frames</div></td></tr></table><p class="totop"><a href="#summary">back to summary</a></p><h3 id="m50">com.web.tests.webtestcases.rallyhood.Rallyhoodtestcases#RallyhoodTC_33</h3><table class="result"><tr class="param"><th>Parameter #1</th><th>Parameter #2</th></tr><tr class="param stripe"><td>com.web.tests.rallyhood.RHhomeDP@2b889953</td><td>org.testng.TestRunner@4e6bef17</td></tr><tr><th colspan="2">Messages</th></tr><tr><td colspan="2"><div class="messages">TC Description : Verifying user is able to post comment for an event available and verify Comment Screen all options when Attending 'Yes' is selected for an Events<br/>Rallyhood home screen have Events Listed and Clickable</div></td></tr><tr><th colspan="2">Exception</th></tr><tr><td colspan="2"><div class="stacktrace">java.lang.AssertionError: Test case failed due to exception Unable to locate element: //article[@class=&apos;participation ember-view none&apos;]//div[@class=&apos;rsvp is-none&apos;]//span[@class=&apos;prompt&apos;]
For documentation on this error, please visit: http://seleniumhq.org/exceptions/no_such_element.html
Build info: version: &apos;3.6.0&apos;, revision: &apos;6fbf3ec767&apos;, time: &apos;2017-09-27T15:28:36.4Z&apos;
System info: host: &apos;IM-LP-322&apos;, ip: &apos;192.168.205.116&apos;, os.name: &apos;Windows 7&apos;, os.arch: &apos;amd64&apos;, os.version: &apos;6.1&apos;, java.version: &apos;1.8.0_151&apos;
Driver info: org.openqa.selenium.firefox.FirefoxDriver
Capabilities [{moz:profile=C:\Users\mbaragapu\AppData\Local\Temp\rust_mozprofile.HP3iwaERCf3A, rotatable=false, timeouts={implicit=0, pageLoad=300000, script=30000}, pageLoadStrategy=normal, moz:headless=false, platform=XP, moz:accessibilityChecks=false, acceptInsecureCerts=true, browserVersion=58.0, platformVersion=6.1, moz:processID=8956, browserName=firefox, javascriptEnabled=true, platformName=XP, moz:webdriverClick=true}]
Session ID: 2cd19199-a392-4ca9-8094-bfb3f5ed782d
*** Element info: {Using=xpath, value=//article[@class=&apos;participation ember-view none&apos;]//div[@class=&apos;rsvp is-none&apos;]//span[@class=&apos;prompt&apos;]} expected [true] but found [false]
	at com.web.tests.rallyhood.RHhome.Event_ATTENDING_Lable_Presence(RHhome.java:492)
	at com.web.tests.rallyhood.RHhome.Single_Event_SelectionYES_VerifyComments_CommentedValues(RHhome.java:1798)
	at com.web.tests.webtestcases.rallyhood.Rallyhoodtestcases.RallyhoodTC_33(Rallyhoodtestcases.java:415)
	at java.util.concurrent.FutureTask.run(Unknown Source)
	at java.util.concurrent.ThreadPoolExecutor.runWorker(Unknown Source)
	at java.util.concurrent.ThreadPoolExecutor$Worker.run(Unknown Source)
	at java.lang.Thread.run(Unknown Source)
... Removed 19 stack frames</div></td></tr></table><p class="totop"><a href="#summary">back to summary</a></p><h3 id="m51">com.web.tests.webtestcases.rallyhood.Rallyhoodtestcases#RallyhoodTC_34</h3><table class="result"><tr class="param"><th>Parameter #1</th><th>Parameter #2</th></tr><tr class="param stripe"><td>com.web.tests.rallyhood.RHhomeDP@52f775fa</td><td>org.testng.TestRunner@4e6bef17</td></tr><tr><th colspan="2">Messages</th></tr><tr><td colspan="2"><div class="messages">TC Description : Verifying user is able to post comment for an event available and verify Comment Screen all options when Attending 'Yes' is selected for ALL available Events<br/>Rallyhood Total Events Present is:: 2<br/>Rallyhood Events #1 is present and Clickable</div></td></tr><tr><th colspan="2">Exception</th></tr><tr><td colspan="2"><div class="stacktrace">java.lang.AssertionError: Test case failed due to exception Unable to locate element: //article[@class=&apos;participation ember-view none&apos;]//div[@class=&apos;rsvp is-none&apos;]//span[@class=&apos;prompt&apos;]
For documentation on this error, please visit: http://seleniumhq.org/exceptions/no_such_element.html
Build info: version: &apos;3.6.0&apos;, revision: &apos;6fbf3ec767&apos;, time: &apos;2017-09-27T15:28:36.4Z&apos;
System info: host: &apos;IM-LP-322&apos;, ip: &apos;192.168.205.116&apos;, os.name: &apos;Windows 7&apos;, os.arch: &apos;amd64&apos;, os.version: &apos;6.1&apos;, java.version: &apos;1.8.0_151&apos;
Driver info: org.openqa.selenium.firefox.FirefoxDriver
Capabilities [{moz:profile=C:\Users\mbaragapu\AppData\Local\Temp\rust_mozprofile.HP3iwaERCf3A, rotatable=false, timeouts={implicit=0, pageLoad=300000, script=30000}, pageLoadStrategy=normal, moz:headless=false, platform=XP, moz:accessibilityChecks=false, acceptInsecureCerts=true, browserVersion=58.0, platformVersion=6.1, moz:processID=8956, browserName=firefox, javascriptEnabled=true, platformName=XP, moz:webdriverClick=true}]
Session ID: 2cd19199-a392-4ca9-8094-bfb3f5ed782d
*** Element info: {Using=xpath, value=//article[@class=&apos;participation ember-view none&apos;]//div[@class=&apos;rsvp is-none&apos;]//span[@class=&apos;prompt&apos;]} expected [true] but found [false]
	at com.web.tests.rallyhood.RHhome.Event_ATTENDING_Lable_Presence(RHhome.java:492)
	at com.web.tests.rallyhood.RHhome.Multiple_Event_SelectionYES_VerifyComments_CommentedValues(RHhome.java:1850)
	at com.web.tests.webtestcases.rallyhood.Rallyhoodtestcases.RallyhoodTC_34(Rallyhoodtestcases.java:424)
	at java.util.concurrent.FutureTask.run(Unknown Source)
	at java.util.concurrent.ThreadPoolExecutor.runWorker(Unknown Source)
	at java.util.concurrent.ThreadPoolExecutor$Worker.run(Unknown Source)
	at java.lang.Thread.run(Unknown Source)
... Removed 19 stack frames</div></td></tr></table><p class="totop"><a href="#summary">back to summary</a></p><h3 id="m52">com.web.tests.webtestcases.rallyhood.Rallyhoodtestcases#RallyhoodTC_35</h3><table class="result"><tr class="param"><th>Parameter #1</th><th>Parameter #2</th></tr><tr class="param stripe"><td>com.web.tests.rallyhood.RHhomeDP@192d1765</td><td>org.testng.TestRunner@4e6bef17</td></tr><tr><th colspan="2">Messages</th></tr><tr><td colspan="2"><div class="messages">TC Description : Verifying user is able to post comment for an event available and verify Comment Screen all options when Attending 'NO' is selected for an Events<br/>Rallyhood home screen have Events Listed and Clickable</div></td></tr><tr><th colspan="2">Exception</th></tr><tr><td colspan="2"><div class="stacktrace">java.lang.AssertionError: Test case failed due to exception Unable to locate element: //article[@class=&apos;participation ember-view none&apos;]//div[@class=&apos;rsvp is-none&apos;]//span[@class=&apos;prompt&apos;]
For documentation on this error, please visit: http://seleniumhq.org/exceptions/no_such_element.html
Build info: version: &apos;3.6.0&apos;, revision: &apos;6fbf3ec767&apos;, time: &apos;2017-09-27T15:28:36.4Z&apos;
System info: host: &apos;IM-LP-322&apos;, ip: &apos;192.168.205.116&apos;, os.name: &apos;Windows 7&apos;, os.arch: &apos;amd64&apos;, os.version: &apos;6.1&apos;, java.version: &apos;1.8.0_151&apos;
Driver info: org.openqa.selenium.firefox.FirefoxDriver
Capabilities [{moz:profile=C:\Users\mbaragapu\AppData\Local\Temp\rust_mozprofile.HP3iwaERCf3A, rotatable=false, timeouts={implicit=0, pageLoad=300000, script=30000}, pageLoadStrategy=normal, moz:headless=false, platform=XP, moz:accessibilityChecks=false, acceptInsecureCerts=true, browserVersion=58.0, platformVersion=6.1, moz:processID=8956, browserName=firefox, javascriptEnabled=true, platformName=XP, moz:webdriverClick=true}]
Session ID: 2cd19199-a392-4ca9-8094-bfb3f5ed782d
*** Element info: {Using=xpath, value=//article[@class=&apos;participation ember-view none&apos;]//div[@class=&apos;rsvp is-none&apos;]//span[@class=&apos;prompt&apos;]} expected [true] but found [false]
	at com.web.tests.rallyhood.RHhome.Event_ATTENDING_Lable_Presence(RHhome.java:492)
	at com.web.tests.rallyhood.RHhome.Single_Event_SelectionNO_VerifyComments_CommentedValues(RHhome.java:1901)
	at com.web.tests.webtestcases.rallyhood.Rallyhoodtestcases.RallyhoodTC_35(Rallyhoodtestcases.java:433)
	at java.util.concurrent.FutureTask.run(Unknown Source)
	at java.util.concurrent.ThreadPoolExecutor.runWorker(Unknown Source)
	at java.util.concurrent.ThreadPoolExecutor$Worker.run(Unknown Source)
	at java.lang.Thread.run(Unknown Source)
... Removed 19 stack frames</div></td></tr></table><p class="totop"><a href="#summary">back to summary</a></p><h3 id="m53">com.web.tests.webtestcases.rallyhood.Rallyhoodtestcases#RallyhoodTC_36</h3><table class="result"><tr class="param"><th>Parameter #1</th><th>Parameter #2</th></tr><tr class="param stripe"><td>com.web.tests.rallyhood.RHhomeDP@6de1cbcd</td><td>org.testng.TestRunner@4e6bef17</td></tr><tr><th colspan="2">Messages</th></tr><tr><td colspan="2"><div class="messages">TC Description : Verifying user is able to post comment for an event available and verify Comment Screen all options when Attending 'NO' is selected for ALL available Events<br/>Rallyhood Total Events Present is:: 2<br/>Rallyhood Events #1 is present and Clickable</div></td></tr><tr><th colspan="2">Exception</th></tr><tr><td colspan="2"><div class="stacktrace">java.lang.AssertionError: Test case failed due to exception Unable to locate element: //article[@class=&apos;participation ember-view none&apos;]//div[@class=&apos;rsvp is-none&apos;]//span[@class=&apos;prompt&apos;]
For documentation on this error, please visit: http://seleniumhq.org/exceptions/no_such_element.html
Build info: version: &apos;3.6.0&apos;, revision: &apos;6fbf3ec767&apos;, time: &apos;2017-09-27T15:28:36.4Z&apos;
System info: host: &apos;IM-LP-322&apos;, ip: &apos;192.168.205.116&apos;, os.name: &apos;Windows 7&apos;, os.arch: &apos;amd64&apos;, os.version: &apos;6.1&apos;, java.version: &apos;1.8.0_151&apos;
Driver info: org.openqa.selenium.firefox.FirefoxDriver
Capabilities [{moz:profile=C:\Users\mbaragapu\AppData\Local\Temp\rust_mozprofile.HP3iwaERCf3A, rotatable=false, timeouts={implicit=0, pageLoad=300000, script=30000}, pageLoadStrategy=normal, moz:headless=false, platform=XP, moz:accessibilityChecks=false, acceptInsecureCerts=true, browserVersion=58.0, platformVersion=6.1, moz:processID=8956, browserName=firefox, javascriptEnabled=true, platformName=XP, moz:webdriverClick=true}]
Session ID: 2cd19199-a392-4ca9-8094-bfb3f5ed782d
*** Element info: {Using=xpath, value=//article[@class=&apos;participation ember-view none&apos;]//div[@class=&apos;rsvp is-none&apos;]//span[@class=&apos;prompt&apos;]} expected [true] but found [false]
	at com.web.tests.rallyhood.RHhome.Event_ATTENDING_Lable_Presence(RHhome.java:492)
	at com.web.tests.rallyhood.RHhome.Multiple_Event_SelectionNO_VerifyComments_CommentedValues(RHhome.java:1953)
	at com.web.tests.webtestcases.rallyhood.Rallyhoodtestcases.RallyhoodTC_36(Rallyhoodtestcases.java:442)
	at java.util.concurrent.FutureTask.run(Unknown Source)
	at java.util.concurrent.ThreadPoolExecutor.runWorker(Unknown Source)
	at java.util.concurrent.ThreadPoolExecutor$Worker.run(Unknown Source)
	at java.lang.Thread.run(Unknown Source)
... Removed 19 stack frames</div></td></tr></table><p class="totop"><a href="#summary">back to summary</a></p><h3 id="m54">com.web.tests.webtestcases.rallyhood.Rallyhoodtestcases#RallyhoodTC_37</h3><table class="result"><tr class="param"><th>Parameter #1</th><th>Parameter #2</th></tr><tr class="param stripe"><td>com.web.tests.rallyhood.RHhomeDP@35db23c</td><td>org.testng.TestRunner@4e6bef17</td></tr><tr><th colspan="2">Messages</th></tr><tr><td colspan="2"><div class="messages">TC Description : Verifying user is able to land on same page after refreshing the page, after clicking 'Yes' to attend for All available Events<br/>Rallyhood Total Events Present is:: 2<br/>Rallyhood Events #1 is present and Clickable</div></td></tr><tr><th colspan="2">Exception</th></tr><tr><td colspan="2"><div class="stacktrace">java.lang.AssertionError: Test case failed due to exception Unable to locate element: //article[@class=&apos;participation ember-view none&apos;]//div[@class=&apos;rsvp is-none&apos;]//span[@class=&apos;prompt&apos;]
For documentation on this error, please visit: http://seleniumhq.org/exceptions/no_such_element.html
Build info: version: &apos;3.6.0&apos;, revision: &apos;6fbf3ec767&apos;, time: &apos;2017-09-27T15:28:36.4Z&apos;
System info: host: &apos;IM-LP-322&apos;, ip: &apos;192.168.205.116&apos;, os.name: &apos;Windows 7&apos;, os.arch: &apos;amd64&apos;, os.version: &apos;6.1&apos;, java.version: &apos;1.8.0_151&apos;
Driver info: org.openqa.selenium.firefox.FirefoxDriver
Capabilities [{moz:profile=C:\Users\mbaragapu\AppData\Local\Temp\rust_mozprofile.HP3iwaERCf3A, rotatable=false, timeouts={implicit=0, pageLoad=300000, script=30000}, pageLoadStrategy=normal, moz:headless=false, platform=XP, moz:accessibilityChecks=false, acceptInsecureCerts=true, browserVersion=58.0, platformVersion=6.1, moz:processID=8956, browserName=firefox, javascriptEnabled=true, platformName=XP, moz:webdriverClick=true}]
Session ID: 2cd19199-a392-4ca9-8094-bfb3f5ed782d
*** Element info: {Using=xpath, value=//article[@class=&apos;participation ember-view none&apos;]//div[@class=&apos;rsvp is-none&apos;]//span[@class=&apos;prompt&apos;]} expected [true] but found [false]
	at com.web.tests.rallyhood.RHhome.Event_ATTENDING_Lable_Presence(RHhome.java:492)
	at com.web.tests.rallyhood.RHhome.Multiple_Event_Screen_AttendingEvent_PageRefresh_LandingSamePage(RHhome.java:2057)
	at com.web.tests.webtestcases.rallyhood.Rallyhoodtestcases.RallyhoodTC_37(Rallyhoodtestcases.java:452)
	at java.util.concurrent.FutureTask.run(Unknown Source)
	at java.util.concurrent.ThreadPoolExecutor.runWorker(Unknown Source)
	at java.util.concurrent.ThreadPoolExecutor$Worker.run(Unknown Source)
	at java.lang.Thread.run(Unknown Source)
... Removed 19 stack frames</div></td></tr></table><p class="totop"><a href="#summary">back to summary</a></p><h3 id="m55">com.web.tests.webtestcases.rallyhood.Rallyhoodtestcases#RallyhoodTC_38</h3><table class="result"><tr class="param"><th>Parameter #1</th><th>Parameter #2</th></tr><tr class="param stripe"><td>com.web.tests.rallyhood.RHhomeDP@1b5f5c6f</td><td>org.testng.TestRunner@4e6bef17</td></tr><tr><th colspan="2">Messages</th></tr><tr><td colspan="2"><div class="messages">TC Description : 'Read More' link to view full content of an Event is enabled and Clicked for all available Events <br/>Rallyhood Total Events Present is:: 2<br/>Rallyhood Events #1 is present and Clickable</div></td></tr><tr><th colspan="2">Exception</th></tr><tr><td colspan="2"><div class="stacktrace">java.lang.AssertionError: Test case failed due to exception Unable to locate element: //article[@class=&apos;participation ember-view none&apos;]//div[@class=&apos;rsvp is-none&apos;]//span[@class=&apos;prompt&apos;]
For documentation on this error, please visit: http://seleniumhq.org/exceptions/no_such_element.html
Build info: version: &apos;3.6.0&apos;, revision: &apos;6fbf3ec767&apos;, time: &apos;2017-09-27T15:28:36.4Z&apos;
System info: host: &apos;IM-LP-322&apos;, ip: &apos;192.168.205.116&apos;, os.name: &apos;Windows 7&apos;, os.arch: &apos;amd64&apos;, os.version: &apos;6.1&apos;, java.version: &apos;1.8.0_151&apos;
Driver info: org.openqa.selenium.firefox.FirefoxDriver
Capabilities [{moz:profile=C:\Users\mbaragapu\AppData\Local\Temp\rust_mozprofile.HP3iwaERCf3A, rotatable=false, timeouts={implicit=0, pageLoad=300000, script=30000}, pageLoadStrategy=normal, moz:headless=false, platform=XP, moz:accessibilityChecks=false, acceptInsecureCerts=true, browserVersion=58.0, platformVersion=6.1, moz:processID=8956, browserName=firefox, javascriptEnabled=true, platformName=XP, moz:webdriverClick=true}]
Session ID: 2cd19199-a392-4ca9-8094-bfb3f5ed782d
*** Element info: {Using=xpath, value=//article[@class=&apos;participation ember-view none&apos;]//div[@class=&apos;rsvp is-none&apos;]//span[@class=&apos;prompt&apos;]} expected [true] but found [false]
	at com.web.tests.rallyhood.RHhome.Multiple_EventsScreen_ReadMore_Validation(RHhome.java:2152)
	at com.web.tests.webtestcases.rallyhood.Rallyhoodtestcases.RallyhoodTC_38(Rallyhoodtestcases.java:461)
	at java.util.concurrent.FutureTask.run(Unknown Source)
	at java.util.concurrent.ThreadPoolExecutor.runWorker(Unknown Source)
	at java.util.concurrent.ThreadPoolExecutor$Worker.run(Unknown Source)
	at java.lang.Thread.run(Unknown Source)
... Removed 19 stack frames</div></td></tr></table><p class="totop"><a href="#summary">back to summary</a></p><h3 id="m56">com.web.tests.webtestcases.rallyhood.Rallyhoodtestcases#RallyhoodTC_40</h3><table class="result"><tr class="param"><th>Parameter #1</th><th>Parameter #2</th></tr><tr class="param stripe"><td>com.web.tests.rallyhood.RHhomeDP@20465eaa</td><td>org.testng.TestRunner@4e6bef17</td></tr><tr><th colspan="2">Messages</th></tr><tr><td colspan="2"><div class="messages">TC Description : Verify Functionality of 'Read More...' for ALL available Groups and Classes is working properly <br/>Rallyhood Total Groups Present is:: 3<br/>Group Follow Button is Enabled and Displayed<br/>'Read More' link to view full content of an Group is displayed<br/>'Read More' link to view full content of a Group is enabled and Clicked<br/>Group Follow Button is Enabled and Displayed<br/>- - - - - - - - - - - - - -     - - - - - - - - - - - - - - - - - - - - - - - - - - - - - - - - <br/>Group Follow Button is Enabled and Displayed</div></td></tr><tr><th colspan="2">Exception</th></tr><tr><td colspan="2"><div class="stacktrace">java.lang.AssertionError: Test case failed due to exception Unable to locate element: //div[@class=&apos;description ember-view truncated&apos;]//span[@class=&apos;ellipsis&apos;]
For documentation on this error, please visit: http://seleniumhq.org/exceptions/no_such_element.html
Build info: version: &apos;3.6.0&apos;, revision: &apos;6fbf3ec767&apos;, time: &apos;2017-09-27T15:28:36.4Z&apos;
System info: host: &apos;IM-LP-322&apos;, ip: &apos;192.168.205.116&apos;, os.name: &apos;Windows 7&apos;, os.arch: &apos;amd64&apos;, os.version: &apos;6.1&apos;, java.version: &apos;1.8.0_151&apos;
Driver info: org.openqa.selenium.firefox.FirefoxDriver
Capabilities [{moz:profile=C:\Users\mbaragapu\AppData\Local\Temp\rust_mozprofile.HP3iwaERCf3A, rotatable=false, timeouts={implicit=0, pageLoad=300000, script=30000}, pageLoadStrategy=normal, moz:headless=false, platform=XP, moz:accessibilityChecks=false, acceptInsecureCerts=true, browserVersion=58.0, platformVersion=6.1, moz:processID=8956, browserName=firefox, javascriptEnabled=true, platformName=XP, moz:webdriverClick=true}]
Session ID: 2cd19199-a392-4ca9-8094-bfb3f5ed782d
*** Element info: {Using=xpath, value=//div[@class=&apos;description ember-view truncated&apos;]//span[@class=&apos;ellipsis&apos;]} expected [true] but found [false]
	at com.web.tests.rallyhood.RHhome.Group_ReadMore_Expand_Presence(RHhome.java:664)
	at com.web.tests.rallyhood.RHhome.RallyHood_Multiple_GroupClasses_ReadMoreExpand_Verify(RHhome.java:2266)
	at com.web.tests.webtestcases.rallyhood.Rallyhoodtestcases.RallyhoodTC_40(Rallyhoodtestcases.java:483)
	at java.util.concurrent.FutureTask.run(Unknown Source)
	at java.util.concurrent.ThreadPoolExecutor.runWorker(Unknown Source)
	at java.util.concurrent.ThreadPoolExecutor$Worker.run(Unknown Source)
	at java.lang.Thread.run(Unknown Source)
... Removed 19 stack frames</div></td></tr></table><p class="totop"><a href="#summary">back to summary</a></p><h3 id="m57">com.web.tests.webtestcases.rallyhood.Rallyhoodtestcases#RallyhoodTC_01</h3><table class="result"><tr class="param"><th>Parameter #1</th><th>Parameter #2</th></tr><tr class="param stripe"><td>com.web.tests.rallyhood.RHhomeDP@c1799ed</td><td>org.testng.TestRunner@4e6bef17</td></tr><tr><th colspan="2">Messages</th></tr><tr><td colspan="2"><div class="messages">TC Description : Verify Rallyhood Home screen is displayed and Events/Groups and Classes sections are present<br/>RallyHood Login URL<br/>........Rallyhood Login Application........<br/>Rallyhood home scree have Event header<br/>Rallyhood home scree have Groups and Classes header</div></td></tr></table><p class="totop"><a href="#summary">back to summary</a></p><h3 id="m58">com.web.tests.webtestcases.rallyhood.Rallyhoodtestcases#RallyhoodTC_02</h3><table class="result"><tr class="param"><th>Parameter #1</th><th>Parameter #2</th></tr><tr class="param stripe"><td>com.web.tests.rallyhood.RHhomeDP@39fb02c0</td><td>org.testng.TestRunner@4e6bef17</td></tr><tr><th colspan="2">Messages</th></tr><tr><td colspan="2"><div class="messages">TC Description : Verify error message on browser saying app_uid is invalid. </div></td></tr></table><p class="totop"><a href="#summary">back to summary</a></p><h3 id="m59">com.web.tests.webtestcases.rallyhood.Rallyhoodtestcases#RallyhoodTC_03</h3><table class="result"><tr class="param"><th>Parameter #1</th><th>Parameter #2</th></tr><tr class="param stripe"><td>com.web.tests.rallyhood.RHhomeDP@56160b2d</td><td>org.testng.TestRunner@4e6bef17</td></tr><tr><th colspan="2">Messages</th></tr><tr><td colspan="2"><div class="messages">TC Description : Verify error message on browser saying app_uid is invalid. </div></td></tr></table><p class="totop"><a href="#summary">back to summary</a></p><h3 id="m60">com.web.tests.webtestcases.rallyhood.Rallyhoodtestcases#RallyhoodTC_05</h3><table class="result"><tr class="param"><th>Parameter #1</th><th>Parameter #2</th></tr><tr class="param stripe"><td>com.web.tests.rallyhood.RHhomeDP@2f6314d3</td><td>org.testng.TestRunner@4e6bef17</td></tr><tr><th colspan="2">Messages</th></tr><tr><td colspan="2"><div class="messages">TC Description : Verify single Events/Groups and Classes are present and clickable <br/>Rallyhood home scree have Event header<br/>Rallyhood home scree have Groups and Classes header<br/>Rallyhood home scree have Events Listed and Clickable<br/>Rallyhood home scree have Groups and Classes Listed and Clickable</div></td></tr></table><p class="totop"><a href="#summary">back to summary</a></p><h3 id="m61">com.web.tests.webtestcases.rallyhood.Rallyhoodtestcases#RallyhoodTC_06</h3><table class="result"><tr class="param"><th>Parameter #1</th><th>Parameter #2</th></tr><tr class="param stripe"><td>com.web.tests.rallyhood.RHhomeDP@412bb92d</td><td>org.testng.TestRunner@4e6bef17</td></tr><tr><th colspan="2">Messages</th></tr><tr><td colspan="2"><div class="messages">TC Description : Verify presence of Event Name, Event Date and respective Event Image for single Event Present<br/>Rallyhood Event Date for Event isOctober
31
Tuesday<br/>Rallyhood Event Name for Event is : An Important Event<br/>Rallyhood Event Image for Event is present <br/>******************************************************</div></td></tr></table><p class="totop"><a href="#summary">back to summary</a></p><h3 id="m62">com.web.tests.webtestcases.rallyhood.Rallyhoodtestcases#RallyhoodTC_07</h3><table class="result"><tr class="param"><th>Parameter #1</th><th>Parameter #2</th></tr><tr class="param stripe"><td>com.web.tests.rallyhood.RHhomeDP@3d40873d</td><td>org.testng.TestRunner@4e6bef17</td></tr><tr><th colspan="2">Messages</th></tr><tr><td colspan="2"><div class="messages">TC Description : Verify presence of Lable 'Attending?', Button 'Yes' and Button 'No' present in an Event <br/>Rallyhood home screen have Events Listed and Clickable<br/>Lable Attending? of Event is displayed<br/>'Yes' Button of Event is displayed and enabled<br/>'NO' Button of Event is displayed and enabled</div></td></tr></table><p class="totop"><a href="#summary">back to summary</a></p><h3 id="m63">com.web.tests.webtestcases.rallyhood.Rallyhoodtestcases#RallyhoodTC_08</h3><table class="result"><tr class="param"><th>Parameter #1</th><th>Parameter #2</th></tr><tr class="param stripe"><td>com.web.tests.rallyhood.RHhomeDP@5023c781</td><td>org.testng.TestRunner@4e6bef17</td></tr><tr><th colspan="2">Messages</th></tr><tr><td colspan="2"><div class="messages">TC Description : Verify Event Flow when user clicks on Yes button for attending event and ability to change his selection again for single Event<br/>Rallyhood home screen have Events Listed and Clickable<br/>Lable Attending? of Event is displayed<br/>'Yes' Button of Event is displayed and enabled<br/>'NO' Button of Event is displayed and enabled<br/>'Yes' Button of Event is Clicked<br/>Calander icon of Event is displayed<br/>Change Button of Event when yes is clicked - is displayed and enabled<br/>Change Button of Event when yes is clicked - is Enabled and Clicked<br/>Lable Attending? of Event is displayed<br/>'Yes' Button of Event is displayed and enabled<br/>'NO' Button of Event is displayed and enabled</div></td></tr></table><p class="totop"><a href="#summary">back to summary</a></p><h3 id="m64">com.web.tests.webtestcases.rallyhood.Rallyhoodtestcases#RallyhoodTC_10</h3><table class="result"><tr class="param"><th>Parameter #1</th><th>Parameter #2</th></tr><tr class="param stripe"><td>com.web.tests.rallyhood.RHhomeDP@44a65480</td><td>org.testng.TestRunner@4e6bef17</td></tr><tr><th colspan="2">Messages</th></tr><tr><td colspan="2"><div class="messages">TC Description : Verify ability to post comment without selecting 'Yes'/'No' button in an Event<br/>Rallyhood home screen have Events Listed and Clickable<br/>Lable Attending? of Event is displayed<br/>'Yes' Button of Event is displayed and enabled<br/>'NO' Button of Event is displayed and enabled<br/>Comments Textbox of Event - is displayed and enabled<br/>'Post a comment' textbox of Event is Clicked<br/>Comments Text area to enter comment for an Event - is Enabled and displayed<br/>'Post a comment' Actual textarea of Event is Clicked<br/>User Enters a comment in Comments field: Test Comment Automation<br/>Comments Save Button is Displayed<br/>Comments Cancel Button is Enabled and Displayed<br/>Save Button of Comments section of an Event - is enabled and Clicked</div></td></tr></table><p class="totop"><a href="#summary">back to summary</a></p><h3 id="m65">com.web.tests.webtestcases.rallyhood.Rallyhoodtestcases#RallyhoodTC_11</h3><table class="result"><tr class="param"><th>Parameter #1</th><th>Parameter #2</th></tr><tr class="param stripe"><td>com.web.tests.rallyhood.RHhomeDP@17737dc1</td><td>org.testng.TestRunner@4e6bef17</td></tr><tr><th colspan="2">Messages</th></tr><tr><td colspan="2"><div class="messages">TC Description : Verifying user is able to post comment for an event available and verify all options are working properly for an Event<br/>Rallyhood home screen have Events Listed and Clickable<br/>Lable Attending? of Event is displayed<br/>'Yes' Button of Event is displayed and enabled<br/>'NO' Button of Event is displayed and enabled<br/>Comments Textbox of Event - is displayed and enabled<br/>'Post a comment' textbox of Event is Clicked<br/>Comments Text area to enter comment for an Event - is Enabled and displayed<br/>'Post a comment' Actual textarea of Event is Clicked<br/>Comments Cancel Button is Enabled and Displayed<br/>Cancel Button of Comments section of an Event - is enabled and Clicked<br/>Comments Textbox of Event - is displayed and enabled<br/>'Post a comment' textbox of Event is Clicked<br/>Comments Text area to enter comment for an Event - is Enabled and displayed<br/>'Post a comment' Actual textarea of Event is Clicked<br/>User Enters a comment in Comments field: Test Comment Automation<br/>Comments Save Button is Displayed<br/>Comments Cancel Button is Enabled and Displayed<br/>Save Button of Comments section of an Event - is enabled and Clicked</div></td></tr></table><p class="totop"><a href="#summary">back to summary</a></p><h3 id="m66">com.web.tests.webtestcases.rallyhood.Rallyhoodtestcases#RallyhoodTC_13</h3><table class="result"><tr class="param"><th>Parameter #1</th><th>Parameter #2</th></tr><tr class="param stripe"><td>com.web.tests.rallyhood.RHhomeDP@7c116dc8</td><td>org.testng.TestRunner@4e6bef17</td></tr><tr><th colspan="2">Messages</th></tr><tr><td colspan="2"><div class="messages">TC Description : Verifying user is able to land on same page after refreshing the page, after clicking 'Yes' to attend an Events<br/>Rallyhood home screen have Events Listed and Clickable<br/>Lable Attending? of Event is displayed<br/>'Yes' Button of Event is displayed and enabled<br/>'NO' Button of Event is displayed and enabled<br/>'Yes' Button of Event is Clicked<br/>Calander icon of Event is displayed<br/>Change Button of Event when yes is clicked - is displayed and enabled<br/>After Refresh of the Page, landed to the same page<br/>Change Button of Event when yes is clicked - is Enabled and Clicked<br/>Lable Attending? of Event is displayed<br/>'Yes' Button of Event is displayed and enabled<br/>'NO' Button of Event is displayed and enabled</div></td></tr></table><p class="totop"><a href="#summary">back to summary</a></p><h3 id="m67">com.web.tests.webtestcases.rallyhood.Rallyhoodtestcases#RallyhoodTC_14</h3><table class="result"><tr class="param"><th>Parameter #1</th><th>Parameter #2</th></tr><tr class="param stripe"><td>com.web.tests.rallyhood.RHhomeDP@193204c5</td><td>org.testng.TestRunner@4e6bef17</td></tr><tr><th colspan="2">Messages</th></tr><tr><td colspan="2"><div class="messages">TC Description : Verify presence of Group Name, Members count and respective Event Image for single Group Present <br/>Rallyhood Group name for Group is : Swim Class<br/>Rallyhood Group Members count of Group is : Swim Class<br/>Rallyhood Group Image for Group  is present <br/>******************************************************</div></td></tr></table><p class="totop"><a href="#summary">back to summary</a></p><h3 id="m68">com.web.tests.webtestcases.rallyhood.Rallyhoodtestcases#RallyhoodTC_15</h3><table class="result"><tr class="param"><th>Parameter #1</th><th>Parameter #2</th></tr><tr class="param stripe"><td>com.web.tests.rallyhood.RHhomeDP@3d76651f</td><td>org.testng.TestRunner@4e6bef17</td></tr><tr><th colspan="2">Messages</th></tr><tr><td colspan="2"><div class="messages">TC Description : Verify Functionality of Follow button for Class in a Group is working properly <br/>Rallyhood home scree have Groups and Classes Listed, First Listed Class in a Group is Clickable and performed Click Operation<br/>Group Follow Button is Enabled and Displayed<br/>Follow Button in a Group - is enabled and Clicked<br/>Group UnFollow Button is Enabled and Displayed<br/>Calander icon of Group when Followed is displayed<br/>Unfollow Button in a Group - is enabled and Clicked<br/>Group Follow Button is Enabled and Displayed</div></td></tr></table><p class="totop"><a href="#summary">back to summary</a></p><h3 id="m69">com.web.tests.webtestcases.rallyhood.Rallyhoodtestcases#RallyhoodTC_16</h3><table class="result"><tr class="param"><th>Parameter #1</th><th>Parameter #2</th></tr><tr class="param stripe"><td>com.web.tests.rallyhood.RHhomeDP@214af6cf</td><td>org.testng.TestRunner@4e6bef17</td></tr><tr><th colspan="2">Messages</th></tr><tr><td colspan="2"><div class="messages">TC Description : Verify Functionality of 'Read More ..' for Groups and Classes is working properly <br/>Rallyhood home scree have Groups and Classes Listed, First Listed Class in a Group is Clickable and performed Click Operation<br/>Group Follow Button is Enabled and Displayed<br/>'Read More' link to view full content of an Group is displayed<br/>'Read More' link to view full content of a Group is enabled and Clicked<br/>Group Follow Button is Enabled and Displayed</div></td></tr></table><p class="totop"><a href="#summary">back to summary</a></p><h3 id="m70">com.web.tests.webtestcases.rallyhood.Rallyhoodtestcases#RallyhoodTC_17</h3><table class="result"><tr class="param"><th>Parameter #1</th><th>Parameter #2</th></tr><tr class="param stripe"><td>com.web.tests.rallyhood.RHhomeDP@c0e843d</td><td>org.testng.TestRunner@4e6bef17</td></tr><tr><th colspan="2">Messages</th></tr><tr><td colspan="2"><div class="messages">TC Description : Verify Functionality of SignUp Process by a user for Classes in a Group for an instructor<br/>Rallyhood home scree have Groups and Classes Listed, First Listed Class in a Group is Clickable and performed Click Operation<br/>Groups Current upcoming class is displayed<br/>In a Groups, for a Class- Instructor Name is displayed: Another Important Event<br/>In a Group, for a class, before signUp - Instructor name - is enabled and Clicked<br/>In a Group, for a Class, for an Instructor SignUp Button is Enabled and Displayed<br/>Sign Up Button in a Group, for an instructor in a class - is enabled and Clicked<br/>In a Group, for a class- after signing Up for an instructor:  Calender Icon is displayed<br/>In a Groups, for a Class- After SignUp Instructor Name is displayed: Another Important Event<br/>In a Group, for a class, after signUp - Instructor name - is enabled and Clicked<br/>In a Group, for a Class, for an Instructor Remove Button is Enabled and Displayed<br/>Remove Button in a Group, for an instructor in a class is enabled and Clicked<br/>In a Groups, for a Class- Instructor Name is displayed: Instructor: Jane Blue</div></td></tr></table><p class="totop"><a href="#summary">back to summary</a></p><h3 id="m71">com.web.tests.webtestcases.rallyhood.Rallyhoodtestcases#RallyhoodTC_18</h3><table class="result"><tr class="param"><th>Parameter #1</th><th>Parameter #2</th></tr><tr class="param stripe"><td>com.web.tests.rallyhood.RHhomeDP@15e1810</td><td>org.testng.TestRunner@4e6bef17</td></tr><tr><th colspan="2">Messages</th></tr><tr><td colspan="2"><div class="messages">TC Description : Verify Instructor Name, Date and Time for Classes in a Group<br/>Rallyhood home scree have Groups and Classes Listed, First Listed Class in a Group is Clickable and performed Click Operation<br/>Groups Current upcoming class is displayed<br/>In a Groups, for a Class- Instructor Name is displayed: Another Important Event<br/>In a Groups, for a Class- Instructor Name is displayed: Another Important Event<br/>In a Groups, for a Class Date is displayed: Dec 1st<br/>In a Groups, for a Class Time is displayed: 5:30 AM</div></td></tr></table><p class="totop"><a href="#summary">back to summary</a></p><h3 id="m72">com.web.tests.webtestcases.rallyhood.Rallyhoodtestcases#RallyhoodTC_19</h3><table class="result"><tr class="param"><th>Parameter #1</th><th>Parameter #2</th></tr><tr class="param stripe"><td>com.web.tests.rallyhood.RHhomeDP@f6b2a7b</td><td>org.testng.TestRunner@4e6bef17</td></tr><tr><th colspan="2">Messages</th></tr><tr><td colspan="2"><div class="messages">TC Description : Verify past dated classes are not listed in the classes<br/>RallyHood Login URL<br/>........Rallyhood Login Application........<br/>Rallyhood home scree have Groups and Classes Listed, First Listed Class in a Group is Clickable and performed Click Operation<br/>Groups Current upcoming class is displayed<br/>In a Groups, for a Class- Instructor Name is displayed: Another Important Event<br/>In a Groups, for a Class- Instructor Name is displayed: Another Important Event<br/>In a Groups, for a Class Date is displayed: Dec 1st<br/>The very next upcoming instructors class date : 1-Dec-17 is greater than the current date: 29-Nov-17</div></td></tr></table><p class="totop"><a href="#summary">back to summary</a></p><h3 id="m73">com.web.tests.webtestcases.rallyhood.Rallyhoodtestcases#RallyhoodTC_20</h3><table class="result"><tr class="param"><th>Parameter #1</th><th>Parameter #2</th></tr><tr class="param stripe"><td>com.web.tests.rallyhood.RHhomeDP@92660bf</td><td>org.testng.TestRunner@4e6bef17</td></tr><tr><th colspan="2">Messages</th></tr><tr><td colspan="2"><div class="messages">TC Description : Verify Remove Enrolled Instructor functionality in Classes of a Group<br/>Rallyhood home scree have Groups and Classes Listed, First Listed Class in a Group is Clickable and performed Click Operation<br/>Groups Current upcoming class is displayed<br/>In a Groups, for a Class- Instructor Name is displayed: Another Important Event<br/>In a Group, for a class, before signUp - Instructor name - is enabled and Clicked<br/>In a Group, for a Class, for an Instructor SignUp Button is Enabled and Displayed<br/>Sign Up Button in a Group, for an instructor in a class - is enabled and Clicked<br/>In a Group, for a class- after signing Up for an instructor:  Calender Icon is displayed<br/>In a Groups, for a Class- After SignUp Instructor Name is displayed: Another Important Event<br/>In a Group, for a class, after signUp - Instructor name - is enabled and Clicked<br/>In a Group, for a Class, for an Instructor Remove Button is Enabled and Displayed<br/>Remove Button in a Group, for an instructor in a class is enabled and Clicked<br/>In a Groups, for a Class- Instructor Name is displayed: Instructor: Jane Blue</div></td></tr></table><p class="totop"><a href="#summary">back to summary</a></p><h3 id="m74">com.web.tests.webtestcases.rallyhood.Rallyhoodtestcases#RallyhoodTC_21</h3><table class="result"><tr class="param"><th>Parameter #1</th><th>Parameter #2</th></tr><tr class="param stripe"><td>com.web.tests.rallyhood.RHhomeDP@7e7bf241</td><td>org.testng.TestRunner@4e6bef17</td></tr><tr><th colspan="2">Messages</th></tr><tr><td colspan="2"><div class="messages">TC Description : Verify Functionality of UnFollow Option for Class in a Group is working properly <br/>Rallyhood home scree have Groups and Classes Listed, First Listed Class in a Group is Clickable and performed Click Operation<br/>Group Follow Button is Enabled and Displayed<br/>Follow Button in a Group - is enabled and Clicked<br/>Group UnFollow Button is Enabled and Displayed<br/>Calander icon of Group when Followed is displayed<br/>Unfollow Button in a Group - is enabled and Clicked<br/>Group Follow Button is Enabled and Displayed</div></td></tr></table><p class="totop"><a href="#summary">back to summary</a></p><h3 id="m75">com.web.tests.webtestcases.rallyhood.Rallyhoodtestcases#RallyhoodTC_22</h3><table class="result"><tr class="param"><th>Parameter #1</th><th>Parameter #2</th></tr><tr class="param stripe"><td>com.web.tests.rallyhood.RHhomeDP@3e5c4118</td><td>org.testng.TestRunner@4e6bef17</td></tr><tr><th colspan="2">Messages</th></tr><tr><td colspan="2"><div class="messages">TC Description : Verify All Events are present and clickable <br/>Rallyhood home scree have Event header<br/>Rallyhood home scree have Groups and Classes header<br/>Rallyhood Total Events Present is:: 2<br/>Rallyhood Events #1 is present and Clickable<br/>Rallyhood Events #2 is present and Clickable</div></td></tr></table><p class="totop"><a href="#summary">back to summary</a></p><h3 id="m76">com.web.tests.webtestcases.rallyhood.Rallyhoodtestcases#RallyhoodTC_23</h3><table class="result"><tr class="param"><th>Parameter #1</th><th>Parameter #2</th></tr><tr class="param stripe"><td>com.web.tests.rallyhood.RHhomeDP@256cc643</td><td>org.testng.TestRunner@4e6bef17</td></tr><tr><th colspan="2">Messages</th></tr><tr><td colspan="2"><div class="messages">TC Description : Verify All Groups are present and clickable <br/>Rallyhood home scree have Event header<br/>Rallyhood home scree have Groups and Classes header<br/>Rallyhood Total Groups Present is:: 3<br/>Rallyhood Groups #1 is present and Clickable<br/>Rallyhood Groups #2 is present and Clickable<br/>Rallyhood Groups #3 is present and Clickable</div></td></tr></table><p class="totop"><a href="#summary">back to summary</a></p><h3 id="m77">com.web.tests.webtestcases.rallyhood.Rallyhoodtestcases#RallyhoodTC_24</h3><table class="result"><tr class="param"><th>Parameter #1</th><th>Parameter #2</th></tr><tr class="param stripe"><td>com.web.tests.rallyhood.RHhomeDP@7950a35</td><td>org.testng.TestRunner@4e6bef17</td></tr><tr><th colspan="2">Messages</th></tr><tr><td colspan="2"><div class="messages">TC Description : Verify presence of Event Name, Event Date and respective Event Image for All Events Present <br/>Rallyhood Total Events Present is:: 2<br/>Rallyhood Event Date for Event #1 is : October
31
Tuesday<br/>Rallyhood Event Name for Event #1 is : An Important Event<br/>Rallyhood Event Image for Event #1 is present <br/>******************************************************<br/>Rallyhood Event Date for Event #2 is : December
1
Friday<br/>Rallyhood Event Name for Event #2 is : Another Important Event<br/>Rallyhood Event Image for Event #2 is present <br/>******************************************************</div></td></tr></table><p class="totop"><a href="#summary">back to summary</a></p><h3 id="m78">com.web.tests.webtestcases.rallyhood.Rallyhoodtestcases#RallyhoodTC_25</h3><table class="result"><tr class="param"><th>Parameter #1</th><th>Parameter #2</th></tr><tr class="param stripe"><td>com.web.tests.rallyhood.RHhomeDP@1b1392ec</td><td>org.testng.TestRunner@4e6bef17</td></tr><tr><th colspan="2">Messages</th></tr><tr><td colspan="2"><div class="messages">TC Description : Verify presence of Group Name, Members count and respective Event Image for All Groups Present <br/>Rallyhood Total Groups Present is:: 3<br/>Rallyhood Group name for Group #1 is : Swim Class<br/>Rallyhood Group Members count of Group #1 is : 7
Members<br/>Rallyhood Group Image for Group #1 is present <br/>******************************************************<br/>Rallyhood Group name for Group #2 is : Bicycle Club<br/>Rallyhood Group Members count of Group #2 is : 1
Members<br/>Rallyhood Group Image for Group #2 is present <br/>******************************************************<br/>Rallyhood Group name for Group #3 is : Running Club<br/>Rallyhood Group Members count of Group #3 is : 1
Members<br/>Rallyhood Group Image for Group #3 is present <br/>******************************************************</div></td></tr></table><p class="totop"><a href="#summary">back to summary</a></p><h3 id="m79">com.web.tests.webtestcases.rallyhood.Rallyhoodtestcases#RallyhoodTC_28</h3><table class="result"><tr class="param"><th>Parameter #1</th><th>Parameter #2</th></tr><tr class="param stripe"><td>com.web.tests.rallyhood.RHhomeDP@23fd4d23</td><td>org.testng.TestRunner@4e6bef17</td></tr><tr><th colspan="2">Messages</th></tr><tr><td colspan="2"><div class="messages">TC Description : Verify Event Flow when user clicks on 'NO' button for NOT attending the event and ability to change his selection again for ALL Events Available<br/>Rallyhood Total Events Present is:: 2<br/>Rallyhood Events #1 is present and Clickable<br/>Lable Attending? of Event is displayed<br/>'Yes' Button of Event is displayed and enabled<br/>'NO' Button of Event is displayed and enabled<br/>'NO' Button of Event is Clicked<br/>Lable Not Attending of Event is displayed<br/>Change Button of Event when NO is clicked - is displayed and enabled<br/>Change Button of Event when NO is clicked - is enabled and Clicked<br/>Lable Attending? of Event is displayed<br/>'Yes' Button of Event is displayed and enabled<br/>'NO' Button of Event is displayed and enabled<br/>- - - - - - - - - - - - - -     - - - - - - - - - - - - - - - - - - - <br/>Rallyhood Events #2 is present and Clickable<br/>Lable Attending? of Event is displayed<br/>'Yes' Button of Event is displayed and enabled<br/>'NO' Button of Event is displayed and enabled<br/>'NO' Button of Event is Clicked<br/>Lable Not Attending of Event is displayed<br/>Change Button of Event when NO is clicked - is displayed and enabled<br/>Change Button of Event when NO is clicked - is enabled and Clicked<br/>Lable Attending? of Event is displayed<br/>'Yes' Button of Event is displayed and enabled<br/>'NO' Button of Event is displayed and enabled<br/>- - - - - - - - - - - - - -     - - - - - - - - - - - - - - - - - - - </div></td></tr></table><p class="totop"><a href="#summary">back to summary</a></p><h3 id="m80">com.web.tests.webtestcases.rallyhood.Rallyhoodtestcases#RallyhoodTC_29</h3><table class="result"><tr class="param"><th>Parameter #1</th><th>Parameter #2</th></tr><tr class="param stripe"><td>com.web.tests.rallyhood.RHhomeDP@2a2a9cc4</td><td>org.testng.TestRunner@4e6bef17</td></tr><tr><th colspan="2">Messages</th></tr><tr><td colspan="2"><div class="messages">TC Description : Verify ability to post comment without selecting 'Yes'/'No' button in ALL available Events<br/>Rallyhood Total Events Present is:: 2<br/>Rallyhood Events #1 is present and Clickable<br/>Lable Attending? of Event is displayed<br/>'Yes' Button of Event is displayed and enabled<br/>'NO' Button of Event is displayed and enabled<br/>Comments Textbox of Event - is displayed and enabled<br/>'Post a comment' textbox of Event is Clicked<br/>Comments Text area to enter comment for an Event - is Enabled and displayed<br/>'Post a comment' Actual textarea of Event is Clicked<br/>User Enters a comment in Comments field: Test Comment Automation<br/>Comments Save Button is Displayed<br/>Comments Cancel Button is Enabled and Displayed<br/>Save Button of Comments section of an Event - is enabled and Clicked<br/>- - - - - - - - - - - - - -     - - - - - - - - - - - - - - - - - - - - - - - - - - - - - - - - <br/>Rallyhood Events #2 is present and Clickable<br/>Lable Attending? of Event is displayed<br/>'Yes' Button of Event is displayed and enabled<br/>'NO' Button of Event is displayed and enabled<br/>Comments Textbox of Event - is displayed and enabled<br/>'Post a comment' textbox of Event is Clicked<br/>Comments Text area to enter comment for an Event - is Enabled and displayed<br/>'Post a comment' Actual textarea of Event is Clicked<br/>User Enters a comment in Comments field: Test Comment Automation<br/>Comments Save Button is Displayed<br/>Comments Cancel Button is Enabled and Displayed<br/>Save Button of Comments section of an Event - is enabled and Clicked<br/>- - - - - - - - - - - - - -     - - - - - - - - - - - - - - - - - - - - - - - - - - - - - - - - </div></td></tr></table><p class="totop"><a href="#summary">back to summary</a></p><h3 id="m81">com.web.tests.webtestcases.rallyhood.Rallyhoodtestcases#RallyhoodTC_30</h3><table class="result"><tr class="param"><th>Parameter #1</th><th>Parameter #2</th></tr><tr class="param stripe"><td>com.web.tests.rallyhood.RHhomeDP@338a24d8</td><td>org.testng.TestRunner@4e6bef17</td></tr><tr><th colspan="2">Messages</th></tr><tr><td colspan="2"><div class="messages">TC Description : Verifying user is able to post comment for an event available and verify all options are working properly for ALL available Events<br/>Rallyhood Total Events Present is:: 2<br/>Rallyhood Events #1 is present and Clickable<br/>Lable Attending? of Event is displayed<br/>'Yes' Button of Event is displayed and enabled<br/>'NO' Button of Event is displayed and enabled<br/>Comments Textbox of Event - is displayed and enabled<br/>'Post a comment' textbox of Event is Clicked<br/>Comments Text area to enter comment for an Event - is Enabled and displayed<br/>'Post a comment' Actual textarea of Event is Clicked<br/>Comments Cancel Button is Enabled and Displayed<br/>Cancel Button of Comments section of an Event - is enabled and Clicked<br/>Comments Textbox of Event - is displayed and enabled<br/>'Post a comment' textbox of Event is Clicked<br/>Comments Text area to enter comment for an Event - is Enabled and displayed<br/>'Post a comment' Actual textarea of Event is Clicked<br/>User Enters a comment in Comments field: Test Comment Automation<br/>Comments Save Button is Displayed<br/>Comments Cancel Button is Enabled and Displayed<br/>Save Button of Comments section of an Event - is enabled and Clicked<br/>- - - - - - - - - - - - - -     - - - - - - - - - - - - - - - - - - - - - - - - - - - - - - - - <br/>Rallyhood Events #2 is present and Clickable<br/>Lable Attending? of Event is displayed<br/>'Yes' Button of Event is displayed and enabled<br/>'NO' Button of Event is displayed and enabled<br/>Comments Textbox of Event - is displayed and enabled<br/>'Post a comment' textbox of Event is Clicked<br/>Comments Text area to enter comment for an Event - is Enabled and displayed<br/>'Post a comment' Actual textarea of Event is Clicked<br/>Comments Cancel Button is Enabled and Displayed<br/>Cancel Button of Comments section of an Event - is enabled and Clicked<br/>Comments Textbox of Event - is displayed and enabled<br/>'Post a comment' textbox of Event is Clicked<br/>Comments Text area to enter comment for an Event - is Enabled and displayed<br/>'Post a comment' Actual textarea of Event is Clicked<br/>User Enters a comment in Comments field: Test Comment Automation<br/>Comments Save Button is Displayed<br/>Comments Cancel Button is Enabled and Displayed<br/>Save Button of Comments section of an Event - is enabled and Clicked<br/>- - - - - - - - - - - - - -     - - - - - - - - - - - - - - - - - - - - - - - - - - - - - - - - </div></td></tr></table><p class="totop"><a href="#summary">back to summary</a></p><h3 id="m82">com.web.tests.webtestcases.rallyhood.Rallyhoodtestcases#RallyhoodTC_39</h3><table class="result"><tr class="param"><th>Parameter #1</th><th>Parameter #2</th></tr><tr class="param stripe"><td>com.web.tests.rallyhood.RHhomeDP@15f05358</td><td>org.testng.TestRunner@4e6bef17</td></tr><tr><th colspan="2">Messages</th></tr><tr><td colspan="2"><div class="messages">TC Description : Verify Functionality of Follow button for ALL Class in a Group is working properly <br/>Rallyhood Total Groups Present is:: 3<br/>Group Follow Button is Enabled and Displayed<br/>Follow Button in a Group - is enabled and Clicked<br/>Group UnFollow Button is Enabled and Displayed<br/>Calander icon of Group when Followed is displayed<br/>Unfollow Button in a Group - is enabled and Clicked<br/>Group Follow Button is Enabled and Displayed<br/>- - - - - - - - - - - - - -     - - - - - - - - - - - - - - - - - - - - - - - - - - - - - - - - <br/>Group Follow Button is Enabled and Displayed<br/>Follow Button in a Group - is enabled and Clicked<br/>Group UnFollow Button is Enabled and Displayed<br/>Calander icon of Group when Followed is displayed<br/>Unfollow Button in a Group - is enabled and Clicked<br/>Group Follow Button is Enabled and Displayed<br/>- - - - - - - - - - - - - -     - - - - - - - - - - - - - - - - - - - - - - - - - - - - - - - - <br/>Group Follow Button is Enabled and Displayed<br/>Follow Button in a Group - is enabled and Clicked<br/>Group UnFollow Button is Enabled and Displayed<br/>Calander icon of Group when Followed is displayed<br/>Unfollow Button in a Group - is enabled and Clicked<br/>Group Follow Button is Enabled and Displayed<br/>- - - - - - - - - - - - - -     - - - - - - - - - - - - - - - - - - - - - - - - - - - - - - - - </div></td></tr></table><p class="totop"><a href="#summary">back to summary</a></p><h3 id="m83">com.web.tests.webtestcases.rallyhood.Rallyhoodtestcases#RallyhoodTC_41</h3><table class="result"><tr class="param"><th>Parameter #1</th><th>Parameter #2</th></tr><tr class="param stripe"><td>com.web.tests.rallyhood.RHhomeDP@b558efe</td><td>org.testng.TestRunner@4e6bef17</td></tr><tr><th colspan="2">Messages</th></tr><tr><td colspan="2"><div class="messages">TC Description : Verify Functionality of SignUp Process by a user for Classes in a Group for an instructor for all available groups and classes<br/>Rallyhood Total Groups Present is:: 3<br/>Rallyhood Total Classes Present in a Group:: 1<br/>Groups Current upcoming class is displayed<br/>In a Groups, for a Class- Instructor Name is displayed: Another Important Event<br/>In a Groups, for a Class Date is displayed: Dec 1st<br/>In a Group, for a Class, for an Instructor SignUp Button is Enabled and Displayed<br/>Sign Up Button in a Group, for an instructor in a class - is enabled and Clicked<br/>In a Group, for a class- after signing Up for an instructor:  Calender Icon is displayed<br/>- - - - - - - - - - - - - -     - - - - - - - - - - - - - - - - - - - - - - - - - - - - - - - - <br/>Rallyhood Total Classes Present in a Group:: 1<br/>Groups Current upcoming class is displayed<br/>In a Groups, for a Class- Instructor Name is displayed: After Work Bike Party<br/>In a Groups, for a Class Date is displayed: Dec 1st<br/>In a Group, for a Class, for an Instructor SignUp Button is Enabled and Displayed<br/>Sign Up Button in a Group, for an instructor in a class - is enabled and Clicked<br/>In a Group, for a class- after signing Up for an instructor:  Calender Icon is displayed<br/>- - - - - - - - - - - - - -     - - - - - - - - - - - - - - - - - - - - - - - - - - - - - - - - <br/>Rallyhood Total Classes Present in a Group:: 2<br/>Groups Current upcoming class is displayed<br/>In a Groups, for a Class- Instructor Name is displayed: Running in Circles<br/>In a Groups, for a Class Date is displayed: Nov 29th<br/>In a Group, for a Class, for an Instructor SignUp Button is Enabled and Displayed<br/>Sign Up Button in a Group, for an instructor in a class - is enabled and Clicked<br/>In a Group, for a class- after signing Up for an instructor:  Calender Icon is displayed<br/>Groups Current upcoming class is displayed<br/>In a Groups, for a Class- Instructor Name is displayed: Running in Circles<br/>In a Groups, for a Class Date is displayed: Dec 13th<br/>In a Group, for a Class, for an Instructor SignUp Button is Enabled and Displayed<br/>Sign Up Button in a Group, for an instructor in a class - is enabled and Clicked<br/>In a Group, for a class- after signing Up for an instructor:  Calender Icon is displayed<br/>- - - - - - - - - - - - - -     - - - - - - - - - - - - - - - - - - - - - - - - - - - - - - - - <br/>Rallyhood Total Groups Present is:: 3<br/>Rallyhood Total Classes Present in a Group:: 5<br/>In a Groups, for a Class- After SignUp Instructor Name is displayed: Another Important Event<br/>In a Group, for a Class, for an Instructor Remove Button is Enabled and Displayed<br/>Remove Button in a Group, for an instructor in a class is enabled and Clicked<br/>In a Groups, for a Class- Instructor Name is displayed: Another Important Event<br/>In a Groups, for a Class- After SignUp Instructor Name is displayed: Instructor: Jane Blue<br/>In a Group, for a Class, for an Instructor Remove Button is Enabled and Displayed<br/>Remove Button in a Group, for an instructor in a class is enabled and Clicked<br/>In a Groups, for a Class- Instructor Name is displayed: Another Important Event<br/>In a Groups, for a Class- After SignUp Instructor Name is displayed: Instructor: Jane Blue<br/>In a Group, for a Class, for an Instructor Remove Button is Enabled and Displayed<br/>Remove Button in a Group, for an instructor in a class is enabled and Clicked<br/>In a Groups, for a Class- Instructor Name is displayed: Another Important Event<br/>In a Groups, for a Class- After SignUp Instructor Name is displayed: Instructor: Jane Blue<br/>In a Group, for a Class, for an Instructor Remove Button is Enabled and Displayed<br/>Remove Button in a Group, for an instructor in a class is enabled and Clicked<br/>In a Groups, for a Class- Instructor Name is displayed: Another Important Event<br/>In a Groups, for a Class- After SignUp Instructor Name is displayed: Instructor: Jane Blue<br/>In a Group, for a Class, for an Instructor Remove Button is Enabled and Displayed<br/>Remove Button in a Group, for an instructor in a class is enabled and Clicked<br/>In a Groups, for a Class- Instructor Name is displayed: Another Important Event<br/>- - - - - - - - - - - - - -     - - - - - - - - - - - - - - - - - - - - - - - - - - - - - - - - <br/>Rallyhood Total Classes Present in a Group:: 1<br/>In a Groups, for a Class- After SignUp Instructor Name is displayed: After Work Bike Party<br/>In a Group, for a Class, for an Instructor Remove Button is Enabled and Displayed<br/>Remove Button in a Group, for an instructor in a class is enabled and Clicked<br/>In a Groups, for a Class- Instructor Name is displayed: After Work Bike Party<br/>- - - - - - - - - - - - - -     - - - - - - - - - - - - - - - - - - - - - - - - - - - - - - - - <br/>Rallyhood Total Classes Present in a Group:: 3<br/>In a Groups, for a Class- After SignUp Instructor Name is displayed: Running in Circles<br/>In a Group, for a Class, for an Instructor Remove Button is Enabled and Displayed<br/>Remove Button in a Group, for an instructor in a class is enabled and Clicked<br/>In a Groups, for a Class- Instructor Name is displayed: Running in Circles<br/>In a Groups, for a Class- After SignUp Instructor Name is displayed: Running in Circles<br/>In a Group, for a Class, for an Instructor Remove Button is Enabled and Displayed<br/>Remove Button in a Group, for an instructor in a class is enabled and Clicked<br/>In a Groups, for a Class- Instructor Name is displayed: Running in Circles<br/>In a Groups, for a Class- After SignUp Instructor Name is displayed: Running in Circles<br/>In a Group, for a Class, for an Instructor Remove Button is Enabled and Displayed<br/>Remove Button in a Group, for an instructor in a class is enabled and Clicked<br/>In a Groups, for a Class- Instructor Name is displayed: Running in Circles<br/>- - - - - - - - - - - - - -     - - - - - - - - - - - - - - - - - - - - - - - - - - - - - - - - </div></td></tr></table><p class="totop"><a href="#summary">back to summary</a></p><h3 id="m84">com.web.tests.webtestcases.rallyhood.Rallyhoodtestcases#RallyhoodTC_42</h3><table class="result"><tr class="param"><th>Parameter #1</th><th>Parameter #2</th></tr><tr class="param stripe"><td>com.web.tests.rallyhood.RHhomeDP@5b576caf</td><td>org.testng.TestRunner@4e6bef17</td></tr><tr><th colspan="2">Messages</th></tr><tr><td colspan="2"><div class="messages">TC Description : Verify Instructor Name, Date and Time for Classes in a Group<br/>Rallyhood Total Groups Present is:: 3<br/>Rallyhood Total Classes Present in a Group:: 3<br/>Groups Current upcoming class is displayed<br/>In a Groups, for a Class- Instructor Name is displayed: Instructor: Jane Blue<br/>In a Groups, for a Class Date is displayed: Dec 10th<br/>In a Groups, for a Class Time is displayed: 1:30 AM<br/>In a Group, for a Class, for an Instructor SignUp Button is Enabled and Displayed<br/>Sign Up Button in a Group, for an instructor in a class - is enabled and Clicked<br/>In a Group, for a class- after signing Up for an instructor:  Calender Icon is displayed<br/>Groups Current upcoming class is displayed<br/>In a Groups, for a Class- Instructor Name is displayed: Instructor: Jane Blue<br/>In a Groups, for a Class Date is displayed: Dec 17th<br/>In a Groups, for a Class Time is displayed: 1:30 AM<br/>In a Group, for a Class, for an Instructor SignUp Button is Enabled and Displayed<br/>Sign Up Button in a Group, for an instructor in a class - is enabled and Clicked<br/>In a Group, for a class- after signing Up for an instructor:  Calender Icon is displayed<br/>Groups Current upcoming class is displayed<br/>In a Groups, for a Class- Instructor Name is displayed: Instructor: Jane Blue<br/>In a Groups, for a Class Date is displayed: Dec 24th<br/>In a Groups, for a Class Time is displayed: 1:30 AM<br/>In a Group, for a Class, for an Instructor SignUp Button is Enabled and Displayed<br/>Sign Up Button in a Group, for an instructor in a class - is enabled and Clicked<br/>In a Group, for a class- after signing Up for an instructor:  Calender Icon is displayed<br/>- - - - - - - - - - - - - -     - - - - - - - - - - - - - - - - - - - - - - - - - - - - - - - - <br/>Rallyhood Total Classes Present in a Group:: 1<br/>Groups Current upcoming class is displayed<br/>In a Groups, for a Class- Instructor Name is displayed: After Work Bike Party<br/>In a Groups, for a Class Date is displayed: Dec 1st<br/>In a Groups, for a Class Time is displayed: 2:00 PM<br/>In a Group, for a Class, for an Instructor SignUp Button is Enabled and Displayed<br/>Sign Up Button in a Group, for an instructor in a class - is enabled and Clicked<br/>In a Group, for a class- after signing Up for an instructor:  Calender Icon is displayed<br/>- - - - - - - - - - - - - -     - - - - - - - - - - - - - - - - - - - - - - - - - - - - - - - - <br/>Rallyhood Total Classes Present in a Group:: 3<br/>Groups Current upcoming class is displayed<br/>In a Groups, for a Class- Instructor Name is displayed: Running in Circles<br/>In a Groups, for a Class Date is displayed: Nov 29th<br/>In a Groups, for a Class Time is displayed: 1:30 AM<br/>In a Group, for a Class, for an Instructor SignUp Button is Enabled and Displayed<br/>Sign Up Button in a Group, for an instructor in a class - is enabled and Clicked<br/>In a Group, for a class- after signing Up for an instructor:  Calender Icon is displayed<br/>Groups Current upcoming class is displayed<br/>In a Groups, for a Class- Instructor Name is displayed: Running in Circles<br/>In a Groups, for a Class Date is displayed: Dec 13th<br/>In a Groups, for a Class Time is displayed: 1:30 AM<br/>In a Group, for a Class, for an Instructor SignUp Button is Enabled and Displayed<br/>Sign Up Button in a Group, for an instructor in a class - is enabled and Clicked<br/>In a Group, for a class- after signing Up for an instructor:  Calender Icon is displayed<br/>Groups Current upcoming class is displayed<br/>In a Groups, for a Class- Instructor Name is displayed: Running in Circles<br/>In a Groups, for a Class Date is displayed: Dec 27th<br/>In a Groups, for a Class Time is displayed: 1:30 AM<br/>In a Group, for a Class, for an Instructor SignUp Button is Enabled and Displayed<br/>Sign Up Button in a Group, for an instructor in a class - is enabled and Clicked<br/>In a Group, for a class- after signing Up for an instructor:  Calender Icon is displayed<br/>- - - - - - - - - - - - - -     - - - - - - - - - - - - - - - - - - - - - - - - - - - - - - - - <br/>Rallyhood Total Groups Present is:: 3<br/>Rallyhood Total Classes Present in a Group:: 5<br/>In a Groups, for a Class- After SignUp Instructor Name is displayed: Another Important Event<br/>In a Group, for a Class, for an Instructor Remove Button is Enabled and Displayed<br/>Remove Button in a Group, for an instructor in a class is enabled and Clicked<br/>In a Groups, for a Class- Instructor Name is displayed: Another Important Event<br/>In a Groups, for a Class- After SignUp Instructor Name is displayed: Instructor: Jane Blue<br/>In a Group, for a Class, for an Instructor Remove Button is Enabled and Displayed<br/>Remove Button in a Group, for an instructor in a class is enabled and Clicked<br/>In a Groups, for a Class- Instructor Name is displayed: Another Important Event<br/>In a Groups, for a Class- After SignUp Instructor Name is displayed: Instructor: Jane Blue<br/>In a Group, for a Class, for an Instructor Remove Button is Enabled and Displayed<br/>Remove Button in a Group, for an instructor in a class is enabled and Clicked<br/>In a Groups, for a Class- Instructor Name is displayed: Another Important Event<br/>In a Groups, for a Class- After SignUp Instructor Name is displayed: Instructor: Jane Blue<br/>In a Group, for a Class, for an Instructor Remove Button is Enabled and Displayed<br/>Remove Button in a Group, for an instructor in a class is enabled and Clicked<br/>In a Groups, for a Class- Instructor Name is displayed: Another Important Event<br/>In a Groups, for a Class- After SignUp Instructor Name is displayed: Instructor: Jane Blue<br/>In a Group, for a Class, for an Instructor Remove Button is Enabled and Displayed<br/>Remove Button in a Group, for an instructor in a class is enabled and Clicked<br/>In a Groups, for a Class- Instructor Name is displayed: Another Important Event<br/>- - - - - - - - - - - - - -     - - - - - - - - - - - - - - - - - - - - - - - - - - - - - - - - <br/>Rallyhood Total Classes Present in a Group:: 1<br/>In a Groups, for a Class- After SignUp Instructor Name is displayed: After Work Bike Party<br/>In a Group, for a Class, for an Instructor Remove Button is Enabled and Displayed<br/>Remove Button in a Group, for an instructor in a class is enabled and Clicked<br/>In a Groups, for a Class- Instructor Name is displayed: After Work Bike Party<br/>- - - - - - - - - - - - - -     - - - - - - - - - - - - - - - - - - - - - - - - - - - - - - - - <br/>Rallyhood Total Classes Present in a Group:: 3<br/>In a Groups, for a Class- After SignUp Instructor Name is displayed: Running in Circles<br/>In a Group, for a Class, for an Instructor Remove Button is Enabled and Displayed<br/>Remove Button in a Group, for an instructor in a class is enabled and Clicked<br/>In a Groups, for a Class- Instructor Name is displayed: Running in Circles<br/>In a Groups, for a Class- After SignUp Instructor Name is displayed: Running in Circles<br/>In a Group, for a Class, for an Instructor Remove Button is Enabled and Displayed<br/>Remove Button in a Group, for an instructor in a class is enabled and Clicked<br/>In a Groups, for a Class- Instructor Name is displayed: Running in Circles<br/>In a Groups, for a Class- After SignUp Instructor Name is displayed: Running in Circles<br/>In a Group, for a Class, for an Instructor Remove Button is Enabled and Displayed<br/>Remove Button in a Group, for an instructor in a class is enabled and Clicked<br/>In a Groups, for a Class- Instructor Name is displayed: Running in Circles<br/>- - - - - - - - - - - - - -     - - - - - - - - - - - - - - - - - - - - - - - - - - - - - - - - </div></td></tr></table><p class="totop"><a href="#summary">back to summary</a></p><h3 id="m85">com.web.tests.webtestcases.rallyhood.Rallyhoodtestcases#RallyhoodTC_43</h3><table class="result"><tr class="param"><th>Parameter #1</th><th>Parameter #2</th></tr><tr class="param stripe"><td>com.web.tests.rallyhood.RHhomeDP@1d9cebfe</td><td>org.testng.TestRunner@4e6bef17</td></tr><tr><th colspan="2">Messages</th></tr><tr><td colspan="2"><div class="messages">TC Description : Verify Remove Enrolled Instructor functionality in All Classes  all Groups<br/>Rallyhood Total Groups Present is:: 3<br/>Rallyhood Total Classes Present in a Group:: 5<br/>Groups Current upcoming class is displayed<br/>In a Groups, for a Class- Instructor Name is displayed: Another Important Event<br/>In a Group, for a Class, for an Instructor SignUp Button is Enabled and Displayed<br/>Sign Up Button in a Group, for an instructor in a class - is enabled and Clicked<br/>In a Group, for a class- after signing Up for an instructor:  Calender Icon is displayed<br/>Groups Current upcoming class is displayed<br/>In a Groups, for a Class- Instructor Name is displayed: Instructor: Jane Blue<br/>In a Group, for a Class, for an Instructor SignUp Button is Enabled and Displayed<br/>Sign Up Button in a Group, for an instructor in a class - is enabled and Clicked<br/>In a Group, for a class- after signing Up for an instructor:  Calender Icon is displayed<br/>Groups Current upcoming class is displayed<br/>In a Groups, for a Class- Instructor Name is displayed: Instructor: Jane Blue<br/>In a Group, for a Class, for an Instructor SignUp Button is Enabled and Displayed<br/>Sign Up Button in a Group, for an instructor in a class - is enabled and Clicked<br/>In a Group, for a class- after signing Up for an instructor:  Calender Icon is displayed<br/>Groups Current upcoming class is displayed<br/>In a Groups, for a Class- Instructor Name is displayed: Instructor: Jane Blue<br/>In a Group, for a Class, for an Instructor SignUp Button is Enabled and Displayed<br/>Sign Up Button in a Group, for an instructor in a class - is enabled and Clicked<br/>In a Group, for a class- after signing Up for an instructor:  Calender Icon is displayed<br/>Groups Current upcoming class is displayed<br/>In a Groups, for a Class- Instructor Name is displayed: Instructor: Jane Blue<br/>In a Group, for a Class, for an Instructor SignUp Button is Enabled and Displayed<br/>Sign Up Button in a Group, for an instructor in a class - is enabled and Clicked<br/>In a Group, for a class- after signing Up for an instructor:  Calender Icon is displayed<br/>- - - - - - - - - - - - - -     - - - - - - - - - - - - - - - - - - - - - - - - - - - - - - - - <br/>Rallyhood Total Classes Present in a Group:: 1<br/>Groups Current upcoming class is displayed<br/>In a Groups, for a Class- Instructor Name is displayed: After Work Bike Party<br/>In a Group, for a Class, for an Instructor SignUp Button is Enabled and Displayed<br/>Sign Up Button in a Group, for an instructor in a class - is enabled and Clicked<br/>In a Group, for a class- after signing Up for an instructor:  Calender Icon is displayed<br/>- - - - - - - - - - - - - -     - - - - - - - - - - - - - - - - - - - - - - - - - - - - - - - - <br/>Rallyhood Total Classes Present in a Group:: 3<br/>Groups Current upcoming class is displayed<br/>In a Groups, for a Class- Instructor Name is displayed: Running in Circles<br/>In a Group, for a Class, for an Instructor SignUp Button is Enabled and Displayed<br/>Sign Up Button in a Group, for an instructor in a class - is enabled and Clicked<br/>In a Group, for a class- after signing Up for an instructor:  Calender Icon is displayed<br/>Groups Current upcoming class is displayed<br/>In a Groups, for a Class- Instructor Name is displayed: Running in Circles<br/>In a Group, for a Class, for an Instructor SignUp Button is Enabled and Displayed<br/>Sign Up Button in a Group, for an instructor in a class - is enabled and Clicked<br/>In a Group, for a class- after signing Up for an instructor:  Calender Icon is displayed<br/>Groups Current upcoming class is displayed<br/>In a Groups, for a Class- Instructor Name is displayed: Running in Circles<br/>In a Group, for a Class, for an Instructor SignUp Button is Enabled and Displayed<br/>Sign Up Button in a Group, for an instructor in a class - is enabled and Clicked<br/>In a Group, for a class- after signing Up for an instructor:  Calender Icon is displayed<br/>- - - - - - - - - - - - - -     - - - - - - - - - - - - - - - - - - - - - - - - - - - - - - - - <br/>Rallyhood Total Groups Present is:: 3<br/>Rallyhood Total Classes Present in a Group:: 5<br/>In a Groups, for a Class- After SignUp Instructor Name is displayed: Another Important Event<br/>In a Group, for a Class, for an Instructor Remove Button is Enabled and Displayed<br/>Remove Button in a Group, for an instructor in a class is enabled and Clicked<br/>In a Groups, for a Class- Instructor Name is displayed: Another Important Event<br/>In a Groups, for a Class- After SignUp Instructor Name is displayed: Instructor: Jane Blue<br/>In a Group, for a Class, for an Instructor Remove Button is Enabled and Displayed<br/>Remove Button in a Group, for an instructor in a class is enabled and Clicked<br/>In a Groups, for a Class- Instructor Name is displayed: Another Important Event<br/>In a Groups, for a Class- After SignUp Instructor Name is displayed: Instructor: Jane Blue<br/>In a Group, for a Class, for an Instructor Remove Button is Enabled and Displayed<br/>Remove Button in a Group, for an instructor in a class is enabled and Clicked<br/>In a Groups, for a Class- Instructor Name is displayed: Another Important Event<br/>In a Groups, for a Class- After SignUp Instructor Name is displayed: Instructor: Jane Blue<br/>In a Group, for a Class, for an Instructor Remove Button is Enabled and Displayed<br/>Remove Button in a Group, for an instructor in a class is enabled and Clicked<br/>In a Groups, for a Class- Instructor Name is displayed: Another Important Event<br/>In a Groups, for a Class- After SignUp Instructor Name is displayed: Instructor: Jane Blue<br/>In a Group, for a Class, for an Instructor Remove Button is Enabled and Displayed<br/>Remove Button in a Group, for an instructor in a class is enabled and Clicked<br/>In a Groups, for a Class- Instructor Name is displayed: Another Important Event<br/>- - - - - - - - - - - - - -     - - - - - - - - - - - - - - - - - - - - - - - - - - - - - - - - <br/>Rallyhood Total Classes Present in a Group:: 1<br/>In a Groups, for a Class- After SignUp Instructor Name is displayed: After Work Bike Party<br/>In a Group, for a Class, for an Instructor Remove Button is Enabled and Displayed<br/>Remove Button in a Group, for an instructor in a class is enabled and Clicked<br/>In a Groups, for a Class- Instructor Name is displayed: After Work Bike Party<br/>- - - - - - - - - - - - - -     - - - - - - - - - - - - - - - - - - - - - - - - - - - - - - - - <br/>Rallyhood Total Classes Present in a Group:: 3<br/>In a Groups, for a Class- After SignUp Instructor Name is displayed: Running in Circles<br/>In a Group, for a Class, for an Instructor Remove Button is Enabled and Displayed<br/>Remove Button in a Group, for an instructor in a class is enabled and Clicked<br/>In a Groups, for a Class- Instructor Name is displayed: Running in Circles<br/>In a Groups, for a Class- After SignUp Instructor Name is displayed: Running in Circles<br/>In a Group, for a Class, for an Instructor Remove Button is Enabled and Displayed<br/>Remove Button in a Group, for an instructor in a class is enabled and Clicked<br/>In a Groups, for a Class- Instructor Name is displayed: Running in Circles<br/>In a Groups, for a Class- After SignUp Instructor Name is displayed: Running in Circles<br/>In a Group, for a Class, for an Instructor Remove Button is Enabled and Displayed<br/>Remove Button in a Group, for an instructor in a class is enabled and Clicked<br/>In a Groups, for a Class- Instructor Name is displayed: Running in Circles<br/>- - - - - - - - - - - - - -     - - - - - - - - - - - - - - - - - - - - - - - - - - - - - - - - </div></td></tr></table><p class="totop"><a href="#summary">back to summary</a></p><h3 id="m86">com.web.tests.webtestcases.rallyhood.Rallyhoodtestcases#RallyhoodTC_44</h3><table class="result"><tr class="param"><th>Parameter #1</th><th>Parameter #2</th></tr><tr class="param stripe"><td>com.web.tests.rallyhood.RHhomeDP@5bcc8613</td><td>org.testng.TestRunner@4e6bef17</td></tr><tr><th colspan="2">Messages</th></tr><tr><td colspan="2"><div class="messages">TC Description : Verify Functionality of Unfollow Option for ALL Class in a Group is working properly <br/>Rallyhood Total Groups Present is:: 3<br/>Group Follow Button is Enabled and Displayed<br/>Follow Button in a Group - is enabled and Clicked<br/>Group UnFollow Button is Enabled and Displayed<br/>Calander icon of Group when Followed is displayed<br/>Unfollow Button in a Group - is enabled and Clicked<br/>Group Follow Button is Enabled and Displayed<br/>- - - - - - - - - - - - - -     - - - - - - - - - - - - - - - - - - - - - - - - - - - - - - - - <br/>Group Follow Button is Enabled and Displayed<br/>Follow Button in a Group - is enabled and Clicked<br/>Group UnFollow Button is Enabled and Displayed<br/>Calander icon of Group when Followed is displayed<br/>Unfollow Button in a Group - is enabled and Clicked<br/>Group Follow Button is Enabled and Displayed<br/>- - - - - - - - - - - - - -     - - - - - - - - - - - - - - - - - - - - - - - - - - - - - - - - <br/>Group Follow Button is Enabled and Displayed<br/>Follow Button in a Group - is enabled and Clicked<br/>Group UnFollow Button is Enabled and Displayed<br/>Calander icon of Group when Followed is displayed<br/>Unfollow Button in a Group - is enabled and Clicked<br/>Group Follow Button is Enabled and Displayed<br/>- - - - - - - - - - - - - -     - - - - - - - - - - - - - - - - - - - - - - - - - - - - - - - - </div></td></tr></table><p class="totop"><a href="#summary">back to summary</a></p><h3 id="m87">com.web.tests.webtestcases.rallyhood.Rallyhoodtestcases#RallyhoodTC_45</h3><table class="result"><tr class="param"><th>Parameter #1</th><th>Parameter #2</th></tr><tr class="param stripe"><td>com.web.tests.rallyhood.RHhomeDP@3f7ad57a</td><td>org.testng.TestRunner@4e6bef17</td></tr><tr><th colspan="2">Messages</th></tr><tr><td colspan="2"><div class="messages">TC Description : Verify past dated classes are not listed in the Classes for all Groups<br/>Rallyhood Total Groups Present is:: 3<br/>Groups Current upcoming class is displayed<br/>In a Groups, for a Class- Instructor Name is displayed: Another Important Event<br/>In a Groups, for a Class- Instructor Name is displayed: Another Important Event<br/>In a Groups, for a Class Date is displayed: Dec 1st<br/>The very next upcoming instructors class date : 1-Dec-17 is greater or equal to that of current date: 29-Nov-17<br/>------------------------------------------------------------------------------------------<br/>Groups Current upcoming class is displayed<br/>In a Groups, for a Class- Instructor Name is displayed: After Work Bike Party<br/>In a Groups, for a Class- Instructor Name is displayed: After Work Bike Party<br/>In a Groups, for a Class Date is displayed: Dec 1st<br/>The very next upcoming instructors class date : 1-Dec-17 is greater or equal to that of current date: 29-Nov-17<br/>------------------------------------------------------------------------------------------<br/>Groups Current upcoming class is displayed<br/>In a Groups, for a Class- Instructor Name is displayed: Running in Circles<br/>In a Groups, for a Class- Instructor Name is displayed: Running in Circles<br/>In a Groups, for a Class Date is displayed: Nov 29th<br/>The very next upcoming instructors class date : 29-Nov-17 is greater or equal to that of current date: 29-Nov-17<br/>------------------------------------------------------------------------------------------</div></td></tr></table><p class="totop"><a href="#summary">back to summary</a></p></body></html>