<?xml version="1.0" encoding="UTF-8"?>
<!-- Generated by org.testng.reporters.JUnitReportReporter -->
<testsuite name="com.web.tests.webtestcases.ifusion.IFusionTest" tests="14" time="71.975" ignored="2" failures="2" timestamp="01 Nov 2017 06:55:36 GMT" skipped="0" hostname="IM-LP-719" errors="0">
  <testcase name="editDSN" time="0.005" classname="com.web.tests.webtestcases.ifusion.IFusionTest"/>
  <testcase name="updateSource" time="0.360" classname="com.web.tests.webtestcases.ifusion.IFusionTest"/>
  <testcase name="editDSN" time="0.002" classname="com.web.tests.webtestcases.ifusion.IFusionTest"/>
  <testcase name="dsnSource" time="0.001" classname="com.web.tests.webtestcases.ifusion.IFusionTest"/>
  <testcase name="logOutApplication" time="6.805" classname="com.web.tests.webtestcases.ifusion.IFusionTest"/>
  <testcase name="editSource" time="0.002" classname="com.web.tests.webtestcases.ifusion.IFusionTest"/>
  <testcase name="dsnSource" time="0.001" classname="com.web.tests.webtestcases.ifusion.IFusionTest"/>
  <testcase name="updateSource" time="0.001" classname="com.web.tests.webtestcases.ifusion.IFusionTest"/>
  <testcase name="editSource" time="0.002" classname="com.web.tests.webtestcases.ifusion.IFusionTest"/>
  <testcase name="createSource" time="10.250" classname="com.web.tests.webtestcases.ifusion.IFusionTest">
    <failure type="java.lang.AssertionError" message="Test case failed due to exception Failed: to click WebElement 
Build info: version: &#039;3.6.0&#039;, revision: &#039;6fbf3ec767&#039;, time: &#039;2017-09-27T15:28:36.4Z&#039;
System info: host: &#039;IM-LP-719&#039;, ip: &#039;192.168.99.1&#039;, os.name: &#039;Windows 10&#039;, os.arch: &#039;amd64&#039;, os.version: &#039;10.0&#039;, java.version: &#039;1.8.0_131&#039;
Driver info: org.openqa.selenium.firefox.FirefoxDriver
Capabilities [{moz:profile=C:\Users\cpinnamaraju\AppData\Local\Temp\rust_mozprofile.LdwXE0fHXCMb, rotatable=false, timeouts={implicit=0, pageLoad=300000, script=30000}, pageLoadStrategy=normal, moz:headless=false, platform=XP, specificationLevel=0, moz:accessibilityChecks=false, acceptInsecureCerts=true, browserVersion=56.0.2, platformVersion=10.0, moz:processID=10960, browserName=firefox, javascriptEnabled=true, platformName=XP}]
Session ID: cb178ab7-d855-477d-aad7-cd18166ac5b4 expected [true] but found [false]">
      <![CDATA[java.lang.AssertionError: Test case failed due to exception Failed: to click WebElement 
Build info: version: '3.6.0', revision: '6fbf3ec767', time: '2017-09-27T15:28:36.4Z'
System info: host: 'IM-LP-719', ip: '192.168.99.1', os.name: 'Windows 10', os.arch: 'amd64', os.version: '10.0', java.version: '1.8.0_131'
Driver info: org.openqa.selenium.firefox.FirefoxDriver
Capabilities [{moz:profile=C:\Users\cpinnamaraju\AppData\Local\Temp\rust_mozprofile.LdwXE0fHXCMb, rotatable=false, timeouts={implicit=0, pageLoad=300000, script=30000}, pageLoadStrategy=normal, moz:headless=false, platform=XP, specificationLevel=0, moz:accessibilityChecks=false, acceptInsecureCerts=true, browserVersion=56.0.2, platformVersion=10.0, moz:processID=10960, browserName=firefox, javascriptEnabled=true, platformName=XP}]
Session ID: cb178ab7-d855-477d-aad7-cd18166ac5b4 expected [true] but found [false]
	at org.testng.Assert.fail(Assert.java:94)
	at org.testng.Assert.failNotEquals(Assert.java:513)
	at org.testng.Assert.assertTrue(Assert.java:42)
	at com.web.tests.ifusion.Source.createSource(Source.java:93)
	at com.web.tests.webtestcases.ifusion.IFusionTest.createSource(IFusionTest.java:128)
	at sun.reflect.NativeMethodAccessorImpl.invoke0(Native Method)
	at sun.reflect.NativeMethodAccessorImpl.invoke(NativeMethodAccessorImpl.java:62)
	at sun.reflect.DelegatingMethodAccessorImpl.invoke(DelegatingMethodAccessorImpl.java:43)
	at java.lang.reflect.Method.invoke(Method.java:498)
	at org.testng.internal.MethodInvocationHelper.invokeMethod(MethodInvocationHelper.java:104)
	at org.testng.internal.Invoker.invokeMethod(Invoker.java:645)
	at org.testng.internal.Invoker.invokeTestMethod(Invoker.java:851)
	at org.testng.internal.Invoker.invokeTestMethods(Invoker.java:1177)
	at org.testng.internal.TestMethodWorker.invokeTestMethods(TestMethodWorker.java:129)
	at org.testng.internal.TestMethodWorker.run(TestMethodWorker.java:112)
	at org.testng.TestRunner.privateRun(TestRunner.java:756)
	at org.testng.TestRunner.run(TestRunner.java:610)
	at org.testng.SuiteRunner.runTest(SuiteRunner.java:387)
	at org.testng.SuiteRunner.access$000(SuiteRunner.java:39)
	at org.testng.SuiteRunner$SuiteWorker.run(SuiteRunner.java:421)
	at org.testng.internal.thread.ThreadUtil$2.call(ThreadUtil.java:64)
	at java.util.concurrent.FutureTask.run(FutureTask.java:266)
	at java.util.concurrent.ThreadPoolExecutor.runWorker(ThreadPoolExecutor.java:1142)
	at java.util.concurrent.ThreadPoolExecutor$Worker.run(ThreadPoolExecutor.java:617)
	at java.lang.Thread.run(Thread.java:748)
]]>
    </failure>
  </testcase> <!-- createSource -->
  <testcase name="loginApplication" time="7.658" classname="com.web.tests.webtestcases.ifusion.IFusionTest"/>
  <testcase name="loginApplication" time="8.701" classname="com.web.tests.webtestcases.ifusion.IFusionTest"/>
  <testcase name="createSource" time="33.372" classname="com.web.tests.webtestcases.ifusion.IFusionTest"/>
  <testcase name="logOutApplication" time="4.815" classname="com.web.tests.webtestcases.ifusion.IFusionTest">
    <failure type="java.lang.AssertionError" message="Test case failed due to exception Failed: to click WebElement unknown error: Element is not clickable at point (1322, -58)
  (Session info: chrome=61.0.3163.100)
  (Driver info: chromedriver=2.29.461591 (62ebf098771772160f391d75e589dc567915b233),platform=Windows NT 10.0.10240 x86_64) (WARNING: The server did not provide any stacktrace information)
Command duration or timeout: 0 milliseconds
Build info: version: &#039;3.6.0&#039;, revision: &#039;6fbf3ec767&#039;, time: &#039;2017-09-27T15:28:36.4Z&#039;
System info: host: &#039;IM-LP-719&#039;, ip: &#039;192.168.99.1&#039;, os.name: &#039;Windows 10&#039;, os.arch: &#039;amd64&#039;, os.version: &#039;10.0&#039;, java.version: &#039;1.8.0_131&#039;
Driver info: org.openqa.selenium.chrome.ChromeDriver
Capabilities [{applicationCacheEnabled=false, rotatable=false, mobileEmulationEnabled=false, networkConnectionEnabled=false, chrome={chromedriverVersion=2.29.461591 (62ebf098771772160f391d75e589dc567915b233), userDataDir=C:\Users\CPINNA~1\AppData\Local\Temp\scoped_dir8844_23263}, takesHeapSnapshot=true, pageLoadStrategy=normal, unhandledPromptBehavior=, databaseEnabled=false, handlesAlerts=true, hasTouchScreen=false, version=61.0.3163.100, platform=XP, browserConnectionEnabled=false, nativeEvents=true, acceptSslCerts=true, locationContextEnabled=true, webStorageEnabled=true, browserName=chrome, takesScreenshot=true, javascriptEnabled=true, platformName=XP, cssSelectorsEnabled=true, unexpectedAlertBehaviour=}]
Session ID: 2150397afb4ee17e9aed0758d780ac90 expected [true] but found [false]">
      <![CDATA[java.lang.AssertionError: Test case failed due to exception Failed: to click WebElement unknown error: Element is not clickable at point (1322, -58)
  (Session info: chrome=61.0.3163.100)
  (Driver info: chromedriver=2.29.461591 (62ebf098771772160f391d75e589dc567915b233),platform=Windows NT 10.0.10240 x86_64) (WARNING: The server did not provide any stacktrace information)
Command duration or timeout: 0 milliseconds
Build info: version: '3.6.0', revision: '6fbf3ec767', time: '2017-09-27T15:28:36.4Z'
System info: host: 'IM-LP-719', ip: '192.168.99.1', os.name: 'Windows 10', os.arch: 'amd64', os.version: '10.0', java.version: '1.8.0_131'
Driver info: org.openqa.selenium.chrome.ChromeDriver
Capabilities [{applicationCacheEnabled=false, rotatable=false, mobileEmulationEnabled=false, networkConnectionEnabled=false, chrome={chromedriverVersion=2.29.461591 (62ebf098771772160f391d75e589dc567915b233), userDataDir=C:\Users\CPINNA~1\AppData\Local\Temp\scoped_dir8844_23263}, takesHeapSnapshot=true, pageLoadStrategy=normal, unhandledPromptBehavior=, databaseEnabled=false, handlesAlerts=true, hasTouchScreen=false, version=61.0.3163.100, platform=XP, browserConnectionEnabled=false, nativeEvents=true, acceptSslCerts=true, locationContextEnabled=true, webStorageEnabled=true, browserName=chrome, takesScreenshot=true, javascriptEnabled=true, platformName=XP, cssSelectorsEnabled=true, unexpectedAlertBehaviour=}]
Session ID: 2150397afb4ee17e9aed0758d780ac90 expected [true] but found [false]
	at org.testng.Assert.fail(Assert.java:94)
	at org.testng.Assert.failNotEquals(Assert.java:513)
	at org.testng.Assert.assertTrue(Assert.java:42)
	at com.web.tests.ifusion.Login.validateLogout(Login.java:76)
	at com.web.tests.webtestcases.ifusion.IFusionTest.logOutApplication(IFusionTest.java:149)
	at sun.reflect.NativeMethodAccessorImpl.invoke0(Native Method)
	at sun.reflect.NativeMethodAccessorImpl.invoke(NativeMethodAccessorImpl.java:62)
	at sun.reflect.DelegatingMethodAccessorImpl.invoke(DelegatingMethodAccessorImpl.java:43)
	at java.lang.reflect.Method.invoke(Method.java:498)
	at org.testng.internal.MethodInvocationHelper.invokeMethod(MethodInvocationHelper.java:104)
	at org.testng.internal.Invoker.invokeMethod(Invoker.java:645)
	at org.testng.internal.Invoker.invokeTestMethod(Invoker.java:851)
	at org.testng.internal.Invoker.invokeTestMethods(Invoker.java:1177)
	at org.testng.internal.TestMethodWorker.invokeTestMethods(TestMethodWorker.java:129)
	at org.testng.internal.TestMethodWorker.run(TestMethodWorker.java:112)
	at org.testng.TestRunner.privateRun(TestRunner.java:756)
	at org.testng.TestRunner.run(TestRunner.java:610)
	at org.testng.SuiteRunner.runTest(SuiteRunner.java:387)
	at org.testng.SuiteRunner.access$000(SuiteRunner.java:39)
	at org.testng.SuiteRunner$SuiteWorker.run(SuiteRunner.java:421)
	at org.testng.internal.thread.ThreadUtil$2.call(ThreadUtil.java:64)
	at java.util.concurrent.FutureTask.run(FutureTask.java:266)
	at java.util.concurrent.ThreadPoolExecutor.runWorker(ThreadPoolExecutor.java:1142)
	at java.util.concurrent.ThreadPoolExecutor$Worker.run(ThreadPoolExecutor.java:617)
	at java.lang.Thread.run(Thread.java:748)
]]>
    </failure>
  </testcase> <!-- logOutApplication -->
  <testcase name="IPPingAndValiadte" classname="com.web.tests.webtestcases.ifusion.HealthCheck">
    <skipped/>
  </testcase> <!-- IPPingAndValiadte -->
  <testcase name="IPTraceAndValiadte" classname="com.web.tests.webtestcases.ifusion.HealthCheck">
    <skipped/>
  </testcase> <!-- IPTraceAndValiadte -->
</testsuite> <!-- com.web.tests.webtestcases.ifusion.IFusionTest -->
