<?xml version="1.0" encoding="UTF-8"?>
<!-- Generated by org.testng.reporters.JUnitReportReporter -->
<testsuite name="com.web.tests.webtestcases.rallyhood.Rallyhoodtestcases" tests="44" time="1996.127" ignored="0" failures="13" timestamp="29 Nov 2017 07:53:46 GMT" skipped="0" hostname="IM-LP-322" errors="0">
  <testcase name="RallyhoodTC_26" time="79.458" classname="com.web.tests.webtestcases.rallyhood.Rallyhoodtestcases">
    <failure type="java.lang.AssertionError" message="Test case failed due to exception Unable to locate element: //article[@class=&#039;participation ember-view none&#039;]//div[@class=&#039;rsvp is-none&#039;]//span[@class=&#039;prompt&#039;]
For documentation on this error, please visit: http://seleniumhq.org/exceptions/no_such_element.html
Build info: version: &#039;3.6.0&#039;, revision: &#039;6fbf3ec767&#039;, time: &#039;2017-09-27T15:28:36.4Z&#039;
System info: host: &#039;IM-LP-322&#039;, ip: &#039;192.168.205.116&#039;, os.name: &#039;Windows 7&#039;, os.arch: &#039;amd64&#039;, os.version: &#039;6.1&#039;, java.version: &#039;1.8.0_151&#039;
Driver info: org.openqa.selenium.firefox.FirefoxDriver
Capabilities [{moz:profile=C:\Users\mbaragapu\AppData\Local\Temp\rust_mozprofile.HP3iwaERCf3A, rotatable=false, timeouts={implicit=0, pageLoad=300000, script=30000}, pageLoadStrategy=normal, moz:headless=false, platform=XP, moz:accessibilityChecks=false, acceptInsecureCerts=true, browserVersion=58.0, platformVersion=6.1, moz:processID=8956, browserName=firefox, javascriptEnabled=true, platformName=XP, moz:webdriverClick=true}]
Session ID: 2cd19199-a392-4ca9-8094-bfb3f5ed782d
*** Element info: {Using=xpath, value=//article[@class=&#039;participation ember-view none&#039;]//div[@class=&#039;rsvp is-none&#039;]//span[@class=&#039;prompt&#039;]} expected [true] but found [false]">
      <![CDATA[java.lang.AssertionError: Test case failed due to exception Unable to locate element: //article[@class='participation ember-view none']//div[@class='rsvp is-none']//span[@class='prompt']
For documentation on this error, please visit: http://seleniumhq.org/exceptions/no_such_element.html
Build info: version: '3.6.0', revision: '6fbf3ec767', time: '2017-09-27T15:28:36.4Z'
System info: host: 'IM-LP-322', ip: '192.168.205.116', os.name: 'Windows 7', os.arch: 'amd64', os.version: '6.1', java.version: '1.8.0_151'
Driver info: org.openqa.selenium.firefox.FirefoxDriver
Capabilities [{moz:profile=C:\Users\mbaragapu\AppData\Local\Temp\rust_mozprofile.HP3iwaERCf3A, rotatable=false, timeouts={implicit=0, pageLoad=300000, script=30000}, pageLoadStrategy=normal, moz:headless=false, platform=XP, moz:accessibilityChecks=false, acceptInsecureCerts=true, browserVersion=58.0, platformVersion=6.1, moz:processID=8956, browserName=firefox, javascriptEnabled=true, platformName=XP, moz:webdriverClick=true}]
Session ID: 2cd19199-a392-4ca9-8094-bfb3f5ed782d
*** Element info: {Using=xpath, value=//article[@class='participation ember-view none']//div[@class='rsvp is-none']//span[@class='prompt']} expected [true] but found [false]
	at org.testng.Assert.fail(Assert.java:94)
	at org.testng.Assert.failNotEquals(Assert.java:513)
	at org.testng.Assert.assertTrue(Assert.java:42)
	at com.web.tests.rallyhood.RHhome.Event_ATTENDING_Lable_Presence(RHhome.java:492)
	at com.web.tests.rallyhood.RHhome.Multiple_Events_Screen_Buttons_Validation(RHhome.java:1359)
	at com.web.tests.webtestcases.rallyhood.Rallyhoodtestcases.RallyhoodTC_26(Rallyhoodtestcases.java:348)
	at sun.reflect.NativeMethodAccessorImpl.invoke0(Native Method)
	at sun.reflect.NativeMethodAccessorImpl.invoke(Unknown Source)
	at sun.reflect.DelegatingMethodAccessorImpl.invoke(Unknown Source)
	at java.lang.reflect.Method.invoke(Unknown Source)
	at org.testng.internal.MethodInvocationHelper.invokeMethod(MethodInvocationHelper.java:104)
	at org.testng.internal.Invoker.invokeMethod(Invoker.java:645)
	at org.testng.internal.Invoker.invokeTestMethod(Invoker.java:851)
	at org.testng.internal.Invoker.invokeTestMethods(Invoker.java:1177)
	at org.testng.internal.TestMethodWorker.invokeTestMethods(TestMethodWorker.java:129)
	at org.testng.internal.TestMethodWorker.run(TestMethodWorker.java:112)
	at org.testng.TestRunner.privateRun(TestRunner.java:756)
	at org.testng.TestRunner.run(TestRunner.java:610)
	at org.testng.SuiteRunner.runTest(SuiteRunner.java:387)
	at org.testng.SuiteRunner.access$000(SuiteRunner.java:39)
	at org.testng.SuiteRunner$SuiteWorker.run(SuiteRunner.java:421)
	at org.testng.internal.thread.ThreadUtil$2.call(ThreadUtil.java:64)
	at java.util.concurrent.FutureTask.run(Unknown Source)
	at java.util.concurrent.ThreadPoolExecutor.runWorker(Unknown Source)
	at java.util.concurrent.ThreadPoolExecutor$Worker.run(Unknown Source)
	at java.lang.Thread.run(Unknown Source)
]]>
    </failure>
  </testcase> <!-- RallyhoodTC_26 -->
  <testcase name="RallyhoodTC_35" time="50.723" classname="com.web.tests.webtestcases.rallyhood.Rallyhoodtestcases">
    <failure type="java.lang.AssertionError" message="Test case failed due to exception Unable to locate element: //article[@class=&#039;participation ember-view none&#039;]//div[@class=&#039;rsvp is-none&#039;]//span[@class=&#039;prompt&#039;]
For documentation on this error, please visit: http://seleniumhq.org/exceptions/no_such_element.html
Build info: version: &#039;3.6.0&#039;, revision: &#039;6fbf3ec767&#039;, time: &#039;2017-09-27T15:28:36.4Z&#039;
System info: host: &#039;IM-LP-322&#039;, ip: &#039;192.168.205.116&#039;, os.name: &#039;Windows 7&#039;, os.arch: &#039;amd64&#039;, os.version: &#039;6.1&#039;, java.version: &#039;1.8.0_151&#039;
Driver info: org.openqa.selenium.firefox.FirefoxDriver
Capabilities [{moz:profile=C:\Users\mbaragapu\AppData\Local\Temp\rust_mozprofile.HP3iwaERCf3A, rotatable=false, timeouts={implicit=0, pageLoad=300000, script=30000}, pageLoadStrategy=normal, moz:headless=false, platform=XP, moz:accessibilityChecks=false, acceptInsecureCerts=true, browserVersion=58.0, platformVersion=6.1, moz:processID=8956, browserName=firefox, javascriptEnabled=true, platformName=XP, moz:webdriverClick=true}]
Session ID: 2cd19199-a392-4ca9-8094-bfb3f5ed782d
*** Element info: {Using=xpath, value=//article[@class=&#039;participation ember-view none&#039;]//div[@class=&#039;rsvp is-none&#039;]//span[@class=&#039;prompt&#039;]} expected [true] but found [false]">
      <![CDATA[java.lang.AssertionError: Test case failed due to exception Unable to locate element: //article[@class='participation ember-view none']//div[@class='rsvp is-none']//span[@class='prompt']
For documentation on this error, please visit: http://seleniumhq.org/exceptions/no_such_element.html
Build info: version: '3.6.0', revision: '6fbf3ec767', time: '2017-09-27T15:28:36.4Z'
System info: host: 'IM-LP-322', ip: '192.168.205.116', os.name: 'Windows 7', os.arch: 'amd64', os.version: '6.1', java.version: '1.8.0_151'
Driver info: org.openqa.selenium.firefox.FirefoxDriver
Capabilities [{moz:profile=C:\Users\mbaragapu\AppData\Local\Temp\rust_mozprofile.HP3iwaERCf3A, rotatable=false, timeouts={implicit=0, pageLoad=300000, script=30000}, pageLoadStrategy=normal, moz:headless=false, platform=XP, moz:accessibilityChecks=false, acceptInsecureCerts=true, browserVersion=58.0, platformVersion=6.1, moz:processID=8956, browserName=firefox, javascriptEnabled=true, platformName=XP, moz:webdriverClick=true}]
Session ID: 2cd19199-a392-4ca9-8094-bfb3f5ed782d
*** Element info: {Using=xpath, value=//article[@class='participation ember-view none']//div[@class='rsvp is-none']//span[@class='prompt']} expected [true] but found [false]
	at org.testng.Assert.fail(Assert.java:94)
	at org.testng.Assert.failNotEquals(Assert.java:513)
	at org.testng.Assert.assertTrue(Assert.java:42)
	at com.web.tests.rallyhood.RHhome.Event_ATTENDING_Lable_Presence(RHhome.java:492)
	at com.web.tests.rallyhood.RHhome.Single_Event_SelectionNO_VerifyComments_CommentedValues(RHhome.java:1901)
	at com.web.tests.webtestcases.rallyhood.Rallyhoodtestcases.RallyhoodTC_35(Rallyhoodtestcases.java:433)
	at sun.reflect.NativeMethodAccessorImpl.invoke0(Native Method)
	at sun.reflect.NativeMethodAccessorImpl.invoke(Unknown Source)
	at sun.reflect.DelegatingMethodAccessorImpl.invoke(Unknown Source)
	at java.lang.reflect.Method.invoke(Unknown Source)
	at org.testng.internal.MethodInvocationHelper.invokeMethod(MethodInvocationHelper.java:104)
	at org.testng.internal.Invoker.invokeMethod(Invoker.java:645)
	at org.testng.internal.Invoker.invokeTestMethod(Invoker.java:851)
	at org.testng.internal.Invoker.invokeTestMethods(Invoker.java:1177)
	at org.testng.internal.TestMethodWorker.invokeTestMethods(TestMethodWorker.java:129)
	at org.testng.internal.TestMethodWorker.run(TestMethodWorker.java:112)
	at org.testng.TestRunner.privateRun(TestRunner.java:756)
	at org.testng.TestRunner.run(TestRunner.java:610)
	at org.testng.SuiteRunner.runTest(SuiteRunner.java:387)
	at org.testng.SuiteRunner.access$000(SuiteRunner.java:39)
	at org.testng.SuiteRunner$SuiteWorker.run(SuiteRunner.java:421)
	at org.testng.internal.thread.ThreadUtil$2.call(ThreadUtil.java:64)
	at java.util.concurrent.FutureTask.run(Unknown Source)
	at java.util.concurrent.ThreadPoolExecutor.runWorker(Unknown Source)
	at java.util.concurrent.ThreadPoolExecutor$Worker.run(Unknown Source)
	at java.lang.Thread.run(Unknown Source)
]]>
    </failure>
  </testcase> <!-- RallyhoodTC_35 -->
  <testcase name="RallyhoodTC_41" time="115.185" classname="com.web.tests.webtestcases.rallyhood.Rallyhoodtestcases"/>
  <testcase name="RallyhoodTC_34" time="56.446" classname="com.web.tests.webtestcases.rallyhood.Rallyhoodtestcases">
    <failure type="java.lang.AssertionError" message="Test case failed due to exception Unable to locate element: //article[@class=&#039;participation ember-view none&#039;]//div[@class=&#039;rsvp is-none&#039;]//span[@class=&#039;prompt&#039;]
For documentation on this error, please visit: http://seleniumhq.org/exceptions/no_such_element.html
Build info: version: &#039;3.6.0&#039;, revision: &#039;6fbf3ec767&#039;, time: &#039;2017-09-27T15:28:36.4Z&#039;
System info: host: &#039;IM-LP-322&#039;, ip: &#039;192.168.205.116&#039;, os.name: &#039;Windows 7&#039;, os.arch: &#039;amd64&#039;, os.version: &#039;6.1&#039;, java.version: &#039;1.8.0_151&#039;
Driver info: org.openqa.selenium.firefox.FirefoxDriver
Capabilities [{moz:profile=C:\Users\mbaragapu\AppData\Local\Temp\rust_mozprofile.HP3iwaERCf3A, rotatable=false, timeouts={implicit=0, pageLoad=300000, script=30000}, pageLoadStrategy=normal, moz:headless=false, platform=XP, moz:accessibilityChecks=false, acceptInsecureCerts=true, browserVersion=58.0, platformVersion=6.1, moz:processID=8956, browserName=firefox, javascriptEnabled=true, platformName=XP, moz:webdriverClick=true}]
Session ID: 2cd19199-a392-4ca9-8094-bfb3f5ed782d
*** Element info: {Using=xpath, value=//article[@class=&#039;participation ember-view none&#039;]//div[@class=&#039;rsvp is-none&#039;]//span[@class=&#039;prompt&#039;]} expected [true] but found [false]">
      <![CDATA[java.lang.AssertionError: Test case failed due to exception Unable to locate element: //article[@class='participation ember-view none']//div[@class='rsvp is-none']//span[@class='prompt']
For documentation on this error, please visit: http://seleniumhq.org/exceptions/no_such_element.html
Build info: version: '3.6.0', revision: '6fbf3ec767', time: '2017-09-27T15:28:36.4Z'
System info: host: 'IM-LP-322', ip: '192.168.205.116', os.name: 'Windows 7', os.arch: 'amd64', os.version: '6.1', java.version: '1.8.0_151'
Driver info: org.openqa.selenium.firefox.FirefoxDriver
Capabilities [{moz:profile=C:\Users\mbaragapu\AppData\Local\Temp\rust_mozprofile.HP3iwaERCf3A, rotatable=false, timeouts={implicit=0, pageLoad=300000, script=30000}, pageLoadStrategy=normal, moz:headless=false, platform=XP, moz:accessibilityChecks=false, acceptInsecureCerts=true, browserVersion=58.0, platformVersion=6.1, moz:processID=8956, browserName=firefox, javascriptEnabled=true, platformName=XP, moz:webdriverClick=true}]
Session ID: 2cd19199-a392-4ca9-8094-bfb3f5ed782d
*** Element info: {Using=xpath, value=//article[@class='participation ember-view none']//div[@class='rsvp is-none']//span[@class='prompt']} expected [true] but found [false]
	at org.testng.Assert.fail(Assert.java:94)
	at org.testng.Assert.failNotEquals(Assert.java:513)
	at org.testng.Assert.assertTrue(Assert.java:42)
	at com.web.tests.rallyhood.RHhome.Event_ATTENDING_Lable_Presence(RHhome.java:492)
	at com.web.tests.rallyhood.RHhome.Multiple_Event_SelectionYES_VerifyComments_CommentedValues(RHhome.java:1850)
	at com.web.tests.webtestcases.rallyhood.Rallyhoodtestcases.RallyhoodTC_34(Rallyhoodtestcases.java:424)
	at sun.reflect.NativeMethodAccessorImpl.invoke0(Native Method)
	at sun.reflect.NativeMethodAccessorImpl.invoke(Unknown Source)
	at sun.reflect.DelegatingMethodAccessorImpl.invoke(Unknown Source)
	at java.lang.reflect.Method.invoke(Unknown Source)
	at org.testng.internal.MethodInvocationHelper.invokeMethod(MethodInvocationHelper.java:104)
	at org.testng.internal.Invoker.invokeMethod(Invoker.java:645)
	at org.testng.internal.Invoker.invokeTestMethod(Invoker.java:851)
	at org.testng.internal.Invoker.invokeTestMethods(Invoker.java:1177)
	at org.testng.internal.TestMethodWorker.invokeTestMethods(TestMethodWorker.java:129)
	at org.testng.internal.TestMethodWorker.run(TestMethodWorker.java:112)
	at org.testng.TestRunner.privateRun(TestRunner.java:756)
	at org.testng.TestRunner.run(TestRunner.java:610)
	at org.testng.SuiteRunner.runTest(SuiteRunner.java:387)
	at org.testng.SuiteRunner.access$000(SuiteRunner.java:39)
	at org.testng.SuiteRunner$SuiteWorker.run(SuiteRunner.java:421)
	at org.testng.internal.thread.ThreadUtil$2.call(ThreadUtil.java:64)
	at java.util.concurrent.FutureTask.run(Unknown Source)
	at java.util.concurrent.ThreadPoolExecutor.runWorker(Unknown Source)
	at java.util.concurrent.ThreadPoolExecutor$Worker.run(Unknown Source)
	at java.lang.Thread.run(Unknown Source)
]]>
    </failure>
  </testcase> <!-- RallyhoodTC_34 -->
  <testcase name="RallyhoodTC_40" time="50.484" classname="com.web.tests.webtestcases.rallyhood.Rallyhoodtestcases">
    <failure type="java.lang.AssertionError" message="Test case failed due to exception Unable to locate element: //div[@class=&#039;description ember-view truncated&#039;]//span[@class=&#039;ellipsis&#039;]
For documentation on this error, please visit: http://seleniumhq.org/exceptions/no_such_element.html
Build info: version: &#039;3.6.0&#039;, revision: &#039;6fbf3ec767&#039;, time: &#039;2017-09-27T15:28:36.4Z&#039;
System info: host: &#039;IM-LP-322&#039;, ip: &#039;192.168.205.116&#039;, os.name: &#039;Windows 7&#039;, os.arch: &#039;amd64&#039;, os.version: &#039;6.1&#039;, java.version: &#039;1.8.0_151&#039;
Driver info: org.openqa.selenium.firefox.FirefoxDriver
Capabilities [{moz:profile=C:\Users\mbaragapu\AppData\Local\Temp\rust_mozprofile.HP3iwaERCf3A, rotatable=false, timeouts={implicit=0, pageLoad=300000, script=30000}, pageLoadStrategy=normal, moz:headless=false, platform=XP, moz:accessibilityChecks=false, acceptInsecureCerts=true, browserVersion=58.0, platformVersion=6.1, moz:processID=8956, browserName=firefox, javascriptEnabled=true, platformName=XP, moz:webdriverClick=true}]
Session ID: 2cd19199-a392-4ca9-8094-bfb3f5ed782d
*** Element info: {Using=xpath, value=//div[@class=&#039;description ember-view truncated&#039;]//span[@class=&#039;ellipsis&#039;]} expected [true] but found [false]">
      <![CDATA[java.lang.AssertionError: Test case failed due to exception Unable to locate element: //div[@class='description ember-view truncated']//span[@class='ellipsis']
For documentation on this error, please visit: http://seleniumhq.org/exceptions/no_such_element.html
Build info: version: '3.6.0', revision: '6fbf3ec767', time: '2017-09-27T15:28:36.4Z'
System info: host: 'IM-LP-322', ip: '192.168.205.116', os.name: 'Windows 7', os.arch: 'amd64', os.version: '6.1', java.version: '1.8.0_151'
Driver info: org.openqa.selenium.firefox.FirefoxDriver
Capabilities [{moz:profile=C:\Users\mbaragapu\AppData\Local\Temp\rust_mozprofile.HP3iwaERCf3A, rotatable=false, timeouts={implicit=0, pageLoad=300000, script=30000}, pageLoadStrategy=normal, moz:headless=false, platform=XP, moz:accessibilityChecks=false, acceptInsecureCerts=true, browserVersion=58.0, platformVersion=6.1, moz:processID=8956, browserName=firefox, javascriptEnabled=true, platformName=XP, moz:webdriverClick=true}]
Session ID: 2cd19199-a392-4ca9-8094-bfb3f5ed782d
*** Element info: {Using=xpath, value=//div[@class='description ember-view truncated']//span[@class='ellipsis']} expected [true] but found [false]
	at org.testng.Assert.fail(Assert.java:94)
	at org.testng.Assert.failNotEquals(Assert.java:513)
	at org.testng.Assert.assertTrue(Assert.java:42)
	at com.web.tests.rallyhood.RHhome.Group_ReadMore_Expand_Presence(RHhome.java:664)
	at com.web.tests.rallyhood.RHhome.RallyHood_Multiple_GroupClasses_ReadMoreExpand_Verify(RHhome.java:2266)
	at com.web.tests.webtestcases.rallyhood.Rallyhoodtestcases.RallyhoodTC_40(Rallyhoodtestcases.java:483)
	at sun.reflect.NativeMethodAccessorImpl.invoke0(Native Method)
	at sun.reflect.NativeMethodAccessorImpl.invoke(Unknown Source)
	at sun.reflect.DelegatingMethodAccessorImpl.invoke(Unknown Source)
	at java.lang.reflect.Method.invoke(Unknown Source)
	at org.testng.internal.MethodInvocationHelper.invokeMethod(MethodInvocationHelper.java:104)
	at org.testng.internal.Invoker.invokeMethod(Invoker.java:645)
	at org.testng.internal.Invoker.invokeTestMethod(Invoker.java:851)
	at org.testng.internal.Invoker.invokeTestMethods(Invoker.java:1177)
	at org.testng.internal.TestMethodWorker.invokeTestMethods(TestMethodWorker.java:129)
	at org.testng.internal.TestMethodWorker.run(TestMethodWorker.java:112)
	at org.testng.TestRunner.privateRun(TestRunner.java:756)
	at org.testng.TestRunner.run(TestRunner.java:610)
	at org.testng.SuiteRunner.runTest(SuiteRunner.java:387)
	at org.testng.SuiteRunner.access$000(SuiteRunner.java:39)
	at org.testng.SuiteRunner$SuiteWorker.run(SuiteRunner.java:421)
	at org.testng.internal.thread.ThreadUtil$2.call(ThreadUtil.java:64)
	at java.util.concurrent.FutureTask.run(Unknown Source)
	at java.util.concurrent.ThreadPoolExecutor.runWorker(Unknown Source)
	at java.util.concurrent.ThreadPoolExecutor$Worker.run(Unknown Source)
	at java.lang.Thread.run(Unknown Source)
]]>
    </failure>
  </testcase> <!-- RallyhoodTC_40 -->
  <testcase name="RallyhoodTC_17" time="17.284" classname="com.web.tests.webtestcases.rallyhood.Rallyhoodtestcases"/>
  <testcase name="RallyhoodTC_01" time="36.697" classname="com.web.tests.webtestcases.rallyhood.Rallyhoodtestcases"/>
  <testcase name="RallyhoodTC_07" time="32.136" classname="com.web.tests.webtestcases.rallyhood.Rallyhoodtestcases"/>
  <testcase name="RallyhoodTC_39" time="18.704" classname="com.web.tests.webtestcases.rallyhood.Rallyhoodtestcases"/>
  <testcase name="RallyhoodTC_37" time="55.016" classname="com.web.tests.webtestcases.rallyhood.Rallyhoodtestcases">
    <failure type="java.lang.AssertionError" message="Test case failed due to exception Unable to locate element: //article[@class=&#039;participation ember-view none&#039;]//div[@class=&#039;rsvp is-none&#039;]//span[@class=&#039;prompt&#039;]
For documentation on this error, please visit: http://seleniumhq.org/exceptions/no_such_element.html
Build info: version: &#039;3.6.0&#039;, revision: &#039;6fbf3ec767&#039;, time: &#039;2017-09-27T15:28:36.4Z&#039;
System info: host: &#039;IM-LP-322&#039;, ip: &#039;192.168.205.116&#039;, os.name: &#039;Windows 7&#039;, os.arch: &#039;amd64&#039;, os.version: &#039;6.1&#039;, java.version: &#039;1.8.0_151&#039;
Driver info: org.openqa.selenium.firefox.FirefoxDriver
Capabilities [{moz:profile=C:\Users\mbaragapu\AppData\Local\Temp\rust_mozprofile.HP3iwaERCf3A, rotatable=false, timeouts={implicit=0, pageLoad=300000, script=30000}, pageLoadStrategy=normal, moz:headless=false, platform=XP, moz:accessibilityChecks=false, acceptInsecureCerts=true, browserVersion=58.0, platformVersion=6.1, moz:processID=8956, browserName=firefox, javascriptEnabled=true, platformName=XP, moz:webdriverClick=true}]
Session ID: 2cd19199-a392-4ca9-8094-bfb3f5ed782d
*** Element info: {Using=xpath, value=//article[@class=&#039;participation ember-view none&#039;]//div[@class=&#039;rsvp is-none&#039;]//span[@class=&#039;prompt&#039;]} expected [true] but found [false]">
      <![CDATA[java.lang.AssertionError: Test case failed due to exception Unable to locate element: //article[@class='participation ember-view none']//div[@class='rsvp is-none']//span[@class='prompt']
For documentation on this error, please visit: http://seleniumhq.org/exceptions/no_such_element.html
Build info: version: '3.6.0', revision: '6fbf3ec767', time: '2017-09-27T15:28:36.4Z'
System info: host: 'IM-LP-322', ip: '192.168.205.116', os.name: 'Windows 7', os.arch: 'amd64', os.version: '6.1', java.version: '1.8.0_151'
Driver info: org.openqa.selenium.firefox.FirefoxDriver
Capabilities [{moz:profile=C:\Users\mbaragapu\AppData\Local\Temp\rust_mozprofile.HP3iwaERCf3A, rotatable=false, timeouts={implicit=0, pageLoad=300000, script=30000}, pageLoadStrategy=normal, moz:headless=false, platform=XP, moz:accessibilityChecks=false, acceptInsecureCerts=true, browserVersion=58.0, platformVersion=6.1, moz:processID=8956, browserName=firefox, javascriptEnabled=true, platformName=XP, moz:webdriverClick=true}]
Session ID: 2cd19199-a392-4ca9-8094-bfb3f5ed782d
*** Element info: {Using=xpath, value=//article[@class='participation ember-view none']//div[@class='rsvp is-none']//span[@class='prompt']} expected [true] but found [false]
	at org.testng.Assert.fail(Assert.java:94)
	at org.testng.Assert.failNotEquals(Assert.java:513)
	at org.testng.Assert.assertTrue(Assert.java:42)
	at com.web.tests.rallyhood.RHhome.Event_ATTENDING_Lable_Presence(RHhome.java:492)
	at com.web.tests.rallyhood.RHhome.Multiple_Event_Screen_AttendingEvent_PageRefresh_LandingSamePage(RHhome.java:2057)
	at com.web.tests.webtestcases.rallyhood.Rallyhoodtestcases.RallyhoodTC_37(Rallyhoodtestcases.java:452)
	at sun.reflect.NativeMethodAccessorImpl.invoke0(Native Method)
	at sun.reflect.NativeMethodAccessorImpl.invoke(Unknown Source)
	at sun.reflect.DelegatingMethodAccessorImpl.invoke(Unknown Source)
	at java.lang.reflect.Method.invoke(Unknown Source)
	at org.testng.internal.MethodInvocationHelper.invokeMethod(MethodInvocationHelper.java:104)
	at org.testng.internal.Invoker.invokeMethod(Invoker.java:645)
	at org.testng.internal.Invoker.invokeTestMethod(Invoker.java:851)
	at org.testng.internal.Invoker.invokeTestMethods(Invoker.java:1177)
	at org.testng.internal.TestMethodWorker.invokeTestMethods(TestMethodWorker.java:129)
	at org.testng.internal.TestMethodWorker.run(TestMethodWorker.java:112)
	at org.testng.TestRunner.privateRun(TestRunner.java:756)
	at org.testng.TestRunner.run(TestRunner.java:610)
	at org.testng.SuiteRunner.runTest(SuiteRunner.java:387)
	at org.testng.SuiteRunner.access$000(SuiteRunner.java:39)
	at org.testng.SuiteRunner$SuiteWorker.run(SuiteRunner.java:421)
	at org.testng.internal.thread.ThreadUtil$2.call(ThreadUtil.java:64)
	at java.util.concurrent.FutureTask.run(Unknown Source)
	at java.util.concurrent.ThreadPoolExecutor.runWorker(Unknown Source)
	at java.util.concurrent.ThreadPoolExecutor$Worker.run(Unknown Source)
	at java.lang.Thread.run(Unknown Source)
]]>
    </failure>
  </testcase> <!-- RallyhoodTC_37 -->
  <testcase name="RallyhoodTC_36" time="55.884" classname="com.web.tests.webtestcases.rallyhood.Rallyhoodtestcases">
    <failure type="java.lang.AssertionError" message="Test case failed due to exception Unable to locate element: //article[@class=&#039;participation ember-view none&#039;]//div[@class=&#039;rsvp is-none&#039;]//span[@class=&#039;prompt&#039;]
For documentation on this error, please visit: http://seleniumhq.org/exceptions/no_such_element.html
Build info: version: &#039;3.6.0&#039;, revision: &#039;6fbf3ec767&#039;, time: &#039;2017-09-27T15:28:36.4Z&#039;
System info: host: &#039;IM-LP-322&#039;, ip: &#039;192.168.205.116&#039;, os.name: &#039;Windows 7&#039;, os.arch: &#039;amd64&#039;, os.version: &#039;6.1&#039;, java.version: &#039;1.8.0_151&#039;
Driver info: org.openqa.selenium.firefox.FirefoxDriver
Capabilities [{moz:profile=C:\Users\mbaragapu\AppData\Local\Temp\rust_mozprofile.HP3iwaERCf3A, rotatable=false, timeouts={implicit=0, pageLoad=300000, script=30000}, pageLoadStrategy=normal, moz:headless=false, platform=XP, moz:accessibilityChecks=false, acceptInsecureCerts=true, browserVersion=58.0, platformVersion=6.1, moz:processID=8956, browserName=firefox, javascriptEnabled=true, platformName=XP, moz:webdriverClick=true}]
Session ID: 2cd19199-a392-4ca9-8094-bfb3f5ed782d
*** Element info: {Using=xpath, value=//article[@class=&#039;participation ember-view none&#039;]//div[@class=&#039;rsvp is-none&#039;]//span[@class=&#039;prompt&#039;]} expected [true] but found [false]">
      <![CDATA[java.lang.AssertionError: Test case failed due to exception Unable to locate element: //article[@class='participation ember-view none']//div[@class='rsvp is-none']//span[@class='prompt']
For documentation on this error, please visit: http://seleniumhq.org/exceptions/no_such_element.html
Build info: version: '3.6.0', revision: '6fbf3ec767', time: '2017-09-27T15:28:36.4Z'
System info: host: 'IM-LP-322', ip: '192.168.205.116', os.name: 'Windows 7', os.arch: 'amd64', os.version: '6.1', java.version: '1.8.0_151'
Driver info: org.openqa.selenium.firefox.FirefoxDriver
Capabilities [{moz:profile=C:\Users\mbaragapu\AppData\Local\Temp\rust_mozprofile.HP3iwaERCf3A, rotatable=false, timeouts={implicit=0, pageLoad=300000, script=30000}, pageLoadStrategy=normal, moz:headless=false, platform=XP, moz:accessibilityChecks=false, acceptInsecureCerts=true, browserVersion=58.0, platformVersion=6.1, moz:processID=8956, browserName=firefox, javascriptEnabled=true, platformName=XP, moz:webdriverClick=true}]
Session ID: 2cd19199-a392-4ca9-8094-bfb3f5ed782d
*** Element info: {Using=xpath, value=//article[@class='participation ember-view none']//div[@class='rsvp is-none']//span[@class='prompt']} expected [true] but found [false]
	at org.testng.Assert.fail(Assert.java:94)
	at org.testng.Assert.failNotEquals(Assert.java:513)
	at org.testng.Assert.assertTrue(Assert.java:42)
	at com.web.tests.rallyhood.RHhome.Event_ATTENDING_Lable_Presence(RHhome.java:492)
	at com.web.tests.rallyhood.RHhome.Multiple_Event_SelectionNO_VerifyComments_CommentedValues(RHhome.java:1953)
	at com.web.tests.webtestcases.rallyhood.Rallyhoodtestcases.RallyhoodTC_36(Rallyhoodtestcases.java:442)
	at sun.reflect.NativeMethodAccessorImpl.invoke0(Native Method)
	at sun.reflect.NativeMethodAccessorImpl.invoke(Unknown Source)
	at sun.reflect.DelegatingMethodAccessorImpl.invoke(Unknown Source)
	at java.lang.reflect.Method.invoke(Unknown Source)
	at org.testng.internal.MethodInvocationHelper.invokeMethod(MethodInvocationHelper.java:104)
	at org.testng.internal.Invoker.invokeMethod(Invoker.java:645)
	at org.testng.internal.Invoker.invokeTestMethod(Invoker.java:851)
	at org.testng.internal.Invoker.invokeTestMethods(Invoker.java:1177)
	at org.testng.internal.TestMethodWorker.invokeTestMethods(TestMethodWorker.java:129)
	at org.testng.internal.TestMethodWorker.run(TestMethodWorker.java:112)
	at org.testng.TestRunner.privateRun(TestRunner.java:756)
	at org.testng.TestRunner.run(TestRunner.java:610)
	at org.testng.SuiteRunner.runTest(SuiteRunner.java:387)
	at org.testng.SuiteRunner.access$000(SuiteRunner.java:39)
	at org.testng.SuiteRunner$SuiteWorker.run(SuiteRunner.java:421)
	at org.testng.internal.thread.ThreadUtil$2.call(ThreadUtil.java:64)
	at java.util.concurrent.FutureTask.run(Unknown Source)
	at java.util.concurrent.ThreadPoolExecutor.runWorker(Unknown Source)
	at java.util.concurrent.ThreadPoolExecutor$Worker.run(Unknown Source)
	at java.lang.Thread.run(Unknown Source)
]]>
    </failure>
  </testcase> <!-- RallyhoodTC_36 -->
  <testcase name="RallyhoodTC_09" time="51.512" classname="com.web.tests.webtestcases.rallyhood.Rallyhoodtestcases">
    <failure type="java.lang.AssertionError" message="Test case failed due to exception Unable to locate element: //article[@class=&#039;participation ember-view none&#039;]//div[@class=&#039;rsvp is-none&#039;]//span[@class=&#039;prompt&#039;]
For documentation on this error, please visit: http://seleniumhq.org/exceptions/no_such_element.html
Build info: version: &#039;3.6.0&#039;, revision: &#039;6fbf3ec767&#039;, time: &#039;2017-09-27T15:28:36.4Z&#039;
System info: host: &#039;IM-LP-322&#039;, ip: &#039;192.168.205.116&#039;, os.name: &#039;Windows 7&#039;, os.arch: &#039;amd64&#039;, os.version: &#039;6.1&#039;, java.version: &#039;1.8.0_151&#039;
Driver info: org.openqa.selenium.firefox.FirefoxDriver
Capabilities [{moz:profile=C:\Users\mbaragapu\AppData\Local\Temp\rust_mozprofile.HP3iwaERCf3A, rotatable=false, timeouts={implicit=0, pageLoad=300000, script=30000}, pageLoadStrategy=normal, moz:headless=false, platform=XP, moz:accessibilityChecks=false, acceptInsecureCerts=true, browserVersion=58.0, platformVersion=6.1, moz:processID=8956, browserName=firefox, javascriptEnabled=true, platformName=XP, moz:webdriverClick=true}]
Session ID: 2cd19199-a392-4ca9-8094-bfb3f5ed782d
*** Element info: {Using=xpath, value=//article[@class=&#039;participation ember-view none&#039;]//div[@class=&#039;rsvp is-none&#039;]//span[@class=&#039;prompt&#039;]} expected [true] but found [false]">
      <![CDATA[java.lang.AssertionError: Test case failed due to exception Unable to locate element: //article[@class='participation ember-view none']//div[@class='rsvp is-none']//span[@class='prompt']
For documentation on this error, please visit: http://seleniumhq.org/exceptions/no_such_element.html
Build info: version: '3.6.0', revision: '6fbf3ec767', time: '2017-09-27T15:28:36.4Z'
System info: host: 'IM-LP-322', ip: '192.168.205.116', os.name: 'Windows 7', os.arch: 'amd64', os.version: '6.1', java.version: '1.8.0_151'
Driver info: org.openqa.selenium.firefox.FirefoxDriver
Capabilities [{moz:profile=C:\Users\mbaragapu\AppData\Local\Temp\rust_mozprofile.HP3iwaERCf3A, rotatable=false, timeouts={implicit=0, pageLoad=300000, script=30000}, pageLoadStrategy=normal, moz:headless=false, platform=XP, moz:accessibilityChecks=false, acceptInsecureCerts=true, browserVersion=58.0, platformVersion=6.1, moz:processID=8956, browserName=firefox, javascriptEnabled=true, platformName=XP, moz:webdriverClick=true}]
Session ID: 2cd19199-a392-4ca9-8094-bfb3f5ed782d
*** Element info: {Using=xpath, value=//article[@class='participation ember-view none']//div[@class='rsvp is-none']//span[@class='prompt']} expected [true] but found [false]
	at org.testng.Assert.fail(Assert.java:94)
	at org.testng.Assert.failNotEquals(Assert.java:513)
	at org.testng.Assert.assertTrue(Assert.java:42)
	at com.web.tests.rallyhood.RHhome.Event_ATTENDING_Lable_Presence(RHhome.java:492)
	at com.web.tests.rallyhood.RHhome.Single_Event_Screen_NOT_AttendingEventFlow(RHhome.java:1462)
	at com.web.tests.webtestcases.rallyhood.Rallyhoodtestcases.RallyhoodTC_09(Rallyhoodtestcases.java:170)
	at sun.reflect.NativeMethodAccessorImpl.invoke0(Native Method)
	at sun.reflect.NativeMethodAccessorImpl.invoke(Unknown Source)
	at sun.reflect.DelegatingMethodAccessorImpl.invoke(Unknown Source)
	at java.lang.reflect.Method.invoke(Unknown Source)
	at org.testng.internal.MethodInvocationHelper.invokeMethod(MethodInvocationHelper.java:104)
	at org.testng.internal.Invoker.invokeMethod(Invoker.java:645)
	at org.testng.internal.Invoker.invokeTestMethod(Invoker.java:851)
	at org.testng.internal.Invoker.invokeTestMethods(Invoker.java:1177)
	at org.testng.internal.TestMethodWorker.invokeTestMethods(TestMethodWorker.java:129)
	at org.testng.internal.TestMethodWorker.run(TestMethodWorker.java:112)
	at org.testng.TestRunner.privateRun(TestRunner.java:756)
	at org.testng.TestRunner.run(TestRunner.java:610)
	at org.testng.SuiteRunner.runTest(SuiteRunner.java:387)
	at org.testng.SuiteRunner.access$000(SuiteRunner.java:39)
	at org.testng.SuiteRunner$SuiteWorker.run(SuiteRunner.java:421)
	at org.testng.internal.thread.ThreadUtil$2.call(ThreadUtil.java:64)
	at java.util.concurrent.FutureTask.run(Unknown Source)
	at java.util.concurrent.ThreadPoolExecutor.runWorker(Unknown Source)
	at java.util.concurrent.ThreadPoolExecutor$Worker.run(Unknown Source)
	at java.lang.Thread.run(Unknown Source)
]]>
    </failure>
  </testcase> <!-- RallyhoodTC_09 -->
  <testcase name="RallyhoodTC_38" time="48.946" classname="com.web.tests.webtestcases.rallyhood.Rallyhoodtestcases">
    <failure type="java.lang.AssertionError" message="Test case failed due to exception Unable to locate element: //article[@class=&#039;participation ember-view none&#039;]//div[@class=&#039;rsvp is-none&#039;]//span[@class=&#039;prompt&#039;]
For documentation on this error, please visit: http://seleniumhq.org/exceptions/no_such_element.html
Build info: version: &#039;3.6.0&#039;, revision: &#039;6fbf3ec767&#039;, time: &#039;2017-09-27T15:28:36.4Z&#039;
System info: host: &#039;IM-LP-322&#039;, ip: &#039;192.168.205.116&#039;, os.name: &#039;Windows 7&#039;, os.arch: &#039;amd64&#039;, os.version: &#039;6.1&#039;, java.version: &#039;1.8.0_151&#039;
Driver info: org.openqa.selenium.firefox.FirefoxDriver
Capabilities [{moz:profile=C:\Users\mbaragapu\AppData\Local\Temp\rust_mozprofile.HP3iwaERCf3A, rotatable=false, timeouts={implicit=0, pageLoad=300000, script=30000}, pageLoadStrategy=normal, moz:headless=false, platform=XP, moz:accessibilityChecks=false, acceptInsecureCerts=true, browserVersion=58.0, platformVersion=6.1, moz:processID=8956, browserName=firefox, javascriptEnabled=true, platformName=XP, moz:webdriverClick=true}]
Session ID: 2cd19199-a392-4ca9-8094-bfb3f5ed782d
*** Element info: {Using=xpath, value=//article[@class=&#039;participation ember-view none&#039;]//div[@class=&#039;rsvp is-none&#039;]//span[@class=&#039;prompt&#039;]} expected [true] but found [false]">
      <![CDATA[java.lang.AssertionError: Test case failed due to exception Unable to locate element: //article[@class='participation ember-view none']//div[@class='rsvp is-none']//span[@class='prompt']
For documentation on this error, please visit: http://seleniumhq.org/exceptions/no_such_element.html
Build info: version: '3.6.0', revision: '6fbf3ec767', time: '2017-09-27T15:28:36.4Z'
System info: host: 'IM-LP-322', ip: '192.168.205.116', os.name: 'Windows 7', os.arch: 'amd64', os.version: '6.1', java.version: '1.8.0_151'
Driver info: org.openqa.selenium.firefox.FirefoxDriver
Capabilities [{moz:profile=C:\Users\mbaragapu\AppData\Local\Temp\rust_mozprofile.HP3iwaERCf3A, rotatable=false, timeouts={implicit=0, pageLoad=300000, script=30000}, pageLoadStrategy=normal, moz:headless=false, platform=XP, moz:accessibilityChecks=false, acceptInsecureCerts=true, browserVersion=58.0, platformVersion=6.1, moz:processID=8956, browserName=firefox, javascriptEnabled=true, platformName=XP, moz:webdriverClick=true}]
Session ID: 2cd19199-a392-4ca9-8094-bfb3f5ed782d
*** Element info: {Using=xpath, value=//article[@class='participation ember-view none']//div[@class='rsvp is-none']//span[@class='prompt']} expected [true] but found [false]
	at org.testng.Assert.fail(Assert.java:94)
	at org.testng.Assert.failNotEquals(Assert.java:513)
	at org.testng.Assert.assertTrue(Assert.java:42)
	at com.web.tests.rallyhood.RHhome.Multiple_EventsScreen_ReadMore_Validation(RHhome.java:2152)
	at com.web.tests.webtestcases.rallyhood.Rallyhoodtestcases.RallyhoodTC_38(Rallyhoodtestcases.java:461)
	at sun.reflect.NativeMethodAccessorImpl.invoke0(Native Method)
	at sun.reflect.NativeMethodAccessorImpl.invoke(Unknown Source)
	at sun.reflect.DelegatingMethodAccessorImpl.invoke(Unknown Source)
	at java.lang.reflect.Method.invoke(Unknown Source)
	at org.testng.internal.MethodInvocationHelper.invokeMethod(MethodInvocationHelper.java:104)
	at org.testng.internal.Invoker.invokeMethod(Invoker.java:645)
	at org.testng.internal.Invoker.invokeTestMethod(Invoker.java:851)
	at org.testng.internal.Invoker.invokeTestMethods(Invoker.java:1177)
	at org.testng.internal.TestMethodWorker.invokeTestMethods(TestMethodWorker.java:129)
	at org.testng.internal.TestMethodWorker.run(TestMethodWorker.java:112)
	at org.testng.TestRunner.privateRun(TestRunner.java:756)
	at org.testng.TestRunner.run(TestRunner.java:610)
	at org.testng.SuiteRunner.runTest(SuiteRunner.java:387)
	at org.testng.SuiteRunner.access$000(SuiteRunner.java:39)
	at org.testng.SuiteRunner$SuiteWorker.run(SuiteRunner.java:421)
	at org.testng.internal.thread.ThreadUtil$2.call(ThreadUtil.java:64)
	at java.util.concurrent.FutureTask.run(Unknown Source)
	at java.util.concurrent.ThreadPoolExecutor.runWorker(Unknown Source)
	at java.util.concurrent.ThreadPoolExecutor$Worker.run(Unknown Source)
	at java.lang.Thread.run(Unknown Source)
]]>
    </failure>
  </testcase> <!-- RallyhoodTC_38 -->
  <testcase name="RallyhoodTC_32" time="49.279" classname="com.web.tests.webtestcases.rallyhood.Rallyhoodtestcases">
    <failure type="java.lang.AssertionError" message="Test case failed due to exception Unable to locate element: //article[@class=&#039;participation ember-view none&#039;]//div[@class=&#039;rsvp is-none&#039;]//span[@class=&#039;prompt&#039;]
For documentation on this error, please visit: http://seleniumhq.org/exceptions/no_such_element.html
Build info: version: &#039;3.6.0&#039;, revision: &#039;6fbf3ec767&#039;, time: &#039;2017-09-27T15:28:36.4Z&#039;
System info: host: &#039;IM-LP-322&#039;, ip: &#039;192.168.205.116&#039;, os.name: &#039;Windows 7&#039;, os.arch: &#039;amd64&#039;, os.version: &#039;6.1&#039;, java.version: &#039;1.8.0_151&#039;
Driver info: org.openqa.selenium.firefox.FirefoxDriver
Capabilities [{moz:profile=C:\Users\mbaragapu\AppData\Local\Temp\rust_mozprofile.HP3iwaERCf3A, rotatable=false, timeouts={implicit=0, pageLoad=300000, script=30000}, pageLoadStrategy=normal, moz:headless=false, platform=XP, moz:accessibilityChecks=false, acceptInsecureCerts=true, browserVersion=58.0, platformVersion=6.1, moz:processID=8956, browserName=firefox, javascriptEnabled=true, platformName=XP, moz:webdriverClick=true}]
Session ID: 2cd19199-a392-4ca9-8094-bfb3f5ed782d
*** Element info: {Using=xpath, value=//article[@class=&#039;participation ember-view none&#039;]//div[@class=&#039;rsvp is-none&#039;]//span[@class=&#039;prompt&#039;]} expected [true] but found [false]">
      <![CDATA[java.lang.AssertionError: Test case failed due to exception Unable to locate element: //article[@class='participation ember-view none']//div[@class='rsvp is-none']//span[@class='prompt']
For documentation on this error, please visit: http://seleniumhq.org/exceptions/no_such_element.html
Build info: version: '3.6.0', revision: '6fbf3ec767', time: '2017-09-27T15:28:36.4Z'
System info: host: 'IM-LP-322', ip: '192.168.205.116', os.name: 'Windows 7', os.arch: 'amd64', os.version: '6.1', java.version: '1.8.0_151'
Driver info: org.openqa.selenium.firefox.FirefoxDriver
Capabilities [{moz:profile=C:\Users\mbaragapu\AppData\Local\Temp\rust_mozprofile.HP3iwaERCf3A, rotatable=false, timeouts={implicit=0, pageLoad=300000, script=30000}, pageLoadStrategy=normal, moz:headless=false, platform=XP, moz:accessibilityChecks=false, acceptInsecureCerts=true, browserVersion=58.0, platformVersion=6.1, moz:processID=8956, browserName=firefox, javascriptEnabled=true, platformName=XP, moz:webdriverClick=true}]
Session ID: 2cd19199-a392-4ca9-8094-bfb3f5ed782d
*** Element info: {Using=xpath, value=//article[@class='participation ember-view none']//div[@class='rsvp is-none']//span[@class='prompt']} expected [true] but found [false]
	at org.testng.Assert.fail(Assert.java:94)
	at org.testng.Assert.failNotEquals(Assert.java:513)
	at org.testng.Assert.assertTrue(Assert.java:42)
	at com.web.tests.rallyhood.RHhome.Event_ATTENDING_Lable_Presence(RHhome.java:492)
	at com.web.tests.rallyhood.RHhome.Multiple_Event_AfterCommentPOST_VerifyCommentsValue(RHhome.java:1755)
	at com.web.tests.webtestcases.rallyhood.Rallyhoodtestcases.RallyhoodTC_32(Rallyhoodtestcases.java:405)
	at sun.reflect.NativeMethodAccessorImpl.invoke0(Native Method)
	at sun.reflect.NativeMethodAccessorImpl.invoke(Unknown Source)
	at sun.reflect.DelegatingMethodAccessorImpl.invoke(Unknown Source)
	at java.lang.reflect.Method.invoke(Unknown Source)
	at org.testng.internal.MethodInvocationHelper.invokeMethod(MethodInvocationHelper.java:104)
	at org.testng.internal.Invoker.invokeMethod(Invoker.java:645)
	at org.testng.internal.Invoker.invokeTestMethod(Invoker.java:851)
	at org.testng.internal.Invoker.invokeTestMethods(Invoker.java:1177)
	at org.testng.internal.TestMethodWorker.invokeTestMethods(TestMethodWorker.java:129)
	at org.testng.internal.TestMethodWorker.run(TestMethodWorker.java:112)
	at org.testng.TestRunner.privateRun(TestRunner.java:756)
	at org.testng.TestRunner.run(TestRunner.java:610)
	at org.testng.SuiteRunner.runTest(SuiteRunner.java:387)
	at org.testng.SuiteRunner.access$000(SuiteRunner.java:39)
	at org.testng.SuiteRunner$SuiteWorker.run(SuiteRunner.java:421)
	at org.testng.internal.thread.ThreadUtil$2.call(ThreadUtil.java:64)
	at java.util.concurrent.FutureTask.run(Unknown Source)
	at java.util.concurrent.ThreadPoolExecutor.runWorker(Unknown Source)
	at java.util.concurrent.ThreadPoolExecutor$Worker.run(Unknown Source)
	at java.lang.Thread.run(Unknown Source)
]]>
    </failure>
  </testcase> <!-- RallyhoodTC_32 -->
  <testcase name="RallyhoodTC_19" time="34.186" classname="com.web.tests.webtestcases.rallyhood.Rallyhoodtestcases"/>
  <testcase name="RallyhoodTC_20" time="19.116" classname="com.web.tests.webtestcases.rallyhood.Rallyhoodtestcases"/>
  <testcase name="RallyhoodTC_29" time="74.563" classname="com.web.tests.webtestcases.rallyhood.Rallyhoodtestcases"/>
  <testcase name="RallyhoodTC_28" time="89.333" classname="com.web.tests.webtestcases.rallyhood.Rallyhoodtestcases"/>
  <testcase name="RallyhoodTC_08" time="44.091" classname="com.web.tests.webtestcases.rallyhood.Rallyhoodtestcases"/>
  <testcase name="RallyhoodTC_44" time="20.804" classname="com.web.tests.webtestcases.rallyhood.Rallyhoodtestcases"/>
  <testcase name="RallyhoodTC_25" time="13.148" classname="com.web.tests.webtestcases.rallyhood.Rallyhoodtestcases"/>
  <testcase name="RallyhoodTC_30" time="72.974" classname="com.web.tests.webtestcases.rallyhood.Rallyhoodtestcases"/>
  <testcase name="RallyhoodTC_22" time="51.693" classname="com.web.tests.webtestcases.rallyhood.Rallyhoodtestcases"/>
  <testcase name="RallyhoodTC_43" time="106.543" classname="com.web.tests.webtestcases.rallyhood.Rallyhoodtestcases"/>
  <testcase name="RallyhoodTC_10" time="36.190" classname="com.web.tests.webtestcases.rallyhood.Rallyhoodtestcases"/>
  <testcase name="RallyhoodTC_16" time="13.211" classname="com.web.tests.webtestcases.rallyhood.Rallyhoodtestcases"/>
  <testcase name="RallyhoodTC_21" time="14.454" classname="com.web.tests.webtestcases.rallyhood.Rallyhoodtestcases"/>
  <testcase name="RallyhoodTC_23" time="58.167" classname="com.web.tests.webtestcases.rallyhood.Rallyhoodtestcases"/>
  <testcase name="RallyhoodTC_31" time="48.503" classname="com.web.tests.webtestcases.rallyhood.Rallyhoodtestcases">
    <failure type="java.lang.AssertionError" message="Test case failed due to exception Unable to locate element: //article[@class=&#039;participation ember-view none&#039;]//div[@class=&#039;rsvp is-none&#039;]//span[@class=&#039;prompt&#039;]
For documentation on this error, please visit: http://seleniumhq.org/exceptions/no_such_element.html
Build info: version: &#039;3.6.0&#039;, revision: &#039;6fbf3ec767&#039;, time: &#039;2017-09-27T15:28:36.4Z&#039;
System info: host: &#039;IM-LP-322&#039;, ip: &#039;192.168.205.116&#039;, os.name: &#039;Windows 7&#039;, os.arch: &#039;amd64&#039;, os.version: &#039;6.1&#039;, java.version: &#039;1.8.0_151&#039;
Driver info: org.openqa.selenium.firefox.FirefoxDriver
Capabilities [{moz:profile=C:\Users\mbaragapu\AppData\Local\Temp\rust_mozprofile.HP3iwaERCf3A, rotatable=false, timeouts={implicit=0, pageLoad=300000, script=30000}, pageLoadStrategy=normal, moz:headless=false, platform=XP, moz:accessibilityChecks=false, acceptInsecureCerts=true, browserVersion=58.0, platformVersion=6.1, moz:processID=8956, browserName=firefox, javascriptEnabled=true, platformName=XP, moz:webdriverClick=true}]
Session ID: 2cd19199-a392-4ca9-8094-bfb3f5ed782d
*** Element info: {Using=xpath, value=//article[@class=&#039;participation ember-view none&#039;]//div[@class=&#039;rsvp is-none&#039;]//span[@class=&#039;prompt&#039;]} expected [true] but found [false]">
      <![CDATA[java.lang.AssertionError: Test case failed due to exception Unable to locate element: //article[@class='participation ember-view none']//div[@class='rsvp is-none']//span[@class='prompt']
For documentation on this error, please visit: http://seleniumhq.org/exceptions/no_such_element.html
Build info: version: '3.6.0', revision: '6fbf3ec767', time: '2017-09-27T15:28:36.4Z'
System info: host: 'IM-LP-322', ip: '192.168.205.116', os.name: 'Windows 7', os.arch: 'amd64', os.version: '6.1', java.version: '1.8.0_151'
Driver info: org.openqa.selenium.firefox.FirefoxDriver
Capabilities [{moz:profile=C:\Users\mbaragapu\AppData\Local\Temp\rust_mozprofile.HP3iwaERCf3A, rotatable=false, timeouts={implicit=0, pageLoad=300000, script=30000}, pageLoadStrategy=normal, moz:headless=false, platform=XP, moz:accessibilityChecks=false, acceptInsecureCerts=true, browserVersion=58.0, platformVersion=6.1, moz:processID=8956, browserName=firefox, javascriptEnabled=true, platformName=XP, moz:webdriverClick=true}]
Session ID: 2cd19199-a392-4ca9-8094-bfb3f5ed782d
*** Element info: {Using=xpath, value=//article[@class='participation ember-view none']//div[@class='rsvp is-none']//span[@class='prompt']} expected [true] but found [false]
	at org.testng.Assert.fail(Assert.java:94)
	at org.testng.Assert.failNotEquals(Assert.java:513)
	at org.testng.Assert.assertTrue(Assert.java:42)
	at com.web.tests.rallyhood.RHhome.Event_ATTENDING_Lable_Presence(RHhome.java:492)
	at com.web.tests.rallyhood.RHhome.Single_Event_AfterCommentPOST_VerifyCommentsValue(RHhome.java:1711)
	at com.web.tests.webtestcases.rallyhood.Rallyhoodtestcases.RallyhoodTC_31(Rallyhoodtestcases.java:396)
	at sun.reflect.NativeMethodAccessorImpl.invoke0(Native Method)
	at sun.reflect.NativeMethodAccessorImpl.invoke(Unknown Source)
	at sun.reflect.DelegatingMethodAccessorImpl.invoke(Unknown Source)
	at java.lang.reflect.Method.invoke(Unknown Source)
	at org.testng.internal.MethodInvocationHelper.invokeMethod(MethodInvocationHelper.java:104)
	at org.testng.internal.Invoker.invokeMethod(Invoker.java:645)
	at org.testng.internal.Invoker.invokeTestMethod(Invoker.java:851)
	at org.testng.internal.Invoker.invokeTestMethods(Invoker.java:1177)
	at org.testng.internal.TestMethodWorker.invokeTestMethods(TestMethodWorker.java:129)
	at org.testng.internal.TestMethodWorker.run(TestMethodWorker.java:112)
	at org.testng.TestRunner.privateRun(TestRunner.java:756)
	at org.testng.TestRunner.run(TestRunner.java:610)
	at org.testng.SuiteRunner.runTest(SuiteRunner.java:387)
	at org.testng.SuiteRunner.access$000(SuiteRunner.java:39)
	at org.testng.SuiteRunner$SuiteWorker.run(SuiteRunner.java:421)
	at org.testng.internal.thread.ThreadUtil$2.call(ThreadUtil.java:64)
	at java.util.concurrent.FutureTask.run(Unknown Source)
	at java.util.concurrent.ThreadPoolExecutor.runWorker(Unknown Source)
	at java.util.concurrent.ThreadPoolExecutor$Worker.run(Unknown Source)
	at java.lang.Thread.run(Unknown Source)
]]>
    </failure>
  </testcase> <!-- RallyhoodTC_31 -->
  <testcase name="RallyhoodTC_03" time="25.713" classname="com.web.tests.webtestcases.rallyhood.Rallyhoodtestcases"/>
  <testcase name="RallyhoodTC_33" time="55.067" classname="com.web.tests.webtestcases.rallyhood.Rallyhoodtestcases">
    <failure type="java.lang.AssertionError" message="Test case failed due to exception Unable to locate element: //article[@class=&#039;participation ember-view none&#039;]//div[@class=&#039;rsvp is-none&#039;]//span[@class=&#039;prompt&#039;]
For documentation on this error, please visit: http://seleniumhq.org/exceptions/no_such_element.html
Build info: version: &#039;3.6.0&#039;, revision: &#039;6fbf3ec767&#039;, time: &#039;2017-09-27T15:28:36.4Z&#039;
System info: host: &#039;IM-LP-322&#039;, ip: &#039;192.168.205.116&#039;, os.name: &#039;Windows 7&#039;, os.arch: &#039;amd64&#039;, os.version: &#039;6.1&#039;, java.version: &#039;1.8.0_151&#039;
Driver info: org.openqa.selenium.firefox.FirefoxDriver
Capabilities [{moz:profile=C:\Users\mbaragapu\AppData\Local\Temp\rust_mozprofile.HP3iwaERCf3A, rotatable=false, timeouts={implicit=0, pageLoad=300000, script=30000}, pageLoadStrategy=normal, moz:headless=false, platform=XP, moz:accessibilityChecks=false, acceptInsecureCerts=true, browserVersion=58.0, platformVersion=6.1, moz:processID=8956, browserName=firefox, javascriptEnabled=true, platformName=XP, moz:webdriverClick=true}]
Session ID: 2cd19199-a392-4ca9-8094-bfb3f5ed782d
*** Element info: {Using=xpath, value=//article[@class=&#039;participation ember-view none&#039;]//div[@class=&#039;rsvp is-none&#039;]//span[@class=&#039;prompt&#039;]} expected [true] but found [false]">
      <![CDATA[java.lang.AssertionError: Test case failed due to exception Unable to locate element: //article[@class='participation ember-view none']//div[@class='rsvp is-none']//span[@class='prompt']
For documentation on this error, please visit: http://seleniumhq.org/exceptions/no_such_element.html
Build info: version: '3.6.0', revision: '6fbf3ec767', time: '2017-09-27T15:28:36.4Z'
System info: host: 'IM-LP-322', ip: '192.168.205.116', os.name: 'Windows 7', os.arch: 'amd64', os.version: '6.1', java.version: '1.8.0_151'
Driver info: org.openqa.selenium.firefox.FirefoxDriver
Capabilities [{moz:profile=C:\Users\mbaragapu\AppData\Local\Temp\rust_mozprofile.HP3iwaERCf3A, rotatable=false, timeouts={implicit=0, pageLoad=300000, script=30000}, pageLoadStrategy=normal, moz:headless=false, platform=XP, moz:accessibilityChecks=false, acceptInsecureCerts=true, browserVersion=58.0, platformVersion=6.1, moz:processID=8956, browserName=firefox, javascriptEnabled=true, platformName=XP, moz:webdriverClick=true}]
Session ID: 2cd19199-a392-4ca9-8094-bfb3f5ed782d
*** Element info: {Using=xpath, value=//article[@class='participation ember-view none']//div[@class='rsvp is-none']//span[@class='prompt']} expected [true] but found [false]
	at org.testng.Assert.fail(Assert.java:94)
	at org.testng.Assert.failNotEquals(Assert.java:513)
	at org.testng.Assert.assertTrue(Assert.java:42)
	at com.web.tests.rallyhood.RHhome.Event_ATTENDING_Lable_Presence(RHhome.java:492)
	at com.web.tests.rallyhood.RHhome.Single_Event_SelectionYES_VerifyComments_CommentedValues(RHhome.java:1798)
	at com.web.tests.webtestcases.rallyhood.Rallyhoodtestcases.RallyhoodTC_33(Rallyhoodtestcases.java:415)
	at sun.reflect.NativeMethodAccessorImpl.invoke0(Native Method)
	at sun.reflect.NativeMethodAccessorImpl.invoke(Unknown Source)
	at sun.reflect.DelegatingMethodAccessorImpl.invoke(Unknown Source)
	at java.lang.reflect.Method.invoke(Unknown Source)
	at org.testng.internal.MethodInvocationHelper.invokeMethod(MethodInvocationHelper.java:104)
	at org.testng.internal.Invoker.invokeMethod(Invoker.java:645)
	at org.testng.internal.Invoker.invokeTestMethod(Invoker.java:851)
	at org.testng.internal.Invoker.invokeTestMethods(Invoker.java:1177)
	at org.testng.internal.TestMethodWorker.invokeTestMethods(TestMethodWorker.java:129)
	at org.testng.internal.TestMethodWorker.run(TestMethodWorker.java:112)
	at org.testng.TestRunner.privateRun(TestRunner.java:756)
	at org.testng.TestRunner.run(TestRunner.java:610)
	at org.testng.SuiteRunner.runTest(SuiteRunner.java:387)
	at org.testng.SuiteRunner.access$000(SuiteRunner.java:39)
	at org.testng.SuiteRunner$SuiteWorker.run(SuiteRunner.java:421)
	at org.testng.internal.thread.ThreadUtil$2.call(ThreadUtil.java:64)
	at java.util.concurrent.FutureTask.run(Unknown Source)
	at java.util.concurrent.ThreadPoolExecutor.runWorker(Unknown Source)
	at java.util.concurrent.ThreadPoolExecutor$Worker.run(Unknown Source)
	at java.lang.Thread.run(Unknown Source)
]]>
    </failure>
  </testcase> <!-- RallyhoodTC_33 -->
  <testcase name="RallyhoodTC_15" time="12.867" classname="com.web.tests.webtestcases.rallyhood.Rallyhoodtestcases"/>
  <testcase name="RallyhoodTC_27" time="87.990" classname="com.web.tests.webtestcases.rallyhood.Rallyhoodtestcases">
    <failure type="java.lang.AssertionError" message="Test case failed due to exception Unable to locate element: //article[@class=&#039;participation ember-view none&#039;]//div[@class=&#039;rsvp is-none&#039;]//span[@class=&#039;prompt&#039;]
For documentation on this error, please visit: http://seleniumhq.org/exceptions/no_such_element.html
Build info: version: &#039;3.6.0&#039;, revision: &#039;6fbf3ec767&#039;, time: &#039;2017-09-27T15:28:36.4Z&#039;
System info: host: &#039;IM-LP-322&#039;, ip: &#039;192.168.205.116&#039;, os.name: &#039;Windows 7&#039;, os.arch: &#039;amd64&#039;, os.version: &#039;6.1&#039;, java.version: &#039;1.8.0_151&#039;
Driver info: org.openqa.selenium.firefox.FirefoxDriver
Capabilities [{moz:profile=C:\Users\mbaragapu\AppData\Local\Temp\rust_mozprofile.HP3iwaERCf3A, rotatable=false, timeouts={implicit=0, pageLoad=300000, script=30000}, pageLoadStrategy=normal, moz:headless=false, platform=XP, moz:accessibilityChecks=false, acceptInsecureCerts=true, browserVersion=58.0, platformVersion=6.1, moz:processID=8956, browserName=firefox, javascriptEnabled=true, platformName=XP, moz:webdriverClick=true}]
Session ID: 2cd19199-a392-4ca9-8094-bfb3f5ed782d
*** Element info: {Using=xpath, value=//article[@class=&#039;participation ember-view none&#039;]//div[@class=&#039;rsvp is-none&#039;]//span[@class=&#039;prompt&#039;]} expected [true] but found [false]">
      <![CDATA[java.lang.AssertionError: Test case failed due to exception Unable to locate element: //article[@class='participation ember-view none']//div[@class='rsvp is-none']//span[@class='prompt']
For documentation on this error, please visit: http://seleniumhq.org/exceptions/no_such_element.html
Build info: version: '3.6.0', revision: '6fbf3ec767', time: '2017-09-27T15:28:36.4Z'
System info: host: 'IM-LP-322', ip: '192.168.205.116', os.name: 'Windows 7', os.arch: 'amd64', os.version: '6.1', java.version: '1.8.0_151'
Driver info: org.openqa.selenium.firefox.FirefoxDriver
Capabilities [{moz:profile=C:\Users\mbaragapu\AppData\Local\Temp\rust_mozprofile.HP3iwaERCf3A, rotatable=false, timeouts={implicit=0, pageLoad=300000, script=30000}, pageLoadStrategy=normal, moz:headless=false, platform=XP, moz:accessibilityChecks=false, acceptInsecureCerts=true, browserVersion=58.0, platformVersion=6.1, moz:processID=8956, browserName=firefox, javascriptEnabled=true, platformName=XP, moz:webdriverClick=true}]
Session ID: 2cd19199-a392-4ca9-8094-bfb3f5ed782d
*** Element info: {Using=xpath, value=//article[@class='participation ember-view none']//div[@class='rsvp is-none']//span[@class='prompt']} expected [true] but found [false]
	at org.testng.Assert.fail(Assert.java:94)
	at org.testng.Assert.failNotEquals(Assert.java:513)
	at org.testng.Assert.assertTrue(Assert.java:42)
	at com.web.tests.rallyhood.RHhome.Event_ATTENDING_Lable_Presence(RHhome.java:492)
	at com.web.tests.rallyhood.RHhome.Multiple_Event_Screen_AttendingEventFlow(RHhome.java:1424)
	at com.web.tests.webtestcases.rallyhood.Rallyhoodtestcases.RallyhoodTC_27(Rallyhoodtestcases.java:358)
	at sun.reflect.NativeMethodAccessorImpl.invoke0(Native Method)
	at sun.reflect.NativeMethodAccessorImpl.invoke(Unknown Source)
	at sun.reflect.DelegatingMethodAccessorImpl.invoke(Unknown Source)
	at java.lang.reflect.Method.invoke(Unknown Source)
	at org.testng.internal.MethodInvocationHelper.invokeMethod(MethodInvocationHelper.java:104)
	at org.testng.internal.Invoker.invokeMethod(Invoker.java:645)
	at org.testng.internal.Invoker.invokeTestMethod(Invoker.java:851)
	at org.testng.internal.Invoker.invokeTestMethods(Invoker.java:1177)
	at org.testng.internal.TestMethodWorker.invokeTestMethods(TestMethodWorker.java:129)
	at org.testng.internal.TestMethodWorker.run(TestMethodWorker.java:112)
	at org.testng.TestRunner.privateRun(TestRunner.java:756)
	at org.testng.TestRunner.run(TestRunner.java:610)
	at org.testng.SuiteRunner.runTest(SuiteRunner.java:387)
	at org.testng.SuiteRunner.access$000(SuiteRunner.java:39)
	at org.testng.SuiteRunner$SuiteWorker.run(SuiteRunner.java:421)
	at org.testng.internal.thread.ThreadUtil$2.call(ThreadUtil.java:64)
	at java.util.concurrent.FutureTask.run(Unknown Source)
	at java.util.concurrent.ThreadPoolExecutor.runWorker(Unknown Source)
	at java.util.concurrent.ThreadPoolExecutor$Worker.run(Unknown Source)
	at java.lang.Thread.run(Unknown Source)
]]>
    </failure>
  </testcase> <!-- RallyhoodTC_27 -->
  <testcase name="RallyhoodTC_11" time="17.690" classname="com.web.tests.webtestcases.rallyhood.Rallyhoodtestcases"/>
  <testcase name="RallyhoodTC_18" time="16.009" classname="com.web.tests.webtestcases.rallyhood.Rallyhoodtestcases"/>
  <testcase name="RallyhoodTC_13" time="69.615" classname="com.web.tests.webtestcases.rallyhood.Rallyhoodtestcases"/>
  <testcase name="RallyhoodTC_06" time="10.597" classname="com.web.tests.webtestcases.rallyhood.Rallyhoodtestcases"/>
  <testcase name="RallyhoodTC_24" time="13.491" classname="com.web.tests.webtestcases.rallyhood.Rallyhoodtestcases"/>
  <testcase name="RallyhoodTC_42" time="110.048" classname="com.web.tests.webtestcases.rallyhood.Rallyhoodtestcases"/>
  <testcase name="RallyhoodTC_12" time="54.914" classname="com.web.tests.webtestcases.rallyhood.Rallyhoodtestcases">
    <failure type="java.lang.AssertionError" message="Test case failed due to exception Unable to locate element: //article[@class=&#039;participation ember-view none&#039;]//div[@class=&#039;rsvp is-none&#039;]//span[@class=&#039;prompt&#039;]
For documentation on this error, please visit: http://seleniumhq.org/exceptions/no_such_element.html
Build info: version: &#039;3.6.0&#039;, revision: &#039;6fbf3ec767&#039;, time: &#039;2017-09-27T15:28:36.4Z&#039;
System info: host: &#039;IM-LP-322&#039;, ip: &#039;192.168.205.116&#039;, os.name: &#039;Windows 7&#039;, os.arch: &#039;amd64&#039;, os.version: &#039;6.1&#039;, java.version: &#039;1.8.0_151&#039;
Driver info: org.openqa.selenium.firefox.FirefoxDriver
Capabilities [{moz:profile=C:\Users\mbaragapu\AppData\Local\Temp\rust_mozprofile.HP3iwaERCf3A, rotatable=false, timeouts={implicit=0, pageLoad=300000, script=30000}, pageLoadStrategy=normal, moz:headless=false, platform=XP, moz:accessibilityChecks=false, acceptInsecureCerts=true, browserVersion=58.0, platformVersion=6.1, moz:processID=8956, browserName=firefox, javascriptEnabled=true, platformName=XP, moz:webdriverClick=true}]
Session ID: 2cd19199-a392-4ca9-8094-bfb3f5ed782d
*** Element info: {Using=xpath, value=//article[@class=&#039;participation ember-view none&#039;]//div[@class=&#039;rsvp is-none&#039;]//span[@class=&#039;prompt&#039;]} expected [true] but found [false]">
      <![CDATA[java.lang.AssertionError: Test case failed due to exception Unable to locate element: //article[@class='participation ember-view none']//div[@class='rsvp is-none']//span[@class='prompt']
For documentation on this error, please visit: http://seleniumhq.org/exceptions/no_such_element.html
Build info: version: '3.6.0', revision: '6fbf3ec767', time: '2017-09-27T15:28:36.4Z'
System info: host: 'IM-LP-322', ip: '192.168.205.116', os.name: 'Windows 7', os.arch: 'amd64', os.version: '6.1', java.version: '1.8.0_151'
Driver info: org.openqa.selenium.firefox.FirefoxDriver
Capabilities [{moz:profile=C:\Users\mbaragapu\AppData\Local\Temp\rust_mozprofile.HP3iwaERCf3A, rotatable=false, timeouts={implicit=0, pageLoad=300000, script=30000}, pageLoadStrategy=normal, moz:headless=false, platform=XP, moz:accessibilityChecks=false, acceptInsecureCerts=true, browserVersion=58.0, platformVersion=6.1, moz:processID=8956, browserName=firefox, javascriptEnabled=true, platformName=XP, moz:webdriverClick=true}]
Session ID: 2cd19199-a392-4ca9-8094-bfb3f5ed782d
*** Element info: {Using=xpath, value=//article[@class='participation ember-view none']//div[@class='rsvp is-none']//span[@class='prompt']} expected [true] but found [false]
	at org.testng.Assert.fail(Assert.java:94)
	at org.testng.Assert.failNotEquals(Assert.java:513)
	at org.testng.Assert.assertTrue(Assert.java:42)
	at com.web.tests.rallyhood.RHhome.Single_EventsScreen_ReadMore_Validation(RHhome.java:2117)
	at com.web.tests.webtestcases.rallyhood.Rallyhoodtestcases.RallyhoodTC_12(Rallyhoodtestcases.java:199)
	at sun.reflect.NativeMethodAccessorImpl.invoke0(Native Method)
	at sun.reflect.NativeMethodAccessorImpl.invoke(Unknown Source)
	at sun.reflect.DelegatingMethodAccessorImpl.invoke(Unknown Source)
	at java.lang.reflect.Method.invoke(Unknown Source)
	at org.testng.internal.MethodInvocationHelper.invokeMethod(MethodInvocationHelper.java:104)
	at org.testng.internal.Invoker.invokeMethod(Invoker.java:645)
	at org.testng.internal.Invoker.invokeTestMethod(Invoker.java:851)
	at org.testng.internal.Invoker.invokeTestMethods(Invoker.java:1177)
	at org.testng.internal.TestMethodWorker.invokeTestMethods(TestMethodWorker.java:129)
	at org.testng.internal.TestMethodWorker.run(TestMethodWorker.java:112)
	at org.testng.TestRunner.privateRun(TestRunner.java:756)
	at org.testng.TestRunner.run(TestRunner.java:610)
	at org.testng.SuiteRunner.runTest(SuiteRunner.java:387)
	at org.testng.SuiteRunner.access$000(SuiteRunner.java:39)
	at org.testng.SuiteRunner$SuiteWorker.run(SuiteRunner.java:421)
	at org.testng.internal.thread.ThreadUtil$2.call(ThreadUtil.java:64)
	at java.util.concurrent.FutureTask.run(Unknown Source)
	at java.util.concurrent.ThreadPoolExecutor.runWorker(Unknown Source)
	at java.util.concurrent.ThreadPoolExecutor$Worker.run(Unknown Source)
	at java.lang.Thread.run(Unknown Source)
]]>
    </failure>
  </testcase> <!-- RallyhoodTC_12 -->
  <testcase name="RallyhoodTC_45" time="20.985" classname="com.web.tests.webtestcases.rallyhood.Rallyhoodtestcases"/>
  <testcase name="RallyhoodTC_14" time="11.397" classname="com.web.tests.webtestcases.rallyhood.Rallyhoodtestcases"/>
  <testcase name="RallyhoodTC_02" time="20.874" classname="com.web.tests.webtestcases.rallyhood.Rallyhoodtestcases"/>
  <testcase name="RallyhoodTC_05" time="54.140" classname="com.web.tests.webtestcases.rallyhood.Rallyhoodtestcases"/>
</testsuite> <!-- com.web.tests.webtestcases.rallyhood.Rallyhoodtestcases -->
